[ 2016-11-26T14:25:15+08:00 ] ::1 /RCW_MVC/
INFO: [ app_init ] --START--
INFO: Run Behavior\BuildLiteBehavior [ RunTime:0.000050s ]
INFO: [ app_init ] --END-- [ RunTime:0.027804s ]
INFO: [ app_begin ] --START--
INFO: Run Behavior\ReadHtmlCacheBehavior [ RunTime:0.004744s ]
INFO: [ app_begin ] --END-- [ RunTime:0.004837s ]
INFO: [ view_parse ] --START--
INFO: [ template_filter ] --START--
INFO: Run Behavior\ContentReplaceBehavior [ RunTime:0.044247s ]
INFO: [ template_filter ] --END-- [ RunTime:0.044332s ]
NOTIC: [8] A session had already been started - ignoring session_start() D:\xampp\htdocs\RCW_MVC\Application\Runtime\Cache\Home\2a94b8bda04ff446dcedd42276fc99ee.php 第 82 行.
INFO: Run Behavior\ParseTemplateBehavior [ RunTime:0.188156s ]
INFO: [ view_parse ] --END-- [ RunTime:0.188330s ]
INFO: [ view_filter ] --START--
INFO: Run Behavior\WriteHtmlCacheBehavior [ RunTime:0.017603s ]
INFO: [ view_filter ] --END-- [ RunTime:0.017733s ]
INFO: [ app_end ] --START--
INFO: Run Behavior\ShowPageTraceBehavior [ RunTime:0.153385s ]
INFO: [ app_end ] --END-- [ RunTime:0.153592s ]

[ 2016-11-26T17:12:15+08:00 ] ::1 /RCW_MVC/
INFO: [ app_init ] --START--
INFO: Run Behavior\BuildLiteBehavior [ RunTime:0.000011s ]
INFO: [ app_init ] --END-- [ RunTime:0.000386s ]
INFO: [ app_begin ] --START--
INFO: Run Behavior\ReadHtmlCacheBehavior [ RunTime:0.000615s ]
INFO: [ app_begin ] --END-- [ RunTime:0.000656s ]
INFO: [ view_parse ] --START--
INFO: [ template_filter ] --START--
INFO: Run Behavior\ContentReplaceBehavior [ RunTime:0.000269s ]
INFO: [ template_filter ] --END-- [ RunTime:0.000423s ]
NOTIC: [8] A session had already been started - ignoring session_start() D:\xampp\htdocs\RCW_MVC\Application\Runtime\Cache\Home\2a94b8bda04ff446dcedd42276fc99ee.php 第 82 行.
INFO: Run Behavior\ParseTemplateBehavior [ RunTime:0.089150s ]
INFO: [ view_parse ] --END-- [ RunTime:0.089289s ]
INFO: [ view_filter ] --START--
INFO: Run Behavior\WriteHtmlCacheBehavior [ RunTime:0.001398s ]
INFO: [ view_filter ] --END-- [ RunTime:0.001481s ]
INFO: [ app_end ] --START--
INFO: Run Behavior\ShowPageTraceBehavior [ RunTime:0.002270s ]
INFO: [ app_end ] --END-- [ RunTime:0.002372s ]

[ 2016-11-26T17:12:18+08:00 ] ::1 /RCW_MVC/index.php/Home/Advice/index.html
INFO: [ app_init ] --START--
INFO: Run Behavior\BuildLiteBehavior [ RunTime:0.000037s ]
INFO: [ app_init ] --END-- [ RunTime:0.001506s ]
INFO: [ app_begin ] --START--
INFO: Run Behavior\ReadHtmlCacheBehavior [ RunTime:0.002622s ]
INFO: [ app_begin ] --END-- [ RunTime:0.002807s ]
SQL: SHOW COLUMNS FROM `board` [ RunTime:0.0035s ]
SQL: SELECT * FROM `board` INNER JOIN user ON board.user_ID = user.identity  ORDER BY time asc  [ RunTime:0.0125s ]
INFO: [ view_parse ] --START--
INFO: [ template_filter ] --START--
INFO: Run Behavior\ContentReplaceBehavior [ RunTime:0.000056s ]
INFO: [ template_filter ] --END-- [ RunTime:0.000095s ]
NOTIC: [8] A session had already been started - ignoring session_start() D:\xampp\htdocs\RCW_MVC\Application\Runtime\Cache\Home\5a791fb4c4fad1b8692ab68339b89436.php 第 82 行.
INFO: Run Behavior\ParseTemplateBehavior [ RunTime:0.019175s ]
INFO: [ view_parse ] --END-- [ RunTime:0.019224s ]
INFO: [ view_filter ] --START--
INFO: Run Behavior\WriteHtmlCacheBehavior [ RunTime:0.000618s ]
INFO: [ view_filter ] --END-- [ RunTime:0.000660s ]
INFO: [ app_end ] --START--
INFO: Run Behavior\ShowPageTraceBehavior [ RunTime:0.000644s ]
INFO: [ app_end ] --END-- [ RunTime:0.000685s ]

[ 2016-11-26T17:12:25+08:00 ] ::1 /RCW_MVC/index.php/Home/Rent/index.html
INFO: [ app_init ] --START--
INFO: Run Behavior\BuildLiteBehavior [ RunTime:0.000013s ]
INFO: [ app_init ] --END-- [ RunTime:0.000491s ]
INFO: [ app_begin ] --START--
INFO: Run Behavior\ReadHtmlCacheBehavior [ RunTime:0.000893s ]
INFO: [ app_begin ] --END-- [ RunTime:0.000949s ]
NOTIC: [2048] Declaration of Home\Model\CarModel::check() should be compatible with Think\Model::check($value, $rule, $type = 'regex') D:\xampp\htdocs\RCW_MVC\Application\Home\Model\CarModel.class.php 第 4 行.
SQL: SHOW COLUMNS FROM `car` [ RunTime:0.0030s ]
SQL: SELECT * FROM `car` WHERE `flag` = 0  [ RunTime:0.0005s ]
INFO: [ view_parse ] --START--
INFO: [ template_filter ] --START--
INFO: Run Behavior\ContentReplaceBehavior [ RunTime:0.000085s ]
INFO: [ template_filter ] --END-- [ RunTime:0.000129s ]
NOTIC: [8] A session had already been started - ignoring session_start() D:\xampp\htdocs\RCW_MVC\Application\Runtime\Cache\Home\b29b1e167bb03e3f834dcac5acf96283.php 第 82 行.
INFO: Run Behavior\ParseTemplateBehavior [ RunTime:0.037861s ]
INFO: [ view_parse ] --END-- [ RunTime:0.037928s ]
INFO: [ view_filter ] --START--
INFO: Run Behavior\WriteHtmlCacheBehavior [ RunTime:0.000589s ]
INFO: [ view_filter ] --END-- [ RunTime:0.000626s ]
INFO: [ app_end ] --START--
INFO: Run Behavior\ShowPageTraceBehavior [ RunTime:0.000753s ]
INFO: [ app_end ] --END-- [ RunTime:0.000817s ]

[ 2016-11-26T17:12:28+08:00 ] ::1 /RCW_MVC/index.php/Home/Advice/index.html
INFO: [ app_init ] --START--
INFO: Run Behavior\BuildLiteBehavior [ RunTime:0.000012s ]
INFO: [ app_init ] --END-- [ RunTime:0.000542s ]
INFO: [ app_begin ] --START--
INFO: Run Behavior\ReadHtmlCacheBehavior [ RunTime:0.000684s ]
INFO: [ app_begin ] --END-- [ RunTime:0.000729s ]
SQL: SHOW COLUMNS FROM `board` [ RunTime:0.0032s ]
SQL: SELECT * FROM `board` INNER JOIN user ON board.user_ID = user.identity  ORDER BY time asc  [ RunTime:0.0006s ]
INFO: [ view_parse ] --START--
INFO: [ template_filter ] --START--
INFO: Run Behavior\ContentReplaceBehavior [ RunTime:0.000075s ]
INFO: [ template_filter ] --END-- [ RunTime:0.000124s ]
NOTIC: [8] A session had already been started - ignoring session_start() D:\xampp\htdocs\RCW_MVC\Application\Runtime\Cache\Home\5a791fb4c4fad1b8692ab68339b89436.php 第 82 行.
INFO: Run Behavior\ParseTemplateBehavior [ RunTime:0.010644s ]
INFO: [ view_parse ] --END-- [ RunTime:0.010690s ]
INFO: [ view_filter ] --START--
INFO: Run Behavior\WriteHtmlCacheBehavior [ RunTime:0.000524s ]
INFO: [ view_filter ] --END-- [ RunTime:0.000560s ]
INFO: [ app_end ] --START--
INFO: Run Behavior\ShowPageTraceBehavior [ RunTime:0.000681s ]
INFO: [ app_end ] --END-- [ RunTime:0.000725s ]

[ 2016-11-26T17:16:22+08:00 ] ::1 /RCW_MVC/index.php/Home/Advice/index.html
INFO: [ app_init ] --START--
INFO: Run Behavior\BuildLiteBehavior [ RunTime:0.000013s ]
INFO: [ app_init ] --END-- [ RunTime:0.000525s ]
INFO: [ app_begin ] --START--
INFO: Run Behavior\ReadHtmlCacheBehavior [ RunTime:0.000803s ]
INFO: [ app_begin ] --END-- [ RunTime:0.000850s ]
SQL: SHOW COLUMNS FROM `board` [ RunTime:0.0031s ]
SQL: SELECT * FROM `board` INNER JOIN user ON board.user_ID = user.identity  ORDER BY time asc  [ RunTime:0.0007s ]
INFO: [ view_parse ] --START--
INFO: [ template_filter ] --START--
INFO: Run Behavior\ContentReplaceBehavior [ RunTime:0.000059s ]
INFO: [ template_filter ] --END-- [ RunTime:0.000097s ]
NOTIC: [8] A session had already been started - ignoring session_start() D:\xampp\htdocs\RCW_MVC\Application\Runtime\Cache\Home\5a791fb4c4fad1b8692ab68339b89436.php 第 82 行.
INFO: Run Behavior\ParseTemplateBehavior [ RunTime:0.008582s ]
INFO: [ view_parse ] --END-- [ RunTime:0.008642s ]
INFO: [ view_filter ] --START--
INFO: Run Behavior\WriteHtmlCacheBehavior [ RunTime:0.001029s ]
INFO: [ view_filter ] --END-- [ RunTime:0.001087s ]
INFO: [ app_end ] --START--
INFO: Run Behavior\ShowPageTraceBehavior [ RunTime:0.000754s ]
INFO: [ app_end ] --END-- [ RunTime:0.000809s ]

[ 2016-11-26T17:16:41+08:00 ] ::1 /RCW_MVC/index.php/Home/Advice/index.html
INFO: [ app_init ] --START--
INFO: Run Behavior\BuildLiteBehavior [ RunTime:0.000015s ]
INFO: [ app_init ] --END-- [ RunTime:0.000541s ]
INFO: [ app_begin ] --START--
INFO: Run Behavior\ReadHtmlCacheBehavior [ RunTime:0.000734s ]
INFO: [ app_begin ] --END-- [ RunTime:0.000783s ]
SQL: SHOW COLUMNS FROM `board` [ RunTime:0.0037s ]
SQL: SELECT * FROM `board` INNER JOIN user ON board.user_ID = user.identity  ORDER BY time asc  [ RunTime:0.0007s ]
INFO: [ view_parse ] --START--
INFO: [ template_filter ] --START--
INFO: Run Behavior\ContentReplaceBehavior [ RunTime:0.000067s ]
INFO: [ template_filter ] --END-- [ RunTime:0.000104s ]
NOTIC: [8] A session had already been started - ignoring session_start() D:\xampp\htdocs\RCW_MVC\Application\Runtime\Cache\Home\5a791fb4c4fad1b8692ab68339b89436.php 第 82 行.
INFO: Run Behavior\ParseTemplateBehavior [ RunTime:0.008004s ]
INFO: [ view_parse ] --END-- [ RunTime:0.008046s ]
INFO: [ view_filter ] --START--
INFO: Run Behavior\WriteHtmlCacheBehavior [ RunTime:0.000430s ]
INFO: [ view_filter ] --END-- [ RunTime:0.000460s ]
INFO: [ app_end ] --START--
INFO: Run Behavior\ShowPageTraceBehavior [ RunTime:0.000539s ]
INFO: [ app_end ] --END-- [ RunTime:0.000572s ]

[ 2016-11-26T17:17:28+08:00 ] ::1 /RCW_MVC/index.php/Home/Advice/index.html
INFO: [ app_init ] --START--
INFO: Run Behavior\BuildLiteBehavior [ RunTime:0.000012s ]
INFO: [ app_init ] --END-- [ RunTime:0.000524s ]
INFO: [ app_begin ] --START--
INFO: Run Behavior\ReadHtmlCacheBehavior [ RunTime:0.000792s ]
INFO: [ app_begin ] --END-- [ RunTime:0.000837s ]
SQL: SHOW COLUMNS FROM `board` [ RunTime:0.0408s ]
SQL: SELECT * FROM `board` INNER JOIN user ON board.user_ID = user.identity  ORDER BY time asc  [ RunTime:0.0007s ]
INFO: [ view_parse ] --START--
INFO: [ template_filter ] --START--
INFO: Run Behavior\ContentReplaceBehavior [ RunTime:0.000074s ]
INFO: [ template_filter ] --END-- [ RunTime:0.000120s ]
NOTIC: [8] A session had already been started - ignoring session_start() D:\xampp\htdocs\RCW_MVC\Application\Runtime\Cache\Home\5a791fb4c4fad1b8692ab68339b89436.php 第 82 行.
INFO: Run Behavior\ParseTemplateBehavior [ RunTime:0.009944s ]
INFO: [ view_parse ] --END-- [ RunTime:0.009993s ]
INFO: [ view_filter ] --START--
INFO: Run Behavior\WriteHtmlCacheBehavior [ RunTime:0.000605s ]
INFO: [ view_filter ] --END-- [ RunTime:0.000642s ]
INFO: [ app_end ] --START--
INFO: Run Behavior\ShowPageTraceBehavior [ RunTime:0.000978s ]
INFO: [ app_end ] --END-- [ RunTime:0.001021s ]

[ 2016-11-26T17:17:29+08:00 ] ::1 /RCW_MVC/index.php/Home/Rent/index.html
INFO: [ app_init ] --START--
INFO: Run Behavior\BuildLiteBehavior [ RunTime:0.000013s ]
INFO: [ app_init ] --END-- [ RunTime:0.000524s ]
INFO: [ app_begin ] --START--
INFO: Run Behavior\ReadHtmlCacheBehavior [ RunTime:0.000728s ]
INFO: [ app_begin ] --END-- [ RunTime:0.000780s ]
NOTIC: [2048] Declaration of Home\Model\CarModel::check() should be compatible with Think\Model::check($value, $rule, $type = 'regex') D:\xampp\htdocs\RCW_MVC\Application\Home\Model\CarModel.class.php 第 4 行.
SQL: SHOW COLUMNS FROM `car` [ RunTime:0.0057s ]
SQL: SELECT * FROM `car` WHERE `flag` = 0  [ RunTime:0.0006s ]
INFO: [ view_parse ] --START--
INFO: [ template_filter ] --START--
INFO: Run Behavior\ContentReplaceBehavior [ RunTime:0.000248s ]
INFO: [ template_filter ] --END-- [ RunTime:0.000389s ]
NOTIC: [8] A session had already been started - ignoring session_start() D:\xampp\htdocs\RCW_MVC\Application\Runtime\Cache\Home\b29b1e167bb03e3f834dcac5acf96283.php 第 82 行.
INFO: Run Behavior\ParseTemplateBehavior [ RunTime:0.075288s ]
INFO: [ view_parse ] --END-- [ RunTime:0.075427s ]
INFO: [ view_filter ] --START--
INFO: Run Behavior\WriteHtmlCacheBehavior [ RunTime:0.001489s ]
INFO: [ view_filter ] --END-- [ RunTime:0.001601s ]
INFO: [ app_end ] --START--
INFO: Run Behavior\ShowPageTraceBehavior [ RunTime:0.003864s ]
INFO: [ app_end ] --END-- [ RunTime:0.004161s ]

[ 2016-11-26T17:17:30+08:00 ] ::1 /RCW_MVC/index.php/Home/Advice/index.html
INFO: [ app_init ] --START--
INFO: Run Behavior\BuildLiteBehavior [ RunTime:0.000013s ]
INFO: [ app_init ] --END-- [ RunTime:0.000521s ]
INFO: [ app_begin ] --START--
INFO: Run Behavior\ReadHtmlCacheBehavior [ RunTime:0.000671s ]
INFO: [ app_begin ] --END-- [ RunTime:0.000716s ]
SQL: SHOW COLUMNS FROM `board` [ RunTime:0.0028s ]
SQL: SELECT * FROM `board` INNER JOIN user ON board.user_ID = user.identity  ORDER BY time asc  [ RunTime:0.0005s ]
INFO: [ view_parse ] --START--
INFO: [ template_filter ] --START--
INFO: Run Behavior\ContentReplaceBehavior [ RunTime:0.000068s ]
INFO: [ template_filter ] --END-- [ RunTime:0.000114s ]
NOTIC: [8] A session had already been started - ignoring session_start() D:\xampp\htdocs\RCW_MVC\Application\Runtime\Cache\Home\5a791fb4c4fad1b8692ab68339b89436.php 第 82 行.
INFO: Run Behavior\ParseTemplateBehavior [ RunTime:0.010631s ]
INFO: [ view_parse ] --END-- [ RunTime:0.010693s ]
INFO: [ view_filter ] --START--
INFO: Run Behavior\WriteHtmlCacheBehavior [ RunTime:0.000560s ]
INFO: [ view_filter ] --END-- [ RunTime:0.000603s ]
INFO: [ app_end ] --START--
INFO: Run Behavior\ShowPageTraceBehavior [ RunTime:0.000711s ]
INFO: [ app_end ] --END-- [ RunTime:0.000754s ]

[ 2016-11-26T17:18:51+08:00 ] ::1 /RCW_MVC/index.php/Home/Advice/index.html
INFO: [ app_init ] --START--
INFO: Run Behavior\BuildLiteBehavior [ RunTime:0.000016s ]
INFO: [ app_init ] --END-- [ RunTime:0.000970s ]
INFO: [ app_begin ] --START--
INFO: Run Behavior\ReadHtmlCacheBehavior [ RunTime:0.001057s ]
INFO: [ app_begin ] --END-- [ RunTime:0.001116s ]
SQL: SHOW COLUMNS FROM `board` [ RunTime:0.0031s ]
SQL: SELECT * FROM `board` INNER JOIN user ON board.user_ID = user.identity  ORDER BY time asc  [ RunTime:0.0005s ]
INFO: [ view_parse ] --START--
INFO: [ template_filter ] --START--
INFO: Run Behavior\ContentReplaceBehavior [ RunTime:0.000067s ]
INFO: [ template_filter ] --END-- [ RunTime:0.000112s ]
NOTIC: [8] A session had already been started - ignoring session_start() D:\xampp\htdocs\RCW_MVC\Application\Runtime\Cache\Home\5a791fb4c4fad1b8692ab68339b89436.php 第 82 行.
INFO: Run Behavior\ParseTemplateBehavior [ RunTime:0.010860s ]
INFO: [ view_parse ] --END-- [ RunTime:0.010906s ]
INFO: [ view_filter ] --START--
INFO: Run Behavior\WriteHtmlCacheBehavior [ RunTime:0.000829s ]
INFO: [ view_filter ] --END-- [ RunTime:0.000865s ]
INFO: [ app_end ] --START--
INFO: Run Behavior\ShowPageTraceBehavior [ RunTime:0.001112s ]
INFO: [ app_end ] --END-- [ RunTime:0.001164s ]

[ 2016-11-26T22:28:09+08:00 ] ::1 /RCW_MVC/index.php/Home/Index/index.html
INFO: [ app_init ] --START--
INFO: Run Behavior\BuildLiteBehavior [ RunTime:0.000011s ]
INFO: [ app_init ] --END-- [ RunTime:0.000459s ]
INFO: [ app_begin ] --START--
INFO: Run Behavior\ReadHtmlCacheBehavior [ RunTime:0.000590s ]
INFO: [ app_begin ] --END-- [ RunTime:0.000627s ]
INFO: [ view_parse ] --START--
INFO: [ template_filter ] --START--
INFO: Run Behavior\ContentReplaceBehavior [ RunTime:0.000068s ]
INFO: [ template_filter ] --END-- [ RunTime:0.000110s ]
NOTIC: [8] A session had already been started - ignoring session_start() D:\xampp\htdocs\RCW_MVC\Application\Runtime\Cache\Home\2a94b8bda04ff446dcedd42276fc99ee.php 第 82 行.
INFO: Run Behavior\ParseTemplateBehavior [ RunTime:0.022086s ]
INFO: [ view_parse ] --END-- [ RunTime:0.022132s ]
INFO: [ view_filter ] --START--
INFO: Run Behavior\WriteHtmlCacheBehavior [ RunTime:0.000429s ]
INFO: [ view_filter ] --END-- [ RunTime:0.000458s ]
INFO: [ app_end ] --START--
INFO: Run Behavior\ShowPageTraceBehavior [ RunTime:0.000598s ]
INFO: [ app_end ] --END-- [ RunTime:0.000641s ]

[ 2016-11-26T22:31:14+08:00 ] ::1 /RCW_MVC/index.php/Home/Index/index.html
INFO: [ app_init ] --START--
INFO: Run Behavior\BuildLiteBehavior [ RunTime:0.000012s ]
INFO: [ app_init ] --END-- [ RunTime:0.000563s ]
INFO: [ app_begin ] --START--
INFO: Run Behavior\ReadHtmlCacheBehavior [ RunTime:0.000711s ]
INFO: [ app_begin ] --END-- [ RunTime:0.000759s ]
INFO: [ view_parse ] --START--
INFO: [ template_filter ] --START--
INFO: Run Behavior\ContentReplaceBehavior [ RunTime:0.000090s ]
INFO: [ template_filter ] --END-- [ RunTime:0.000141s ]
NOTIC: [8] A session had already been started - ignoring session_start() D:\xampp\htdocs\RCW_MVC\Application\Runtime\Cache\Home\2a94b8bda04ff446dcedd42276fc99ee.php 第 82 行.
INFO: Run Behavior\ParseTemplateBehavior [ RunTime:0.009652s ]
INFO: [ view_parse ] --END-- [ RunTime:0.009699s ]
INFO: [ view_filter ] --START--
INFO: Run Behavior\WriteHtmlCacheBehavior [ RunTime:0.000582s ]
INFO: [ view_filter ] --END-- [ RunTime:0.000618s ]
INFO: [ app_end ] --START--
INFO: Run Behavior\ShowPageTraceBehavior [ RunTime:0.000732s ]
INFO: [ app_end ] --END-- [ RunTime:0.000792s ]

[ 2016-11-26T22:59:42+08:00 ] ::1 /RCW_MVC/index.php/Home/Index/index.html
INFO: [ app_init ] --START--
INFO: Run Behavior\BuildLiteBehavior [ RunTime:0.000024s ]
INFO: [ app_init ] --END-- [ RunTime:0.000789s ]
INFO: [ app_begin ] --START--
INFO: Run Behavior\ReadHtmlCacheBehavior [ RunTime:0.000855s ]
INFO: [ app_begin ] --END-- [ RunTime:0.000911s ]
INFO: [ view_parse ] --START--
INFO: [ template_filter ] --START--
INFO: Run Behavior\ContentReplaceBehavior [ RunTime:0.000105s ]
INFO: [ template_filter ] --END-- [ RunTime:0.000164s ]
NOTIC: [8] A session had already been started - ignoring session_start() D:\xampp\htdocs\RCW_MVC\Application\Runtime\Cache\Home\2a94b8bda04ff446dcedd42276fc99ee.php 第 82 行.
INFO: Run Behavior\ParseTemplateBehavior [ RunTime:0.011758s ]
INFO: [ view_parse ] --END-- [ RunTime:0.011801s ]
INFO: [ view_filter ] --START--
INFO: Run Behavior\WriteHtmlCacheBehavior [ RunTime:0.000546s ]
INFO: [ view_filter ] --END-- [ RunTime:0.000579s ]
INFO: [ app_end ] --START--
INFO: Run Behavior\ShowPageTraceBehavior [ RunTime:0.001094s ]
INFO: [ app_end ] --END-- [ RunTime:0.001169s ]

[ 2016-11-26T22:59:43+08:00 ] ::1 /RCW_MVC/index.php/Home/Advice/index.html
INFO: [ app_init ] --START--
INFO: Run Behavior\BuildLiteBehavior [ RunTime:0.000019s ]
INFO: [ app_init ] --END-- [ RunTime:0.000696s ]
INFO: [ app_begin ] --START--
INFO: Run Behavior\ReadHtmlCacheBehavior [ RunTime:0.000679s ]
INFO: [ app_begin ] --END-- [ RunTime:0.000722s ]
SQL: SHOW COLUMNS FROM `board` [ RunTime:0.0032s ]
SQL: SELECT * FROM board a INNER JOIN user b ON a.user_ID = b.identity  WHERE a.flag = 0 ORDER BY time asc  [ RunTime:0.0006s ]
INFO: [ view_parse ] --START--
INFO: [ template_filter ] --START--
INFO: Run Behavior\ContentReplaceBehavior [ RunTime:0.000095s ]
INFO: [ template_filter ] --END-- [ RunTime:0.000162s ]
NOTIC: [8] A session had already been started - ignoring session_start() D:\xampp\htdocs\RCW_MVC\Application\Runtime\Cache\Home\5a791fb4c4fad1b8692ab68339b89436.php 第 82 行.
INFO: Run Behavior\ParseTemplateBehavior [ RunTime:0.026793s ]
INFO: [ view_parse ] --END-- [ RunTime:0.026854s ]
INFO: [ view_filter ] --START--
INFO: Run Behavior\WriteHtmlCacheBehavior [ RunTime:0.000592s ]
INFO: [ view_filter ] --END-- [ RunTime:0.000629s ]
INFO: [ app_end ] --START--
INFO: Run Behavior\ShowPageTraceBehavior [ RunTime:0.000732s ]
INFO: [ app_end ] --END-- [ RunTime:0.000779s ]

[ 2016-11-26T23:00:17+08:00 ] ::1 /RCW_MVC/index.php/Home/Advice/index.html
INFO: [ app_init ] --START--
INFO: Run Behavior\BuildLiteBehavior [ RunTime:0.000012s ]
INFO: [ app_init ] --END-- [ RunTime:0.000447s ]
INFO: [ app_begin ] --START--
INFO: Run Behavior\ReadHtmlCacheBehavior [ RunTime:0.000620s ]
INFO: [ app_begin ] --END-- [ RunTime:0.000669s ]
SQL: SHOW COLUMNS FROM `board` [ RunTime:0.0027s ]
SQL: SELECT * FROM board a INNER JOIN user b ON a.user_ID = b.identity  WHERE a.flag = 0 ORDER BY a.time asc  [ RunTime:0.0005s ]
INFO: [ view_parse ] --START--
INFO: [ template_filter ] --START--
INFO: Run Behavior\ContentReplaceBehavior [ RunTime:0.000060s ]
INFO: [ template_filter ] --END-- [ RunTime:0.000107s ]
NOTIC: [8] A session had already been started - ignoring session_start() D:\xampp\htdocs\RCW_MVC\Application\Runtime\Cache\Home\5a791fb4c4fad1b8692ab68339b89436.php 第 82 行.
INFO: Run Behavior\ParseTemplateBehavior [ RunTime:0.009406s ]
INFO: [ view_parse ] --END-- [ RunTime:0.009447s ]
INFO: [ view_filter ] --START--
INFO: Run Behavior\WriteHtmlCacheBehavior [ RunTime:0.000384s ]
INFO: [ view_filter ] --END-- [ RunTime:0.000412s ]
INFO: [ app_end ] --START--
INFO: Run Behavior\ShowPageTraceBehavior [ RunTime:0.000607s ]
INFO: [ app_end ] --END-- [ RunTime:0.000637s ]

[ 2016-11-26T23:00:20+08:00 ] ::1 /RCW_MVC/index.php/Home/Advice/index.html
INFO: [ app_init ] --START--
INFO: Run Behavior\BuildLiteBehavior [ RunTime:0.000022s ]
INFO: [ app_init ] --END-- [ RunTime:0.001090s ]
INFO: [ app_begin ] --START--
INFO: Run Behavior\ReadHtmlCacheBehavior [ RunTime:0.000713s ]
INFO: [ app_begin ] --END-- [ RunTime:0.000774s ]
SQL: SHOW COLUMNS FROM `board` [ RunTime:0.0030s ]
SQL: SELECT * FROM board a INNER JOIN user b ON a.user_ID = b.identity  WHERE a.flag = 0 ORDER BY a.time asc  [ RunTime:0.0012s ]
INFO: [ view_parse ] --START--
INFO: [ template_filter ] --START--
INFO: Run Behavior\ContentReplaceBehavior [ RunTime:0.000057s ]
INFO: [ template_filter ] --END-- [ RunTime:0.000102s ]
NOTIC: [8] A session had already been started - ignoring session_start() D:\xampp\htdocs\RCW_MVC\Application\Runtime\Cache\Home\5a791fb4c4fad1b8692ab68339b89436.php 第 82 行.
INFO: Run Behavior\ParseTemplateBehavior [ RunTime:0.008570s ]
INFO: [ view_parse ] --END-- [ RunTime:0.008611s ]
INFO: [ view_filter ] --START--
INFO: Run Behavior\WriteHtmlCacheBehavior [ RunTime:0.000405s ]
INFO: [ view_filter ] --END-- [ RunTime:0.000436s ]
INFO: [ app_end ] --START--
INFO: Run Behavior\ShowPageTraceBehavior [ RunTime:0.000642s ]
INFO: [ app_end ] --END-- [ RunTime:0.000673s ]

[ 2016-11-26T23:00:21+08:00 ] ::1 /RCW_MVC/index.php/Home/Advice/index.html
INFO: [ app_init ] --START--
INFO: Run Behavior\BuildLiteBehavior [ RunTime:0.000013s ]
INFO: [ app_init ] --END-- [ RunTime:0.000496s ]
INFO: [ app_begin ] --START--
INFO: Run Behavior\ReadHtmlCacheBehavior [ RunTime:0.000602s ]
INFO: [ app_begin ] --END-- [ RunTime:0.000642s ]
SQL: SHOW COLUMNS FROM `board` [ RunTime:0.0024s ]
SQL: SELECT * FROM board a INNER JOIN user b ON a.user_ID = b.identity  WHERE a.flag = 0 ORDER BY a.time asc  [ RunTime:0.0005s ]
INFO: [ view_parse ] --START--
INFO: [ template_filter ] --START--
INFO: Run Behavior\ContentReplaceBehavior [ RunTime:0.000056s ]
INFO: [ template_filter ] --END-- [ RunTime:0.000097s ]
NOTIC: [8] A session had already been started - ignoring session_start() D:\xampp\htdocs\RCW_MVC\Application\Runtime\Cache\Home\5a791fb4c4fad1b8692ab68339b89436.php 第 82 行.
INFO: Run Behavior\ParseTemplateBehavior [ RunTime:0.008242s ]
INFO: [ view_parse ] --END-- [ RunTime:0.008304s ]
INFO: [ view_filter ] --START--
INFO: Run Behavior\WriteHtmlCacheBehavior [ RunTime:0.000453s ]
INFO: [ view_filter ] --END-- [ RunTime:0.000500s ]
INFO: [ app_end ] --START--
INFO: Run Behavior\ShowPageTraceBehavior [ RunTime:0.000607s ]
INFO: [ app_end ] --END-- [ RunTime:0.000649s ]

[ 2016-11-26T23:00:24+08:00 ] ::1 /RCW_MVC/index.php/Home/Advice/index.html
INFO: [ app_init ] --START--
INFO: Run Behavior\BuildLiteBehavior [ RunTime:0.000013s ]
INFO: [ app_init ] --END-- [ RunTime:0.000498s ]
INFO: [ app_begin ] --START--
INFO: Run Behavior\ReadHtmlCacheBehavior [ RunTime:0.000570s ]
INFO: [ app_begin ] --END-- [ RunTime:0.000614s ]
SQL: SHOW COLUMNS FROM `board` [ RunTime:0.0048s ]
SQL: SELECT * FROM board a INNER JOIN user b ON a.user_ID = b.identity  WHERE a.flag = 0 ORDER BY a.time asc  [ RunTime:0.0008s ]
INFO: [ view_parse ] --START--
INFO: [ template_filter ] --START--
INFO: Run Behavior\ContentReplaceBehavior [ RunTime:0.000058s ]
INFO: [ template_filter ] --END-- [ RunTime:0.000101s ]
NOTIC: [8] A session had already been started - ignoring session_start() D:\xampp\htdocs\RCW_MVC\Application\Runtime\Cache\Home\5a791fb4c4fad1b8692ab68339b89436.php 第 82 行.
INFO: Run Behavior\ParseTemplateBehavior [ RunTime:0.008762s ]
INFO: [ view_parse ] --END-- [ RunTime:0.008804s ]
INFO: [ view_filter ] --START--
INFO: Run Behavior\WriteHtmlCacheBehavior [ RunTime:0.000438s ]
INFO: [ view_filter ] --END-- [ RunTime:0.000475s ]
INFO: [ app_end ] --START--
INFO: Run Behavior\ShowPageTraceBehavior [ RunTime:0.000586s ]
INFO: [ app_end ] --END-- [ RunTime:0.000620s ]

[ 2016-11-26T23:00:49+08:00 ] ::1 /RCW_MVC/index.php/Home/Advice/index.html
INFO: [ app_init ] --START--
INFO: Run Behavior\BuildLiteBehavior [ RunTime:0.000016s ]
INFO: [ app_init ] --END-- [ RunTime:0.000545s ]
INFO: [ app_begin ] --START--
INFO: Run Behavior\ReadHtmlCacheBehavior [ RunTime:0.000695s ]
INFO: [ app_begin ] --END-- [ RunTime:0.000744s ]
SQL: SHOW COLUMNS FROM `board` [ RunTime:0.0031s ]
SQL: SELECT * FROM board a INNER JOIN user b ON a.user_ID = b.identity  WHERE a.flag = 0 ORDER BY a.time asc  [ RunTime:0.0005s ]
INFO: [ view_parse ] --START--
INFO: [ template_filter ] --START--
INFO: Run Behavior\ContentReplaceBehavior [ RunTime:0.000056s ]
INFO: [ template_filter ] --END-- [ RunTime:0.000097s ]
NOTIC: [8] A session had already been started - ignoring session_start() D:\xampp\htdocs\RCW_MVC\Application\Runtime\Cache\Home\5a791fb4c4fad1b8692ab68339b89436.php 第 82 行.
INFO: Run Behavior\ParseTemplateBehavior [ RunTime:0.010481s ]
INFO: [ view_parse ] --END-- [ RunTime:0.010524s ]
INFO: [ view_filter ] --START--
INFO: Run Behavior\WriteHtmlCacheBehavior [ RunTime:0.000411s ]
INFO: [ view_filter ] --END-- [ RunTime:0.000441s ]
INFO: [ app_end ] --START--
INFO: Run Behavior\ShowPageTraceBehavior [ RunTime:0.000589s ]
INFO: [ app_end ] --END-- [ RunTime:0.000621s ]

[ 2016-11-26T23:01:46+08:00 ] ::1 /RCW_MVC/index.php/Home/Advice/index.html
INFO: [ app_init ] --START--
INFO: Run Behavior\BuildLiteBehavior [ RunTime:0.000013s ]
INFO: [ app_init ] --END-- [ RunTime:0.000549s ]
INFO: [ app_begin ] --START--
INFO: Run Behavior\ReadHtmlCacheBehavior [ RunTime:0.000749s ]
INFO: [ app_begin ] --END-- [ RunTime:0.000788s ]
SQL: SHOW COLUMNS FROM `board` [ RunTime:0.0034s ]
SQL: SELECT * FROM board a INNER JOIN user b ON a.user_ID = b.identity  WHERE a.flag = 0 ORDER BY a.time asc  [ RunTime:0.0005s ]
INFO: [ view_parse ] --START--
INFO: [ template_filter ] --START--
INFO: Run Behavior\ContentReplaceBehavior [ RunTime:0.000059s ]
INFO: [ template_filter ] --END-- [ RunTime:0.000105s ]
NOTIC: [8] A session had already been started - ignoring session_start() D:\xampp\htdocs\RCW_MVC\Application\Runtime\Cache\Home\5a791fb4c4fad1b8692ab68339b89436.php 第 82 行.
INFO: Run Behavior\ParseTemplateBehavior [ RunTime:0.009299s ]
INFO: [ view_parse ] --END-- [ RunTime:0.009356s ]
INFO: [ view_filter ] --START--
INFO: Run Behavior\WriteHtmlCacheBehavior [ RunTime:0.000586s ]
INFO: [ view_filter ] --END-- [ RunTime:0.000617s ]
INFO: [ app_end ] --START--
INFO: Run Behavior\ShowPageTraceBehavior [ RunTime:0.000724s ]
INFO: [ app_end ] --END-- [ RunTime:0.000768s ]

[ 2016-11-26T23:02:39+08:00 ] ::1 /RCW_MVC/index.php/Home/Advice/index.html
INFO: [ app_init ] --START--
INFO: Run Behavior\BuildLiteBehavior [ RunTime:0.000012s ]
INFO: [ app_init ] --END-- [ RunTime:0.000452s ]
INFO: [ app_begin ] --START--
INFO: Run Behavior\ReadHtmlCacheBehavior [ RunTime:0.000698s ]
INFO: [ app_begin ] --END-- [ RunTime:0.000752s ]
SQL: SHOW COLUMNS FROM `board` [ RunTime:0.0027s ]
SQL: SELECT * FROM board a INNER JOIN user b ON a.user_ID = b.identity  WHERE a.flag = 0 ORDER BY a.time asc  [ RunTime:0.0005s ]
INFO: [ view_parse ] --START--
INFO: [ template_filter ] --START--
INFO: Run Behavior\ContentReplaceBehavior [ RunTime:0.000058s ]
INFO: [ template_filter ] --END-- [ RunTime:0.000096s ]
NOTIC: [8] A session had already been started - ignoring session_start() D:\xampp\htdocs\RCW_MVC\Application\Runtime\Cache\Home\5a791fb4c4fad1b8692ab68339b89436.php 第 82 行.
INFO: Run Behavior\ParseTemplateBehavior [ RunTime:0.009166s ]
INFO: [ view_parse ] --END-- [ RunTime:0.009221s ]
INFO: [ view_filter ] --START--
INFO: Run Behavior\WriteHtmlCacheBehavior [ RunTime:0.000956s ]
INFO: [ view_filter ] --END-- [ RunTime:0.001000s ]
INFO: [ app_end ] --START--
INFO: Run Behavior\ShowPageTraceBehavior [ RunTime:0.000744s ]
INFO: [ app_end ] --END-- [ RunTime:0.000789s ]

[ 2016-11-26T23:03:05+08:00 ] ::1 /RCW_MVC/index.php/Home/Advice/index.html
INFO: [ app_init ] --START--
INFO: Run Behavior\BuildLiteBehavior [ RunTime:0.000016s ]
INFO: [ app_init ] --END-- [ RunTime:0.000571s ]
INFO: [ app_begin ] --START--
INFO: Run Behavior\ReadHtmlCacheBehavior [ RunTime:0.000764s ]
INFO: [ app_begin ] --END-- [ RunTime:0.000824s ]
SQL: SHOW COLUMNS FROM `board` [ RunTime:0.0027s ]
SQL: SELECT * FROM board a INNER JOIN user b ON a.user_ID = b.identity  WHERE a.flag = 0 ORDER BY time asc  [ RunTime:0.0005s ]
INFO: [ view_parse ] --START--
INFO: [ template_filter ] --START--
INFO: Run Behavior\ContentReplaceBehavior [ RunTime:0.000055s ]
INFO: [ template_filter ] --END-- [ RunTime:0.000095s ]
NOTIC: [8] A session had already been started - ignoring session_start() D:\xampp\htdocs\RCW_MVC\Application\Runtime\Cache\Home\5a791fb4c4fad1b8692ab68339b89436.php 第 82 行.
INFO: Run Behavior\ParseTemplateBehavior [ RunTime:0.008985s ]
INFO: [ view_parse ] --END-- [ RunTime:0.009032s ]
INFO: [ view_filter ] --START--
INFO: Run Behavior\WriteHtmlCacheBehavior [ RunTime:0.000527s ]
INFO: [ view_filter ] --END-- [ RunTime:0.000556s ]
INFO: [ app_end ] --START--
INFO: Run Behavior\ShowPageTraceBehavior [ RunTime:0.000816s ]
INFO: [ app_end ] --END-- [ RunTime:0.000853s ]

[ 2016-11-26T23:03:06+08:00 ] ::1 /RCW_MVC/index.php/Home/Advice/index.html
INFO: [ app_init ] --START--
INFO: Run Behavior\BuildLiteBehavior [ RunTime:0.000019s ]
INFO: [ app_init ] --END-- [ RunTime:0.000569s ]
INFO: [ app_begin ] --START--
INFO: Run Behavior\ReadHtmlCacheBehavior [ RunTime:0.000806s ]
INFO: [ app_begin ] --END-- [ RunTime:0.000875s ]
SQL: SHOW COLUMNS FROM `board` [ RunTime:0.0032s ]
SQL: SELECT * FROM board a INNER JOIN user b ON a.user_ID = b.identity  WHERE a.flag = 0 ORDER BY time asc  [ RunTime:0.0005s ]
INFO: [ view_parse ] --START--
INFO: [ template_filter ] --START--
INFO: Run Behavior\ContentReplaceBehavior [ RunTime:0.000067s ]
INFO: [ template_filter ] --END-- [ RunTime:0.000126s ]
NOTIC: [8] A session had already been started - ignoring session_start() D:\xampp\htdocs\RCW_MVC\Application\Runtime\Cache\Home\5a791fb4c4fad1b8692ab68339b89436.php 第 82 行.
INFO: Run Behavior\ParseTemplateBehavior [ RunTime:0.010055s ]
INFO: [ view_parse ] --END-- [ RunTime:0.010102s ]
INFO: [ view_filter ] --START--
INFO: Run Behavior\WriteHtmlCacheBehavior [ RunTime:0.000479s ]
INFO: [ view_filter ] --END-- [ RunTime:0.000512s ]
INFO: [ app_end ] --START--
INFO: Run Behavior\ShowPageTraceBehavior [ RunTime:0.000640s ]
INFO: [ app_end ] --END-- [ RunTime:0.000676s ]

[ 2016-11-26T23:03:09+08:00 ] ::1 /RCW_MVC/index.php/Home/Advice/index.html
INFO: [ app_init ] --START--
INFO: Run Behavior\BuildLiteBehavior [ RunTime:0.000019s ]
INFO: [ app_init ] --END-- [ RunTime:0.000798s ]
INFO: [ app_begin ] --START--
INFO: Run Behavior\ReadHtmlCacheBehavior [ RunTime:0.002174s ]
INFO: [ app_begin ] --END-- [ RunTime:0.002354s ]
SQL: SHOW COLUMNS FROM `board` [ RunTime:0.0026s ]
SQL: SELECT * FROM board a INNER JOIN user b ON a.user_ID = b.identity  WHERE a.flag = 0 ORDER BY time asc  [ RunTime:0.0005s ]
INFO: [ view_parse ] --START--
INFO: [ template_filter ] --START--
INFO: Run Behavior\ContentReplaceBehavior [ RunTime:0.000057s ]
INFO: [ template_filter ] --END-- [ RunTime:0.000099s ]
NOTIC: [8] A session had already been started - ignoring session_start() D:\xampp\htdocs\RCW_MVC\Application\Runtime\Cache\Home\5a791fb4c4fad1b8692ab68339b89436.php 第 82 行.
INFO: Run Behavior\ParseTemplateBehavior [ RunTime:0.008384s ]
INFO: [ view_parse ] --END-- [ RunTime:0.008431s ]
INFO: [ view_filter ] --START--
INFO: Run Behavior\WriteHtmlCacheBehavior [ RunTime:0.000544s ]
INFO: [ view_filter ] --END-- [ RunTime:0.000577s ]
INFO: [ app_end ] --START--
INFO: Run Behavior\ShowPageTraceBehavior [ RunTime:0.000603s ]
INFO: [ app_end ] --END-- [ RunTime:0.000634s ]

[ 2016-11-26T23:03:46+08:00 ] ::1 /RCW_MVC/index.php/Home/Advice/index.html
INFO: [ app_init ] --START--
INFO: Run Behavior\BuildLiteBehavior [ RunTime:0.000015s ]
INFO: [ app_init ] --END-- [ RunTime:0.000603s ]
INFO: [ app_begin ] --START--
INFO: Run Behavior\ReadHtmlCacheBehavior [ RunTime:0.000808s ]
INFO: [ app_begin ] --END-- [ RunTime:0.000867s ]
SQL: SHOW COLUMNS FROM `board` [ RunTime:0.0034s ]
SQL: SELECT * FROM board a INNER JOIN user b ON a.user_ID = b.identity  WHERE a.flag = 0 ORDER BY date asc,time asc  [ RunTime:0.0005s ]
INFO: [ view_parse ] --START--
INFO: [ template_filter ] --START--
INFO: Run Behavior\ContentReplaceBehavior [ RunTime:0.000059s ]
INFO: [ template_filter ] --END-- [ RunTime:0.000099s ]
NOTIC: [8] A session had already been started - ignoring session_start() D:\xampp\htdocs\RCW_MVC\Application\Runtime\Cache\Home\5a791fb4c4fad1b8692ab68339b89436.php 第 82 行.
INFO: Run Behavior\ParseTemplateBehavior [ RunTime:0.009233s ]
INFO: [ view_parse ] --END-- [ RunTime:0.009287s ]
INFO: [ view_filter ] --START--
INFO: Run Behavior\WriteHtmlCacheBehavior [ RunTime:0.000670s ]
INFO: [ view_filter ] --END-- [ RunTime:0.000735s ]
INFO: [ app_end ] --START--
INFO: Run Behavior\ShowPageTraceBehavior [ RunTime:0.000750s ]
INFO: [ app_end ] --END-- [ RunTime:0.000786s ]

