[ 2016-11-25T10:31:53+08:00 ] ::1 /RCW_MVC/
INFO: [ app_init ] --START--
INFO: Run Behavior\BuildLiteBehavior [ RunTime:0.000010s ]
INFO: [ app_init ] --END-- [ RunTime:0.000379s ]
INFO: [ app_begin ] --START--
INFO: Run Behavior\ReadHtmlCacheBehavior [ RunTime:0.000855s ]
INFO: [ app_begin ] --END-- [ RunTime:0.000932s ]
INFO: [ view_parse ] --START--
INFO: [ template_filter ] --START--
INFO: Run Behavior\ContentReplaceBehavior [ RunTime:0.000082s ]
INFO: [ template_filter ] --END-- [ RunTime:0.000135s ]
NOTIC: [8] A session had already been started - ignoring session_start() D:\xampp\htdocs\RCW_MVC\Application\Runtime\Cache\Home\2a94b8bda04ff446dcedd42276fc99ee.php 第 82 行.
INFO: Run Behavior\ParseTemplateBehavior [ RunTime:0.064832s ]
INFO: [ view_parse ] --END-- [ RunTime:0.064950s ]
INFO: [ view_filter ] --START--
INFO: Run Behavior\WriteHtmlCacheBehavior [ RunTime:0.000464s ]
INFO: [ view_filter ] --END-- [ RunTime:0.000493s ]
INFO: [ app_end ] --START--
INFO: Run Behavior\ShowPageTraceBehavior [ RunTime:0.000591s ]
INFO: [ app_end ] --END-- [ RunTime:0.000705s ]

[ 2016-11-25T16:59:28+08:00 ] ::1 /RCW_MVC/index.php/Home/Index/login
INFO: [ app_init ] --START--
INFO: Run Behavior\BuildLiteBehavior [ RunTime:0.000011s ]
INFO: [ app_init ] --END-- [ RunTime:0.000421s ]
INFO: [ app_begin ] --START--
INFO: Run Behavior\ReadHtmlCacheBehavior [ RunTime:0.000671s ]
INFO: [ app_begin ] --END-- [ RunTime:0.000721s ]
INFO: [ view_parse ] --START--
INFO: [ template_filter ] --START--
INFO: Run Behavior\ContentReplaceBehavior [ RunTime:0.000138s ]
INFO: [ template_filter ] --END-- [ RunTime:0.000247s ]
NOTIC: [8] A session had already been started - ignoring session_start() D:\xampp\htdocs\RCW_MVC\Application\Runtime\Cache\Home\ccea6a400660ce54d68cab67b9f68781.php 第 61 行.
INFO: Run Behavior\ParseTemplateBehavior [ RunTime:0.087110s ]
INFO: [ view_parse ] --END-- [ RunTime:0.087206s ]
INFO: [ view_filter ] --START--
INFO: Run Behavior\WriteHtmlCacheBehavior [ RunTime:0.001130s ]
INFO: [ view_filter ] --END-- [ RunTime:0.001215s ]
INFO: [ app_end ] --START--
INFO: Run Behavior\ShowPageTraceBehavior [ RunTime:0.001610s ]
INFO: [ app_end ] --END-- [ RunTime:0.001706s ]

[ 2016-11-25T16:59:36+08:00 ] ::1 /RCW_MVC/index.php/Home/Index/login.html
INFO: [ app_init ] --START--
INFO: Run Behavior\BuildLiteBehavior [ RunTime:0.000010s ]
INFO: [ app_init ] --END-- [ RunTime:0.000411s ]
INFO: [ app_begin ] --START--
INFO: Run Behavior\ReadHtmlCacheBehavior [ RunTime:0.000638s ]
INFO: [ app_begin ] --END-- [ RunTime:0.000681s ]
SQL: SHOW COLUMNS FROM `user` [ RunTime:0.0060s ]
SQL: SELECT * FROM `user` WHERE `ID` = '440221199506261917' AND `password` = '5d9f71b71b207b9e665820c0dce67bdb' LIMIT 1   [ RunTime:0.0004s ]

[ 2016-11-25T16:59:36+08:00 ] ::1 /RCW_MVC/index.php/Home/Index/index.html
INFO: [ app_init ] --START--
INFO: Run Behavior\BuildLiteBehavior [ RunTime:0.000014s ]
INFO: [ app_init ] --END-- [ RunTime:0.000389s ]
INFO: [ app_begin ] --START--
INFO: Run Behavior\ReadHtmlCacheBehavior [ RunTime:0.000531s ]
INFO: [ app_begin ] --END-- [ RunTime:0.000569s ]
INFO: [ view_parse ] --START--
INFO: [ template_filter ] --START--
INFO: Run Behavior\ContentReplaceBehavior [ RunTime:0.000078s ]
INFO: [ template_filter ] --END-- [ RunTime:0.000137s ]
NOTIC: [8] A session had already been started - ignoring session_start() D:\xampp\htdocs\RCW_MVC\Application\Runtime\Cache\Home\2a94b8bda04ff446dcedd42276fc99ee.php 第 82 行.
INFO: Run Behavior\ParseTemplateBehavior [ RunTime:0.063243s ]
INFO: [ view_parse ] --END-- [ RunTime:0.063293s ]
INFO: [ view_filter ] --START--
INFO: Run Behavior\WriteHtmlCacheBehavior [ RunTime:0.000456s ]
INFO: [ view_filter ] --END-- [ RunTime:0.000496s ]
INFO: [ app_end ] --START--
INFO: Run Behavior\ShowPageTraceBehavior [ RunTime:0.000874s ]
INFO: [ app_end ] --END-- [ RunTime:0.000936s ]

[ 2016-11-25T16:59:38+08:00 ] ::1 /RCW_MVC/index.php/Home/Advice/index.html
INFO: [ app_init ] --START--
INFO: Run Behavior\BuildLiteBehavior [ RunTime:0.000013s ]
INFO: [ app_init ] --END-- [ RunTime:0.000539s ]
INFO: [ app_begin ] --START--
INFO: Run Behavior\ReadHtmlCacheBehavior [ RunTime:0.000581s ]
INFO: [ app_begin ] --END-- [ RunTime:0.000620s ]
SQL: SHOW COLUMNS FROM `board` [ RunTime:0.0028s ]
SQL: SELECT * FROM `board` INNER JOIN user ON board.user_ID = user.ID  ORDER BY time asc  [ RunTime:0.0334s ]
INFO: [ view_parse ] --START--
INFO: [ template_filter ] --START--
INFO: Run Behavior\ContentReplaceBehavior [ RunTime:0.000211s ]
INFO: [ template_filter ] --END-- [ RunTime:0.000387s ]
NOTIC: [8] A session had already been started - ignoring session_start() D:\xampp\htdocs\RCW_MVC\Application\Runtime\Cache\Home\5a791fb4c4fad1b8692ab68339b89436.php 第 82 行.
INFO: Run Behavior\ParseTemplateBehavior [ RunTime:0.089036s ]
INFO: [ view_parse ] --END-- [ RunTime:0.089279s ]
INFO: [ view_filter ] --START--
INFO: Run Behavior\WriteHtmlCacheBehavior [ RunTime:0.002807s ]
INFO: [ view_filter ] --END-- [ RunTime:0.003150s ]
INFO: [ app_end ] --START--
INFO: Run Behavior\ShowPageTraceBehavior [ RunTime:0.002766s ]
INFO: [ app_end ] --END-- [ RunTime:0.002924s ]

[ 2016-11-25T16:59:41+08:00 ] ::1 /RCW_MVC/index.php/Home/Rent/index.html
INFO: [ app_init ] --START--
INFO: Run Behavior\BuildLiteBehavior [ RunTime:0.000011s ]
INFO: [ app_init ] --END-- [ RunTime:0.000524s ]
INFO: [ app_begin ] --START--
INFO: Run Behavior\ReadHtmlCacheBehavior [ RunTime:0.000719s ]
INFO: [ app_begin ] --END-- [ RunTime:0.000766s ]
NOTIC: [2048] Declaration of Home\Model\CarModel::check() should be compatible with Think\Model::check($value, $rule, $type = 'regex') D:\xampp\htdocs\RCW_MVC\Application\Home\Model\CarModel.class.php 第 4 行.
SQL: SHOW COLUMNS FROM `car` [ RunTime:0.0099s ]
SQL: SELECT * FROM `car` WHERE `flag` = 0  [ RunTime:0.0010s ]
INFO: [ view_parse ] --START--
INFO: [ template_filter ] --START--
INFO: Run Behavior\ContentReplaceBehavior [ RunTime:0.000107s ]
INFO: [ template_filter ] --END-- [ RunTime:0.000162s ]
NOTIC: [8] A session had already been started - ignoring session_start() D:\xampp\htdocs\RCW_MVC\Application\Runtime\Cache\Home\b29b1e167bb03e3f834dcac5acf96283.php 第 82 行.
INFO: Run Behavior\ParseTemplateBehavior [ RunTime:0.035488s ]
INFO: [ view_parse ] --END-- [ RunTime:0.035567s ]
INFO: [ view_filter ] --START--
INFO: Run Behavior\WriteHtmlCacheBehavior [ RunTime:0.000548s ]
INFO: [ view_filter ] --END-- [ RunTime:0.000591s ]
INFO: [ app_end ] --START--
INFO: Run Behavior\ShowPageTraceBehavior [ RunTime:0.001091s ]
INFO: [ app_end ] --END-- [ RunTime:0.001172s ]

[ 2016-11-25T16:59:44+08:00 ] ::1 /RCW_MVC/index.php/Home/Advice/index.html
INFO: [ app_init ] --START--
INFO: Run Behavior\BuildLiteBehavior [ RunTime:0.000012s ]
INFO: [ app_init ] --END-- [ RunTime:0.000494s ]
INFO: [ app_begin ] --START--
INFO: Run Behavior\ReadHtmlCacheBehavior [ RunTime:0.000720s ]
INFO: [ app_begin ] --END-- [ RunTime:0.000767s ]
SQL: SHOW COLUMNS FROM `board` [ RunTime:0.0511s ]
SQL: SELECT * FROM `board` INNER JOIN user ON board.user_ID = user.ID  ORDER BY time asc  [ RunTime:0.0007s ]
INFO: [ view_parse ] --START--
INFO: [ template_filter ] --START--
INFO: Run Behavior\ContentReplaceBehavior [ RunTime:0.000093s ]
INFO: [ template_filter ] --END-- [ RunTime:0.000158s ]
NOTIC: [8] A session had already been started - ignoring session_start() D:\xampp\htdocs\RCW_MVC\Application\Runtime\Cache\Home\5a791fb4c4fad1b8692ab68339b89436.php 第 82 行.
INFO: Run Behavior\ParseTemplateBehavior [ RunTime:0.048399s ]
INFO: [ view_parse ] --END-- [ RunTime:0.048453s ]
INFO: [ view_filter ] --START--
INFO: Run Behavior\WriteHtmlCacheBehavior [ RunTime:0.000539s ]
INFO: [ view_filter ] --END-- [ RunTime:0.000575s ]
INFO: [ app_end ] --START--
INFO: Run Behavior\ShowPageTraceBehavior [ RunTime:0.000847s ]
INFO: [ app_end ] --END-- [ RunTime:0.000911s ]

[ 2016-11-25T16:59:49+08:00 ] ::1 /RCW_MVC/index.php/Home/Me/index
INFO: [ app_init ] --START--
INFO: Run Behavior\BuildLiteBehavior [ RunTime:0.000011s ]
INFO: [ app_init ] --END-- [ RunTime:0.000514s ]
INFO: [ app_begin ] --START--
INFO: Run Behavior\ReadHtmlCacheBehavior [ RunTime:0.000651s ]
INFO: [ app_begin ] --END-- [ RunTime:0.000710s ]
NOTIC: [4096] Argument 1 passed to Home\Event\MeEvent::readUser() must be an instance of Home\Event\char, string given, called in D:\xampp\htdocs\RCW_MVC\Application\Home\Controller\MeController.class.php on line 9 and defined D:\xampp\htdocs\RCW_MVC\Application\Home\Event\MeEvent.class.php 第 8 行.
SQL: SHOW COLUMNS FROM `user` [ RunTime:0.0029s ]
SQL: SELECT * FROM `user` WHERE `ID` = '440221199506261917' LIMIT 1   [ RunTime:0.0003s ]
NOTIC: [4096] Argument 1 passed to Home\Event\MeEvent::countOnRent() must be an instance of Home\Event\char, string given, called in D:\xampp\htdocs\RCW_MVC\Application\Home\Controller\MeController.class.php on line 11 and defined D:\xampp\htdocs\RCW_MVC\Application\Home\Event\MeEvent.class.php 第 33 行.
SQL: SHOW COLUMNS FROM `rent` [ RunTime:0.0031s ]
SQL: SELECT COUNT(*) AS tp_count FROM `rent` WHERE `user_ID` = '440221199506261917' AND `flag` = 1 AND `return_date` = null LIMIT 1   [ RunTime:0.0647s ]
NOTIC: [4096] Argument 1 passed to Home\Event\MeEvent::countAcci() must be an instance of Home\Event\char, string given, called in D:\xampp\htdocs\RCW_MVC\Application\Home\Controller\MeController.class.php on line 13 and defined D:\xampp\htdocs\RCW_MVC\Application\Home\Event\MeEvent.class.php 第 27 行.
SQL: SHOW COLUMNS FROM `accident` [ RunTime:0.0087s ]
NOTIC: [2] Missing argument 1 for Home\Model\AccidentModel::countAcci(), called in D:\xampp\htdocs\RCW_MVC\Application\Home\Event\MeEvent.class.php on line 29 and defined D:\xampp\htdocs\RCW_MVC\Application\Home\Model\AccidentModel.class.php 第 16 行.
NOTIC: [8] Undefined variable: userID D:\xampp\htdocs\RCW_MVC\Application\Home\Model\AccidentModel.class.php 第 17 行.
NOTIC: [8] Undefined variable: userID D:\xampp\htdocs\RCW_MVC\Application\Home\Model\AccidentModel.class.php 第 18 行.
SQL: SELECT COUNT(*) AS tp_count FROM `accident` LIMIT 1   [ RunTime:0.0008s ]
INFO: [ view_parse ] --START--
INFO: [ template_filter ] --START--
INFO: Run Behavior\ContentReplaceBehavior [ RunTime:0.000199s ]
INFO: [ template_filter ] --END-- [ RunTime:0.000333s ]
NOTIC: [8] A session had already been started - ignoring session_start() D:\xampp\htdocs\RCW_MVC\Application\Runtime\Cache\Home\60e1e18e25e4b3c81beb8e0720496e24.php 第 82 行.
INFO: Run Behavior\ParseTemplateBehavior [ RunTime:0.099878s ]
INFO: [ view_parse ] --END-- [ RunTime:0.099963s ]
INFO: [ view_filter ] --START--
INFO: Run Behavior\WriteHtmlCacheBehavior [ RunTime:0.000644s ]
INFO: [ view_filter ] --END-- [ RunTime:0.000702s ]
INFO: [ app_end ] --START--
INFO: Run Behavior\ShowPageTraceBehavior [ RunTime:0.001163s ]
INFO: [ app_end ] --END-- [ RunTime:0.001223s ]

[ 2016-11-25T16:59:52+08:00 ] ::1 /RCW_MVC/index.php/Home/Advice/index.html
INFO: [ app_init ] --START--
INFO: Run Behavior\BuildLiteBehavior [ RunTime:0.000012s ]
INFO: [ app_init ] --END-- [ RunTime:0.000535s ]
INFO: [ app_begin ] --START--
INFO: Run Behavior\ReadHtmlCacheBehavior [ RunTime:0.000685s ]
INFO: [ app_begin ] --END-- [ RunTime:0.000728s ]
SQL: SHOW COLUMNS FROM `board` [ RunTime:0.0030s ]
SQL: SELECT * FROM `board` INNER JOIN user ON board.user_ID = user.ID  ORDER BY time asc  [ RunTime:0.0005s ]
INFO: [ view_parse ] --START--
INFO: [ template_filter ] --START--
INFO: Run Behavior\ContentReplaceBehavior [ RunTime:0.000068s ]
INFO: [ template_filter ] --END-- [ RunTime:0.000114s ]
NOTIC: [8] A session had already been started - ignoring session_start() D:\xampp\htdocs\RCW_MVC\Application\Runtime\Cache\Home\5a791fb4c4fad1b8692ab68339b89436.php 第 82 行.
INFO: Run Behavior\ParseTemplateBehavior [ RunTime:0.009679s ]
INFO: [ view_parse ] --END-- [ RunTime:0.009727s ]
INFO: [ view_filter ] --START--
INFO: Run Behavior\WriteHtmlCacheBehavior [ RunTime:0.000357s ]
INFO: [ view_filter ] --END-- [ RunTime:0.000392s ]
INFO: [ app_end ] --START--
INFO: Run Behavior\ShowPageTraceBehavior [ RunTime:0.000722s ]
INFO: [ app_end ] --END-- [ RunTime:0.000761s ]

[ 2016-11-25T17:29:25+08:00 ] ::1 /RCW_MVC/index.php/Home/Me/index
INFO: [ app_init ] --START--
INFO: Run Behavior\BuildLiteBehavior [ RunTime:0.000012s ]
INFO: [ app_init ] --END-- [ RunTime:0.000645s ]
INFO: [ app_begin ] --START--
INFO: Run Behavior\ReadHtmlCacheBehavior [ RunTime:0.001144s ]
INFO: [ app_begin ] --END-- [ RunTime:0.001236s ]
SQL: SHOW COLUMNS FROM `user` [ RunTime:0.0041s ]
SQL: SELECT * FROM `user` WHERE `ID` = '' LIMIT 1   [ RunTime:0.0004s ]
SQL: SHOW COLUMNS FROM `rent` [ RunTime:0.0030s ]
SQL: SELECT COUNT(*) AS tp_count FROM `rent` WHERE `user_ID` = '' AND `flag` = 1 AND `return_date` = null LIMIT 1   [ RunTime:0.0007s ]
SQL: SHOW COLUMNS FROM `accident` [ RunTime:0.0030s ]
NOTIC: [2] Missing argument 1 for Home\Model\AccidentModel::countAcci(), called in D:\xampp\htdocs\RCW_MVC\Application\Home\Event\MeEvent.class.php on line 29 and defined D:\xampp\htdocs\RCW_MVC\Application\Home\Model\AccidentModel.class.php 第 16 行.
NOTIC: [8] Undefined variable: userID D:\xampp\htdocs\RCW_MVC\Application\Home\Model\AccidentModel.class.php 第 17 行.
NOTIC: [8] Undefined variable: userID D:\xampp\htdocs\RCW_MVC\Application\Home\Model\AccidentModel.class.php 第 18 行.
SQL: SELECT COUNT(*) AS tp_count FROM `accident` LIMIT 1   [ RunTime:0.0003s ]
INFO: [ view_parse ] --START--
INFO: [ template_filter ] --START--
INFO: Run Behavior\ContentReplaceBehavior [ RunTime:0.000093s ]
INFO: [ template_filter ] --END-- [ RunTime:0.000164s ]
NOTIC: [8] A session had already been started - ignoring session_start() D:\xampp\htdocs\RCW_MVC\Application\Runtime\Cache\Home\60e1e18e25e4b3c81beb8e0720496e24.php 第 82 行.
INFO: Run Behavior\ParseTemplateBehavior [ RunTime:0.009083s ]
INFO: [ view_parse ] --END-- [ RunTime:0.009145s ]
INFO: [ view_filter ] --START--
INFO: Run Behavior\WriteHtmlCacheBehavior [ RunTime:0.000668s ]
INFO: [ view_filter ] --END-- [ RunTime:0.000711s ]
INFO: [ app_end ] --START--
INFO: Run Behavior\ShowPageTraceBehavior [ RunTime:0.000632s ]
INFO: [ app_end ] --END-- [ RunTime:0.000679s ]

[ 2016-11-25T17:29:29+08:00 ] ::1 /RCW_MVC/index.php/Home/Me/info.html
INFO: [ app_init ] --START--
INFO: Run Behavior\BuildLiteBehavior [ RunTime:0.000013s ]
INFO: [ app_init ] --END-- [ RunTime:0.000540s ]
INFO: [ app_begin ] --START--
INFO: Run Behavior\ReadHtmlCacheBehavior [ RunTime:0.000693s ]
INFO: [ app_begin ] --END-- [ RunTime:0.000738s ]
SQL: SHOW COLUMNS FROM `user` [ RunTime:0.0035s ]
SQL: SELECT * FROM `user` WHERE `ID` = '' LIMIT 1   [ RunTime:0.0004s ]
SQL: SHOW COLUMNS FROM `rent` [ RunTime:0.0030s ]
SQL: SELECT COUNT(*) AS tp_count FROM `rent` WHERE `user_ID` = '' AND `flag` = 1 AND `return_date` = null LIMIT 1   [ RunTime:0.0004s ]
SQL: SHOW COLUMNS FROM `accident` [ RunTime:0.0031s ]
NOTIC: [2] Missing argument 1 for Home\Model\AccidentModel::countAcci(), called in D:\xampp\htdocs\RCW_MVC\Application\Home\Event\MeEvent.class.php on line 29 and defined D:\xampp\htdocs\RCW_MVC\Application\Home\Model\AccidentModel.class.php 第 16 行.
NOTIC: [8] Undefined variable: userID D:\xampp\htdocs\RCW_MVC\Application\Home\Model\AccidentModel.class.php 第 17 行.
NOTIC: [8] Undefined variable: userID D:\xampp\htdocs\RCW_MVC\Application\Home\Model\AccidentModel.class.php 第 18 行.
SQL: SELECT COUNT(*) AS tp_count FROM `accident` LIMIT 1   [ RunTime:0.0003s ]
INFO: [ view_parse ] --START--
INFO: [ template_filter ] --START--
INFO: Run Behavior\ContentReplaceBehavior [ RunTime:0.000079s ]
INFO: [ template_filter ] --END-- [ RunTime:0.000118s ]
NOTIC: [8] A session had already been started - ignoring session_start() D:\xampp\htdocs\RCW_MVC\Application\Runtime\Cache\Home\c95da42ec748e5b029c640985acfdae8.php 第 82 行.
INFO: Run Behavior\ParseTemplateBehavior [ RunTime:0.037483s ]
INFO: [ view_parse ] --END-- [ RunTime:0.037554s ]
INFO: [ view_filter ] --START--
INFO: Run Behavior\WriteHtmlCacheBehavior [ RunTime:0.000434s ]
INFO: [ view_filter ] --END-- [ RunTime:0.000471s ]
INFO: [ app_end ] --START--
INFO: Run Behavior\ShowPageTraceBehavior [ RunTime:0.000680s ]
INFO: [ app_end ] --END-- [ RunTime:0.000727s ]

