[ 2016-12-23T16:34:48+08:00 ] ::1 /RentIt_DE/
INFO: [ app_init ] --START--
INFO: Run Behavior\BuildLiteBehavior [ RunTime:0.000020s ]
INFO: [ app_init ] --END-- [ RunTime:0.018801s ]
INFO: [ app_begin ] --START--
INFO: Run Behavior\ReadHtmlCacheBehavior [ RunTime:0.001168s ]
INFO: [ app_begin ] --END-- [ RunTime:0.001241s ]
INFO: [ view_parse ] --START--
INFO: [ template_filter ] --START--
INFO: Run Behavior\ContentReplaceBehavior [ RunTime:0.024241s ]
INFO: [ template_filter ] --END-- [ RunTime:0.024312s ]
NOTIC: [8] A session had already been started - ignoring session_start() D:\xampp\htdocs\RentIt_DE\ThinkPHP\Common\functions.php Á¨¨ 1272 Ë°å.
INFO: Run Behavior\ParseTemplateBehavior [ RunTime:0.224058s ]
INFO: [ view_parse ] --END-- [ RunTime:0.224122s ]
INFO: [ view_filter ] --START--
INFO: Run Behavior\WriteHtmlCacheBehavior [ RunTime:0.009958s ]
INFO: [ view_filter ] --END-- [ RunTime:0.010021s ]
INFO: [ app_end ] --START--
INFO: Run Behavior\ShowPageTraceBehavior [ RunTime:0.087901s ]
INFO: [ app_end ] --END-- [ RunTime:0.087966s ]

[ 2016-12-23T16:34:48+08:00 ] ::1 /RentIt_DE/Public/js/ie-emulation-modes-warning.js
INFO: [ app_init ] --START--
INFO: Run Behavior\BuildLiteBehavior [ RunTime:0.000015s ]
INFO: [ app_init ] --END-- [ RunTime:0.000580s ]
INFO: [ app_begin ] --START--
INFO: Run Behavior\ReadHtmlCacheBehavior [ RunTime:0.000825s ]
INFO: [ app_begin ] --END-- [ RunTime:0.000895s ]
ERR: Êó†Ê≥ïÂä†ËΩΩÊéßÂà∂Âô®:Public

[ 2016-12-23T16:34:48+08:00 ] ::1 /RentIt_DE/Public/js/ie10-viewport-bug-workaround.js
INFO: [ app_init ] --START--
INFO: Run Behavior\BuildLiteBehavior [ RunTime:0.000015s ]
INFO: [ app_init ] --END-- [ RunTime:0.000485s ]
INFO: [ app_begin ] --START--
INFO: Run Behavior\ReadHtmlCacheBehavior [ RunTime:0.000455s ]
INFO: [ app_begin ] --END-- [ RunTime:0.000503s ]
ERR: Êó†Ê≥ïÂä†ËΩΩÊéßÂà∂Âô®:Public

[ 2016-12-23T16:34:48+08:00 ] ::1 /RentIt_DE/Public/js/docs.min.js
INFO: [ app_init ] --START--
INFO: Run Behavior\BuildLiteBehavior [ RunTime:0.000014s ]
INFO: [ app_init ] --END-- [ RunTime:0.000462s ]
INFO: [ app_begin ] --START--
INFO: Run Behavior\ReadHtmlCacheBehavior [ RunTime:0.000505s ]
INFO: [ app_begin ] --END-- [ RunTime:0.000561s ]
ERR: Êó†Ê≥ïÂä†ËΩΩÊéßÂà∂Âô®:Public

[ 2016-12-23T16:34:49+08:00 ] ::1 /RentIt_DE/Public/js/ie10-viewport-bug-workaround.js
INFO: [ app_init ] --START--
INFO: Run Behavior\BuildLiteBehavior [ RunTime:0.000020s ]
INFO: [ app_init ] --END-- [ RunTime:0.000528s ]
INFO: [ app_begin ] --START--
INFO: Run Behavior\ReadHtmlCacheBehavior [ RunTime:0.000546s ]
INFO: [ app_begin ] --END-- [ RunTime:0.000587s ]
ERR: Êó†Ê≥ïÂä†ËΩΩÊéßÂà∂Âô®:Public

[ 2016-12-23T16:34:49+08:00 ] ::1 /RentIt_DE/Public/js/docs.min.js
INFO: [ app_init ] --START--
INFO: Run Behavior\BuildLiteBehavior [ RunTime:0.000027s ]
INFO: [ app_init ] --END-- [ RunTime:0.001806s ]
INFO: [ app_begin ] --START--
INFO: Run Behavior\ReadHtmlCacheBehavior [ RunTime:0.000527s ]
INFO: [ app_begin ] --END-- [ RunTime:0.000602s ]
ERR: Êó†Ê≥ïÂä†ËΩΩÊéßÂà∂Âô®:Public

[ 2016-12-23T16:34:49+08:00 ] ::1 /RentIt_DE/Public/js/ie10-viewport-bug-workaround.js
INFO: [ app_init ] --START--
INFO: Run Behavior\BuildLiteBehavior [ RunTime:0.000011s ]
INFO: [ app_init ] --END-- [ RunTime:0.000361s ]
INFO: [ app_begin ] --START--
INFO: Run Behavior\ReadHtmlCacheBehavior [ RunTime:0.000388s ]
INFO: [ app_begin ] --END-- [ RunTime:0.000426s ]
ERR: Êó†Ê≥ïÂä†ËΩΩÊéßÂà∂Âô®:Public

[ 2016-12-23T16:34:55+08:00 ] ::1 /RentIt_DE/index.php/Advice/index.html
INFO: [ app_init ] --START--
INFO: Run Behavior\BuildLiteBehavior [ RunTime:0.000013s ]
INFO: [ app_init ] --END-- [ RunTime:0.000451s ]
INFO: [ app_begin ] --START--
INFO: Run Behavior\ReadHtmlCacheBehavior [ RunTime:0.000540s ]
INFO: [ app_begin ] --END-- [ RunTime:0.000587s ]
INFO: [ view_parse ] --START--
INFO: [ template_filter ] --START--
INFO: Run Behavior\ContentReplaceBehavior [ RunTime:0.000058s ]
INFO: [ template_filter ] --END-- [ RunTime:0.000108s ]
NOTIC: [8] Undefined variable: title D:\xampp\htdocs\RentIt_DE\Application\Runtime\Cache\Home\5a791fb4c4fad1b8692ab68339b89436.php Á¨¨ 11 Ë°å.
NOTIC: [8] A session had already been started - ignoring session_start() D:\xampp\htdocs\RentIt_DE\ThinkPHP\Common\functions.php Á¨¨ 1272 Ë°å.
INFO: Run Behavior\ParseTemplateBehavior [ RunTime:0.093200s ]
INFO: [ view_parse ] --END-- [ RunTime:0.093249s ]
INFO: [ view_filter ] --START--
INFO: Run Behavior\WriteHtmlCacheBehavior [ RunTime:0.000546s ]
INFO: [ view_filter ] --END-- [ RunTime:0.000575s ]
INFO: [ app_end ] --START--
INFO: Run Behavior\ShowPageTraceBehavior [ RunTime:0.000675s ]
INFO: [ app_end ] --END-- [ RunTime:0.000794s ]

[ 2016-12-23T16:34:55+08:00 ] ::1 /RentIt_DE/Public/js/ie-emulation-modes-warning.js
INFO: [ app_init ] --START--
INFO: Run Behavior\BuildLiteBehavior [ RunTime:0.000011s ]
INFO: [ app_init ] --END-- [ RunTime:0.000408s ]
INFO: [ app_begin ] --START--
INFO: Run Behavior\ReadHtmlCacheBehavior [ RunTime:0.000523s ]
INFO: [ app_begin ] --END-- [ RunTime:0.000563s ]
ERR: Êó†Ê≥ïÂä†ËΩΩÊéßÂà∂Âô®:Public

[ 2016-12-23T16:34:55+08:00 ] ::1 /RentIt_DE/Public/js/ie10-viewport-bug-workaround.js
INFO: [ app_init ] --START--
INFO: Run Behavior\BuildLiteBehavior [ RunTime:0.000021s ]
INFO: [ app_init ] --END-- [ RunTime:0.000504s ]
INFO: [ app_begin ] --START--
INFO: Run Behavior\ReadHtmlCacheBehavior [ RunTime:0.000495s ]
INFO: [ app_begin ] --END-- [ RunTime:0.000545s ]
ERR: Êó†Ê≥ïÂä†ËΩΩÊéßÂà∂Âô®:Public

[ 2016-12-23T16:34:56+08:00 ] ::1 /RentIt_DE/Public/js/ie10-viewport-bug-workaround.js
INFO: [ app_init ] --START--
INFO: Run Behavior\BuildLiteBehavior [ RunTime:0.000011s ]
INFO: [ app_init ] --END-- [ RunTime:0.000358s ]
INFO: [ app_begin ] --START--
INFO: Run Behavior\ReadHtmlCacheBehavior [ RunTime:0.001951s ]
INFO: [ app_begin ] --END-- [ RunTime:0.002355s ]
ERR: Êó†Ê≥ïÂä†ËΩΩÊéßÂà∂Âô®:Public

[ 2016-12-23T16:34:56+08:00 ] ::1 /RentIt_DE/favicon.ico
INFO: [ app_init ] --START--
INFO: Run Behavior\BuildLiteBehavior [ RunTime:0.000011s ]
INFO: [ app_init ] --END-- [ RunTime:0.000366s ]

[ 2016-12-23T16:35:06+08:00 ] ::1 /RentIt_DE/index.php/Advice/test
INFO: [ app_init ] --START--
INFO: Run Behavior\BuildLiteBehavior [ RunTime:0.000023s ]
INFO: [ app_init ] --END-- [ RunTime:0.000630s ]
INFO: [ app_begin ] --START--
INFO: Run Behavior\ReadHtmlCacheBehavior [ RunTime:0.002526s ]
INFO: [ app_begin ] --END-- [ RunTime:0.002865s ]
ERR: SQLSTATE[HY000] [2002] ”…”⁄ƒø±Íº∆À„ª˙ª˝º´æ‹æ¯£¨Œﬁ∑®¡¨Ω”°£


[ 2016-12-23T16:36:13+08:00 ] ::1 /RentIt_DE/index.php/Advice/test
INFO: [ app_init ] --START--
INFO: Run Behavior\BuildLiteBehavior [ RunTime:0.000012s ]
INFO: [ app_init ] --END-- [ RunTime:0.000591s ]
INFO: [ app_begin ] --START--
INFO: Run Behavior\ReadHtmlCacheBehavior [ RunTime:0.000523s ]
INFO: [ app_begin ] --END-- [ RunTime:0.000569s ]
ERR: SQLSTATE[HY000] [2002] ”…”⁄ƒø±Íº∆À„ª˙ª˝º´æ‹æ¯£¨Œﬁ∑®¡¨Ω”°£


[ 2016-12-23T16:36:45+08:00 ] ::1 /RentIt_DE/index.php/Advice/test
INFO: [ app_init ] --START--
INFO: Run Behavior\BuildLiteBehavior [ RunTime:0.000019s ]
INFO: [ app_init ] --END-- [ RunTime:0.000554s ]
INFO: [ app_begin ] --START--
INFO: Run Behavior\ReadHtmlCacheBehavior [ RunTime:0.000544s ]
INFO: [ app_begin ] --END-- [ RunTime:0.000605s ]
ERR: SQLSTATE[HY000] [2002] ”…”⁄ƒø±Íº∆À„ª˙ª˝º´æ‹æ¯£¨Œﬁ∑®¡¨Ω”°£


[ 2016-12-23T16:38:13+08:00 ] ::1 /RentIt_DE/index.php/Advice/test
INFO: [ app_init ] --START--
INFO: Run Behavior\BuildLiteBehavior [ RunTime:0.000021s ]
INFO: [ app_init ] --END-- [ RunTime:0.000697s ]
INFO: [ app_begin ] --START--
INFO: Run Behavior\ReadHtmlCacheBehavior [ RunTime:0.000546s ]
INFO: [ app_begin ] --END-- [ RunTime:0.000603s ]
ERR: SQLSTATE[HY000] [2002] ”…”⁄ƒø±Íº∆À„ª˙ª˝º´æ‹æ¯£¨Œﬁ∑®¡¨Ω”°£


[ 2016-12-23T16:40:02+08:00 ] ::1 /RentIt_DE/index.php/Advice/test
INFO: [ app_init ] --START--
INFO: Run Behavior\BuildLiteBehavior [ RunTime:0.000012s ]
INFO: [ app_init ] --END-- [ RunTime:0.000602s ]
INFO: [ app_begin ] --START--
INFO: Run Behavior\ReadHtmlCacheBehavior [ RunTime:0.000548s ]
INFO: [ app_begin ] --END-- [ RunTime:0.000599s ]
ERR: SQLSTATE[HY000] [2002] ”…”⁄ƒø±Íº∆À„ª˙ª˝º´æ‹æ¯£¨Œﬁ∑®¡¨Ω”°£


[ 2016-12-23T17:21:03+08:00 ] ::1 /RentIt_DE/
INFO: [ app_init ] --START--
INFO: Run Behavior\BuildLiteBehavior [ RunTime:0.000013s ]
INFO: [ app_init ] --END-- [ RunTime:0.000568s ]
INFO: [ app_begin ] --START--
INFO: Run Behavior\ReadHtmlCacheBehavior [ RunTime:0.001152s ]
INFO: [ app_begin ] --END-- [ RunTime:0.001421s ]
INFO: [ view_parse ] --START--
INFO: [ template_filter ] --START--
INFO: Run Behavior\ContentReplaceBehavior [ RunTime:0.000092s ]
INFO: [ template_filter ] --END-- [ RunTime:0.000148s ]
NOTIC: [8] A session had already been started - ignoring session_start() D:\xampp\htdocs\RentIt_DE\ThinkPHP\Common\functions.php Á¨¨ 1272 Ë°å.
INFO: Run Behavior\ParseTemplateBehavior [ RunTime:0.009295s ]
INFO: [ view_parse ] --END-- [ RunTime:0.009356s ]
INFO: [ view_filter ] --START--
INFO: Run Behavior\WriteHtmlCacheBehavior [ RunTime:0.000517s ]
INFO: [ view_filter ] --END-- [ RunTime:0.000560s ]
INFO: [ app_end ] --START--
INFO: Run Behavior\ShowPageTraceBehavior [ RunTime:0.001173s ]
INFO: [ app_end ] --END-- [ RunTime:0.001251s ]

[ 2016-12-23T17:21:03+08:00 ] ::1 /RentIt_DE/Public/js/ie-emulation-modes-warning.js
INFO: [ app_init ] --START--
INFO: Run Behavior\BuildLiteBehavior [ RunTime:0.000015s ]
INFO: [ app_init ] --END-- [ RunTime:0.000445s ]
INFO: [ app_begin ] --START--
INFO: Run Behavior\ReadHtmlCacheBehavior [ RunTime:0.000646s ]
INFO: [ app_begin ] --END-- [ RunTime:0.000707s ]
ERR: Êó†Ê≥ïÂä†ËΩΩÊéßÂà∂Âô®:Public

[ 2016-12-23T17:21:03+08:00 ] ::1 /RentIt_DE/Public/js/ie10-viewport-bug-workaround.js
INFO: [ app_init ] --START--
INFO: Run Behavior\BuildLiteBehavior [ RunTime:0.000018s ]
INFO: [ app_init ] --END-- [ RunTime:0.000473s ]
INFO: [ app_begin ] --START--
INFO: Run Behavior\ReadHtmlCacheBehavior [ RunTime:0.000485s ]
INFO: [ app_begin ] --END-- [ RunTime:0.000527s ]
ERR: Êó†Ê≥ïÂä†ËΩΩÊéßÂà∂Âô®:Public

[ 2016-12-23T17:21:03+08:00 ] ::1 /RentIt_DE/Public/js/docs.min.js
INFO: [ app_init ] --START--
INFO: Run Behavior\BuildLiteBehavior [ RunTime:0.000015s ]
INFO: [ app_init ] --END-- [ RunTime:0.000349s ]
INFO: [ app_begin ] --START--
INFO: Run Behavior\ReadHtmlCacheBehavior [ RunTime:0.000386s ]
INFO: [ app_begin ] --END-- [ RunTime:0.000429s ]
ERR: Êó†Ê≥ïÂä†ËΩΩÊéßÂà∂Âô®:Public

[ 2016-12-23T17:21:03+08:00 ] ::1 /RentIt_DE/Public/js/ie10-viewport-bug-workaround.js
INFO: [ app_init ] --START--
INFO: Run Behavior\BuildLiteBehavior [ RunTime:0.000011s ]
INFO: [ app_init ] --END-- [ RunTime:0.000346s ]
INFO: [ app_begin ] --START--
INFO: Run Behavior\ReadHtmlCacheBehavior [ RunTime:0.000414s ]
INFO: [ app_begin ] --END-- [ RunTime:0.000466s ]
ERR: Êó†Ê≥ïÂä†ËΩΩÊéßÂà∂Âô®:Public

[ 2016-12-23T17:21:05+08:00 ] ::1 /RentIt_DE/index.php/Advice/index.html
INFO: [ app_init ] --START--
INFO: Run Behavior\BuildLiteBehavior [ RunTime:0.000018s ]
INFO: [ app_init ] --END-- [ RunTime:0.000496s ]
INFO: [ app_begin ] --START--
INFO: Run Behavior\ReadHtmlCacheBehavior [ RunTime:0.000427s ]
INFO: [ app_begin ] --END-- [ RunTime:0.000468s ]
INFO: [ view_parse ] --START--
INFO: [ template_filter ] --START--
INFO: Run Behavior\ContentReplaceBehavior [ RunTime:0.000086s ]
INFO: [ template_filter ] --END-- [ RunTime:0.000154s ]
NOTIC: [8] Undefined variable: title D:\xampp\htdocs\RentIt_DE\Application\Runtime\Cache\Home\5a791fb4c4fad1b8692ab68339b89436.php Á¨¨ 11 Ë°å.
NOTIC: [8] A session had already been started - ignoring session_start() D:\xampp\htdocs\RentIt_DE\ThinkPHP\Common\functions.php Á¨¨ 1272 Ë°å.
INFO: Run Behavior\ParseTemplateBehavior [ RunTime:0.011393s ]
INFO: [ view_parse ] --END-- [ RunTime:0.011461s ]
INFO: [ view_filter ] --START--
INFO: Run Behavior\WriteHtmlCacheBehavior [ RunTime:0.000465s ]
INFO: [ view_filter ] --END-- [ RunTime:0.000515s ]
INFO: [ app_end ] --START--
INFO: Run Behavior\ShowPageTraceBehavior [ RunTime:0.000672s ]
INFO: [ app_end ] --END-- [ RunTime:0.000734s ]

[ 2016-12-23T17:21:05+08:00 ] ::1 /RentIt_DE/Public/js/ie-emulation-modes-warning.js
INFO: [ app_init ] --START--
INFO: Run Behavior\BuildLiteBehavior [ RunTime:0.000019s ]
INFO: [ app_init ] --END-- [ RunTime:0.000522s ]
INFO: [ app_begin ] --START--
INFO: Run Behavior\ReadHtmlCacheBehavior [ RunTime:0.000539s ]
INFO: [ app_begin ] --END-- [ RunTime:0.000609s ]
ERR: Êó†Ê≥ïÂä†ËΩΩÊéßÂà∂Âô®:Public

[ 2016-12-23T17:21:05+08:00 ] ::1 /RentIt_DE/Public/js/ie10-viewport-bug-workaround.js
INFO: [ app_init ] --START--
INFO: Run Behavior\BuildLiteBehavior [ RunTime:0.000014s ]
INFO: [ app_init ] --END-- [ RunTime:0.000549s ]
INFO: [ app_begin ] --START--
INFO: Run Behavior\ReadHtmlCacheBehavior [ RunTime:0.000632s ]
INFO: [ app_begin ] --END-- [ RunTime:0.000692s ]
ERR: Êó†Ê≥ïÂä†ËΩΩÊéßÂà∂Âô®:Public

[ 2016-12-23T17:21:05+08:00 ] ::1 /RentIt_DE/Public/js/ie10-viewport-bug-workaround.js
INFO: [ app_init ] --START--
INFO: Run Behavior\BuildLiteBehavior [ RunTime:0.000019s ]
INFO: [ app_init ] --END-- [ RunTime:0.000599s ]
INFO: [ app_begin ] --START--
INFO: Run Behavior\ReadHtmlCacheBehavior [ RunTime:0.000719s ]
INFO: [ app_begin ] --END-- [ RunTime:0.000818s ]
ERR: Êó†Ê≥ïÂä†ËΩΩÊéßÂà∂Âô®:Public

[ 2016-12-23T17:21:11+08:00 ] ::1 /RentIt_DE/index.php/Advice/test
INFO: [ app_init ] --START--
INFO: Run Behavior\BuildLiteBehavior [ RunTime:0.000019s ]
INFO: [ app_init ] --END-- [ RunTime:0.000515s ]
INFO: [ app_begin ] --START--
INFO: Run Behavior\ReadHtmlCacheBehavior [ RunTime:0.000561s ]
INFO: [ app_begin ] --END-- [ RunTime:0.000605s ]
ERR: SQLSTATE[HY000] [2002] ”…”⁄ƒø±Íº∆À„ª˙ª˝º´æ‹æ¯£¨Œﬁ∑®¡¨Ω”°£


[ 2016-12-23T17:28:36+08:00 ] ::1 /RentIt_DE/index.php/Advice/test
INFO: [ app_init ] --START--
INFO: Run Behavior\BuildLiteBehavior [ RunTime:0.000019s ]
INFO: [ app_init ] --END-- [ RunTime:0.001185s ]
INFO: [ app_begin ] --START--
INFO: Run Behavior\ReadHtmlCacheBehavior [ RunTime:0.000641s ]
INFO: [ app_begin ] --END-- [ RunTime:0.000708s ]
NOTIC: [2048] Declaration of Think\Model\MongoModel::setInc() should be compatible with Think\Model::setInc($field, $step = 1, $lazyTime = 0) D:\xampp\htdocs\RentIt_DE\ThinkPHP\Library\Think\Model\MongoModel.class.php Á¨¨ 17 Ë°å.
NOTIC: [2048] Declaration of Think\Model\MongoModel::setDec() should be compatible with Think\Model::setDec($field, $step = 1, $lazyTime = 0) D:\xampp\htdocs\RentIt_DE\ThinkPHP\Library\Think\Model\MongoModel.class.php Á¨¨ 17 Ë°å.

[ 2016-12-23T17:33:31+08:00 ] ::1 /RentIt_DE/index.php/Advice/test
INFO: [ app_init ] --START--
INFO: Run Behavior\BuildLiteBehavior [ RunTime:0.000012s ]
INFO: [ app_init ] --END-- [ RunTime:0.000459s ]
INFO: [ app_begin ] --START--
INFO: Run Behavior\ReadHtmlCacheBehavior [ RunTime:0.000497s ]
INFO: [ app_begin ] --END-- [ RunTime:0.000534s ]
ERR: Think\Controller:setConfigÊñπÊ≥ï‰∏çÂ≠òÂú®ÔºÅ

[ 2016-12-23T17:33:52+08:00 ] ::1 /RentIt_DE/index.php/Advice/test
INFO: [ app_init ] --START--
INFO: Run Behavior\BuildLiteBehavior [ RunTime:0.000013s ]
INFO: [ app_init ] --END-- [ RunTime:0.000460s ]
INFO: [ app_begin ] --START--
INFO: Run Behavior\ReadHtmlCacheBehavior [ RunTime:0.000567s ]
INFO: [ app_begin ] --END-- [ RunTime:0.000618s ]
ERR: Think\Controller:dbÊñπÊ≥ï‰∏çÂ≠òÂú®ÔºÅ

[ 2016-12-23T17:37:05+08:00 ] ::1 /RentIt_DE/index.php/Advice/test
INFO: [ app_init ] --START--
INFO: Run Behavior\BuildLiteBehavior [ RunTime:0.000014s ]
INFO: [ app_init ] --END-- [ RunTime:0.000531s ]
INFO: [ app_begin ] --START--
INFO: Run Behavior\ReadHtmlCacheBehavior [ RunTime:0.000680s ]
INFO: [ app_begin ] --END-- [ RunTime:0.000727s ]

[ 2016-12-23T17:37:27+08:00 ] ::1 /RentIt_DE/index.php/Advice/test
INFO: [ app_init ] --START--
INFO: Run Behavior\BuildLiteBehavior [ RunTime:0.000014s ]
INFO: [ app_init ] --END-- [ RunTime:0.000543s ]
INFO: [ app_begin ] --START--
INFO: Run Behavior\ReadHtmlCacheBehavior [ RunTime:0.000700s ]
INFO: [ app_begin ] --END-- [ RunTime:0.000754s ]
ERR: SQLSTATE[HY000] [2002] ”…”⁄ƒø±Íº∆À„ª˙ª˝º´æ‹æ¯£¨Œﬁ∑®¡¨Ω”°£


[ 2016-12-23T17:38:14+08:00 ] ::1 /RentIt_DE/index.php/Advice/test
INFO: [ app_init ] --START--
INFO: Run Behavior\BuildLiteBehavior [ RunTime:0.000011s ]
INFO: [ app_init ] --END-- [ RunTime:0.000410s ]
INFO: [ app_begin ] --START--
INFO: Run Behavior\ReadHtmlCacheBehavior [ RunTime:0.000559s ]
INFO: [ app_begin ] --END-- [ RunTime:0.000605s ]
ERR: SQLSTATE[HY000] [2002] ”…”⁄ƒø±Íº∆À„ª˙ª˝º´æ‹æ¯£¨Œﬁ∑®¡¨Ω”°£


[ 2016-12-23T18:39:03+08:00 ] ::1 /RentIt_DE/
INFO: [ app_init ] --START--
INFO: Run Behavior\BuildLiteBehavior [ RunTime:0.000038s ]
INFO: [ app_init ] --END-- [ RunTime:0.019031s ]
INFO: [ app_begin ] --START--
INFO: Run Behavior\ReadHtmlCacheBehavior [ RunTime:0.018289s ]
INFO: [ app_begin ] --END-- [ RunTime:0.018723s ]
INFO: [ view_parse ] --START--
INFO: [ template_filter ] --START--
INFO: Run Behavior\ContentReplaceBehavior [ RunTime:0.009177s ]
INFO: [ template_filter ] --END-- [ RunTime:0.009354s ]
NOTIC: [8] A session had already been started - ignoring session_start() D:\xampp\htdocs\RentIt_DE\ThinkPHP\Common\functions.php Á¨¨ 1272 Ë°å.
INFO: Run Behavior\ParseTemplateBehavior [ RunTime:0.150718s ]
INFO: [ view_parse ] --END-- [ RunTime:0.150837s ]
INFO: [ view_filter ] --START--
INFO: Run Behavior\WriteHtmlCacheBehavior [ RunTime:0.017450s ]
INFO: [ view_filter ] --END-- [ RunTime:0.017590s ]
INFO: [ app_end ] --START--
INFO: Run Behavior\ShowPageTraceBehavior [ RunTime:0.011462s ]
INFO: [ app_end ] --END-- [ RunTime:0.011657s ]

[ 2016-12-23T18:39:03+08:00 ] ::1 /RentIt_DE/Public/js/ie-emulation-modes-warning.js
INFO: [ app_init ] --START--
INFO: Run Behavior\BuildLiteBehavior [ RunTime:0.000017s ]
INFO: [ app_init ] --END-- [ RunTime:0.000720s ]
INFO: [ app_begin ] --START--
INFO: Run Behavior\ReadHtmlCacheBehavior [ RunTime:0.001397s ]
INFO: [ app_begin ] --END-- [ RunTime:0.001504s ]
ERR: Êó†Ê≥ïÂä†ËΩΩÊéßÂà∂Âô®:Public

[ 2016-12-23T18:39:03+08:00 ] ::1 /RentIt_DE/Public/js/ie10-viewport-bug-workaround.js
INFO: [ app_init ] --START--
INFO: Run Behavior\BuildLiteBehavior [ RunTime:0.000025s ]
INFO: [ app_init ] --END-- [ RunTime:0.002024s ]
INFO: [ app_begin ] --START--
INFO: Run Behavior\ReadHtmlCacheBehavior [ RunTime:0.000956s ]
INFO: [ app_begin ] --END-- [ RunTime:0.001044s ]
ERR: Êó†Ê≥ïÂä†ËΩΩÊéßÂà∂Âô®:Public

[ 2016-12-23T18:39:03+08:00 ] ::1 /RentIt_DE/Public/js/docs.min.js
INFO: [ app_init ] --START--
INFO: Run Behavior\BuildLiteBehavior [ RunTime:0.000032s ]
INFO: [ app_init ] --END-- [ RunTime:0.001106s ]
INFO: [ app_begin ] --START--
INFO: Run Behavior\ReadHtmlCacheBehavior [ RunTime:0.001334s ]
INFO: [ app_begin ] --END-- [ RunTime:0.001469s ]
ERR: Êó†Ê≥ïÂä†ËΩΩÊéßÂà∂Âô®:Public

[ 2016-12-23T18:39:04+08:00 ] ::1 /RentIt_DE/Public/js/ie10-viewport-bug-workaround.js
INFO: [ app_init ] --START--
INFO: Run Behavior\BuildLiteBehavior [ RunTime:0.000032s ]
INFO: [ app_init ] --END-- [ RunTime:0.000644s ]
INFO: [ app_begin ] --START--
INFO: Run Behavior\ReadHtmlCacheBehavior [ RunTime:0.000553s ]
INFO: [ app_begin ] --END-- [ RunTime:0.000625s ]
ERR: Êó†Ê≥ïÂä†ËΩΩÊéßÂà∂Âô®:Public

[ 2016-12-23T18:39:04+08:00 ] ::1 /RentIt_DE/Public/js/docs.min.js
INFO: [ app_init ] --START--
INFO: Run Behavior\BuildLiteBehavior [ RunTime:0.000010s ]
INFO: [ app_init ] --END-- [ RunTime:0.000322s ]
INFO: [ app_begin ] --START--
INFO: Run Behavior\ReadHtmlCacheBehavior [ RunTime:0.000384s ]
INFO: [ app_begin ] --END-- [ RunTime:0.000422s ]
ERR: Êó†Ê≥ïÂä†ËΩΩÊéßÂà∂Âô®:Public

[ 2016-12-23T18:39:04+08:00 ] ::1 /RentIt_DE/Public/js/ie10-viewport-bug-workaround.js
INFO: [ app_init ] --START--
INFO: Run Behavior\BuildLiteBehavior [ RunTime:0.000011s ]
INFO: [ app_init ] --END-- [ RunTime:0.000367s ]
INFO: [ app_begin ] --START--
INFO: Run Behavior\ReadHtmlCacheBehavior [ RunTime:0.000429s ]
INFO: [ app_begin ] --END-- [ RunTime:0.000467s ]
ERR: Êó†Ê≥ïÂä†ËΩΩÊéßÂà∂Âô®:Public

[ 2016-12-23T18:39:07+08:00 ] ::1 /RentIt_DE/index.php/Index/index.html
INFO: [ app_init ] --START--
INFO: Run Behavior\BuildLiteBehavior [ RunTime:0.000015s ]
INFO: [ app_init ] --END-- [ RunTime:0.000675s ]
INFO: [ app_begin ] --START--
INFO: Run Behavior\ReadHtmlCacheBehavior [ RunTime:0.000559s ]
INFO: [ app_begin ] --END-- [ RunTime:0.000610s ]
INFO: [ view_parse ] --START--
INFO: [ template_filter ] --START--
INFO: Run Behavior\ContentReplaceBehavior [ RunTime:0.000091s ]
INFO: [ template_filter ] --END-- [ RunTime:0.000141s ]
NOTIC: [8] A session had already been started - ignoring session_start() D:\xampp\htdocs\RentIt_DE\ThinkPHP\Common\functions.php Á¨¨ 1272 Ë°å.
INFO: Run Behavior\ParseTemplateBehavior [ RunTime:0.007789s ]
INFO: [ view_parse ] --END-- [ RunTime:0.007835s ]
INFO: [ view_filter ] --START--
INFO: Run Behavior\WriteHtmlCacheBehavior [ RunTime:0.000385s ]
INFO: [ view_filter ] --END-- [ RunTime:0.000423s ]
INFO: [ app_end ] --START--
INFO: Run Behavior\ShowPageTraceBehavior [ RunTime:0.000561s ]
INFO: [ app_end ] --END-- [ RunTime:0.000624s ]

[ 2016-12-23T18:39:07+08:00 ] ::1 /RentIt_DE/Public/js/ie-emulation-modes-warning.js
INFO: [ app_init ] --START--
INFO: Run Behavior\BuildLiteBehavior [ RunTime:0.000013s ]
INFO: [ app_init ] --END-- [ RunTime:0.000427s ]
INFO: [ app_begin ] --START--
INFO: Run Behavior\ReadHtmlCacheBehavior [ RunTime:0.000472s ]
INFO: [ app_begin ] --END-- [ RunTime:0.000515s ]
ERR: Êó†Ê≥ïÂä†ËΩΩÊéßÂà∂Âô®:Public

[ 2016-12-23T18:39:07+08:00 ] ::1 /RentIt_DE/Public/js/ie10-viewport-bug-workaround.js
INFO: [ app_init ] --START--
INFO: Run Behavior\BuildLiteBehavior [ RunTime:0.000012s ]
INFO: [ app_init ] --END-- [ RunTime:0.000411s ]
INFO: [ app_begin ] --START--
INFO: Run Behavior\ReadHtmlCacheBehavior [ RunTime:0.000488s ]
INFO: [ app_begin ] --END-- [ RunTime:0.000542s ]
ERR: Êó†Ê≥ïÂä†ËΩΩÊéßÂà∂Âô®:Public

[ 2016-12-23T18:39:07+08:00 ] ::1 /RentIt_DE/Public/js/docs.min.js
INFO: [ app_init ] --START--
INFO: Run Behavior\BuildLiteBehavior [ RunTime:0.000021s ]
INFO: [ app_init ] --END-- [ RunTime:0.000619s ]
INFO: [ app_begin ] --START--
INFO: Run Behavior\ReadHtmlCacheBehavior [ RunTime:0.000909s ]
INFO: [ app_begin ] --END-- [ RunTime:0.001010s ]
ERR: Êó†Ê≥ïÂä†ËΩΩÊéßÂà∂Âô®:Public

[ 2016-12-23T18:39:07+08:00 ] ::1 /RentIt_DE/Public/js/ie10-viewport-bug-workaround.js
INFO: [ app_init ] --START--
INFO: Run Behavior\BuildLiteBehavior [ RunTime:0.000011s ]
INFO: [ app_init ] --END-- [ RunTime:0.000319s ]
INFO: [ app_begin ] --START--
INFO: Run Behavior\ReadHtmlCacheBehavior [ RunTime:0.000376s ]
INFO: [ app_begin ] --END-- [ RunTime:0.000414s ]
ERR: Êó†Ê≥ïÂä†ËΩΩÊéßÂà∂Âô®:Public

[ 2016-12-23T18:39:07+08:00 ] ::1 /RentIt_DE/favicon.ico
INFO: [ app_init ] --START--
INFO: Run Behavior\BuildLiteBehavior [ RunTime:0.000011s ]
INFO: [ app_init ] --END-- [ RunTime:0.000346s ]

[ 2016-12-23T18:39:08+08:00 ] ::1 /RentIt_DE/index.php/Rent/index.html
INFO: [ app_init ] --START--
INFO: Run Behavior\BuildLiteBehavior [ RunTime:0.000015s ]
INFO: [ app_init ] --END-- [ RunTime:0.000479s ]
INFO: [ app_begin ] --START--
INFO: Run Behavior\ReadHtmlCacheBehavior [ RunTime:0.000543s ]
INFO: [ app_begin ] --END-- [ RunTime:0.000589s ]
NOTIC: [2048] Declaration of Home\Model\CarModel::check() should be compatible with Think\Model::check($value, $rule, $type = 'regex') D:\xampp\htdocs\RentIt_DE\Application\Home\Model\CarModel.class.php Á¨¨ 4 Ë°å.
SQL: SHOW COLUMNS FROM `car` [ RunTime:0.0747s ]
SQL: SELECT * FROM `car` WHERE `flag` = 0  [ RunTime:0.0292s ]
INFO: [ view_parse ] --START--
INFO: [ template_filter ] --START--
INFO: Run Behavior\ContentReplaceBehavior [ RunTime:0.000179s ]
INFO: [ template_filter ] --END-- [ RunTime:0.000274s ]
NOTIC: [8] A session had already been started - ignoring session_start() D:\xampp\htdocs\RentIt_DE\ThinkPHP\Common\functions.php Á¨¨ 1272 Ë°å.
INFO: Run Behavior\ParseTemplateBehavior [ RunTime:0.075507s ]
INFO: [ view_parse ] --END-- [ RunTime:0.075625s ]
INFO: [ view_filter ] --START--
INFO: Run Behavior\WriteHtmlCacheBehavior [ RunTime:0.000872s ]
INFO: [ view_filter ] --END-- [ RunTime:0.000970s ]
INFO: [ app_end ] --START--
INFO: Run Behavior\ShowPageTraceBehavior [ RunTime:0.001495s ]
INFO: [ app_end ] --END-- [ RunTime:0.001633s ]

[ 2016-12-23T18:39:08+08:00 ] ::1 /RentIt_DE/Public/js/ie-emulation-modes-warning.js
INFO: [ app_init ] --START--
INFO: Run Behavior\BuildLiteBehavior [ RunTime:0.000016s ]
INFO: [ app_init ] --END-- [ RunTime:0.000522s ]
INFO: [ app_begin ] --START--
INFO: Run Behavior\ReadHtmlCacheBehavior [ RunTime:0.000619s ]
INFO: [ app_begin ] --END-- [ RunTime:0.000685s ]
ERR: Êó†Ê≥ïÂä†ËΩΩÊéßÂà∂Âô®:Public

[ 2016-12-23T18:39:09+08:00 ] ::1 /RentIt_DE/Public/js/ie10-viewport-bug-workaround.js
INFO: [ app_init ] --START--
INFO: Run Behavior\BuildLiteBehavior [ RunTime:0.000018s ]
INFO: [ app_init ] --END-- [ RunTime:0.000514s ]
INFO: [ app_begin ] --START--
INFO: Run Behavior\ReadHtmlCacheBehavior [ RunTime:0.000623s ]
INFO: [ app_begin ] --END-- [ RunTime:0.000695s ]
ERR: Êó†Ê≥ïÂä†ËΩΩÊéßÂà∂Âô®:Public

[ 2016-12-23T18:39:11+08:00 ] ::1 /RentIt_DE/index.php/Advice/index.html
INFO: [ app_init ] --START--
INFO: Run Behavior\BuildLiteBehavior [ RunTime:0.000048s ]
INFO: [ app_init ] --END-- [ RunTime:0.001468s ]
INFO: [ app_begin ] --START--
INFO: Run Behavior\ReadHtmlCacheBehavior [ RunTime:0.001950s ]
INFO: [ app_begin ] --END-- [ RunTime:0.002118s ]
INFO: [ view_parse ] --START--
INFO: [ template_filter ] --START--
INFO: Run Behavior\ContentReplaceBehavior [ RunTime:0.000214s ]
INFO: [ template_filter ] --END-- [ RunTime:0.000357s ]
NOTIC: [8] Undefined variable: title D:\xampp\htdocs\RentIt_DE\Application\Runtime\Cache\Home\5a791fb4c4fad1b8692ab68339b89436.php Á¨¨ 11 Ë°å.
NOTIC: [8] A session had already been started - ignoring session_start() D:\xampp\htdocs\RentIt_DE\ThinkPHP\Common\functions.php Á¨¨ 1272 Ë°å.
INFO: Run Behavior\ParseTemplateBehavior [ RunTime:0.036569s ]
INFO: [ view_parse ] --END-- [ RunTime:0.036696s ]
INFO: [ view_filter ] --START--
INFO: Run Behavior\WriteHtmlCacheBehavior [ RunTime:0.001128s ]
INFO: [ view_filter ] --END-- [ RunTime:0.001212s ]
INFO: [ app_end ] --START--
INFO: Run Behavior\ShowPageTraceBehavior [ RunTime:0.001600s ]
INFO: [ app_end ] --END-- [ RunTime:0.001714s ]

[ 2016-12-23T18:39:11+08:00 ] ::1 /RentIt_DE/Public/js/ie-emulation-modes-warning.js
INFO: [ app_init ] --START--
INFO: Run Behavior\BuildLiteBehavior [ RunTime:0.000022s ]
INFO: [ app_init ] --END-- [ RunTime:0.000748s ]
INFO: [ app_begin ] --START--
INFO: Run Behavior\ReadHtmlCacheBehavior [ RunTime:0.000891s ]
INFO: [ app_begin ] --END-- [ RunTime:0.000976s ]
ERR: Êó†Ê≥ïÂä†ËΩΩÊéßÂà∂Âô®:Public

[ 2016-12-23T18:39:11+08:00 ] ::1 /RentIt_DE/Public/js/ie10-viewport-bug-workaround.js
INFO: [ app_init ] --START--
INFO: Run Behavior\BuildLiteBehavior [ RunTime:0.000019s ]
INFO: [ app_init ] --END-- [ RunTime:0.000781s ]
INFO: [ app_begin ] --START--
INFO: Run Behavior\ReadHtmlCacheBehavior [ RunTime:0.001736s ]
INFO: [ app_begin ] --END-- [ RunTime:0.001987s ]
ERR: Êó†Ê≥ïÂä†ËΩΩÊéßÂà∂Âô®:Public

[ 2016-12-23T18:39:11+08:00 ] ::1 /RentIt_DE/Public/js/ie10-viewport-bug-workaround.js
INFO: [ app_init ] --START--
INFO: Run Behavior\BuildLiteBehavior [ RunTime:0.000011s ]
INFO: [ app_init ] --END-- [ RunTime:0.000343s ]
INFO: [ app_begin ] --START--
INFO: Run Behavior\ReadHtmlCacheBehavior [ RunTime:0.000398s ]
INFO: [ app_begin ] --END-- [ RunTime:0.000436s ]
ERR: Êó†Ê≥ïÂä†ËΩΩÊéßÂà∂Âô®:Public

[ 2016-12-23T18:40:44+08:00 ] ::1 /RentIt_DE/index.php/Advice/test
INFO: [ app_init ] --START--
INFO: Run Behavior\BuildLiteBehavior [ RunTime:0.000012s ]
INFO: [ app_init ] --END-- [ RunTime:0.000516s ]
INFO: [ app_begin ] --START--
INFO: Run Behavior\ReadHtmlCacheBehavior [ RunTime:0.000818s ]
INFO: [ app_begin ] --END-- [ RunTime:0.000871s ]
ERR: 1146:Table 'blouis.advice' doesn't exist
 [ SQLËØ≠Âè• ] : SHOW COLUMNS FROM `advice`
ERR: 1146:Table 'blouis.advice' doesn't exist
 [ SQLËØ≠Âè• ] : SHOW COLUMNS FROM `advice`

[ 2016-12-23T18:42:02+08:00 ] ::1 /RentIt_DE/index.php/Advice/test
INFO: [ app_init ] --START--
INFO: Run Behavior\BuildLiteBehavior [ RunTime:0.000017s ]
INFO: [ app_init ] --END-- [ RunTime:0.000510s ]
INFO: [ app_begin ] --START--
INFO: Run Behavior\ReadHtmlCacheBehavior [ RunTime:0.000665s ]
INFO: [ app_begin ] --END-- [ RunTime:0.000716s ]
ERR: 1146:Table 'blouis.advice' doesn't exist
 [ SQLËØ≠Âè• ] : SHOW COLUMNS FROM `advice`
ERR: 1146:Table 'blouis.advice' doesn't exist
 [ SQLËØ≠Âè• ] : SHOW COLUMNS FROM `advice`

[ 2016-12-23T18:42:04+08:00 ] ::1 /RentIt_DE/index.php/Advice/test
INFO: [ app_init ] --START--
INFO: Run Behavior\BuildLiteBehavior [ RunTime:0.000012s ]
INFO: [ app_init ] --END-- [ RunTime:0.000474s ]
INFO: [ app_begin ] --START--
INFO: Run Behavior\ReadHtmlCacheBehavior [ RunTime:0.000529s ]
INFO: [ app_begin ] --END-- [ RunTime:0.000579s ]
ERR: 1146:Table 'blouis.advice' doesn't exist
 [ SQLËØ≠Âè• ] : SHOW COLUMNS FROM `advice`
ERR: 1146:Table 'blouis.advice' doesn't exist
 [ SQLËØ≠Âè• ] : SHOW COLUMNS FROM `advice`

[ 2016-12-23T18:42:05+08:00 ] ::1 /RentIt_DE/index.php/Advice/test
INFO: [ app_init ] --START--
INFO: Run Behavior\BuildLiteBehavior [ RunTime:0.000021s ]
INFO: [ app_init ] --END-- [ RunTime:0.000789s ]
INFO: [ app_begin ] --START--
INFO: Run Behavior\ReadHtmlCacheBehavior [ RunTime:0.000491s ]
INFO: [ app_begin ] --END-- [ RunTime:0.000541s ]
ERR: 1146:Table 'blouis.advice' doesn't exist
 [ SQLËØ≠Âè• ] : SHOW COLUMNS FROM `advice`
ERR: 1146:Table 'blouis.advice' doesn't exist
 [ SQLËØ≠Âè• ] : SHOW COLUMNS FROM `advice`

[ 2016-12-23T18:43:08+08:00 ] ::1 /RentIt_DE/index.php/Advice/test
INFO: [ app_init ] --START--
INFO: Run Behavior\BuildLiteBehavior [ RunTime:0.000012s ]
INFO: [ app_init ] --END-- [ RunTime:0.000512s ]
INFO: [ app_begin ] --START--
INFO: Run Behavior\ReadHtmlCacheBehavior [ RunTime:0.000780s ]
INFO: [ app_begin ] --END-- [ RunTime:0.000829s ]
ERR: 1146:Table 'blouis.advice' doesn't exist
 [ SQLËØ≠Âè• ] : SHOW COLUMNS FROM `advice`
ERR: 1146:Table 'blouis.advice' doesn't exist
 [ SQLËØ≠Âè• ] : SHOW COLUMNS FROM `advice`

[ 2016-12-23T18:43:32+08:00 ] ::1 /RentIt_DE/index.php/Advice/test
INFO: [ app_init ] --START--
INFO: Run Behavior\BuildLiteBehavior [ RunTime:0.000013s ]
INFO: [ app_init ] --END-- [ RunTime:0.000468s ]
INFO: [ app_begin ] --START--
INFO: Run Behavior\ReadHtmlCacheBehavior [ RunTime:0.001298s ]
INFO: [ app_begin ] --END-- [ RunTime:0.001430s ]
ERR: 1146:Table 'blouis.advice' doesn't exist
 [ SQLËØ≠Âè• ] : SHOW COLUMNS FROM `advice`
ERR: 1146:Table 'blouis.advice' doesn't exist
 [ SQLËØ≠Âè• ] : SHOW COLUMNS FROM `advice`

[ 2016-12-23T18:43:33+08:00 ] ::1 /RentIt_DE/index.php/Advice/test
INFO: [ app_init ] --START--
INFO: Run Behavior\BuildLiteBehavior [ RunTime:0.000021s ]
INFO: [ app_init ] --END-- [ RunTime:0.000737s ]
INFO: [ app_begin ] --START--
INFO: Run Behavior\ReadHtmlCacheBehavior [ RunTime:0.000581s ]
INFO: [ app_begin ] --END-- [ RunTime:0.000635s ]
ERR: 1146:Table 'blouis.advice' doesn't exist
 [ SQLËØ≠Âè• ] : SHOW COLUMNS FROM `advice`
ERR: 1146:Table 'blouis.advice' doesn't exist
 [ SQLËØ≠Âè• ] : SHOW COLUMNS FROM `advice`

[ 2016-12-23T19:01:00+08:00 ] ::1 /RentIt_DE/index.php/Home/Advice/test
INFO: [ app_init ] --START--
INFO: Run Behavior\BuildLiteBehavior [ RunTime:0.000015s ]
INFO: [ app_init ] --END-- [ RunTime:0.000520s ]
INFO: [ app_begin ] --START--
INFO: Run Behavior\ReadHtmlCacheBehavior [ RunTime:0.000653s ]
INFO: [ app_begin ] --END-- [ RunTime:0.000712s ]
NOTIC: [2048] Declaration of Think\Model\MongoModel::setInc() should be compatible with Think\Model::setInc($field, $step = 1, $lazyTime = 0) D:\xampp\htdocs\RentIt_DE\ThinkPHP\Library\Think\Model\MongoModel.class.php Á¨¨ 17 Ë°å.
NOTIC: [2048] Declaration of Think\Model\MongoModel::setDec() should be compatible with Think\Model::setDec($field, $step = 1, $lazyTime = 0) D:\xampp\htdocs\RentIt_DE\ThinkPHP\Library\Think\Model\MongoModel.class.php Á¨¨ 17 Ë°å.
NOTIC: [2048] Declaration of Think\Db\Driver\Mongo::connect() should be compatible with Think\Db\Driver::connect($config = '', $linkNum = 0, $autoConnection = false) D:\xampp\htdocs\RentIt_DE\ThinkPHP\Library\Think\Db\Driver\Mongo.class.php Á¨¨ 18 Ë°å.
NOTIC: [2048] Declaration of Think\Db\Driver\Mongo::insertAll() should be compatible with Think\Db\Driver::insertAll($dataSet, $options = Array, $replace = false) D:\xampp\htdocs\RentIt_DE\ThinkPHP\Library\Think\Db\Driver\Mongo.class.php Á¨¨ 18 Ë°å.
SQL: test.getCollection(student) [ RunTime:0.0059s ]
SQL: test.student.findOne() [ RunTime:0.1427s ]
NOTIC: [8] Undefined index: primary D:\xampp\htdocs\RentIt_DE\ThinkPHP\Library\Think\Model.class.php Á¨¨ 143 Ë°å.
NOTIC: [8] Undefined index: primary D:\xampp\htdocs\RentIt_DE\ThinkPHP\Library\Think\Model.class.php Á¨¨ 143 Ë°å.
NOTIC: [8] Undefined index: primary D:\xampp\htdocs\RentIt_DE\ThinkPHP\Library\Think\Model.class.php Á¨¨ 143 Ë°å.
SQL: test.student.find({}, {"COUNT(*) AS tp_count":1}).limit(1) [ RunTime:0.0001s ]
NOTIC: [2] reset() expects parameter 1 to be array, null given D:\xampp\htdocs\RentIt_DE\ThinkPHP\Library\Think\Model.class.php Á¨¨ 976 Ë°å.
INFO: [ app_end ] --START--
INFO: Run Behavior\ShowPageTraceBehavior [ RunTime:0.002107s ]
INFO: [ app_end ] --END-- [ RunTime:0.002356s ]

[ 2016-12-23T19:01:43+08:00 ] ::1 /RentIt_DE/index.php/Home/Advice/test
INFO: [ app_init ] --START--
INFO: Run Behavior\BuildLiteBehavior [ RunTime:0.000020s ]
INFO: [ app_init ] --END-- [ RunTime:0.000697s ]
INFO: [ app_begin ] --START--
INFO: Run Behavior\ReadHtmlCacheBehavior [ RunTime:0.000607s ]
INFO: [ app_begin ] --END-- [ RunTime:0.000657s ]
NOTIC: [2048] Declaration of Think\Model\MongoModel::setInc() should be compatible with Think\Model::setInc($field, $step = 1, $lazyTime = 0) D:\xampp\htdocs\RentIt_DE\ThinkPHP\Library\Think\Model\MongoModel.class.php Á¨¨ 17 Ë°å.
NOTIC: [2048] Declaration of Think\Model\MongoModel::setDec() should be compatible with Think\Model::setDec($field, $step = 1, $lazyTime = 0) D:\xampp\htdocs\RentIt_DE\ThinkPHP\Library\Think\Model\MongoModel.class.php Á¨¨ 17 Ë°å.
NOTIC: [2048] Declaration of Think\Db\Driver\Mongo::connect() should be compatible with Think\Db\Driver::connect($config = '', $linkNum = 0, $autoConnection = false) D:\xampp\htdocs\RentIt_DE\ThinkPHP\Library\Think\Db\Driver\Mongo.class.php Á¨¨ 18 Ë°å.
NOTIC: [2048] Declaration of Think\Db\Driver\Mongo::insertAll() should be compatible with Think\Db\Driver::insertAll($dataSet, $options = Array, $replace = false) D:\xampp\htdocs\RentIt_DE\ThinkPHP\Library\Think\Db\Driver\Mongo.class.php Á¨¨ 18 Ë°å.
SQL: test.getCollection(student) [ RunTime:0.0000s ]
SQL: test.student.findOne() [ RunTime:0.0017s ]
NOTIC: [8] Undefined index: primary D:\xampp\htdocs\RentIt_DE\ThinkPHP\Library\Think\Model.class.php Á¨¨ 143 Ë°å.
NOTIC: [8] Undefined index: primary D:\xampp\htdocs\RentIt_DE\ThinkPHP\Library\Think\Model.class.php Á¨¨ 143 Ë°å.
NOTIC: [8] Undefined index: primary D:\xampp\htdocs\RentIt_DE\ThinkPHP\Library\Think\Model.class.php Á¨¨ 143 Ë°å.
SQL: test.student.find({}) [ RunTime:0.0000s ]
INFO: [ app_end ] --START--
INFO: Run Behavior\ShowPageTraceBehavior [ RunTime:0.004269s ]
INFO: [ app_end ] --END-- [ RunTime:0.004550s ]

[ 2016-12-23T19:05:49+08:00 ] ::1 /RentIt_DE/index.php/Home/Advice/test
INFO: [ app_init ] --START--
INFO: Run Behavior\BuildLiteBehavior [ RunTime:0.000014s ]
INFO: [ app_init ] --END-- [ RunTime:0.000567s ]
INFO: [ app_begin ] --START--
INFO: Run Behavior\ReadHtmlCacheBehavior [ RunTime:0.000655s ]
INFO: [ app_begin ] --END-- [ RunTime:0.000701s ]
NOTIC: [2048] Declaration of Think\Model\MongoModel::setInc() should be compatible with Think\Model::setInc($field, $step = 1, $lazyTime = 0) D:\xampp\htdocs\RentIt_DE\ThinkPHP\Library\Think\Model\MongoModel.class.php Á¨¨ 17 Ë°å.
NOTIC: [2048] Declaration of Think\Model\MongoModel::setDec() should be compatible with Think\Model::setDec($field, $step = 1, $lazyTime = 0) D:\xampp\htdocs\RentIt_DE\ThinkPHP\Library\Think\Model\MongoModel.class.php Á¨¨ 17 Ë°å.
NOTIC: [2048] Declaration of Think\Db\Driver\Mongo::connect() should be compatible with Think\Db\Driver::connect($config = '', $linkNum = 0, $autoConnection = false) D:\xampp\htdocs\RentIt_DE\ThinkPHP\Library\Think\Db\Driver\Mongo.class.php Á¨¨ 18 Ë°å.
NOTIC: [2048] Declaration of Think\Db\Driver\Mongo::insertAll() should be compatible with Think\Db\Driver::insertAll($dataSet, $options = Array, $replace = false) D:\xampp\htdocs\RentIt_DE\ThinkPHP\Library\Think\Db\Driver\Mongo.class.php Á¨¨ 18 Ë°å.
SQL: test.getCollection(student) [ RunTime:0.0001s ]
SQL: test.student.findOne() [ RunTime:0.0018s ]
NOTIC: [8] Undefined index: primary D:\xampp\htdocs\RentIt_DE\ThinkPHP\Library\Think\Model.class.php Á¨¨ 143 Ë°å.
NOTIC: [8] Undefined index: primary D:\xampp\htdocs\RentIt_DE\ThinkPHP\Library\Think\Model.class.php Á¨¨ 143 Ë°å.
NOTIC: [8] Undefined index: primary D:\xampp\htdocs\RentIt_DE\ThinkPHP\Library\Think\Model.class.php Á¨¨ 143 Ë°å.
SQL: test.student.find({}, {"COUNT(*) AS tp_count":1}).limit(1) [ RunTime:0.0001s ]
NOTIC: [2] reset() expects parameter 1 to be array, null given D:\xampp\htdocs\RentIt_DE\ThinkPHP\Library\Think\Model.class.php Á¨¨ 976 Ë°å.
INFO: [ app_end ] --START--
INFO: Run Behavior\ShowPageTraceBehavior [ RunTime:0.002450s ]
INFO: [ app_end ] --END-- [ RunTime:0.002646s ]

[ 2016-12-23T19:06:15+08:00 ] ::1 /RentIt_DE/index.php/Home/Advice/test
INFO: [ app_init ] --START--
INFO: Run Behavior\BuildLiteBehavior [ RunTime:0.000014s ]
INFO: [ app_init ] --END-- [ RunTime:0.000407s ]
INFO: [ app_begin ] --START--
INFO: Run Behavior\ReadHtmlCacheBehavior [ RunTime:0.000481s ]
INFO: [ app_begin ] --END-- [ RunTime:0.000524s ]
NOTIC: [2048] Declaration of Think\Model\MongoModel::setInc() should be compatible with Think\Model::setInc($field, $step = 1, $lazyTime = 0) D:\xampp\htdocs\RentIt_DE\ThinkPHP\Library\Think\Model\MongoModel.class.php Á¨¨ 17 Ë°å.
NOTIC: [2048] Declaration of Think\Model\MongoModel::setDec() should be compatible with Think\Model::setDec($field, $step = 1, $lazyTime = 0) D:\xampp\htdocs\RentIt_DE\ThinkPHP\Library\Think\Model\MongoModel.class.php Á¨¨ 17 Ë°å.
NOTIC: [2048] Declaration of Think\Db\Driver\Mongo::connect() should be compatible with Think\Db\Driver::connect($config = '', $linkNum = 0, $autoConnection = false) D:\xampp\htdocs\RentIt_DE\ThinkPHP\Library\Think\Db\Driver\Mongo.class.php Á¨¨ 18 Ë°å.
NOTIC: [2048] Declaration of Think\Db\Driver\Mongo::insertAll() should be compatible with Think\Db\Driver::insertAll($dataSet, $options = Array, $replace = false) D:\xampp\htdocs\RentIt_DE\ThinkPHP\Library\Think\Db\Driver\Mongo.class.php Á¨¨ 18 Ë°å.
SQL: test.getCollection(student) [ RunTime:0.0001s ]
SQL: test.student.findOne() [ RunTime:0.0023s ]
NOTIC: [8] Undefined index: primary D:\xampp\htdocs\RentIt_DE\ThinkPHP\Library\Think\Model.class.php Á¨¨ 143 Ë°å.
NOTIC: [8] Undefined index: primary D:\xampp\htdocs\RentIt_DE\ThinkPHP\Library\Think\Model.class.php Á¨¨ 143 Ë°å.
NOTIC: [8] Undefined index: primary D:\xampp\htdocs\RentIt_DE\ThinkPHP\Library\Think\Model.class.php Á¨¨ 143 Ë°å.
SQL: test.student.find({}, {"COUNT(*) AS tp_count":1}).limit(1) [ RunTime:0.0001s ]
NOTIC: [2] reset() expects parameter 1 to be array, null given D:\xampp\htdocs\RentIt_DE\ThinkPHP\Library\Think\Model.class.php Á¨¨ 976 Ë°å.
INFO: [ app_end ] --START--
INFO: Run Behavior\ShowPageTraceBehavior [ RunTime:0.001759s ]
INFO: [ app_end ] --END-- [ RunTime:0.001900s ]

[ 2016-12-23T19:06:26+08:00 ] ::1 /RentIt_DE/index.php/Home/Advice/test
INFO: [ app_init ] --START--
INFO: Run Behavior\BuildLiteBehavior [ RunTime:0.000013s ]
INFO: [ app_init ] --END-- [ RunTime:0.000452s ]
INFO: [ app_begin ] --START--
INFO: Run Behavior\ReadHtmlCacheBehavior [ RunTime:0.000595s ]
INFO: [ app_begin ] --END-- [ RunTime:0.000646s ]
NOTIC: [2048] Declaration of Think\Model\MongoModel::setInc() should be compatible with Think\Model::setInc($field, $step = 1, $lazyTime = 0) D:\xampp\htdocs\RentIt_DE\ThinkPHP\Library\Think\Model\MongoModel.class.php Á¨¨ 17 Ë°å.
NOTIC: [2048] Declaration of Think\Model\MongoModel::setDec() should be compatible with Think\Model::setDec($field, $step = 1, $lazyTime = 0) D:\xampp\htdocs\RentIt_DE\ThinkPHP\Library\Think\Model\MongoModel.class.php Á¨¨ 17 Ë°å.
NOTIC: [2048] Declaration of Think\Db\Driver\Mongo::connect() should be compatible with Think\Db\Driver::connect($config = '', $linkNum = 0, $autoConnection = false) D:\xampp\htdocs\RentIt_DE\ThinkPHP\Library\Think\Db\Driver\Mongo.class.php Á¨¨ 18 Ë°å.
NOTIC: [2048] Declaration of Think\Db\Driver\Mongo::insertAll() should be compatible with Think\Db\Driver::insertAll($dataSet, $options = Array, $replace = false) D:\xampp\htdocs\RentIt_DE\ThinkPHP\Library\Think\Db\Driver\Mongo.class.php Á¨¨ 18 Ë°å.
SQL: test.getCollection(student) [ RunTime:0.0000s ]
SQL: test.student.findOne() [ RunTime:0.0014s ]
NOTIC: [8] Undefined index: primary D:\xampp\htdocs\RentIt_DE\ThinkPHP\Library\Think\Model.class.php Á¨¨ 143 Ë°å.
NOTIC: [8] Undefined index: primary D:\xampp\htdocs\RentIt_DE\ThinkPHP\Library\Think\Model.class.php Á¨¨ 143 Ë°å.
NOTIC: [8] Undefined index: primary D:\xampp\htdocs\RentIt_DE\ThinkPHP\Library\Think\Model.class.php Á¨¨ 143 Ë°å.
SQL: test.student.find({}, {"COUNT(*) AS tp_count":1}).limit(1) [ RunTime:0.0001s ]
NOTIC: [2] reset() expects parameter 1 to be array, null given D:\xampp\htdocs\RentIt_DE\ThinkPHP\Library\Think\Model.class.php Á¨¨ 976 Ë°å.
INFO: [ app_end ] --START--
INFO: Run Behavior\ShowPageTraceBehavior [ RunTime:0.002235s ]
INFO: [ app_end ] --END-- [ RunTime:0.002382s ]

[ 2016-12-23T19:06:48+08:00 ] ::1 /RentIt_DE/index.php/Home/Advice/test
INFO: [ app_init ] --START--
INFO: Run Behavior\BuildLiteBehavior [ RunTime:0.000018s ]
INFO: [ app_init ] --END-- [ RunTime:0.000587s ]
INFO: [ app_begin ] --START--
INFO: Run Behavior\ReadHtmlCacheBehavior [ RunTime:0.000708s ]
INFO: [ app_begin ] --END-- [ RunTime:0.000784s ]
NOTIC: [2048] Declaration of Think\Model\MongoModel::setInc() should be compatible with Think\Model::setInc($field, $step = 1, $lazyTime = 0) D:\xampp\htdocs\RentIt_DE\ThinkPHP\Library\Think\Model\MongoModel.class.php Á¨¨ 17 Ë°å.
NOTIC: [2048] Declaration of Think\Model\MongoModel::setDec() should be compatible with Think\Model::setDec($field, $step = 1, $lazyTime = 0) D:\xampp\htdocs\RentIt_DE\ThinkPHP\Library\Think\Model\MongoModel.class.php Á¨¨ 17 Ë°å.
NOTIC: [2048] Declaration of Think\Db\Driver\Mongo::connect() should be compatible with Think\Db\Driver::connect($config = '', $linkNum = 0, $autoConnection = false) D:\xampp\htdocs\RentIt_DE\ThinkPHP\Library\Think\Db\Driver\Mongo.class.php Á¨¨ 18 Ë°å.
NOTIC: [2048] Declaration of Think\Db\Driver\Mongo::insertAll() should be compatible with Think\Db\Driver::insertAll($dataSet, $options = Array, $replace = false) D:\xampp\htdocs\RentIt_DE\ThinkPHP\Library\Think\Db\Driver\Mongo.class.php Á¨¨ 18 Ë°å.
SQL: test.getCollection(student) [ RunTime:0.0000s ]
SQL: test.student.findOne() [ RunTime:0.0015s ]
NOTIC: [8] Undefined index: primary D:\xampp\htdocs\RentIt_DE\ThinkPHP\Library\Think\Model.class.php Á¨¨ 143 Ë°å.
NOTIC: [8] Undefined index: primary D:\xampp\htdocs\RentIt_DE\ThinkPHP\Library\Think\Model.class.php Á¨¨ 143 Ë°å.
NOTIC: [8] Undefined index: primary D:\xampp\htdocs\RentIt_DE\ThinkPHP\Library\Think\Model.class.php Á¨¨ 143 Ë°å.
SQL: test.student.find({}) [ RunTime:0.0000s ]
INFO: [ app_end ] --START--
INFO: Run Behavior\ShowPageTraceBehavior [ RunTime:0.002291s ]
INFO: [ app_end ] --END-- [ RunTime:0.002512s ]

[ 2016-12-23T19:09:35+08:00 ] ::1 /RentIt_DE/index.php/Home/Advice/test
INFO: [ app_init ] --START--
INFO: Run Behavior\BuildLiteBehavior [ RunTime:0.000011s ]
INFO: [ app_init ] --END-- [ RunTime:0.000379s ]
INFO: [ app_begin ] --START--
INFO: Run Behavior\ReadHtmlCacheBehavior [ RunTime:0.000493s ]
INFO: [ app_begin ] --END-- [ RunTime:0.000533s ]
NOTIC: [2048] Declaration of Think\Model\MongoModel::setInc() should be compatible with Think\Model::setInc($field, $step = 1, $lazyTime = 0) D:\xampp\htdocs\RentIt_DE\ThinkPHP\Library\Think\Model\MongoModel.class.php Á¨¨ 17 Ë°å.
NOTIC: [2048] Declaration of Think\Model\MongoModel::setDec() should be compatible with Think\Model::setDec($field, $step = 1, $lazyTime = 0) D:\xampp\htdocs\RentIt_DE\ThinkPHP\Library\Think\Model\MongoModel.class.php Á¨¨ 17 Ë°å.
NOTIC: [2048] Declaration of Think\Db\Driver\Mongo::connect() should be compatible with Think\Db\Driver::connect($config = '', $linkNum = 0, $autoConnection = false) D:\xampp\htdocs\RentIt_DE\ThinkPHP\Library\Think\Db\Driver\Mongo.class.php Á¨¨ 18 Ë°å.
NOTIC: [2048] Declaration of Think\Db\Driver\Mongo::insertAll() should be compatible with Think\Db\Driver::insertAll($dataSet, $options = Array, $replace = false) D:\xampp\htdocs\RentIt_DE\ThinkPHP\Library\Think\Db\Driver\Mongo.class.php Á¨¨ 18 Ë°å.
SQL: test.getCollection(student) [ RunTime:0.0000s ]
SQL: test.student.findOne() [ RunTime:0.0016s ]
NOTIC: [8] Undefined index: primary D:\xampp\htdocs\RentIt_DE\ThinkPHP\Library\Think\Model.class.php Á¨¨ 143 Ë°å.
NOTIC: [8] Undefined index: primary D:\xampp\htdocs\RentIt_DE\ThinkPHP\Library\Think\Model.class.php Á¨¨ 143 Ë°å.
NOTIC: [8] Undefined index: primary D:\xampp\htdocs\RentIt_DE\ThinkPHP\Library\Think\Model.class.php Á¨¨ 143 Ë°å.
SQL: test.student.find({}, {"COUNT(*) AS tp_count":1}).limit(1) [ RunTime:0.0000s ]
NOTIC: [2] reset() expects parameter 1 to be array, null given D:\xampp\htdocs\RentIt_DE\ThinkPHP\Library\Think\Model.class.php Á¨¨ 976 Ë°å.
INFO: [ app_end ] --START--
INFO: Run Behavior\ShowPageTraceBehavior [ RunTime:0.002243s ]
INFO: [ app_end ] --END-- [ RunTime:0.002415s ]

[ 2016-12-23T19:09:51+08:00 ] ::1 /RentIt_DE/index.php/Home/Advice/test
INFO: [ app_init ] --START--
INFO: Run Behavior\BuildLiteBehavior [ RunTime:0.000013s ]
INFO: [ app_init ] --END-- [ RunTime:0.000521s ]
INFO: [ app_begin ] --START--
INFO: Run Behavior\ReadHtmlCacheBehavior [ RunTime:0.000579s ]
INFO: [ app_begin ] --END-- [ RunTime:0.000624s ]
NOTIC: [2048] Declaration of Think\Model\MongoModel::setInc() should be compatible with Think\Model::setInc($field, $step = 1, $lazyTime = 0) D:\xampp\htdocs\RentIt_DE\ThinkPHP\Library\Think\Model\MongoModel.class.php Á¨¨ 17 Ë°å.
NOTIC: [2048] Declaration of Think\Model\MongoModel::setDec() should be compatible with Think\Model::setDec($field, $step = 1, $lazyTime = 0) D:\xampp\htdocs\RentIt_DE\ThinkPHP\Library\Think\Model\MongoModel.class.php Á¨¨ 17 Ë°å.
NOTIC: [2048] Declaration of Think\Db\Driver\Mongo::connect() should be compatible with Think\Db\Driver::connect($config = '', $linkNum = 0, $autoConnection = false) D:\xampp\htdocs\RentIt_DE\ThinkPHP\Library\Think\Db\Driver\Mongo.class.php Á¨¨ 18 Ë°å.
NOTIC: [2048] Declaration of Think\Db\Driver\Mongo::insertAll() should be compatible with Think\Db\Driver::insertAll($dataSet, $options = Array, $replace = false) D:\xampp\htdocs\RentIt_DE\ThinkPHP\Library\Think\Db\Driver\Mongo.class.php Á¨¨ 18 Ë°å.
SQL: test.getCollection(student) [ RunTime:0.0000s ]
SQL: test.student.findOne() [ RunTime:0.0030s ]
NOTIC: [8] Undefined index: primary D:\xampp\htdocs\RentIt_DE\ThinkPHP\Library\Think\Model.class.php Á¨¨ 143 Ë°å.
NOTIC: [8] Undefined index: primary D:\xampp\htdocs\RentIt_DE\ThinkPHP\Library\Think\Model.class.php Á¨¨ 143 Ë°å.
NOTIC: [8] Undefined index: primary D:\xampp\htdocs\RentIt_DE\ThinkPHP\Library\Think\Model.class.php Á¨¨ 143 Ë°å.
SQL: test.student.find({}, {"COUNT(*) AS tp_count":1}).limit(1) [ RunTime:0.0001s ]
NOTIC: [2] reset() expects parameter 1 to be array, null given D:\xampp\htdocs\RentIt_DE\ThinkPHP\Library\Think\Model.class.php Á¨¨ 976 Ë°å.
INFO: [ app_end ] --START--
INFO: Run Behavior\ShowPageTraceBehavior [ RunTime:0.002082s ]
INFO: [ app_end ] --END-- [ RunTime:0.002221s ]

[ 2016-12-23T19:15:01+08:00 ] ::1 /RentIt_DE/index.php/Home/Advice/test
INFO: [ app_init ] --START--
INFO: Run Behavior\BuildLiteBehavior [ RunTime:0.000013s ]
INFO: [ app_init ] --END-- [ RunTime:0.000521s ]
INFO: [ app_begin ] --START--
INFO: Run Behavior\ReadHtmlCacheBehavior [ RunTime:0.000640s ]
INFO: [ app_begin ] --END-- [ RunTime:0.000685s ]
NOTIC: [2048] Declaration of Think\Model\MongoModel::setInc() should be compatible with Think\Model::setInc($field, $step = 1, $lazyTime = 0) D:\xampp\htdocs\RentIt_DE\ThinkPHP\Library\Think\Model\MongoModel.class.php Á¨¨ 17 Ë°å.
NOTIC: [2048] Declaration of Think\Model\MongoModel::setDec() should be compatible with Think\Model::setDec($field, $step = 1, $lazyTime = 0) D:\xampp\htdocs\RentIt_DE\ThinkPHP\Library\Think\Model\MongoModel.class.php Á¨¨ 17 Ë°å.
NOTIC: [2048] Declaration of Think\Db\Driver\Mongo::connect() should be compatible with Think\Db\Driver::connect($config = '', $linkNum = 0, $autoConnection = false) D:\xampp\htdocs\RentIt_DE\ThinkPHP\Library\Think\Db\Driver\Mongo.class.php Á¨¨ 18 Ë°å.
NOTIC: [2048] Declaration of Think\Db\Driver\Mongo::insertAll() should be compatible with Think\Db\Driver::insertAll($dataSet, $options = Array, $replace = false) D:\xampp\htdocs\RentIt_DE\ThinkPHP\Library\Think\Db\Driver\Mongo.class.php Á¨¨ 18 Ë°å.
SQL: test.getCollection(student) [ RunTime:0.0001s ]
SQL: test.student.findOne() [ RunTime:0.0020s ]
NOTIC: [8] Undefined index: primary D:\xampp\htdocs\RentIt_DE\ThinkPHP\Library\Think\Model.class.php Á¨¨ 143 Ë°å.
NOTIC: [8] Undefined index: primary D:\xampp\htdocs\RentIt_DE\ThinkPHP\Library\Think\Model.class.php Á¨¨ 143 Ë°å.
NOTIC: [8] Undefined index: primary D:\xampp\htdocs\RentIt_DE\ThinkPHP\Library\Think\Model.class.php Á¨¨ 143 Ë°å.
SQL: test.student.find({}, {"COUNT(*) AS tp_count":1}).limit(1) [ RunTime:0.0002s ]
NOTIC: [2] reset() expects parameter 1 to be array, null given D:\xampp\htdocs\RentIt_DE\ThinkPHP\Library\Think\Model.class.php Á¨¨ 976 Ë°å.
INFO: [ app_end ] --START--
INFO: Run Behavior\ShowPageTraceBehavior [ RunTime:0.002218s ]
INFO: [ app_end ] --END-- [ RunTime:0.002365s ]

[ 2016-12-23T19:19:32+08:00 ] ::1 /RentIt_DE/index.php/Home/Advice/test
INFO: [ app_init ] --START--
INFO: Run Behavior\BuildLiteBehavior [ RunTime:0.000020s ]
INFO: [ app_init ] --END-- [ RunTime:0.000670s ]
INFO: [ app_begin ] --START--
INFO: Run Behavior\ReadHtmlCacheBehavior [ RunTime:0.000723s ]
INFO: [ app_begin ] --END-- [ RunTime:0.000784s ]
NOTIC: [2048] Declaration of Think\Model\MongoModel::setInc() should be compatible with Think\Model::setInc($field, $step = 1, $lazyTime = 0) D:\xampp\htdocs\RentIt_DE\ThinkPHP\Library\Think\Model\MongoModel.class.php Á¨¨ 17 Ë°å.
NOTIC: [2048] Declaration of Think\Model\MongoModel::setDec() should be compatible with Think\Model::setDec($field, $step = 1, $lazyTime = 0) D:\xampp\htdocs\RentIt_DE\ThinkPHP\Library\Think\Model\MongoModel.class.php Á¨¨ 17 Ë°å.

[ 2016-12-23T19:20:38+08:00 ] ::1 /RentIt_DE/index.php/Home/Advice/test
INFO: [ app_init ] --START--
INFO: Run Behavior\BuildLiteBehavior [ RunTime:0.000013s ]
INFO: [ app_init ] --END-- [ RunTime:0.000517s ]
INFO: [ app_begin ] --START--
INFO: Run Behavior\ReadHtmlCacheBehavior [ RunTime:0.000725s ]
INFO: [ app_begin ] --END-- [ RunTime:0.000777s ]
ERR: 1146:Table 'blouis.advice' doesn't exist
 [ SQLËØ≠Âè• ] : SHOW COLUMNS FROM `advice`
ERR: 1146:Table 'blouis.advice' doesn't exist
 [ SQLËØ≠Âè• ] : SHOW COLUMNS FROM `advice`

[ 2016-12-23T19:22:54+08:00 ] ::1 /RentIt_DE/index.php/Home/Advice/test
INFO: [ app_init ] --START--
INFO: Run Behavior\BuildLiteBehavior [ RunTime:0.000013s ]
INFO: [ app_init ] --END-- [ RunTime:0.000532s ]
INFO: [ app_begin ] --START--
INFO: Run Behavior\ReadHtmlCacheBehavior [ RunTime:0.000794s ]
INFO: [ app_begin ] --END-- [ RunTime:0.000857s ]
ERR: SQLSTATE[HY000] [1049] Unknown database 'blouis'

[ 2016-12-23T19:29:18+08:00 ] ::1 /RentIt_DE/index.php/Home/Advice/test
INFO: [ app_init ] --START--
INFO: Run Behavior\BuildLiteBehavior [ RunTime:0.000011s ]
INFO: [ app_init ] --END-- [ RunTime:0.000528s ]
INFO: [ app_begin ] --START--
INFO: Run Behavior\ReadHtmlCacheBehavior [ RunTime:0.000754s ]
INFO: [ app_begin ] --END-- [ RunTime:0.000802s ]
ERR: SQLSTATE[HY000] [1049] Unknown database 'blouis'

[ 2016-12-23T19:34:29+08:00 ] ::1 /RentIt_DE/index.php/Home/Advice/test
INFO: [ app_init ] --START--
INFO: Run Behavior\BuildLiteBehavior [ RunTime:0.000013s ]
INFO: [ app_init ] --END-- [ RunTime:0.000441s ]
INFO: [ app_begin ] --START--
INFO: Run Behavior\ReadHtmlCacheBehavior [ RunTime:0.000609s ]
INFO: [ app_begin ] --END-- [ RunTime:0.000653s ]
ERR: 1146:Table 'blouis.advice' doesn't exist
 [ SQLËØ≠Âè• ] : SHOW COLUMNS FROM `advice`
ERR: 1146:Table 'blouis.advice' doesn't exist
 [ SQLËØ≠Âè• ] : SHOW COLUMNS FROM `advice`

[ 2016-12-23T19:35:54+08:00 ] ::1 /RentIt_DE/index.php/Home/Advice/test
INFO: [ app_init ] --START--
INFO: Run Behavior\BuildLiteBehavior [ RunTime:0.000011s ]
INFO: [ app_init ] --END-- [ RunTime:0.000461s ]
INFO: [ app_begin ] --START--
INFO: Run Behavior\ReadHtmlCacheBehavior [ RunTime:0.000648s ]
INFO: [ app_begin ] --END-- [ RunTime:0.000687s ]
ERR: 1146:Table 'blouis.advice' doesn't exist
 [ SQLËØ≠Âè• ] : SHOW COLUMNS FROM `advice`
ERR: 1146:Table 'blouis.advice' doesn't exist
 [ SQLËØ≠Âè• ] : SHOW COLUMNS FROM `advice`

[ 2016-12-23T19:38:54+08:00 ] ::1 /RentIt_DE/index.php/Home/Advice/test
INFO: [ app_init ] --START--
INFO: Run Behavior\BuildLiteBehavior [ RunTime:0.000011s ]
INFO: [ app_init ] --END-- [ RunTime:0.000427s ]
INFO: [ app_begin ] --START--
INFO: Run Behavior\ReadHtmlCacheBehavior [ RunTime:0.000598s ]
INFO: [ app_begin ] --END-- [ RunTime:0.000646s ]
ERR: 1146:Table 'blouis.advice' doesn't exist
 [ SQLËØ≠Âè• ] : SHOW COLUMNS FROM `advice`
ERR: 1146:Table 'blouis.advice' doesn't exist
 [ SQLËØ≠Âè• ] : SHOW COLUMNS FROM `advice`

[ 2016-12-23T19:38:55+08:00 ] ::1 /RentIt_DE/index.php/Home/Advice/test
INFO: [ app_init ] --START--
INFO: Run Behavior\BuildLiteBehavior [ RunTime:0.000017s ]
INFO: [ app_init ] --END-- [ RunTime:0.000396s ]
INFO: [ app_begin ] --START--
INFO: Run Behavior\ReadHtmlCacheBehavior [ RunTime:0.000562s ]
INFO: [ app_begin ] --END-- [ RunTime:0.000606s ]
ERR: 1146:Table 'blouis.advice' doesn't exist
 [ SQLËØ≠Âè• ] : SHOW COLUMNS FROM `advice`
ERR: 1146:Table 'blouis.advice' doesn't exist
 [ SQLËØ≠Âè• ] : SHOW COLUMNS FROM `advice`

[ 2016-12-23T19:39:18+08:00 ] ::1 /RentIt_DE/index.php/Home/Advice/test
INFO: [ app_init ] --START--
INFO: Run Behavior\BuildLiteBehavior [ RunTime:0.000013s ]
INFO: [ app_init ] --END-- [ RunTime:0.000513s ]
INFO: [ app_begin ] --START--
INFO: Run Behavior\ReadHtmlCacheBehavior [ RunTime:0.000711s ]
INFO: [ app_begin ] --END-- [ RunTime:0.000760s ]
ERR: 1146:Table 'blouis.advice' doesn't exist
 [ SQLËØ≠Âè• ] : SHOW COLUMNS FROM `advice`
ERR: 1146:Table 'blouis.advice' doesn't exist
 [ SQLËØ≠Âè• ] : SHOW COLUMNS FROM `advice`

[ 2016-12-23T19:39:19+08:00 ] ::1 /RentIt_DE/index.php/Home/Advice/test
INFO: [ app_init ] --START--
INFO: Run Behavior\BuildLiteBehavior [ RunTime:0.000019s ]
INFO: [ app_init ] --END-- [ RunTime:0.001758s ]
INFO: [ app_begin ] --START--
INFO: Run Behavior\ReadHtmlCacheBehavior [ RunTime:0.000605s ]
INFO: [ app_begin ] --END-- [ RunTime:0.000647s ]
ERR: 1146:Table 'blouis.advice' doesn't exist
 [ SQLËØ≠Âè• ] : SHOW COLUMNS FROM `advice`
ERR: 1146:Table 'blouis.advice' doesn't exist
 [ SQLËØ≠Âè• ] : SHOW COLUMNS FROM `advice`

[ 2016-12-23T19:39:34+08:00 ] ::1 /RentIt_DE/index.php/Home/Advice/test
INFO: [ app_init ] --START--
INFO: Run Behavior\BuildLiteBehavior [ RunTime:0.000010s ]
INFO: [ app_init ] --END-- [ RunTime:0.000485s ]
INFO: [ app_begin ] --START--
INFO: Run Behavior\ReadHtmlCacheBehavior [ RunTime:0.000575s ]
INFO: [ app_begin ] --END-- [ RunTime:0.000623s ]
ERR: 1146:Table 'blouis.advice' doesn't exist
 [ SQLËØ≠Âè• ] : SHOW COLUMNS FROM `advice`
ERR: 1146:Table 'blouis.advice' doesn't exist
 [ SQLËØ≠Âè• ] : SHOW COLUMNS FROM `advice`

[ 2016-12-23T19:39:34+08:00 ] ::1 /RentIt_DE/index.php/Home/Advice/test
INFO: [ app_init ] --START--
INFO: Run Behavior\BuildLiteBehavior [ RunTime:0.000014s ]
INFO: [ app_init ] --END-- [ RunTime:0.000604s ]
INFO: [ app_begin ] --START--
INFO: Run Behavior\ReadHtmlCacheBehavior [ RunTime:0.000718s ]
INFO: [ app_begin ] --END-- [ RunTime:0.000766s ]
ERR: 1146:Table 'blouis.advice' doesn't exist
 [ SQLËØ≠Âè• ] : SHOW COLUMNS FROM `advice`
ERR: 1146:Table 'blouis.advice' doesn't exist
 [ SQLËØ≠Âè• ] : SHOW COLUMNS FROM `advice`

[ 2016-12-23T19:39:39+08:00 ] ::1 /RentIt_DE/index.php/Home/Advice/test
INFO: [ app_init ] --START--
INFO: Run Behavior\BuildLiteBehavior [ RunTime:0.000027s ]
INFO: [ app_init ] --END-- [ RunTime:0.000869s ]
INFO: [ app_begin ] --START--
INFO: Run Behavior\ReadHtmlCacheBehavior [ RunTime:0.001258s ]
INFO: [ app_begin ] --END-- [ RunTime:0.001346s ]
ERR: 1146:Table 'blouis.advice' doesn't exist
 [ SQLËØ≠Âè• ] : SHOW COLUMNS FROM `advice`
ERR: 1146:Table 'blouis.advice' doesn't exist
 [ SQLËØ≠Âè• ] : SHOW COLUMNS FROM `advice`

[ 2016-12-23T19:39:42+08:00 ] ::1 /RentIt_DE/index.php/Home/Advice/test
INFO: [ app_init ] --START--
INFO: Run Behavior\BuildLiteBehavior [ RunTime:0.000106s ]
INFO: [ app_init ] --END-- [ RunTime:0.002207s ]
INFO: [ app_begin ] --START--
INFO: Run Behavior\ReadHtmlCacheBehavior [ RunTime:0.001341s ]
INFO: [ app_begin ] --END-- [ RunTime:0.001438s ]
ERR: 1146:Table 'blouis.advice' doesn't exist
 [ SQLËØ≠Âè• ] : SHOW COLUMNS FROM `advice`
ERR: 1146:Table 'blouis.advice' doesn't exist
 [ SQLËØ≠Âè• ] : SHOW COLUMNS FROM `advice`

[ 2016-12-23T19:41:40+08:00 ] ::1 /RentIt_DE/index.php/Home/Advice/test
INFO: [ app_init ] --START--
INFO: Run Behavior\BuildLiteBehavior [ RunTime:0.000014s ]
INFO: [ app_init ] --END-- [ RunTime:0.000535s ]
INFO: [ app_begin ] --START--
INFO: Run Behavior\ReadHtmlCacheBehavior [ RunTime:0.000701s ]
INFO: [ app_begin ] --END-- [ RunTime:0.000748s ]
ERR: 1146:Table 'blouis.advice' doesn't exist
 [ SQLËØ≠Âè• ] : SHOW COLUMNS FROM `advice`
ERR: 1146:Table 'blouis.advice' doesn't exist
 [ SQLËØ≠Âè• ] : SHOW COLUMNS FROM `advice`

[ 2016-12-23T19:41:40+08:00 ] ::1 /RentIt_DE/index.php/Home/Advice/test
INFO: [ app_init ] --START--
INFO: Run Behavior\BuildLiteBehavior [ RunTime:0.000012s ]
INFO: [ app_init ] --END-- [ RunTime:0.000432s ]
INFO: [ app_begin ] --START--
INFO: Run Behavior\ReadHtmlCacheBehavior [ RunTime:0.000629s ]
INFO: [ app_begin ] --END-- [ RunTime:0.000669s ]
ERR: 1146:Table 'blouis.advice' doesn't exist
 [ SQLËØ≠Âè• ] : SHOW COLUMNS FROM `advice`
ERR: 1146:Table 'blouis.advice' doesn't exist
 [ SQLËØ≠Âè• ] : SHOW COLUMNS FROM `advice`

[ 2016-12-23T19:50:23+08:00 ] ::1 /RentIt_DE/index.php/Home/Advice/test
INFO: [ app_init ] --START--
INFO: Run Behavior\BuildLiteBehavior [ RunTime:0.000014s ]
INFO: [ app_init ] --END-- [ RunTime:0.000569s ]
INFO: [ app_begin ] --START--
INFO: Run Behavior\ReadHtmlCacheBehavior [ RunTime:0.000627s ]
INFO: [ app_begin ] --END-- [ RunTime:0.000668s ]

[ 2016-12-23T19:50:38+08:00 ] ::1 /RentIt_DE/index.php/Home/Advice/test
INFO: [ app_init ] --START--
INFO: Run Behavior\BuildLiteBehavior [ RunTime:0.000012s ]
INFO: [ app_init ] --END-- [ RunTime:0.000510s ]
INFO: [ app_begin ] --START--
INFO: Run Behavior\ReadHtmlCacheBehavior [ RunTime:0.001519s ]
INFO: [ app_begin ] --END-- [ RunTime:0.001627s ]
ERR: 1146:Table 'blouis.advice' doesn't exist
 [ SQLËØ≠Âè• ] : SHOW COLUMNS FROM `advice`
ERR: 1146:Table 'blouis.advice' doesn't exist
 [ SQLËØ≠Âè• ] : SHOW COLUMNS FROM `advice`

