[ 2016-12-24T11:01:03+08:00 ] ::1 /RentIt_DE/
INFO: [ app_init ] --START--
INFO: Run Behavior\BuildLiteBehavior [ RunTime:0.000024s ]
INFO: [ app_init ] --END-- [ RunTime:0.050919s ]
INFO: [ app_begin ] --START--
INFO: Run Behavior\ReadHtmlCacheBehavior [ RunTime:0.032056s ]
INFO: [ app_begin ] --END-- [ RunTime:0.032247s ]
INFO: [ view_parse ] --START--
INFO: [ template_filter ] --START--
INFO: Run Behavior\ContentReplaceBehavior [ RunTime:0.040274s ]
INFO: [ template_filter ] --END-- [ RunTime:0.040706s ]
NOTIC: [8] A session had already been started - ignoring session_start() D:\xampp\htdocs\RentIt_DE\ThinkPHP\Common\functions.php 第 1272 行.
INFO: Run Behavior\ParseTemplateBehavior [ RunTime:0.273614s ]
INFO: [ view_parse ] --END-- [ RunTime:0.273748s ]
INFO: [ view_filter ] --START--
INFO: Run Behavior\WriteHtmlCacheBehavior [ RunTime:0.012669s ]
INFO: [ view_filter ] --END-- [ RunTime:0.012736s ]
INFO: [ app_end ] --START--
INFO: Run Behavior\ShowPageTraceBehavior [ RunTime:0.099050s ]
INFO: [ app_end ] --END-- [ RunTime:0.099114s ]

[ 2016-12-24T11:01:03+08:00 ] ::1 /RentIt_DE/Public/js/ie-emulation-modes-warning.js
INFO: [ app_init ] --START--
INFO: Run Behavior\BuildLiteBehavior [ RunTime:0.000010s ]
INFO: [ app_init ] --END-- [ RunTime:0.000358s ]
INFO: [ app_begin ] --START--
INFO: Run Behavior\ReadHtmlCacheBehavior [ RunTime:0.000508s ]
INFO: [ app_begin ] --END-- [ RunTime:0.000548s ]
ERR: 无法加载控制器:Public

[ 2016-12-24T11:01:03+08:00 ] ::1 /RentIt_DE/Public/js/docs.min.js
INFO: [ app_init ] --START--
INFO: Run Behavior\BuildLiteBehavior [ RunTime:0.000018s ]
INFO: [ app_init ] --END-- [ RunTime:0.000583s ]
INFO: [ app_begin ] --START--
INFO: Run Behavior\ReadHtmlCacheBehavior [ RunTime:0.000704s ]
INFO: [ app_begin ] --END-- [ RunTime:0.000766s ]
ERR: 无法加载控制器:Public

[ 2016-12-24T11:01:03+08:00 ] ::1 /RentIt_DE/Public/js/ie10-viewport-bug-workaround.js
INFO: [ app_init ] --START--
INFO: Run Behavior\BuildLiteBehavior [ RunTime:0.000017s ]
INFO: [ app_init ] --END-- [ RunTime:0.000598s ]
INFO: [ app_begin ] --START--
INFO: Run Behavior\ReadHtmlCacheBehavior [ RunTime:0.000687s ]
INFO: [ app_begin ] --END-- [ RunTime:0.000753s ]
ERR: 无法加载控制器:Public

[ 2016-12-24T11:01:03+08:00 ] ::1 /RentIt_DE/Public/js/ie10-viewport-bug-workaround.js
INFO: [ app_init ] --START--
INFO: Run Behavior\BuildLiteBehavior [ RunTime:0.000013s ]
INFO: [ app_init ] --END-- [ RunTime:0.000413s ]
INFO: [ app_begin ] --START--
INFO: Run Behavior\ReadHtmlCacheBehavior [ RunTime:0.000666s ]
INFO: [ app_begin ] --END-- [ RunTime:0.000735s ]
ERR: 无法加载控制器:Public

[ 2016-12-24T11:01:03+08:00 ] ::1 /RentIt_DE/Public/js/docs.min.js
INFO: [ app_init ] --START--
INFO: Run Behavior\BuildLiteBehavior [ RunTime:0.000011s ]
INFO: [ app_init ] --END-- [ RunTime:0.000360s ]
INFO: [ app_begin ] --START--
INFO: Run Behavior\ReadHtmlCacheBehavior [ RunTime:0.000389s ]
INFO: [ app_begin ] --END-- [ RunTime:0.000432s ]
ERR: 无法加载控制器:Public

[ 2016-12-24T11:01:03+08:00 ] ::1 /RentIt_DE/Public/js/ie10-viewport-bug-workaround.js
INFO: [ app_init ] --START--
INFO: Run Behavior\BuildLiteBehavior [ RunTime:0.000010s ]
INFO: [ app_init ] --END-- [ RunTime:0.000357s ]
INFO: [ app_begin ] --START--
INFO: Run Behavior\ReadHtmlCacheBehavior [ RunTime:0.000410s ]
INFO: [ app_begin ] --END-- [ RunTime:0.000445s ]
ERR: 无法加载控制器:Public

[ 2016-12-24T11:01:11+08:00 ] ::1 /RentIt_DE/index.php/Home/Advice/test
INFO: [ app_init ] --START--
INFO: Run Behavior\BuildLiteBehavior [ RunTime:0.000012s ]
INFO: [ app_init ] --END-- [ RunTime:0.000565s ]
INFO: [ app_begin ] --START--
INFO: Run Behavior\ReadHtmlCacheBehavior [ RunTime:0.000714s ]
INFO: [ app_begin ] --END-- [ RunTime:0.000761s ]
ERR: 1146:Table 'blouis.advice' doesn't exist
 [ SQL语句 ] : SHOW COLUMNS FROM `advice`
ERR: 1146:Table 'blouis.advice' doesn't exist
 [ SQL语句 ] : SHOW COLUMNS FROM `advice`

[ 2016-12-24T11:01:32+08:00 ] ::1 /RentIt_DE/index.php/Home/Advice/test
ERR: 1146:Table 'blouis.advice' doesn't exist
 [ SQL语句 ] : SHOW COLUMNS FROM `advice`

[ 2016-12-24T11:02:41+08:00 ] ::1 /RentIt_DE/index.php/Home/Advice/test
ERR: 1146:Table 'blouis.advice' doesn't exist
 [ SQL语句 ] : SHOW COLUMNS FROM `advice`

[ 2016-12-24T11:02:42+08:00 ] ::1 /RentIt_DE/index.php/Home/Advice/test
ERR: 1146:Table 'blouis.advice' doesn't exist
 [ SQL语句 ] : SHOW COLUMNS FROM `advice`

[ 2016-12-24T11:03:08+08:00 ] ::1 /RentIt_DE/Public/js/ie-emulation-modes-warning.js
ERR: 无法加载控制器:Public

[ 2016-12-24T11:03:08+08:00 ] ::1 /RentIt_DE/Public/js/ie10-viewport-bug-workaround.js
ERR: 无法加载控制器:Public

[ 2016-12-24T11:03:08+08:00 ] ::1 /RentIt_DE/Public/js/docs.min.js
ERR: 无法加载控制器:Public

[ 2016-12-24T11:03:08+08:00 ] ::1 /RentIt_DE/Public/js/ie10-viewport-bug-workaround.js
ERR: 无法加载控制器:Public

[ 2016-12-24T11:03:09+08:00 ] ::1 /RentIt_DE/Public/js/ie-emulation-modes-warning.js
ERR: 无法加载控制器:Public

[ 2016-12-24T11:03:09+08:00 ] ::1 /RentIt_DE/Public/js/ie10-viewport-bug-workaround.js
ERR: 无法加载控制器:Public

[ 2016-12-24T11:03:15+08:00 ] ::1 /RentIt_DE/index.php/Advice/test
ERR: 1146:Table 'blouis.advice' doesn't exist
 [ SQL语句 ] : SHOW COLUMNS FROM `advice`

[ 2016-12-24T11:03:28+08:00 ] ::1 /RentIt_DE/index.php/Advice/test
ERR: 1146:Table 'blouis.advice' doesn't exist
 [ SQL语句 ] : SHOW COLUMNS FROM `advice`

[ 2016-12-24T11:03:29+08:00 ] ::1 /RentIt_DE/index.php/Advice/test
ERR: 1146:Table 'blouis.advice' doesn't exist
 [ SQL语句 ] : SHOW COLUMNS FROM `advice`

[ 2016-12-24T11:12:18+08:00 ] ::1 /RentIt_DE/index.php/Advice/test
ERR: 1146:Table 'blouis.student' doesn't exist
 [ SQL语句 ] : SHOW COLUMNS FROM `student`

[ 2016-12-24T11:13:53+08:00 ] ::1 /RentIt_DE/index.php/Advice/test
ERR: 1146:Table 'blouis.student' doesn't exist
 [ SQL语句 ] : SHOW COLUMNS FROM `student`

[ 2016-12-24T11:17:25+08:00 ] ::1 /RentIt_DE/index.php/Advice/test
ERR: 1146:Table 'blouis.student' doesn't exist
 [ SQL语句 ] : SHOW COLUMNS FROM `student`

[ 2016-12-24T11:25:41+08:00 ] ::1 /RentIt_DE/index.php/Advice/test
ERR: 1146:Table 'blouis.other_student' doesn't exist
 [ SQL语句 ] : SHOW COLUMNS FROM `other_student`

[ 2016-12-24T11:25:53+08:00 ] ::1 /RentIt_DE/index.php/Advice/test
ERR: 1146:Table 'blouis.student' doesn't exist
 [ SQL语句 ] : SHOW COLUMNS FROM `student`

[ 2016-12-24T11:53:54+08:00 ] ::1 /RentIt_DE/index.php/Home/Advice/test
INFO: [ app_init ] --START--
INFO: Run Behavior\BuildLiteBehavior [ RunTime:0.000012s ]
INFO: [ app_init ] --END-- [ RunTime:0.000457s ]
INFO: [ app_begin ] --START--
INFO: Run Behavior\ReadHtmlCacheBehavior [ RunTime:0.000664s ]
INFO: [ app_begin ] --END-- [ RunTime:0.000700s ]
NOTIC: [2048] Declaration of Think\Model\MongoModel::setInc() should be compatible with Think\Model::setInc($field, $step = 1, $lazyTime = 0) D:\xampp\htdocs\RentIt_DE\ThinkPHP\Library\Think\Model\MongoModel.class.php 第 17 行.
NOTIC: [2048] Declaration of Think\Model\MongoModel::setDec() should be compatible with Think\Model::setDec($field, $step = 1, $lazyTime = 0) D:\xampp\htdocs\RentIt_DE\ThinkPHP\Library\Think\Model\MongoModel.class.php 第 17 行.
NOTIC: [2048] Declaration of Think\Db\Driver\Mongo::connect() should be compatible with Think\Db\Driver::connect($config = '', $linkNum = 0, $autoConnection = false) D:\xampp\htdocs\RentIt_DE\ThinkPHP\Library\Think\Db\Driver\Mongo.class.php 第 18 行.
NOTIC: [2048] Declaration of Think\Db\Driver\Mongo::insertAll() should be compatible with Think\Db\Driver::insertAll($dataSet, $options = Array, $replace = false) D:\xampp\htdocs\RentIt_DE\ThinkPHP\Library\Think\Db\Driver\Mongo.class.php 第 18 行.
SQL: test.getCollection(student) [ RunTime:0.0000s ]
SQL: test.student.findOne() [ RunTime:0.2974s ]
NOTIC: [8] Undefined index: primary D:\xampp\htdocs\RentIt_DE\ThinkPHP\Library\Think\Model.class.php 第 143 行.
NOTIC: [8] Undefined index: primary D:\xampp\htdocs\RentIt_DE\ThinkPHP\Library\Think\Model.class.php 第 143 行.
NOTIC: [8] Undefined index: primary D:\xampp\htdocs\RentIt_DE\ThinkPHP\Library\Think\Model.class.php 第 143 行.
SQL: test.student.find({}) [ RunTime:0.0000s ]
INFO: [ app_end ] --START--
INFO: Run Behavior\ShowPageTraceBehavior [ RunTime:0.000894s ]
INFO: [ app_end ] --END-- [ RunTime:0.001000s ]

[ 2016-12-24T11:55:20+08:00 ] ::1 /RentIt_DE/index.php/Home/Advice/test
INFO: [ app_init ] --START--
INFO: Run Behavior\BuildLiteBehavior [ RunTime:0.000010s ]
INFO: [ app_init ] --END-- [ RunTime:0.000482s ]
INFO: [ app_begin ] --START--
INFO: Run Behavior\ReadHtmlCacheBehavior [ RunTime:0.000608s ]
INFO: [ app_begin ] --END-- [ RunTime:0.000655s ]
NOTIC: [2048] Declaration of Think\Model\MongoModel::setInc() should be compatible with Think\Model::setInc($field, $step = 1, $lazyTime = 0) D:\xampp\htdocs\RentIt_DE\ThinkPHP\Library\Think\Model\MongoModel.class.php 第 17 行.
NOTIC: [2048] Declaration of Think\Model\MongoModel::setDec() should be compatible with Think\Model::setDec($field, $step = 1, $lazyTime = 0) D:\xampp\htdocs\RentIt_DE\ThinkPHP\Library\Think\Model\MongoModel.class.php 第 17 行.
NOTIC: [2048] Declaration of Think\Db\Driver\Mongo::connect() should be compatible with Think\Db\Driver::connect($config = '', $linkNum = 0, $autoConnection = false) D:\xampp\htdocs\RentIt_DE\ThinkPHP\Library\Think\Db\Driver\Mongo.class.php 第 18 行.
NOTIC: [2048] Declaration of Think\Db\Driver\Mongo::insertAll() should be compatible with Think\Db\Driver::insertAll($dataSet, $options = Array, $replace = false) D:\xampp\htdocs\RentIt_DE\ThinkPHP\Library\Think\Db\Driver\Mongo.class.php 第 18 行.
SQL: test.getCollection(student) [ RunTime:0.0000s ]
SQL: test.student.findOne() [ RunTime:0.0007s ]
NOTIC: [8] Undefined index: primary D:\xampp\htdocs\RentIt_DE\ThinkPHP\Library\Think\Model.class.php 第 143 行.
NOTIC: [8] Undefined index: primary D:\xampp\htdocs\RentIt_DE\ThinkPHP\Library\Think\Model.class.php 第 143 行.
NOTIC: [8] Undefined index: primary D:\xampp\htdocs\RentIt_DE\ThinkPHP\Library\Think\Model.class.php 第 143 行.
SQL: test.student.find({}) [ RunTime:0.0000s ]
INFO: [ app_end ] --START--
INFO: Run Behavior\ShowPageTraceBehavior [ RunTime:0.001286s ]
INFO: [ app_end ] --END-- [ RunTime:0.001398s ]

[ 2016-12-24T11:55:27+08:00 ] ::1 /RentIt_DE/index.php/Home/Car/index
INFO: [ app_init ] --START--
INFO: Run Behavior\BuildLiteBehavior [ RunTime:0.000013s ]
INFO: [ app_init ] --END-- [ RunTime:0.000564s ]
INFO: [ app_begin ] --START--
INFO: Run Behavior\ReadHtmlCacheBehavior [ RunTime:0.000709s ]
INFO: [ app_begin ] --END-- [ RunTime:0.000753s ]
ERR: 无法加载控制器:Car

[ 2016-12-24T11:55:49+08:00 ] ::1 /RentIt_DE/index.php/Home/Rent/index
INFO: [ app_init ] --START--
INFO: Run Behavior\BuildLiteBehavior [ RunTime:0.000013s ]
INFO: [ app_init ] --END-- [ RunTime:0.000500s ]
INFO: [ app_begin ] --START--
INFO: Run Behavior\ReadHtmlCacheBehavior [ RunTime:0.000733s ]
INFO: [ app_begin ] --END-- [ RunTime:0.000783s ]
NOTIC: [2048] Declaration of Home\Model\CarModel::check() should be compatible with Think\Model::check($value, $rule, $type = 'regex') D:\xampp\htdocs\RentIt_DE\Application\Home\Model\CarModel.class.php 第 4 行.
NOTIC: [2048] Declaration of Think\Db\Driver\Mongo::connect() should be compatible with Think\Db\Driver::connect($config = '', $linkNum = 0, $autoConnection = false) D:\xampp\htdocs\RentIt_DE\ThinkPHP\Library\Think\Db\Driver\Mongo.class.php 第 18 行.
NOTIC: [2048] Declaration of Think\Db\Driver\Mongo::insertAll() should be compatible with Think\Db\Driver::insertAll($dataSet, $options = Array, $replace = false) D:\xampp\htdocs\RentIt_DE\ThinkPHP\Library\Think\Db\Driver\Mongo.class.php 第 18 行.

[ 2016-12-24T11:56:32+08:00 ] ::1 /RentIt_DE/index.php/Home/Rent/index
INFO: [ app_init ] --START--
INFO: Run Behavior\BuildLiteBehavior [ RunTime:0.000014s ]
INFO: [ app_init ] --END-- [ RunTime:0.000684s ]
INFO: [ app_begin ] --START--
INFO: Run Behavior\ReadHtmlCacheBehavior [ RunTime:0.000835s ]
INFO: [ app_begin ] --END-- [ RunTime:0.000908s ]
NOTIC: [2048] Declaration of Home\Model\CarModel::check() should be compatible with Think\Model::check($value, $rule, $type = 'regex') D:\xampp\htdocs\RentIt_DE\Application\Home\Model\CarModel.class.php 第 4 行.
NOTIC: [8] Undefined variable: connection D:\xampp\htdocs\RentIt_DE\Application\Home\Model\CarModel.class.php 第 17 行.
NOTIC: [2048] Declaration of Think\Db\Driver\Mongo::connect() should be compatible with Think\Db\Driver::connect($config = '', $linkNum = 0, $autoConnection = false) D:\xampp\htdocs\RentIt_DE\ThinkPHP\Library\Think\Db\Driver\Mongo.class.php 第 18 行.
NOTIC: [2048] Declaration of Think\Db\Driver\Mongo::insertAll() should be compatible with Think\Db\Driver::insertAll($dataSet, $options = Array, $replace = false) D:\xampp\htdocs\RentIt_DE\ThinkPHP\Library\Think\Db\Driver\Mongo.class.php 第 18 行.

[ 2016-12-24T11:56:32+08:00 ] ::1 /RentIt_DE/index.php/Home/Rent/index
INFO: [ app_init ] --START--
INFO: Run Behavior\BuildLiteBehavior [ RunTime:0.000011s ]
INFO: [ app_init ] --END-- [ RunTime:0.000543s ]
INFO: [ app_begin ] --START--
INFO: Run Behavior\ReadHtmlCacheBehavior [ RunTime:0.000967s ]
INFO: [ app_begin ] --END-- [ RunTime:0.001087s ]
NOTIC: [2048] Declaration of Home\Model\CarModel::check() should be compatible with Think\Model::check($value, $rule, $type = 'regex') D:\xampp\htdocs\RentIt_DE\Application\Home\Model\CarModel.class.php 第 4 行.
NOTIC: [8] Undefined variable: connection D:\xampp\htdocs\RentIt_DE\Application\Home\Model\CarModel.class.php 第 17 行.
NOTIC: [2048] Declaration of Think\Db\Driver\Mongo::connect() should be compatible with Think\Db\Driver::connect($config = '', $linkNum = 0, $autoConnection = false) D:\xampp\htdocs\RentIt_DE\ThinkPHP\Library\Think\Db\Driver\Mongo.class.php 第 18 行.
NOTIC: [2048] Declaration of Think\Db\Driver\Mongo::insertAll() should be compatible with Think\Db\Driver::insertAll($dataSet, $options = Array, $replace = false) D:\xampp\htdocs\RentIt_DE\ThinkPHP\Library\Think\Db\Driver\Mongo.class.php 第 18 行.

[ 2016-12-24T11:57:03+08:00 ] ::1 /RentIt_DE/index.php/Home/Rent/index
INFO: [ app_init ] --START--
INFO: Run Behavior\BuildLiteBehavior [ RunTime:0.000012s ]
INFO: [ app_init ] --END-- [ RunTime:0.000540s ]
INFO: [ app_begin ] --START--
INFO: Run Behavior\ReadHtmlCacheBehavior [ RunTime:0.000696s ]
INFO: [ app_begin ] --END-- [ RunTime:0.000740s ]
NOTIC: [2048] Declaration of Home\Model\CarModel::check() should be compatible with Think\Model::check($value, $rule, $type = 'regex') D:\xampp\htdocs\RentIt_DE\Application\Home\Model\CarModel.class.php 第 4 行.
NOTIC: [8] Undefined variable: connection D:\xampp\htdocs\RentIt_DE\Application\Home\Model\CarModel.class.php 第 17 行.
NOTIC: [2048] Declaration of Think\Db\Driver\Mongo::connect() should be compatible with Think\Db\Driver::connect($config = '', $linkNum = 0, $autoConnection = false) D:\xampp\htdocs\RentIt_DE\ThinkPHP\Library\Think\Db\Driver\Mongo.class.php 第 18 行.
NOTIC: [2048] Declaration of Think\Db\Driver\Mongo::insertAll() should be compatible with Think\Db\Driver::insertAll($dataSet, $options = Array, $replace = false) D:\xampp\htdocs\RentIt_DE\ThinkPHP\Library\Think\Db\Driver\Mongo.class.php 第 18 行.

[ 2016-12-24T11:57:04+08:00 ] ::1 /RentIt_DE/index.php/Home/Rent/index
INFO: [ app_init ] --START--
INFO: Run Behavior\BuildLiteBehavior [ RunTime:0.000013s ]
INFO: [ app_init ] --END-- [ RunTime:0.000542s ]
INFO: [ app_begin ] --START--
INFO: Run Behavior\ReadHtmlCacheBehavior [ RunTime:0.000726s ]
INFO: [ app_begin ] --END-- [ RunTime:0.000769s ]
NOTIC: [2048] Declaration of Home\Model\CarModel::check() should be compatible with Think\Model::check($value, $rule, $type = 'regex') D:\xampp\htdocs\RentIt_DE\Application\Home\Model\CarModel.class.php 第 4 行.
NOTIC: [8] Undefined variable: connection D:\xampp\htdocs\RentIt_DE\Application\Home\Model\CarModel.class.php 第 17 行.
NOTIC: [2048] Declaration of Think\Db\Driver\Mongo::connect() should be compatible with Think\Db\Driver::connect($config = '', $linkNum = 0, $autoConnection = false) D:\xampp\htdocs\RentIt_DE\ThinkPHP\Library\Think\Db\Driver\Mongo.class.php 第 18 行.
NOTIC: [2048] Declaration of Think\Db\Driver\Mongo::insertAll() should be compatible with Think\Db\Driver::insertAll($dataSet, $options = Array, $replace = false) D:\xampp\htdocs\RentIt_DE\ThinkPHP\Library\Think\Db\Driver\Mongo.class.php 第 18 行.

[ 2016-12-24T11:57:06+08:00 ] ::1 /RentIt_DE/index.php/Home/Rent/index
INFO: [ app_init ] --START--
INFO: Run Behavior\BuildLiteBehavior [ RunTime:0.000014s ]
INFO: [ app_init ] --END-- [ RunTime:0.000614s ]
INFO: [ app_begin ] --START--
INFO: Run Behavior\ReadHtmlCacheBehavior [ RunTime:0.000670s ]
INFO: [ app_begin ] --END-- [ RunTime:0.000721s ]
NOTIC: [2048] Declaration of Home\Model\CarModel::check() should be compatible with Think\Model::check($value, $rule, $type = 'regex') D:\xampp\htdocs\RentIt_DE\Application\Home\Model\CarModel.class.php 第 4 行.
NOTIC: [8] Undefined variable: connection D:\xampp\htdocs\RentIt_DE\Application\Home\Model\CarModel.class.php 第 17 行.
NOTIC: [2048] Declaration of Think\Db\Driver\Mongo::connect() should be compatible with Think\Db\Driver::connect($config = '', $linkNum = 0, $autoConnection = false) D:\xampp\htdocs\RentIt_DE\ThinkPHP\Library\Think\Db\Driver\Mongo.class.php 第 18 行.
NOTIC: [2048] Declaration of Think\Db\Driver\Mongo::insertAll() should be compatible with Think\Db\Driver::insertAll($dataSet, $options = Array, $replace = false) D:\xampp\htdocs\RentIt_DE\ThinkPHP\Library\Think\Db\Driver\Mongo.class.php 第 18 行.

[ 2016-12-24T11:57:09+08:00 ] ::1 /RentIt_DE/index.php/Home/Rent/index
INFO: [ app_init ] --START--
INFO: Run Behavior\BuildLiteBehavior [ RunTime:0.000015s ]
INFO: [ app_init ] --END-- [ RunTime:0.000638s ]
INFO: [ app_begin ] --START--
INFO: Run Behavior\ReadHtmlCacheBehavior [ RunTime:0.000952s ]
INFO: [ app_begin ] --END-- [ RunTime:0.001016s ]
NOTIC: [2048] Declaration of Home\Model\CarModel::check() should be compatible with Think\Model::check($value, $rule, $type = 'regex') D:\xampp\htdocs\RentIt_DE\Application\Home\Model\CarModel.class.php 第 4 行.
NOTIC: [8] Undefined variable: connection D:\xampp\htdocs\RentIt_DE\Application\Home\Model\CarModel.class.php 第 17 行.
NOTIC: [2048] Declaration of Think\Db\Driver\Mongo::connect() should be compatible with Think\Db\Driver::connect($config = '', $linkNum = 0, $autoConnection = false) D:\xampp\htdocs\RentIt_DE\ThinkPHP\Library\Think\Db\Driver\Mongo.class.php 第 18 行.
NOTIC: [2048] Declaration of Think\Db\Driver\Mongo::insertAll() should be compatible with Think\Db\Driver::insertAll($dataSet, $options = Array, $replace = false) D:\xampp\htdocs\RentIt_DE\ThinkPHP\Library\Think\Db\Driver\Mongo.class.php 第 18 行.

[ 2016-12-24T16:24:06+08:00 ] ::1 /RentIt_DE/Public/js/ie-emulation-modes-warning.js
ERR: 无法加载控制器:Public

[ 2016-12-24T16:24:06+08:00 ] ::1 /RentIt_DE/Public/js/ie10-viewport-bug-workaround.js
ERR: 无法加载控制器:Public

[ 2016-12-24T16:24:06+08:00 ] ::1 /RentIt_DE/Public/js/docs.min.js
ERR: 无法加载控制器:Public

[ 2016-12-24T16:24:07+08:00 ] ::1 /RentIt_DE/Public/js/ie10-viewport-bug-workaround.js
ERR: 无法加载控制器:Public

[ 2016-12-24T16:24:07+08:00 ] ::1 /RentIt_DE/Public/js/docs.min.js
ERR: 无法加载控制器:Public

[ 2016-12-24T16:24:07+08:00 ] ::1 /RentIt_DE/Public/js/ie10-viewport-bug-workaround.js
ERR: 无法加载控制器:Public

[ 2016-12-24T16:38:44+08:00 ] ::1 /RentIt_DE/Public/js/ie-emulation-modes-warning.js
ERR: 无法加载控制器:Public

[ 2016-12-24T16:38:44+08:00 ] ::1 /RentIt_DE/Public/js/ie10-viewport-bug-workaround.js
ERR: 无法加载控制器:Public

[ 2016-12-24T16:38:44+08:00 ] ::1 /RentIt_DE/Public/js/docs.min.js
ERR: 无法加载控制器:Public

[ 2016-12-24T16:38:44+08:00 ] ::1 /RentIt_DE/Public/js/ie10-viewport-bug-workaround.js
ERR: 无法加载控制器:Public

[ 2016-12-24T16:47:43+08:00 ] ::1 /RentIt_DE/Public/js/ie-emulation-modes-warning.js
ERR: 无法加载控制器:Public

[ 2016-12-24T16:47:43+08:00 ] ::1 /RentIt_DE/Public/js/ie10-viewport-bug-workaround.js
ERR: 无法加载控制器:Public

[ 2016-12-24T16:47:44+08:00 ] ::1 /RentIt_DE/Public/js/ie10-viewport-bug-workaround.js
ERR: 无法加载控制器:Public

[ 2016-12-24T16:48:19+08:00 ] ::1 /RentIt_DE/Public/js/ie-emulation-modes-warning.js
ERR: 无法加载控制器:Public

[ 2016-12-24T16:48:19+08:00 ] ::1 /RentIt_DE/Public/js/ie10-viewport-bug-workaround.js
ERR: 无法加载控制器:Public

[ 2016-12-24T16:48:19+08:00 ] ::1 /RentIt_DE/Public/js/ie10-viewport-bug-workaround.js
ERR: 无法加载控制器:Public

[ 2016-12-24T16:48:39+08:00 ] ::1 /RentIt_DE/Public/js/ie10-viewport-bug-workaround.js
ERR: 无法加载控制器:Public

[ 2016-12-24T16:48:39+08:00 ] ::1 /RentIt_DE/Public/js/ie-emulation-modes-warning.js
ERR: 无法加载控制器:Public

[ 2016-12-24T16:48:39+08:00 ] ::1 /RentIt_DE/Public/js/ie10-viewport-bug-workaround.js
ERR: 无法加载控制器:Public

[ 2016-12-24T16:49:31+08:00 ] ::1 /RentIt_DE/Public/js/ie-emulation-modes-warning.js
ERR: 无法加载控制器:Public

[ 2016-12-24T16:49:31+08:00 ] ::1 /RentIt_DE/Public/js/ie10-viewport-bug-workaround.js
ERR: 无法加载控制器:Public

[ 2016-12-24T16:49:31+08:00 ] ::1 /RentIt_DE/Public/js/ie10-viewport-bug-workaround.js
ERR: 无法加载控制器:Public

[ 2016-12-24T16:52:00+08:00 ] ::1 /RentIt_DE/Public/js/ie-emulation-modes-warning.js
ERR: 无法加载控制器:Public

[ 2016-12-24T16:52:00+08:00 ] ::1 /RentIt_DE/Public/js/ie10-viewport-bug-workaround.js
ERR: 无法加载控制器:Public

[ 2016-12-24T16:52:00+08:00 ] ::1 /RentIt_DE/Public/js/ie10-viewport-bug-workaround.js
ERR: 无法加载控制器:Public

[ 2016-12-24T16:52:22+08:00 ] ::1 /RentIt_DE/index.php/Advice/%7BU:('Advice/post/id=1')%7D
ERR: 非法操作:{U:('Advice

[ 2016-12-24T16:52:25+08:00 ] ::1 /RentIt_DE/Public/js/ie-emulation-modes-warning.js
ERR: 无法加载控制器:Public

[ 2016-12-24T16:52:25+08:00 ] ::1 /RentIt_DE/Public/js/ie10-viewport-bug-workaround.js
ERR: 无法加载控制器:Public

[ 2016-12-24T16:52:25+08:00 ] ::1 /RentIt_DE/Public/js/ie10-viewport-bug-workaround.js
ERR: 无法加载控制器:Public

[ 2016-12-24T16:56:15+08:00 ] ::1 /RentIt_DE/Public/js/ie-emulation-modes-warning.js
ERR: 无法加载控制器:Public

[ 2016-12-24T16:56:15+08:00 ] ::1 /RentIt_DE/Public/js/ie10-viewport-bug-workaround.js
ERR: 无法加载控制器:Public

[ 2016-12-24T16:56:15+08:00 ] ::1 /RentIt_DE/Public/js/ie10-viewport-bug-workaround.js
ERR: 无法加载控制器:Public

[ 2016-12-24T17:00:30+08:00 ] ::1 /RentIt_DE/Public/js/ie-emulation-modes-warning.js
ERR: 无法加载控制器:Public

[ 2016-12-24T17:00:30+08:00 ] ::1 /RentIt_DE/Public/js/ie10-viewport-bug-workaround.js
ERR: 无法加载控制器:Public

[ 2016-12-24T17:00:30+08:00 ] ::1 /RentIt_DE/Public/js/ie10-viewport-bug-workaround.js
ERR: 无法加载控制器:Public

[ 2016-12-24T17:02:04+08:00 ] ::1 /RentIt_DE/Public/js/ie-emulation-modes-warning.js
ERR: 无法加载控制器:Public

[ 2016-12-24T17:02:04+08:00 ] ::1 /RentIt_DE/Public/js/ie10-viewport-bug-workaround.js
ERR: 无法加载控制器:Public

[ 2016-12-24T17:02:04+08:00 ] ::1 /RentIt_DE/Public/js/ie10-viewport-bug-workaround.js
ERR: 无法加载控制器:Public

[ 2016-12-24T17:03:36+08:00 ] ::1 /RentIt_DE/Public/js/ie-emulation-modes-warning.js
ERR: 无法加载控制器:Public

[ 2016-12-24T17:03:36+08:00 ] ::1 /RentIt_DE/Public/js/ie10-viewport-bug-workaround.js
ERR: 无法加载控制器:Public

[ 2016-12-24T17:03:36+08:00 ] ::1 /RentIt_DE/Public/js/ie10-viewport-bug-workaround.js
ERR: 无法加载控制器:Public

[ 2016-12-24T17:06:15+08:00 ] ::1 /RentIt_DE/Public/js/ie-emulation-modes-warning.js
ERR: 无法加载控制器:Public

[ 2016-12-24T17:06:15+08:00 ] ::1 /RentIt_DE/Public/js/ie10-viewport-bug-workaround.js
ERR: 无法加载控制器:Public

[ 2016-12-24T17:06:15+08:00 ] ::1 /RentIt_DE/Public/js/ie10-viewport-bug-workaround.js
ERR: 无法加载控制器:Public

[ 2016-12-24T17:15:17+08:00 ] ::1 /RentIt_DE/Public/js/ie-emulation-modes-warning.js
ERR: 无法加载控制器:Public

[ 2016-12-24T17:15:17+08:00 ] ::1 /RentIt_DE/Public/js/ie10-viewport-bug-workaround.js
ERR: 无法加载控制器:Public

[ 2016-12-24T17:15:18+08:00 ] ::1 /RentIt_DE/Public/js/ie10-viewport-bug-workaround.js
ERR: 无法加载控制器:Public

[ 2016-12-24T17:16:20+08:00 ] ::1 /RentIt_DE/Public/js/ie-emulation-modes-warning.js
ERR: 无法加载控制器:Public

[ 2016-12-24T17:16:20+08:00 ] ::1 /RentIt_DE/Public/js/ie10-viewport-bug-workaround.js
ERR: 无法加载控制器:Public

[ 2016-12-24T17:16:20+08:00 ] ::1 /RentIt_DE/Public/js/ie10-viewport-bug-workaround.js
ERR: 无法加载控制器:Public

[ 2016-12-24T17:17:06+08:00 ] ::1 /RentIt_DE/Public/js/ie-emulation-modes-warning.js
ERR: 无法加载控制器:Public

[ 2016-12-24T17:17:06+08:00 ] ::1 /RentIt_DE/Public/js/ie10-viewport-bug-workaround.js
ERR: 无法加载控制器:Public

[ 2016-12-24T17:17:06+08:00 ] ::1 /RentIt_DE/Public/js/ie10-viewport-bug-workaround.js
ERR: 无法加载控制器:Public

[ 2016-12-24T17:18:29+08:00 ] ::1 /RentIt_DE/Public/js/ie-emulation-modes-warning.js
ERR: 无法加载控制器:Public

[ 2016-12-24T17:18:29+08:00 ] ::1 /RentIt_DE/Public/js/ie10-viewport-bug-workaround.js
ERR: 无法加载控制器:Public

[ 2016-12-24T17:18:29+08:00 ] ::1 /RentIt_DE/Public/js/ie10-viewport-bug-workaround.js
ERR: 无法加载控制器:Public

[ 2016-12-24T17:27:44+08:00 ] ::1 /RentIt_DE/Public/js/ie-emulation-modes-warning.js
ERR: 无法加载控制器:Public

[ 2016-12-24T17:27:44+08:00 ] ::1 /RentIt_DE/Public/js/ie10-viewport-bug-workaround.js
ERR: 无法加载控制器:Public

[ 2016-12-24T17:27:44+08:00 ] ::1 /RentIt_DE/Public/js/ie10-viewport-bug-workaround.js
ERR: 无法加载控制器:Public

[ 2016-12-24T17:27:45+08:00 ] ::1 /RentIt_DE/Public/js/ie10-viewport-bug-workaround.js
ERR: 无法加载控制器:Public

[ 2016-12-24T17:27:45+08:00 ] ::1 /RentIt_DE/Public/js/ie-emulation-modes-warning.js
ERR: 无法加载控制器:Public

[ 2016-12-24T17:27:46+08:00 ] ::1 /RentIt_DE/Public/js/ie10-viewport-bug-workaround.js
ERR: 无法加载控制器:Public

[ 2016-12-24T17:27:46+08:00 ] ::1 /RentIt_DE/Public/js/ie-emulation-modes-warning.js
ERR: 无法加载控制器:Public

[ 2016-12-24T17:27:46+08:00 ] ::1 /RentIt_DE/Public/js/ie10-viewport-bug-workaround.js
ERR: 无法加载控制器:Public

[ 2016-12-24T17:27:47+08:00 ] ::1 /RentIt_DE/Public/js/ie10-viewport-bug-workaround.js
ERR: 无法加载控制器:Public

[ 2016-12-24T17:27:47+08:00 ] ::1 /RentIt_DE/Public/js/ie-emulation-modes-warning.js
ERR: 无法加载控制器:Public

[ 2016-12-24T17:27:47+08:00 ] ::1 /RentIt_DE/Public/js/ie10-viewport-bug-workaround.js
ERR: 无法加载控制器:Public

[ 2016-12-24T17:27:47+08:00 ] ::1 /RentIt_DE/Public/js/ie10-viewport-bug-workaround.js
ERR: 无法加载控制器:Public

[ 2016-12-24T17:27:49+08:00 ] ::1 /RentIt_DE/Public/js/ie10-viewport-bug-workaround.js
ERR: 无法加载控制器:Public

[ 2016-12-24T17:27:49+08:00 ] ::1 /RentIt_DE/Public/js/ie-emulation-modes-warning.js
ERR: 无法加载控制器:Public

[ 2016-12-24T17:27:49+08:00 ] ::1 /RentIt_DE/Public/js/ie10-viewport-bug-workaround.js
ERR: 无法加载控制器:Public

[ 2016-12-24T17:27:50+08:00 ] ::1 /RentIt_DE/Public/js/ie10-viewport-bug-workaround.js
ERR: 无法加载控制器:Public

[ 2016-12-24T17:27:50+08:00 ] ::1 /RentIt_DE/Public/js/ie-emulation-modes-warning.js
ERR: 无法加载控制器:Public

[ 2016-12-24T17:27:50+08:00 ] ::1 /RentIt_DE/Public/js/ie10-viewport-bug-workaround.js
ERR: 无法加载控制器:Public

[ 2016-12-24T17:27:50+08:00 ] ::1 /RentIt_DE/Public/js/ie-emulation-modes-warning.js
ERR: 无法加载控制器:Public

[ 2016-12-24T17:27:50+08:00 ] ::1 /RentIt_DE/Public/js/ie10-viewport-bug-workaround.js
ERR: 无法加载控制器:Public

[ 2016-12-24T17:27:50+08:00 ] ::1 /RentIt_DE/Public/js/ie10-viewport-bug-workaround.js
ERR: 无法加载控制器:Public

[ 2016-12-24T17:28:33+08:00 ] ::1 /RentIt_DE/Public/js/ie-emulation-modes-warning.js
ERR: 无法加载控制器:Public

[ 2016-12-24T17:28:33+08:00 ] ::1 /RentIt_DE/Public/js/ie10-viewport-bug-workaround.js
ERR: 无法加载控制器:Public

[ 2016-12-24T17:28:33+08:00 ] ::1 /RentIt_DE/Public/js/ie10-viewport-bug-workaround.js
ERR: 无法加载控制器:Public

[ 2016-12-24T17:28:34+08:00 ] ::1 /RentIt_DE/Public/js/ie-emulation-modes-warning.js
ERR: 无法加载控制器:Public

[ 2016-12-24T17:28:34+08:00 ] ::1 /RentIt_DE/Public/js/ie10-viewport-bug-workaround.js
ERR: 无法加载控制器:Public

[ 2016-12-24T17:28:34+08:00 ] ::1 /RentIt_DE/Public/js/ie10-viewport-bug-workaround.js
ERR: 无法加载控制器:Public

[ 2016-12-24T17:28:35+08:00 ] ::1 /RentIt_DE/Public/js/ie10-viewport-bug-workaround.js
ERR: 无法加载控制器:Public

[ 2016-12-24T17:28:35+08:00 ] ::1 /RentIt_DE/Public/js/ie-emulation-modes-warning.js
ERR: 无法加载控制器:Public

[ 2016-12-24T17:28:35+08:00 ] ::1 /RentIt_DE/Public/js/ie10-viewport-bug-workaround.js
ERR: 无法加载控制器:Public

[ 2016-12-24T17:28:36+08:00 ] ::1 /RentIt_DE/Public/js/ie-emulation-modes-warning.js
ERR: 无法加载控制器:Public

[ 2016-12-24T17:28:36+08:00 ] ::1 /RentIt_DE/Public/js/ie10-viewport-bug-workaround.js
ERR: 无法加载控制器:Public

[ 2016-12-24T17:28:36+08:00 ] ::1 /RentIt_DE/Public/js/ie10-viewport-bug-workaround.js
ERR: 无法加载控制器:Public

[ 2016-12-24T17:28:37+08:00 ] ::1 /RentIt_DE/Public/js/ie-emulation-modes-warning.js
ERR: 无法加载控制器:Public

[ 2016-12-24T17:28:37+08:00 ] ::1 /RentIt_DE/Public/js/docs.min.js
ERR: 无法加载控制器:Public

[ 2016-12-24T17:28:37+08:00 ] ::1 /RentIt_DE/Public/js/ie10-viewport-bug-workaround.js
ERR: 无法加载控制器:Public

[ 2016-12-24T17:28:37+08:00 ] ::1 /RentIt_DE/Public/js/docs.min.js
ERR: 无法加载控制器:Public

[ 2016-12-24T17:28:37+08:00 ] ::1 /RentIt_DE/Public/js/ie10-viewport-bug-workaround.js
ERR: 无法加载控制器:Public

[ 2016-12-24T17:28:38+08:00 ] ::1 /RentIt_DE/Public/js/ie-emulation-modes-warning.js
ERR: 无法加载控制器:Public

[ 2016-12-24T17:28:38+08:00 ] ::1 /RentIt_DE/Public/js/ie10-viewport-bug-workaround.js
ERR: 无法加载控制器:Public

[ 2016-12-24T17:28:38+08:00 ] ::1 /RentIt_DE/Public/js/ie10-viewport-bug-workaround.js
ERR: 无法加载控制器:Public

[ 2016-12-24T17:28:38+08:00 ] ::1 /RentIt_DE/Public/js/ie-emulation-modes-warning.js
ERR: 无法加载控制器:Public

[ 2016-12-24T17:28:38+08:00 ] ::1 /RentIt_DE/Public/js/ie10-viewport-bug-workaround.js
ERR: 无法加载控制器:Public

[ 2016-12-24T17:28:38+08:00 ] ::1 /RentIt_DE/Public/js/ie10-viewport-bug-workaround.js
ERR: 无法加载控制器:Public

[ 2016-12-24T17:28:39+08:00 ] ::1 /RentIt_DE/Public/js/ie-emulation-modes-warning.js
ERR: 无法加载控制器:Public

[ 2016-12-24T17:28:39+08:00 ] ::1 /RentIt_DE/Public/js/ie10-viewport-bug-workaround.js
ERR: 无法加载控制器:Public

[ 2016-12-24T17:28:58+08:00 ] ::1 /RentIt_DE/Public/js/ie10-viewport-bug-workaround.js
ERR: 无法加载控制器:Public

[ 2016-12-24T17:28:58+08:00 ] ::1 /RentIt_DE/Public/js/ie-emulation-modes-warning.js
ERR: 无法加载控制器:Public

[ 2016-12-24T17:28:58+08:00 ] ::1 /RentIt_DE/Public/js/ie10-viewport-bug-workaround.js
ERR: 无法加载控制器:Public

[ 2016-12-24T17:28:59+08:00 ] ::1 /RentIt_DE/Public/js/ie10-viewport-bug-workaround.js
ERR: 无法加载控制器:Public

[ 2016-12-24T17:28:59+08:00 ] ::1 /RentIt_DE/Public/js/ie-emulation-modes-warning.js
ERR: 无法加载控制器:Public

[ 2016-12-24T17:28:59+08:00 ] ::1 /RentIt_DE/Public/js/ie10-viewport-bug-workaround.js
ERR: 无法加载控制器:Public

[ 2016-12-24T17:28:59+08:00 ] ::1 /RentIt_DE/Public/js/ie10-viewport-bug-workaround.js
ERR: 无法加载控制器:Public

[ 2016-12-24T17:28:59+08:00 ] ::1 /RentIt_DE/Public/js/ie-emulation-modes-warning.js
ERR: 无法加载控制器:Public

[ 2016-12-24T17:28:59+08:00 ] ::1 /RentIt_DE/Public/js/ie10-viewport-bug-workaround.js
ERR: 无法加载控制器:Public

[ 2016-12-24T17:29:00+08:00 ] ::1 /RentIt_DE/Public/js/ie10-viewport-bug-workaround.js
ERR: 无法加载控制器:Public

[ 2016-12-24T17:29:00+08:00 ] ::1 /RentIt_DE/Public/js/ie-emulation-modes-warning.js
ERR: 无法加载控制器:Public

[ 2016-12-24T17:29:00+08:00 ] ::1 /RentIt_DE/Public/js/ie10-viewport-bug-workaround.js
ERR: 无法加载控制器:Public

[ 2016-12-24T17:29:00+08:00 ] ::1 /RentIt_DE/Public/js/ie10-viewport-bug-workaround.js
ERR: 无法加载控制器:Public

[ 2016-12-24T17:29:00+08:00 ] ::1 /RentIt_DE/Public/js/ie-emulation-modes-warning.js
ERR: 无法加载控制器:Public

[ 2016-12-24T17:29:00+08:00 ] ::1 /RentIt_DE/Public/js/ie10-viewport-bug-workaround.js
ERR: 无法加载控制器:Public

[ 2016-12-24T17:29:02+08:00 ] ::1 /RentIt_DE/Public/js/ie-emulation-modes-warning.js
ERR: 无法加载控制器:Public

[ 2016-12-24T17:29:02+08:00 ] ::1 /RentIt_DE/Public/js/ie10-viewport-bug-workaround.js
ERR: 无法加载控制器:Public

[ 2016-12-24T17:29:02+08:00 ] ::1 /RentIt_DE/Public/js/ie10-viewport-bug-workaround.js
ERR: 无法加载控制器:Public

[ 2016-12-24T17:29:04+08:00 ] ::1 /RentIt_DE/Public/js/ie10-viewport-bug-workaround.js
ERR: 无法加载控制器:Public

[ 2016-12-24T17:29:04+08:00 ] ::1 /RentIt_DE/Public/js/ie-emulation-modes-warning.js
ERR: 无法加载控制器:Public

[ 2016-12-24T17:29:04+08:00 ] ::1 /RentIt_DE/Public/js/ie10-viewport-bug-workaround.js
ERR: 无法加载控制器:Public

[ 2016-12-24T17:29:04+08:00 ] ::1 /RentIt_DE/Public/js/ie10-viewport-bug-workaround.js
ERR: 无法加载控制器:Public

[ 2016-12-24T17:29:04+08:00 ] ::1 /RentIt_DE/Public/js/ie-emulation-modes-warning.js
ERR: 无法加载控制器:Public

[ 2016-12-24T17:29:05+08:00 ] ::1 /RentIt_DE/Public/js/ie10-viewport-bug-workaround.js
ERR: 无法加载控制器:Public

[ 2016-12-24T17:29:40+08:00 ] ::1 /RentIt_DE/Public/js/ie-emulation-modes-warning.js
ERR: 无法加载控制器:Public

[ 2016-12-24T17:29:40+08:00 ] ::1 /RentIt_DE/Public/js/ie10-viewport-bug-workaround.js
ERR: 无法加载控制器:Public

[ 2016-12-24T17:31:09+08:00 ] ::1 /RentIt_DE/Public/js/ie-emulation-modes-warning.js
ERR: 无法加载控制器:Public

[ 2016-12-24T17:31:09+08:00 ] ::1 /RentIt_DE/Public/js/ie10-viewport-bug-workaround.js
ERR: 无法加载控制器:Public

[ 2016-12-24T17:31:09+08:00 ] ::1 /RentIt_DE/Public/js/ie10-viewport-bug-workaround.js
ERR: 无法加载控制器:Public

[ 2016-12-24T17:31:41+08:00 ] ::1 /RentIt_DE/Public/js/ie-emulation-modes-warning.js
ERR: 无法加载控制器:Public

[ 2016-12-24T17:31:41+08:00 ] ::1 /RentIt_DE/Public/js/ie10-viewport-bug-workaround.js
ERR: 无法加载控制器:Public

[ 2016-12-24T17:31:41+08:00 ] ::1 /RentIt_DE/Public/js/ie10-viewport-bug-workaround.js
ERR: 无法加载控制器:Public

[ 2016-12-24T17:31:56+08:00 ] ::1 /RentIt_DE/Public/js/ie-emulation-modes-warning.js
ERR: 无法加载控制器:Public

[ 2016-12-24T17:31:56+08:00 ] ::1 /RentIt_DE/Public/js/ie10-viewport-bug-workaround.js
ERR: 无法加载控制器:Public

[ 2016-12-24T17:31:56+08:00 ] ::1 /RentIt_DE/Public/js/ie10-viewport-bug-workaround.js
ERR: 无法加载控制器:Public

[ 2016-12-24T17:32:19+08:00 ] ::1 /RentIt_DE/Public/js/ie-emulation-modes-warning.js
ERR: 无法加载控制器:Public

[ 2016-12-24T17:32:19+08:00 ] ::1 /RentIt_DE/Public/js/ie10-viewport-bug-workaround.js
ERR: 无法加载控制器:Public

[ 2016-12-24T17:32:19+08:00 ] ::1 /RentIt_DE/Public/js/ie10-viewport-bug-workaround.js
ERR: 无法加载控制器:Public

[ 2016-12-24T17:33:41+08:00 ] ::1 /RentIt_DE/Public/js/ie-emulation-modes-warning.js
ERR: 无法加载控制器:Public

[ 2016-12-24T17:33:41+08:00 ] ::1 /RentIt_DE/Public/js/ie10-viewport-bug-workaround.js
ERR: 无法加载控制器:Public

[ 2016-12-24T17:34:18+08:00 ] ::1 /RentIt_DE/Public/js/ie-emulation-modes-warning.js
ERR: 无法加载控制器:Public

[ 2016-12-24T17:34:19+08:00 ] ::1 /RentIt_DE/Public/js/ie10-viewport-bug-workaround.js
ERR: 无法加载控制器:Public

[ 2016-12-24T17:35:46+08:00 ] ::1 /RentIt_DE/Public/js/ie-emulation-modes-warning.js
ERR: 无法加载控制器:Public

[ 2016-12-24T17:35:46+08:00 ] ::1 /RentIt_DE/Public/js/ie10-viewport-bug-workaround.js
ERR: 无法加载控制器:Public

[ 2016-12-24T17:35:47+08:00 ] ::1 /RentIt_DE/Public/js/ie10-viewport-bug-workaround.js
ERR: 无法加载控制器:Public

[ 2016-12-24T17:36:16+08:00 ] ::1 /RentIt_DE/Public/js/ie-emulation-modes-warning.js
ERR: 无法加载控制器:Public

[ 2016-12-24T17:36:16+08:00 ] ::1 /RentIt_DE/Public/js/ie10-viewport-bug-workaround.js
ERR: 无法加载控制器:Public

[ 2016-12-24T17:36:16+08:00 ] ::1 /RentIt_DE/Public/js/ie10-viewport-bug-workaround.js
ERR: 无法加载控制器:Public

[ 2016-12-24T17:57:52+08:00 ] ::1 /RentIt_DE/index.php/Advice/post/col/1224abcd
ERR: Think\Model:fiele方法不存在！

[ 2016-12-24T17:58:01+08:00 ] ::1 /RentIt_DE/index.php/Advice/post/col/1224abcd
ERR: 1052:Column 'flag' in where clause is ambiguous
 [ SQL语句 ] : SELECT `floor`,`username`,`picture`,`date`,`time`,`content`,`refloor` FROM post a INNER JOIN user b on a.userid = b.identity  WHERE `coll` = '1224abcd' AND `flag` = 0 ORDER BY date desc,time desc 

[ 2016-12-24T19:44:53+08:00 ] ::1 /RentIt_DE/Public/js/ie-emulation-modes-warning.js
ERR: 无法加载控制器:Public

[ 2016-12-24T19:44:54+08:00 ] ::1 /RentIt_DE/Public/js/ie10-viewport-bug-workaround.js
ERR: 无法加载控制器:Public

[ 2016-12-24T19:44:54+08:00 ] ::1 /RentIt_DE/Public/js/ie10-viewport-bug-workaround.js
ERR: 无法加载控制器:Public

[ 2016-12-24T19:45:12+08:00 ] ::1 /RentIt_DE/Public/js/ie-emulation-modes-warning.js
ERR: 无法加载控制器:Public

[ 2016-12-24T19:45:12+08:00 ] ::1 /RentIt_DE/Public/js/ie10-viewport-bug-workaround.js
ERR: 无法加载控制器:Public

[ 2016-12-24T19:45:52+08:00 ] ::1 /RentIt_DE/Public/js/ie-emulation-modes-warning.js
ERR: 无法加载控制器:Public

[ 2016-12-24T19:45:52+08:00 ] ::1 /RentIt_DE/Public/js/ie10-viewport-bug-workaround.js
ERR: 无法加载控制器:Public

[ 2016-12-24T19:46:13+08:00 ] ::1 /RentIt_DE/Public/js/ie-emulation-modes-warning.js
ERR: 无法加载控制器:Public

[ 2016-12-24T19:46:13+08:00 ] ::1 /RentIt_DE/Public/js/ie10-viewport-bug-workaround.js
ERR: 无法加载控制器:Public

[ 2016-12-24T19:46:13+08:00 ] ::1 /RentIt_DE/Public/js/ie10-viewport-bug-workaround.js
ERR: 无法加载控制器:Public

[ 2016-12-24T19:46:42+08:00 ] ::1 /RentIt_DE/Public/js/ie-emulation-modes-warning.js
ERR: 无法加载控制器:Public

[ 2016-12-24T19:46:42+08:00 ] ::1 /RentIt_DE/Public/js/ie10-viewport-bug-workaround.js
ERR: 无法加载控制器:Public

[ 2016-12-24T19:46:42+08:00 ] ::1 /RentIt_DE/Public/js/ie10-viewport-bug-workaround.js
ERR: 无法加载控制器:Public

[ 2016-12-24T19:48:07+08:00 ] ::1 /RentIt_DE/Public/js/ie-emulation-modes-warning.js
ERR: 无法加载控制器:Public

[ 2016-12-24T19:48:07+08:00 ] ::1 /RentIt_DE/Public/js/ie10-viewport-bug-workaround.js
ERR: 无法加载控制器:Public

[ 2016-12-24T19:52:03+08:00 ] ::1 /RentIt_DE/Public/js/ie-emulation-modes-warning.js
ERR: 无法加载控制器:Public

[ 2016-12-24T19:52:03+08:00 ] ::1 /RentIt_DE/Public/js/ie10-viewport-bug-workaround.js
ERR: 无法加载控制器:Public

[ 2016-12-24T19:52:03+08:00 ] ::1 /RentIt_DE/Public/js/ie10-viewport-bug-workaround.js
ERR: 无法加载控制器:Public

[ 2016-12-24T19:52:31+08:00 ] ::1 /RentIt_DE/Public/js/ie-emulation-modes-warning.js
ERR: 无法加载控制器:Public

[ 2016-12-24T19:52:31+08:00 ] ::1 /RentIt_DE/Public/js/ie10-viewport-bug-workaround.js
ERR: 无法加载控制器:Public

[ 2016-12-24T19:56:43+08:00 ] ::1 /RentIt_DE/Public/js/ie-emulation-modes-warning.js
ERR: 无法加载控制器:Public

[ 2016-12-24T19:56:43+08:00 ] ::1 /RentIt_DE/Public/js/ie10-viewport-bug-workaround.js
ERR: 无法加载控制器:Public

[ 2016-12-24T19:56:43+08:00 ] ::1 /RentIt_DE/Public/js/ie10-viewport-bug-workaround.js
ERR: 无法加载控制器:Public

[ 2016-12-24T19:56:47+08:00 ] ::1 /RentIt_DE/Public/js/ie-emulation-modes-warning.js
ERR: 无法加载控制器:Public

[ 2016-12-24T19:56:47+08:00 ] ::1 /RentIt_DE/Public/js/ie10-viewport-bug-workaround.js
ERR: 无法加载控制器:Public

[ 2016-12-24T19:56:47+08:00 ] ::1 /RentIt_DE/Public/js/docs.min.js
ERR: 无法加载控制器:Public

[ 2016-12-24T19:56:47+08:00 ] ::1 /RentIt_DE/Public/js/docs.min.js
ERR: 无法加载控制器:Public

[ 2016-12-24T19:56:47+08:00 ] ::1 /RentIt_DE/Public/js/ie10-viewport-bug-workaround.js
ERR: 无法加载控制器:Public

[ 2016-12-24T19:56:48+08:00 ] ::1 /RentIt_DE/Public/js/ie10-viewport-bug-workaround.js
ERR: 无法加载控制器:Public

[ 2016-12-24T19:56:48+08:00 ] ::1 /RentIt_DE/Public/js/ie-emulation-modes-warning.js
ERR: 无法加载控制器:Public

[ 2016-12-24T19:56:48+08:00 ] ::1 /RentIt_DE/Public/js/ie10-viewport-bug-workaround.js
ERR: 无法加载控制器:Public

[ 2016-12-24T19:56:51+08:00 ] ::1 /RentIt_DE/Public/js/ie-emulation-modes-warning.js
ERR: 无法加载控制器:Public

[ 2016-12-24T19:56:51+08:00 ] ::1 /RentIt_DE/Public/js/ie10-viewport-bug-workaround.js
ERR: 无法加载控制器:Public

[ 2016-12-24T19:56:51+08:00 ] ::1 /RentIt_DE/Public/js/ie10-viewport-bug-workaround.js
ERR: 无法加载控制器:Public

[ 2016-12-24T19:56:54+08:00 ] ::1 /RentIt_DE/Public/js/ie-emulation-modes-warning.js
ERR: 无法加载控制器:Public

[ 2016-12-24T19:56:54+08:00 ] ::1 /RentIt_DE/Public/js/ie10-viewport-bug-workaround.js
ERR: 无法加载控制器:Public

[ 2016-12-24T19:56:54+08:00 ] ::1 /RentIt_DE/Public/js/ie10-viewport-bug-workaround.js
ERR: 无法加载控制器:Public

[ 2016-12-24T19:59:08+08:00 ] ::1 /RentIt_DE/Public/js/ie-emulation-modes-warning.js
ERR: 无法加载控制器:Public

[ 2016-12-24T19:59:08+08:00 ] ::1 /RentIt_DE/Public/js/ie10-viewport-bug-workaround.js
ERR: 无法加载控制器:Public

[ 2016-12-24T19:59:09+08:00 ] ::1 /RentIt_DE/Public/js/ie10-viewport-bug-workaround.js
ERR: 无法加载控制器:Public

[ 2016-12-24T19:59:12+08:00 ] ::1 /RentIt_DE/Public/js/ie-emulation-modes-warning.js
ERR: 无法加载控制器:Public

[ 2016-12-24T19:59:12+08:00 ] ::1 /RentIt_DE/Public/js/ie10-viewport-bug-workaround.js
ERR: 无法加载控制器:Public

[ 2016-12-24T19:59:12+08:00 ] ::1 /RentIt_DE/Public/js/ie10-viewport-bug-workaround.js
ERR: 无法加载控制器:Public

[ 2016-12-24T19:59:14+08:00 ] ::1 /RentIt_DE/Public/js/ie-emulation-modes-warning.js
ERR: 无法加载控制器:Public

[ 2016-12-24T19:59:14+08:00 ] ::1 /RentIt_DE/Public/js/ie10-viewport-bug-workaround.js
ERR: 无法加载控制器:Public

[ 2016-12-24T19:59:32+08:00 ] ::1 /RentIt_DE/Public/js/ie-emulation-modes-warning.js
ERR: 无法加载控制器:Public

[ 2016-12-24T19:59:32+08:00 ] ::1 /RentIt_DE/Public/js/ie10-viewport-bug-workaround.js
ERR: 无法加载控制器:Public

[ 2016-12-24T19:59:37+08:00 ] ::1 /RentIt_DE/Public/js/ie-emulation-modes-warning.js
ERR: 无法加载控制器:Public

[ 2016-12-24T19:59:37+08:00 ] ::1 /RentIt_DE/Public/js/ie10-viewport-bug-workaround.js
ERR: 无法加载控制器:Public

[ 2016-12-24T19:59:46+08:00 ] ::1 /RentIt_DE/Public/js/ie-emulation-modes-warning.js
ERR: 无法加载控制器:Public

[ 2016-12-24T19:59:46+08:00 ] ::1 /RentIt_DE/Public/js/ie10-viewport-bug-workaround.js
ERR: 无法加载控制器:Public

[ 2016-12-24T19:59:46+08:00 ] ::1 /RentIt_DE/Public/js/ie10-viewport-bug-workaround.js
ERR: 无法加载控制器:Public

[ 2016-12-24T20:01:17+08:00 ] ::1 /RentIt_DE/Public/js/ie-emulation-modes-warning.js
ERR: 无法加载控制器:Public

[ 2016-12-24T20:01:17+08:00 ] ::1 /RentIt_DE/Public/js/ie10-viewport-bug-workaround.js
ERR: 无法加载控制器:Public

[ 2016-12-24T20:01:17+08:00 ] ::1 /RentIt_DE/Public/js/ie10-viewport-bug-workaround.js
ERR: 无法加载控制器:Public

[ 2016-12-24T20:01:53+08:00 ] ::1 /RentIt_DE/Public/js/ie-emulation-modes-warning.js
ERR: 无法加载控制器:Public

[ 2016-12-24T20:01:53+08:00 ] ::1 /RentIt_DE/Public/js/ie10-viewport-bug-workaround.js
ERR: 无法加载控制器:Public

[ 2016-12-24T20:01:53+08:00 ] ::1 /RentIt_DE/Public/js/ie10-viewport-bug-workaround.js
ERR: 无法加载控制器:Public

[ 2016-12-24T20:12:28+08:00 ] ::1 /RentIt_DE/Public/js/ie-emulation-modes-warning.js
ERR: 无法加载控制器:Public

[ 2016-12-24T20:12:28+08:00 ] ::1 /RentIt_DE/Public/js/ie10-viewport-bug-workaround.js
ERR: 无法加载控制器:Public

[ 2016-12-24T20:12:28+08:00 ] ::1 /RentIt_DE/Public/js/ie10-viewport-bug-workaround.js
ERR: 无法加载控制器:Public

[ 2016-12-24T20:18:24+08:00 ] ::1 /RentIt_DE/Public/js/ie-emulation-modes-warning.js
ERR: 无法加载控制器:Public

[ 2016-12-24T20:18:24+08:00 ] ::1 /RentIt_DE/Public/js/ie10-viewport-bug-workaround.js
ERR: 无法加载控制器:Public

[ 2016-12-24T20:18:24+08:00 ] ::1 /RentIt_DE/Public/js/ie10-viewport-bug-workaround.js
ERR: 无法加载控制器:Public

[ 2016-12-24T20:18:51+08:00 ] ::1 /RentIt_DE/Public/js/ie-emulation-modes-warning.js
ERR: 无法加载控制器:Public

[ 2016-12-24T20:18:51+08:00 ] ::1 /RentIt_DE/Public/js/ie10-viewport-bug-workaround.js
ERR: 无法加载控制器:Public

[ 2016-12-24T20:18:52+08:00 ] ::1 /RentIt_DE/Public/js/ie10-viewport-bug-workaround.js
ERR: 无法加载控制器:Public

[ 2016-12-24T20:21:48+08:00 ] ::1 /RentIt_DE/Public/js/ie-emulation-modes-warning.js
ERR: 无法加载控制器:Public

[ 2016-12-24T20:21:48+08:00 ] ::1 /RentIt_DE/Public/js/ie10-viewport-bug-workaround.js
ERR: 无法加载控制器:Public

[ 2016-12-24T20:21:48+08:00 ] ::1 /RentIt_DE/Public/js/ie10-viewport-bug-workaround.js
ERR: 无法加载控制器:Public

[ 2016-12-24T20:22:00+08:00 ] ::1 /RentIt_DE/Public/js/ie-emulation-modes-warning.js
ERR: 无法加载控制器:Public

[ 2016-12-24T20:22:00+08:00 ] ::1 /RentIt_DE/Public/js/ie10-viewport-bug-workaround.js
ERR: 无法加载控制器:Public

[ 2016-12-24T20:22:00+08:00 ] ::1 /RentIt_DE/Public/js/ie10-viewport-bug-workaround.js
ERR: 无法加载控制器:Public

[ 2016-12-24T20:23:55+08:00 ] ::1 /RentIt_DE/Public/js/ie-emulation-modes-warning.js
ERR: 无法加载控制器:Public

[ 2016-12-24T20:23:55+08:00 ] ::1 /RentIt_DE/Public/js/ie10-viewport-bug-workaround.js
ERR: 无法加载控制器:Public

[ 2016-12-24T20:23:56+08:00 ] ::1 /RentIt_DE/Public/js/ie10-viewport-bug-workaround.js
ERR: 无法加载控制器:Public

[ 2016-12-24T20:24:09+08:00 ] ::1 /RentIt_DE/Public/js/ie-emulation-modes-warning.js
ERR: 无法加载控制器:Public

[ 2016-12-24T20:24:09+08:00 ] ::1 /RentIt_DE/Public/js/ie10-viewport-bug-workaround.js
ERR: 无法加载控制器:Public

[ 2016-12-24T20:24:27+08:00 ] ::1 /RentIt_DE/Public/js/ie-emulation-modes-warning.js
ERR: 无法加载控制器:Public

[ 2016-12-24T20:24:27+08:00 ] ::1 /RentIt_DE/Public/js/ie10-viewport-bug-workaround.js
ERR: 无法加载控制器:Public

[ 2016-12-24T20:24:27+08:00 ] ::1 /RentIt_DE/Public/js/ie10-viewport-bug-workaround.js
ERR: 无法加载控制器:Public

[ 2016-12-24T20:24:41+08:00 ] ::1 /RentIt_DE/Public/js/ie-emulation-modes-warning.js
ERR: 无法加载控制器:Public

[ 2016-12-24T20:24:41+08:00 ] ::1 /RentIt_DE/Public/js/ie10-viewport-bug-workaround.js
ERR: 无法加载控制器:Public

[ 2016-12-24T20:25:03+08:00 ] ::1 /RentIt_DE/Public/js/ie-emulation-modes-warning.js
ERR: 无法加载控制器:Public

[ 2016-12-24T20:25:03+08:00 ] ::1 /RentIt_DE/Public/js/ie10-viewport-bug-workaround.js
ERR: 无法加载控制器:Public

[ 2016-12-24T20:25:03+08:00 ] ::1 /RentIt_DE/Public/js/ie10-viewport-bug-workaround.js
ERR: 无法加载控制器:Public

[ 2016-12-24T20:26:23+08:00 ] ::1 /RentIt_DE/Public/js/ie-emulation-modes-warning.js
ERR: 无法加载控制器:Public

[ 2016-12-24T20:26:23+08:00 ] ::1 /RentIt_DE/Public/js/ie10-viewport-bug-workaround.js
ERR: 无法加载控制器:Public

[ 2016-12-24T20:26:23+08:00 ] ::1 /RentIt_DE/Public/js/ie10-viewport-bug-workaround.js
ERR: 无法加载控制器:Public

[ 2016-12-24T20:40:31+08:00 ] ::1 /RentIt_DE/Public/js/ie-emulation-modes-warning.js
ERR: 无法加载控制器:Public

[ 2016-12-24T20:40:31+08:00 ] ::1 /RentIt_DE/Public/js/ie10-viewport-bug-workaround.js
ERR: 无法加载控制器:Public

[ 2016-12-24T20:41:08+08:00 ] ::1 /RentIt_DE/Public/js/ie-emulation-modes-warning.js
ERR: 无法加载控制器:Public

[ 2016-12-24T20:41:08+08:00 ] ::1 /RentIt_DE/Public/js/ie10-viewport-bug-workaround.js
ERR: 无法加载控制器:Public

[ 2016-12-24T20:45:19+08:00 ] ::1 /RentIt_DE/Public/js/ie-emulation-modes-warning.js
ERR: 无法加载控制器:Public

[ 2016-12-24T20:45:19+08:00 ] ::1 /RentIt_DE/Public/js/ie10-viewport-bug-workaround.js
ERR: 无法加载控制器:Public

[ 2016-12-24T20:45:19+08:00 ] ::1 /RentIt_DE/Public/js/ie10-viewport-bug-workaround.js
ERR: 无法加载控制器:Public

[ 2016-12-24T20:47:40+08:00 ] ::1 /RentIt_DE/Public/js/ie-emulation-modes-warning.js
ERR: 无法加载控制器:Public

[ 2016-12-24T20:47:40+08:00 ] ::1 /RentIt_DE/Public/js/ie10-viewport-bug-workaround.js
ERR: 无法加载控制器:Public

[ 2016-12-24T20:47:44+08:00 ] ::1 /RentIt_DE/Public/js/ie-emulation-modes-warning.js
ERR: 无法加载控制器:Public

[ 2016-12-24T20:47:44+08:00 ] ::1 /RentIt_DE/Public/js/ie10-viewport-bug-workaround.js
ERR: 无法加载控制器:Public

[ 2016-12-24T20:47:44+08:00 ] ::1 /RentIt_DE/Public/js/ie10-viewport-bug-workaround.js
ERR: 无法加载控制器:Public

[ 2016-12-24T20:50:55+08:00 ] ::1 /RentIt_DE/Public/js/ie-emulation-modes-warning.js
ERR: 无法加载控制器:Public

[ 2016-12-24T20:50:55+08:00 ] ::1 /RentIt_DE/Public/js/ie10-viewport-bug-workaround.js
ERR: 无法加载控制器:Public

[ 2016-12-24T20:50:56+08:00 ] ::1 /RentIt_DE/Public/js/ie10-viewport-bug-workaround.js
ERR: 无法加载控制器:Public

[ 2016-12-24T20:50:58+08:00 ] ::1 /RentIt_DE/Public/js/ie-emulation-modes-warning.js
ERR: 无法加载控制器:Public

[ 2016-12-24T20:50:58+08:00 ] ::1 /RentIt_DE/Public/js/ie10-viewport-bug-workaround.js
ERR: 无法加载控制器:Public

[ 2016-12-24T20:51:01+08:00 ] ::1 /RentIt_DE/Public/js/ie-emulation-modes-warning.js
ERR: 无法加载控制器:Public

[ 2016-12-24T20:51:01+08:00 ] ::1 /RentIt_DE/Public/js/ie10-viewport-bug-workaround.js
ERR: 无法加载控制器:Public

[ 2016-12-24T20:51:02+08:00 ] ::1 /RentIt_DE/Public/js/ie-emulation-modes-warning.js
ERR: 无法加载控制器:Public

[ 2016-12-24T20:51:02+08:00 ] ::1 /RentIt_DE/Public/js/ie10-viewport-bug-workaround.js
ERR: 无法加载控制器:Public

[ 2016-12-24T20:51:03+08:00 ] ::1 /RentIt_DE/Public/js/ie-emulation-modes-warning.js
ERR: 无法加载控制器:Public

[ 2016-12-24T20:51:03+08:00 ] ::1 /RentIt_DE/Public/js/ie10-viewport-bug-workaround.js
ERR: 无法加载控制器:Public

[ 2016-12-24T20:51:03+08:00 ] ::1 /RentIt_DE/Public/js/ie10-viewport-bug-workaround.js
ERR: 无法加载控制器:Public

[ 2016-12-24T20:51:04+08:00 ] ::1 /RentIt_DE/Public/js/ie-emulation-modes-warning.js
ERR: 无法加载控制器:Public

[ 2016-12-24T20:51:04+08:00 ] ::1 /RentIt_DE/Public/js/ie10-viewport-bug-workaround.js
ERR: 无法加载控制器:Public

[ 2016-12-24T20:53:17+08:00 ] ::1 /RentIt_DE/Public/js/ie-emulation-modes-warning.js
ERR: 无法加载控制器:Public

[ 2016-12-24T20:53:17+08:00 ] ::1 /RentIt_DE/Public/js/ie10-viewport-bug-workaround.js
ERR: 无法加载控制器:Public

[ 2016-12-24T20:53:18+08:00 ] ::1 /RentIt_DE/Public/js/ie-emulation-modes-warning.js
ERR: 无法加载控制器:Public

[ 2016-12-24T20:53:18+08:00 ] ::1 /RentIt_DE/Public/js/ie10-viewport-bug-workaround.js
ERR: 无法加载控制器:Public

[ 2016-12-24T20:53:19+08:00 ] ::1 /RentIt_DE/Public/js/ie-emulation-modes-warning.js
ERR: 无法加载控制器:Public

[ 2016-12-24T20:53:20+08:00 ] ::1 /RentIt_DE/Public/js/ie10-viewport-bug-workaround.js
ERR: 无法加载控制器:Public

[ 2016-12-24T20:53:22+08:00 ] ::1 /RentIt_DE/Public/js/ie-emulation-modes-warning.js
ERR: 无法加载控制器:Public

[ 2016-12-24T20:53:22+08:00 ] ::1 /RentIt_DE/Public/js/ie10-viewport-bug-workaround.js
ERR: 无法加载控制器:Public

[ 2016-12-24T20:53:37+08:00 ] ::1 /RentIt_DE/Public/js/ie-emulation-modes-warning.js
ERR: 无法加载控制器:Public

[ 2016-12-24T20:53:37+08:00 ] ::1 /RentIt_DE/Public/js/ie10-viewport-bug-workaround.js
ERR: 无法加载控制器:Public

[ 2016-12-24T20:53:37+08:00 ] ::1 /RentIt_DE/Public/js/ie10-viewport-bug-workaround.js
ERR: 无法加载控制器:Public

[ 2016-12-24T20:53:38+08:00 ] ::1 /RentIt_DE/Public/js/ie-emulation-modes-warning.js
ERR: 无法加载控制器:Public

[ 2016-12-24T20:53:38+08:00 ] ::1 /RentIt_DE/Public/js/ie10-viewport-bug-workaround.js
ERR: 无法加载控制器:Public

[ 2016-12-24T21:05:16+08:00 ] ::1 /RentIt_DE/Public/js/ie-emulation-modes-warning.js
ERR: 无法加载控制器:Public

[ 2016-12-24T21:05:16+08:00 ] ::1 /RentIt_DE/Public/js/ie10-viewport-bug-workaround.js
ERR: 无法加载控制器:Public

[ 2016-12-24T21:05:16+08:00 ] ::1 /RentIt_DE/Public/js/ie10-viewport-bug-workaround.js
ERR: 无法加载控制器:Public

[ 2016-12-24T21:05:31+08:00 ] ::1 /RentIt_DE/Public/js/ie-emulation-modes-warning.js
ERR: 无法加载控制器:Public

[ 2016-12-24T21:05:31+08:00 ] ::1 /RentIt_DE/Public/js/ie10-viewport-bug-workaround.js
ERR: 无法加载控制器:Public

[ 2016-12-24T21:05:32+08:00 ] ::1 /RentIt_DE/Public/js/ie10-viewport-bug-workaround.js
ERR: 无法加载控制器:Public

[ 2016-12-24T21:07:56+08:00 ] ::1 /RentIt_DE/Public/js/ie-emulation-modes-warning.js
ERR: 无法加载控制器:Public

[ 2016-12-24T21:07:56+08:00 ] ::1 /RentIt_DE/Public/js/ie10-viewport-bug-workaround.js
ERR: 无法加载控制器:Public

[ 2016-12-24T21:07:57+08:00 ] ::1 /RentIt_DE/Public/js/ie10-viewport-bug-workaround.js
ERR: 无法加载控制器:Public

[ 2016-12-24T21:08:20+08:00 ] ::1 /RentIt_DE/Public/js/ie-emulation-modes-warning.js
ERR: 无法加载控制器:Public

[ 2016-12-24T21:08:20+08:00 ] ::1 /RentIt_DE/Public/js/ie10-viewport-bug-workaround.js
ERR: 无法加载控制器:Public

[ 2016-12-24T21:08:20+08:00 ] ::1 /RentIt_DE/Public/js/ie10-viewport-bug-workaround.js
ERR: 无法加载控制器:Public

[ 2016-12-24T21:10:40+08:00 ] ::1 /RentIt_DE/Public/js/ie-emulation-modes-warning.js
ERR: 无法加载控制器:Public

[ 2016-12-24T21:10:40+08:00 ] ::1 /RentIt_DE/Public/js/ie10-viewport-bug-workaround.js
ERR: 无法加载控制器:Public

[ 2016-12-24T21:10:40+08:00 ] ::1 /RentIt_DE/Public/js/ie10-viewport-bug-workaround.js
ERR: 无法加载控制器:Public

[ 2016-12-24T21:11:13+08:00 ] ::1 /RentIt_DE/Public/js/ie-emulation-modes-warning.js
ERR: 无法加载控制器:Public

[ 2016-12-24T21:11:13+08:00 ] ::1 /RentIt_DE/Public/js/ie10-viewport-bug-workaround.js
ERR: 无法加载控制器:Public

[ 2016-12-24T21:11:13+08:00 ] ::1 /RentIt_DE/Public/js/ie10-viewport-bug-workaround.js
ERR: 无法加载控制器:Public

[ 2016-12-24T21:12:52+08:00 ] ::1 /RentIt_DE/Public/js/ie-emulation-modes-warning.js
ERR: 无法加载控制器:Public

[ 2016-12-24T21:12:52+08:00 ] ::1 /RentIt_DE/Public/js/ie10-viewport-bug-workaround.js
ERR: 无法加载控制器:Public

[ 2016-12-24T21:12:52+08:00 ] ::1 /RentIt_DE/Public/js/ie10-viewport-bug-workaround.js
ERR: 无法加载控制器:Public

[ 2016-12-24T21:13:19+08:00 ] ::1 /RentIt_DE/Public/js/ie-emulation-modes-warning.js
ERR: 无法加载控制器:Public

[ 2016-12-24T21:13:19+08:00 ] ::1 /RentIt_DE/Public/js/ie10-viewport-bug-workaround.js
ERR: 无法加载控制器:Public

[ 2016-12-24T21:13:19+08:00 ] ::1 /RentIt_DE/Public/js/ie10-viewport-bug-workaround.js
ERR: 无法加载控制器:Public

[ 2016-12-24T21:14:48+08:00 ] ::1 /RentIt_DE/Public/js/ie-emulation-modes-warning.js
ERR: 无法加载控制器:Public

[ 2016-12-24T21:14:48+08:00 ] ::1 /RentIt_DE/Public/js/ie10-viewport-bug-workaround.js
ERR: 无法加载控制器:Public

[ 2016-12-24T21:14:48+08:00 ] ::1 /RentIt_DE/Public/js/ie10-viewport-bug-workaround.js
ERR: 无法加载控制器:Public

[ 2016-12-24T21:16:50+08:00 ] ::1 /RentIt_DE/Public/js/ie-emulation-modes-warning.js
ERR: 无法加载控制器:Public

[ 2016-12-24T21:16:50+08:00 ] ::1 /RentIt_DE/Public/js/ie10-viewport-bug-workaround.js
ERR: 无法加载控制器:Public

[ 2016-12-24T21:16:51+08:00 ] ::1 /RentIt_DE/Public/js/ie10-viewport-bug-workaround.js
ERR: 无法加载控制器:Public

[ 2016-12-24T21:17:21+08:00 ] ::1 /RentIt_DE/Public/js/ie-emulation-modes-warning.js
ERR: 无法加载控制器:Public

[ 2016-12-24T21:17:21+08:00 ] ::1 /RentIt_DE/Public/js/ie10-viewport-bug-workaround.js
ERR: 无法加载控制器:Public

[ 2016-12-24T21:17:21+08:00 ] ::1 /RentIt_DE/Public/js/ie10-viewport-bug-workaround.js
ERR: 无法加载控制器:Public

[ 2016-12-24T21:17:29+08:00 ] ::1 /RentIt_DE/Public/js/ie-emulation-modes-warning.js
ERR: 无法加载控制器:Public

[ 2016-12-24T21:17:29+08:00 ] ::1 /RentIt_DE/Public/js/ie10-viewport-bug-workaround.js
ERR: 无法加载控制器:Public

[ 2016-12-24T21:21:07+08:00 ] ::1 /RentIt_DE/Public/js/ie-emulation-modes-warning.js
ERR: 无法加载控制器:Public

[ 2016-12-24T21:21:07+08:00 ] ::1 /RentIt_DE/Public/js/ie10-viewport-bug-workaround.js
ERR: 无法加载控制器:Public

[ 2016-12-24T21:21:07+08:00 ] ::1 /RentIt_DE/Public/js/ie10-viewport-bug-workaround.js
ERR: 无法加载控制器:Public

[ 2016-12-24T21:21:09+08:00 ] ::1 /RentIt_DE/Public/js/ie-emulation-modes-warning.js
ERR: 无法加载控制器:Public

[ 2016-12-24T21:21:09+08:00 ] ::1 /RentIt_DE/Public/js/ie10-viewport-bug-workaround.js
ERR: 无法加载控制器:Public

[ 2016-12-24T21:21:09+08:00 ] ::1 /RentIt_DE/Public/js/ie10-viewport-bug-workaround.js
ERR: 无法加载控制器:Public

[ 2016-12-24T21:21:18+08:00 ] ::1 /RentIt_DE/Public/js/ie10-viewport-bug-workaround.js
ERR: 无法加载控制器:Public

[ 2016-12-24T21:21:18+08:00 ] ::1 /RentIt_DE/Public/js/ie-emulation-modes-warning.js
ERR: 无法加载控制器:Public

[ 2016-12-24T21:21:19+08:00 ] ::1 /RentIt_DE/Public/js/ie10-viewport-bug-workaround.js
ERR: 无法加载控制器:Public

[ 2016-12-24T21:21:29+08:00 ] ::1 /RentIt_DE/Public/js/ie-emulation-modes-warning.js
ERR: 无法加载控制器:Public

[ 2016-12-24T21:21:29+08:00 ] ::1 /RentIt_DE/Public/js/ie10-viewport-bug-workaround.js
ERR: 无法加载控制器:Public

[ 2016-12-24T21:21:38+08:00 ] ::1 /RentIt_DE/Public/js/ie-emulation-modes-warning.js
ERR: 无法加载控制器:Public

[ 2016-12-24T21:21:38+08:00 ] ::1 /RentIt_DE/Public/js/ie10-viewport-bug-workaround.js
ERR: 无法加载控制器:Public

[ 2016-12-24T21:21:38+08:00 ] ::1 /RentIt_DE/Public/js/ie10-viewport-bug-workaround.js
ERR: 无法加载控制器:Public

[ 2016-12-24T21:22:51+08:00 ] ::1 /RentIt_DE/Public/js/ie-emulation-modes-warning.js
ERR: 无法加载控制器:Public

[ 2016-12-24T21:22:51+08:00 ] ::1 /RentIt_DE/Public/js/ie10-viewport-bug-workaround.js
ERR: 无法加载控制器:Public

[ 2016-12-24T21:22:56+08:00 ] ::1 /RentIt_DE/Public/js/ie-emulation-modes-warning.js
ERR: 无法加载控制器:Public

[ 2016-12-24T21:22:56+08:00 ] ::1 /RentIt_DE/Public/js/ie10-viewport-bug-workaround.js
ERR: 无法加载控制器:Public

[ 2016-12-24T21:22:56+08:00 ] ::1 /RentIt_DE/Public/js/ie10-viewport-bug-workaround.js
ERR: 无法加载控制器:Public

[ 2016-12-24T21:22:57+08:00 ] ::1 /RentIt_DE/Public/js/ie-emulation-modes-warning.js
ERR: 无法加载控制器:Public

[ 2016-12-24T21:22:57+08:00 ] ::1 /RentIt_DE/Public/js/ie10-viewport-bug-workaround.js
ERR: 无法加载控制器:Public

[ 2016-12-24T21:23:00+08:00 ] ::1 /RentIt_DE/Public/js/ie-emulation-modes-warning.js
ERR: 无法加载控制器:Public

[ 2016-12-24T21:23:00+08:00 ] ::1 /RentIt_DE/Public/js/ie10-viewport-bug-workaround.js
ERR: 无法加载控制器:Public

[ 2016-12-24T21:23:47+08:00 ] ::1 /RentIt_DE/Public/js/ie-emulation-modes-warning.js
ERR: 无法加载控制器:Public

[ 2016-12-24T21:23:47+08:00 ] ::1 /RentIt_DE/Public/js/ie10-viewport-bug-workaround.js
ERR: 无法加载控制器:Public

[ 2016-12-24T21:23:49+08:00 ] ::1 /RentIt_DE/Public/js/ie-emulation-modes-warning.js
ERR: 无法加载控制器:Public

[ 2016-12-24T21:23:49+08:00 ] ::1 /RentIt_DE/Public/js/ie10-viewport-bug-workaround.js
ERR: 无法加载控制器:Public

[ 2016-12-24T21:23:49+08:00 ] ::1 /RentIt_DE/Public/js/ie10-viewport-bug-workaround.js
ERR: 无法加载控制器:Public

[ 2016-12-24T21:23:55+08:00 ] ::1 /RentIt_DE/Public/js/ie-emulation-modes-warning.js
ERR: 无法加载控制器:Public

[ 2016-12-24T21:23:55+08:00 ] ::1 /RentIt_DE/Public/js/ie10-viewport-bug-workaround.js
ERR: 无法加载控制器:Public

[ 2016-12-24T21:23:55+08:00 ] ::1 /RentIt_DE/Public/js/ie10-viewport-bug-workaround.js
ERR: 无法加载控制器:Public

[ 2016-12-24T21:24:43+08:00 ] ::1 /RentIt_DE/Public/js/ie-emulation-modes-warning.js
ERR: 无法加载控制器:Public

[ 2016-12-24T21:24:43+08:00 ] ::1 /RentIt_DE/Public/js/ie10-viewport-bug-workaround.js
ERR: 无法加载控制器:Public

[ 2016-12-24T21:24:43+08:00 ] ::1 /RentIt_DE/Public/js/ie10-viewport-bug-workaround.js
ERR: 无法加载控制器:Public

[ 2016-12-24T21:24:45+08:00 ] ::1 /RentIt_DE/Public/js/ie-emulation-modes-warning.js
ERR: 无法加载控制器:Public

[ 2016-12-24T21:24:45+08:00 ] ::1 /RentIt_DE/Public/js/ie10-viewport-bug-workaround.js
ERR: 无法加载控制器:Public

[ 2016-12-24T21:24:45+08:00 ] ::1 /RentIt_DE/Public/js/ie10-viewport-bug-workaround.js
ERR: 无法加载控制器:Public

[ 2016-12-24T21:24:46+08:00 ] ::1 /RentIt_DE/Public/js/ie-emulation-modes-warning.js
ERR: 无法加载控制器:Public

[ 2016-12-24T21:24:46+08:00 ] ::1 /RentIt_DE/Public/js/ie10-viewport-bug-workaround.js
ERR: 无法加载控制器:Public

[ 2016-12-24T21:24:47+08:00 ] ::1 /RentIt_DE/Public/js/ie-emulation-modes-warning.js
ERR: 无法加载控制器:Public

[ 2016-12-24T21:24:47+08:00 ] ::1 /RentIt_DE/Public/js/ie10-viewport-bug-workaround.js
ERR: 无法加载控制器:Public

[ 2016-12-24T21:24:49+08:00 ] ::1 /RentIt_DE/Public/js/ie-emulation-modes-warning.js
ERR: 无法加载控制器:Public

[ 2016-12-24T21:24:49+08:00 ] ::1 /RentIt_DE/Public/js/ie10-viewport-bug-workaround.js
ERR: 无法加载控制器:Public

[ 2016-12-24T21:29:31+08:00 ] ::1 /RentIt_DE/index.php/Advice/newBlog.html
ERR: 1452:Cannot add or update a child row: a foreign key constraint fails (`blouis`.`blog`, CONSTRAINT `blog_ibfk_1` FOREIGN KEY (`userid`) REFERENCES `user` (`identity`))
 [ SQL语句 ] : INSERT INTO `blog` (`collection`,`title`,`tag`,`content`,`date`,`time`,`userid`) VALUES ('1224kfpb','1234','0000','啦啦啦啦啦啦','2016-12-24','09:29','')

[ 2016-12-24T21:35:04+08:00 ] ::1 /RentIt_DE/index.php/Advice/newBlog.html
ERR: 模板不存在:./Application/Home/View/Advice/newBlog.html

[ 2016-12-24T21:36:36+08:00 ] ::1 /RentIt_DE/Public/js/ie-emulation-modes-warning.js
ERR: 无法加载控制器:Public

[ 2016-12-24T21:36:36+08:00 ] ::1 /RentIt_DE/Public/js/ie10-viewport-bug-workaround.js
ERR: 无法加载控制器:Public

[ 2016-12-24T21:36:36+08:00 ] ::1 /RentIt_DE/Public/js/ie10-viewport-bug-workaround.js
ERR: 无法加载控制器:Public

[ 2016-12-24T21:36:50+08:00 ] ::1 /RentIt_DE/Public/js/ie10-viewport-bug-workaround.js
ERR: 无法加载控制器:Public

[ 2016-12-24T21:36:50+08:00 ] ::1 /RentIt_DE/Public/js/ie10-viewport-bug-workaround.js
ERR: 无法加载控制器:Public

[ 2016-12-24T21:36:59+08:00 ] ::1 /RentIt_DE/Public/js/ie-emulation-modes-warning.js
ERR: 无法加载控制器:Public

[ 2016-12-24T21:36:59+08:00 ] ::1 /RentIt_DE/Public/js/ie10-viewport-bug-workaround.js
ERR: 无法加载控制器:Public

[ 2016-12-24T21:36:59+08:00 ] ::1 /RentIt_DE/Public/js/docs.min.js
ERR: 无法加载控制器:Public

[ 2016-12-24T21:36:59+08:00 ] ::1 /RentIt_DE/Public/js/ie10-viewport-bug-workaround.js
ERR: 无法加载控制器:Public

[ 2016-12-24T21:37:01+08:00 ] ::1 /RentIt_DE/Public/js/ie-emulation-modes-warning.js
ERR: 无法加载控制器:Public

[ 2016-12-24T21:37:01+08:00 ] ::1 /RentIt_DE/Public/js/ie10-viewport-bug-workaround.js
ERR: 无法加载控制器:Public

[ 2016-12-24T21:37:01+08:00 ] ::1 /RentIt_DE/Public/js/ie10-viewport-bug-workaround.js
ERR: 无法加载控制器:Public

[ 2016-12-24T21:38:00+08:00 ] ::1 /RentIt_DE/Public/js/ie-emulation-modes-warning.js
ERR: 无法加载控制器:Public

[ 2016-12-24T21:38:00+08:00 ] ::1 /RentIt_DE/Public/js/ie10-viewport-bug-workaround.js
ERR: 无法加载控制器:Public

[ 2016-12-24T21:38:00+08:00 ] ::1 /RentIt_DE/Public/js/ie10-viewport-bug-workaround.js
ERR: 无法加载控制器:Public

[ 2016-12-24T21:38:04+08:00 ] ::1 /RentIt_DE/Public/js/ie-emulation-modes-warning.js
ERR: 无法加载控制器:Public

[ 2016-12-24T21:38:04+08:00 ] ::1 /RentIt_DE/Public/js/ie10-viewport-bug-workaround.js
ERR: 无法加载控制器:Public

[ 2016-12-24T21:38:04+08:00 ] ::1 /RentIt_DE/Public/js/ie10-viewport-bug-workaround.js
ERR: 无法加载控制器:Public

[ 2016-12-24T21:38:14+08:00 ] ::1 /RentIt_DE/Public/js/ie-emulation-modes-warning.js
ERR: 无法加载控制器:Public

[ 2016-12-24T21:38:14+08:00 ] ::1 /RentIt_DE/Public/js/ie10-viewport-bug-workaround.js
ERR: 无法加载控制器:Public

[ 2016-12-24T21:40:43+08:00 ] ::1 /RentIt_DE/Public/js/ie-emulation-modes-warning.js
ERR: 无法加载控制器:Public

[ 2016-12-24T21:40:43+08:00 ] ::1 /RentIt_DE/Public/js/ie10-viewport-bug-workaround.js
ERR: 无法加载控制器:Public

[ 2016-12-24T21:40:43+08:00 ] ::1 /RentIt_DE/Public/js/ie10-viewport-bug-workaround.js
ERR: 无法加载控制器:Public

[ 2016-12-24T21:41:46+08:00 ] ::1 /RentIt_DE/Public/js/ie-emulation-modes-warning.js
ERR: 无法加载控制器:Public

[ 2016-12-24T21:41:46+08:00 ] ::1 /RentIt_DE/Public/js/ie10-viewport-bug-workaround.js
ERR: 无法加载控制器:Public

[ 2016-12-24T21:41:47+08:00 ] ::1 /RentIt_DE/Public/js/ie10-viewport-bug-workaround.js
ERR: 无法加载控制器:Public

[ 2016-12-24T21:41:47+08:00 ] ::1 /RentIt_DE/Public/js/ie-emulation-modes-warning.js
ERR: 无法加载控制器:Public

[ 2016-12-24T21:41:47+08:00 ] ::1 /RentIt_DE/Public/js/ie10-viewport-bug-workaround.js
ERR: 无法加载控制器:Public

[ 2016-12-24T21:41:48+08:00 ] ::1 /RentIt_DE/Public/js/ie-emulation-modes-warning.js
ERR: 无法加载控制器:Public

[ 2016-12-24T21:41:48+08:00 ] ::1 /RentIt_DE/Public/js/ie10-viewport-bug-workaround.js
ERR: 无法加载控制器:Public

[ 2016-12-24T21:41:48+08:00 ] ::1 /RentIt_DE/Public/js/ie10-viewport-bug-workaround.js
ERR: 无法加载控制器:Public

[ 2016-12-24T21:42:49+08:00 ] ::1 /RentIt_DE/Public/js/ie-emulation-modes-warning.js
ERR: 无法加载控制器:Public

[ 2016-12-24T21:42:49+08:00 ] ::1 /RentIt_DE/Public/js/ie10-viewport-bug-workaround.js
ERR: 无法加载控制器:Public

[ 2016-12-24T21:42:49+08:00 ] ::1 /RentIt_DE/Public/js/ie10-viewport-bug-workaround.js
ERR: 无法加载控制器:Public

[ 2016-12-24T21:43:59+08:00 ] ::1 /RentIt_DE/Public/js/ie-emulation-modes-warning.js
ERR: 无法加载控制器:Public

[ 2016-12-24T21:43:59+08:00 ] ::1 /RentIt_DE/Public/js/ie10-viewport-bug-workaround.js
ERR: 无法加载控制器:Public

[ 2016-12-24T21:43:59+08:00 ] ::1 /RentIt_DE/Public/js/ie10-viewport-bug-workaround.js
ERR: 无法加载控制器:Public

[ 2016-12-24T22:10:30+08:00 ] ::1 /RentIt_DE/Public/js/ie10-viewport-bug-workaround.js
ERR: 无法加载控制器:Public

[ 2016-12-24T22:10:30+08:00 ] ::1 /RentIt_DE/Public/js/ie10-viewport-bug-workaround.js
ERR: 无法加载控制器:Public

[ 2016-12-24T22:10:32+08:00 ] ::1 /RentIt_DE/Public/js/ie-emulation-modes-warning.js
ERR: 无法加载控制器:Public

[ 2016-12-24T22:10:32+08:00 ] ::1 /RentIt_DE/Public/js/ie10-viewport-bug-workaround.js
ERR: 无法加载控制器:Public

[ 2016-12-24T22:10:32+08:00 ] ::1 /RentIt_DE/Public/js/ie10-viewport-bug-workaround.js
ERR: 无法加载控制器:Public

[ 2016-12-24T22:30:30+08:00 ] ::1 /RentIt_DE/Public/js/ie-emulation-modes-warning.js
ERR: 无法加载控制器:Public

[ 2016-12-24T22:30:30+08:00 ] ::1 /RentIt_DE/Public/js/ie10-viewport-bug-workaround.js
ERR: 无法加载控制器:Public

[ 2016-12-24T22:30:30+08:00 ] ::1 /RentIt_DE/Public/js/ie10-viewport-bug-workaround.js
ERR: 无法加载控制器:Public

[ 2016-12-24T22:30:31+08:00 ] ::1 /RentIt_DE/Public/js/ie-emulation-modes-warning.js
ERR: 无法加载控制器:Public

[ 2016-12-24T22:30:31+08:00 ] ::1 /RentIt_DE/Public/js/ie10-viewport-bug-workaround.js
ERR: 无法加载控制器:Public

[ 2016-12-24T22:31:00+08:00 ] ::1 /RentIt_DE/Public/js/ie-emulation-modes-warning.js
ERR: 无法加载控制器:Public

[ 2016-12-24T22:31:00+08:00 ] ::1 /RentIt_DE/Public/js/ie10-viewport-bug-workaround.js
ERR: 无法加载控制器:Public

[ 2016-12-24T22:31:00+08:00 ] ::1 /RentIt_DE/Public/js/ie10-viewport-bug-workaround.js
ERR: 无法加载控制器:Public

[ 2016-12-24T22:31:34+08:00 ] ::1 /RentIt_DE/Public/js/ie-emulation-modes-warning.js
ERR: 无法加载控制器:Public

[ 2016-12-24T22:31:34+08:00 ] ::1 /RentIt_DE/Public/js/ie10-viewport-bug-workaround.js
ERR: 无法加载控制器:Public

[ 2016-12-24T22:31:34+08:00 ] ::1 /RentIt_DE/Public/js/ie10-viewport-bug-workaround.js
ERR: 无法加载控制器:Public

[ 2016-12-24T22:31:52+08:00 ] ::1 /RentIt_DE/Public/js/ie-emulation-modes-warning.js
ERR: 无法加载控制器:Public

[ 2016-12-24T22:31:52+08:00 ] ::1 /RentIt_DE/Public/js/ie10-viewport-bug-workaround.js
ERR: 无法加载控制器:Public

[ 2016-12-24T22:31:52+08:00 ] ::1 /RentIt_DE/Public/js/ie10-viewport-bug-workaround.js
ERR: 无法加载控制器:Public

[ 2016-12-24T22:41:40+08:00 ] ::1 /RentIt_DE/Public/js/ie-emulation-modes-warning.js
ERR: 无法加载控制器:Public

[ 2016-12-24T22:41:40+08:00 ] ::1 /RentIt_DE/Public/js/ie10-viewport-bug-workaround.js
ERR: 无法加载控制器:Public

[ 2016-12-24T22:41:40+08:00 ] ::1 /RentIt_DE/Public/js/ie10-viewport-bug-workaround.js
ERR: 无法加载控制器:Public

[ 2016-12-24T22:43:05+08:00 ] ::1 /RentIt_DE/Public/js/ie-emulation-modes-warning.js
ERR: 无法加载控制器:Public

[ 2016-12-24T22:43:05+08:00 ] ::1 /RentIt_DE/Public/js/ie10-viewport-bug-workaround.js
ERR: 无法加载控制器:Public

[ 2016-12-24T22:43:05+08:00 ] ::1 /RentIt_DE/Public/js/ie10-viewport-bug-workaround.js
ERR: 无法加载控制器:Public

[ 2016-12-24T22:43:19+08:00 ] ::1 /RentIt_DE/Public/js/ie-emulation-modes-warning.js
ERR: 无法加载控制器:Public

[ 2016-12-24T22:43:19+08:00 ] ::1 /RentIt_DE/Public/js/ie10-viewport-bug-workaround.js
ERR: 无法加载控制器:Public

[ 2016-12-24T22:43:19+08:00 ] ::1 /RentIt_DE/Public/js/ie10-viewport-bug-workaround.js
ERR: 无法加载控制器:Public

[ 2016-12-24T22:43:27+08:00 ] ::1 /RentIt_DE/Public/js/ie-emulation-modes-warning.js
ERR: 无法加载控制器:Public

[ 2016-12-24T22:43:27+08:00 ] ::1 /RentIt_DE/Public/js/ie10-viewport-bug-workaround.js
ERR: 无法加载控制器:Public

[ 2016-12-24T22:43:58+08:00 ] ::1 /RentIt_DE/Public/js/ie-emulation-modes-warning.js
ERR: 无法加载控制器:Public

[ 2016-12-24T22:43:58+08:00 ] ::1 /RentIt_DE/Public/js/ie10-viewport-bug-workaround.js
ERR: 无法加载控制器:Public

[ 2016-12-24T22:43:58+08:00 ] ::1 /RentIt_DE/Public/js/ie10-viewport-bug-workaround.js
ERR: 无法加载控制器:Public

[ 2016-12-24T22:46:52+08:00 ] ::1 /RentIt_DE/Public/js/ie-emulation-modes-warning.js
ERR: 无法加载控制器:Public

[ 2016-12-24T22:46:52+08:00 ] ::1 /RentIt_DE/Public/js/ie10-viewport-bug-workaround.js
ERR: 无法加载控制器:Public

[ 2016-12-24T22:46:53+08:00 ] ::1 /RentIt_DE/Public/js/ie10-viewport-bug-workaround.js
ERR: 无法加载控制器:Public

[ 2016-12-24T22:50:28+08:00 ] ::1 /RentIt_DE/Public/js/ie-emulation-modes-warning.js
ERR: 无法加载控制器:Public

[ 2016-12-24T22:50:28+08:00 ] ::1 /RentIt_DE/Public/js/ie10-viewport-bug-workaround.js
ERR: 无法加载控制器:Public

[ 2016-12-24T22:50:28+08:00 ] ::1 /RentIt_DE/Public/js/docs.min.js
ERR: 无法加载控制器:Public

[ 2016-12-24T22:50:28+08:00 ] ::1 /RentIt_DE/Public/js/ie10-viewport-bug-workaround.js
ERR: 无法加载控制器:Public

[ 2016-12-24T22:50:29+08:00 ] ::1 /RentIt_DE/Public/js/ie10-viewport-bug-workaround.js
ERR: 无法加载控制器:Public

[ 2016-12-24T22:50:29+08:00 ] ::1 /RentIt_DE/Public/js/ie-emulation-modes-warning.js
ERR: 无法加载控制器:Public

[ 2016-12-24T22:50:29+08:00 ] ::1 /RentIt_DE/Public/js/ie10-viewport-bug-workaround.js
ERR: 无法加载控制器:Public

[ 2016-12-24T22:50:31+08:00 ] ::1 /RentIt_DE/Public/js/ie-emulation-modes-warning.js
ERR: 无法加载控制器:Public

[ 2016-12-24T22:50:31+08:00 ] ::1 /RentIt_DE/Public/js/ie10-viewport-bug-workaround.js
ERR: 无法加载控制器:Public

[ 2016-12-24T22:52:07+08:00 ] ::1 /RentIt_DE/Public/js/ie-emulation-modes-warning.js
ERR: 无法加载控制器:Public

[ 2016-12-24T22:52:07+08:00 ] ::1 /RentIt_DE/Public/js/ie10-viewport-bug-workaround.js
ERR: 无法加载控制器:Public

[ 2016-12-24T22:52:07+08:00 ] ::1 /RentIt_DE/Public/js/ie10-viewport-bug-workaround.js
ERR: 无法加载控制器:Public

[ 2016-12-24T22:53:28+08:00 ] ::1 /RentIt_DE/Public/js/ie-emulation-modes-warning.js
ERR: 无法加载控制器:Public

[ 2016-12-24T22:53:28+08:00 ] ::1 /RentIt_DE/Public/js/ie10-viewport-bug-workaround.js
ERR: 无法加载控制器:Public

[ 2016-12-24T22:53:28+08:00 ] ::1 /RentIt_DE/Public/js/ie10-viewport-bug-workaround.js
ERR: 无法加载控制器:Public

