[ 2016-11-18T10:26:27+08:00 ] ::1 /RCW_MVC/
INFO: [ app_init ] --START--
INFO: Run Behavior\BuildLiteBehavior [ RunTime:0.000022s ]
INFO: [ app_init ] --END-- [ RunTime:0.027385s ]
INFO: [ app_begin ] --START--
INFO: Run Behavior\ReadHtmlCacheBehavior [ RunTime:0.005118s ]
INFO: [ app_begin ] --END-- [ RunTime:0.005206s ]
INFO: [ view_parse ] --START--
INFO: [ template_filter ] --START--
INFO: Run Behavior\ContentReplaceBehavior [ RunTime:0.009052s ]
INFO: [ template_filter ] --END-- [ RunTime:0.009229s ]
NOTIC: [8] A session had already been started - ignoring session_start() D:\xampp\htdocs\RCW_MVC\Application\Runtime\Cache\Home\2a94b8bda04ff446dcedd42276fc99ee.php 第 85 行.
INFO: Run Behavior\ParseTemplateBehavior [ RunTime:0.122777s ]
INFO: [ view_parse ] --END-- [ RunTime:0.122964s ]
INFO: [ view_filter ] --START--
INFO: Run Behavior\WriteHtmlCacheBehavior [ RunTime:0.012419s ]
INFO: [ view_filter ] --END-- [ RunTime:0.012552s ]
INFO: [ app_end ] --START--
INFO: Run Behavior\ShowPageTraceBehavior [ RunTime:0.033456s ]
INFO: [ app_end ] --END-- [ RunTime:0.033623s ]

[ 2016-11-18T10:26:30+08:00 ] ::1 /RCW_MVC/index.php/Home/Rent/index.html
INFO: [ app_init ] --START--
INFO: Run Behavior\BuildLiteBehavior [ RunTime:0.000011s ]
INFO: [ app_init ] --END-- [ RunTime:0.000502s ]
INFO: [ app_begin ] --START--
INFO: Run Behavior\ReadHtmlCacheBehavior [ RunTime:0.000744s ]
INFO: [ app_begin ] --END-- [ RunTime:0.000797s ]
NOTIC: [2048] Declaration of Home\Model\CarModel::check() should be compatible with Think\Model::check($value, $rule, $type = 'regex') D:\xampp\htdocs\RCW_MVC\Application\Home\Model\CarModel.class.php 第 4 行.
SQL: SHOW COLUMNS FROM `car` [ RunTime:0.1274s ]
SQL: SELECT * FROM `car`  [ RunTime:0.0221s ]
INFO: [ view_parse ] --START--
INFO: [ template_filter ] --START--
INFO: Run Behavior\ContentReplaceBehavior [ RunTime:0.000157s ]
INFO: [ template_filter ] --END-- [ RunTime:0.000246s ]
NOTIC: [8] A session had already been started - ignoring session_start() D:\xampp\htdocs\RCW_MVC\Application\Runtime\Cache\Home\b29b1e167bb03e3f834dcac5acf96283.php 第 85 行.
INFO: Run Behavior\ParseTemplateBehavior [ RunTime:0.025297s ]
INFO: [ view_parse ] --END-- [ RunTime:0.025434s ]
INFO: [ view_filter ] --START--
INFO: Run Behavior\WriteHtmlCacheBehavior [ RunTime:0.001228s ]
INFO: [ view_filter ] --END-- [ RunTime:0.001324s ]
INFO: [ app_end ] --START--
INFO: Run Behavior\ShowPageTraceBehavior [ RunTime:0.001935s ]
INFO: [ app_end ] --END-- [ RunTime:0.002105s ]

[ 2016-11-18T10:26:30+08:00 ] ::1 /RCW_MVC/index.php/Home/Rent/grid.css
INFO: [ app_init ] --START--
INFO: Run Behavior\BuildLiteBehavior [ RunTime:0.000013s ]
INFO: [ app_init ] --END-- [ RunTime:0.000458s ]
INFO: [ app_begin ] --START--
INFO: Run Behavior\ReadHtmlCacheBehavior [ RunTime:0.000500s ]
INFO: [ app_begin ] --END-- [ RunTime:0.000540s ]
ERR: 非法操作:grid.css

[ 2016-11-18T10:29:02+08:00 ] ::1 /RCW_MVC/index.php/Home/Rent/index.html
INFO: [ app_init ] --START--
INFO: Run Behavior\BuildLiteBehavior [ RunTime:0.000013s ]
INFO: [ app_init ] --END-- [ RunTime:0.000495s ]
INFO: [ app_begin ] --START--
INFO: Run Behavior\ReadHtmlCacheBehavior [ RunTime:0.000661s ]
INFO: [ app_begin ] --END-- [ RunTime:0.000709s ]
NOTIC: [2048] Declaration of Home\Model\CarModel::check() should be compatible with Think\Model::check($value, $rule, $type = 'regex') D:\xampp\htdocs\RCW_MVC\Application\Home\Model\CarModel.class.php 第 4 行.
SQL: SHOW COLUMNS FROM `car` [ RunTime:0.0031s ]
SQL: SELECT * FROM `car`  [ RunTime:0.0004s ]
INFO: [ view_parse ] --START--
INFO: [ template_filter ] --START--
INFO: Run Behavior\ContentReplaceBehavior [ RunTime:0.000066s ]
INFO: [ template_filter ] --END-- [ RunTime:0.000106s ]
NOTIC: [8] A session had already been started - ignoring session_start() D:\xampp\htdocs\RCW_MVC\Application\Runtime\Cache\Home\b29b1e167bb03e3f834dcac5acf96283.php 第 85 行.
INFO: Run Behavior\ParseTemplateBehavior [ RunTime:0.008353s ]
INFO: [ view_parse ] --END-- [ RunTime:0.008414s ]
INFO: [ view_filter ] --START--
INFO: Run Behavior\WriteHtmlCacheBehavior [ RunTime:0.000491s ]
INFO: [ view_filter ] --END-- [ RunTime:0.000526s ]
INFO: [ app_end ] --START--
INFO: Run Behavior\ShowPageTraceBehavior [ RunTime:0.000997s ]
INFO: [ app_end ] --END-- [ RunTime:0.001190s ]

[ 2016-11-18T10:29:02+08:00 ] ::1 /RCW_MVC/index.php/Home/Rent/grid.css
INFO: [ app_init ] --START--
INFO: Run Behavior\BuildLiteBehavior [ RunTime:0.000021s ]
INFO: [ app_init ] --END-- [ RunTime:0.000500s ]
INFO: [ app_begin ] --START--
INFO: Run Behavior\ReadHtmlCacheBehavior [ RunTime:0.000553s ]
INFO: [ app_begin ] --END-- [ RunTime:0.000599s ]
ERR: 非法操作:grid.css

[ 2016-11-18T10:29:04+08:00 ] ::1 /RCW_MVC/index.php/Home/Rent/index.html
INFO: [ app_init ] --START--
INFO: Run Behavior\BuildLiteBehavior [ RunTime:0.000055s ]
INFO: [ app_init ] --END-- [ RunTime:0.000656s ]
INFO: [ app_begin ] --START--
INFO: Run Behavior\ReadHtmlCacheBehavior [ RunTime:0.000435s ]
INFO: [ app_begin ] --END-- [ RunTime:0.000478s ]
NOTIC: [2048] Declaration of Home\Model\CarModel::check() should be compatible with Think\Model::check($value, $rule, $type = 'regex') D:\xampp\htdocs\RCW_MVC\Application\Home\Model\CarModel.class.php 第 4 行.
SQL: SHOW COLUMNS FROM `car` [ RunTime:0.0032s ]
SQL: SELECT * FROM `car`  [ RunTime:0.0003s ]
INFO: [ view_parse ] --START--
INFO: [ template_filter ] --START--
INFO: Run Behavior\ContentReplaceBehavior [ RunTime:0.000067s ]
INFO: [ template_filter ] --END-- [ RunTime:0.000111s ]
NOTIC: [8] A session had already been started - ignoring session_start() D:\xampp\htdocs\RCW_MVC\Application\Runtime\Cache\Home\b29b1e167bb03e3f834dcac5acf96283.php 第 85 行.
INFO: Run Behavior\ParseTemplateBehavior [ RunTime:0.007612s ]
INFO: [ view_parse ] --END-- [ RunTime:0.007653s ]
INFO: [ view_filter ] --START--
INFO: Run Behavior\WriteHtmlCacheBehavior [ RunTime:0.000276s ]
INFO: [ view_filter ] --END-- [ RunTime:0.000306s ]
INFO: [ app_end ] --START--
INFO: Run Behavior\ShowPageTraceBehavior [ RunTime:0.000648s ]
INFO: [ app_end ] --END-- [ RunTime:0.000708s ]

[ 2016-11-18T10:29:04+08:00 ] ::1 /RCW_MVC/index.php/Home/Rent/grid.css
INFO: [ app_init ] --START--
INFO: Run Behavior\BuildLiteBehavior [ RunTime:0.000023s ]
INFO: [ app_init ] --END-- [ RunTime:0.000741s ]
INFO: [ app_begin ] --START--
INFO: Run Behavior\ReadHtmlCacheBehavior [ RunTime:0.000746s ]
INFO: [ app_begin ] --END-- [ RunTime:0.000834s ]
ERR: 非法操作:grid.css

[ 2016-11-18T10:29:08+08:00 ] ::1 /RCW_MVC/index.php/Home/Rent/index.html
INFO: [ app_init ] --START--
INFO: Run Behavior\BuildLiteBehavior [ RunTime:0.000020s ]
INFO: [ app_init ] --END-- [ RunTime:0.000751s ]
INFO: [ app_begin ] --START--
INFO: Run Behavior\ReadHtmlCacheBehavior [ RunTime:0.000877s ]
INFO: [ app_begin ] --END-- [ RunTime:0.000954s ]
NOTIC: [2048] Declaration of Home\Model\CarModel::check() should be compatible with Think\Model::check($value, $rule, $type = 'regex') D:\xampp\htdocs\RCW_MVC\Application\Home\Model\CarModel.class.php 第 4 行.
SQL: SHOW COLUMNS FROM `car` [ RunTime:0.0042s ]
SQL: SELECT * FROM `car`  [ RunTime:0.0005s ]
INFO: [ view_parse ] --START--
INFO: [ template_filter ] --START--
INFO: Run Behavior\ContentReplaceBehavior [ RunTime:0.000078s ]
INFO: [ template_filter ] --END-- [ RunTime:0.000123s ]
NOTIC: [8] A session had already been started - ignoring session_start() D:\xampp\htdocs\RCW_MVC\Application\Runtime\Cache\Home\b29b1e167bb03e3f834dcac5acf96283.php 第 85 行.
INFO: Run Behavior\ParseTemplateBehavior [ RunTime:0.009751s ]
INFO: [ view_parse ] --END-- [ RunTime:0.009807s ]
INFO: [ view_filter ] --START--
INFO: Run Behavior\WriteHtmlCacheBehavior [ RunTime:0.000398s ]
INFO: [ view_filter ] --END-- [ RunTime:0.000437s ]
INFO: [ app_end ] --START--
INFO: Run Behavior\ShowPageTraceBehavior [ RunTime:0.000584s ]
INFO: [ app_end ] --END-- [ RunTime:0.000641s ]

[ 2016-11-18T10:29:08+08:00 ] ::1 /RCW_MVC/index.php/Home/Rent/grid.css
INFO: [ app_init ] --START--
INFO: Run Behavior\BuildLiteBehavior [ RunTime:0.000013s ]
INFO: [ app_init ] --END-- [ RunTime:0.000482s ]
INFO: [ app_begin ] --START--
INFO: Run Behavior\ReadHtmlCacheBehavior [ RunTime:0.000497s ]
INFO: [ app_begin ] --END-- [ RunTime:0.000538s ]
ERR: 非法操作:grid.css

[ 2016-11-18T10:29:21+08:00 ] ::1 /RCW_MVC/index.php/Home/Rent/index.html
INFO: [ app_init ] --START--
INFO: Run Behavior\BuildLiteBehavior [ RunTime:0.000013s ]
INFO: [ app_init ] --END-- [ RunTime:0.000480s ]
INFO: [ app_begin ] --START--
INFO: Run Behavior\ReadHtmlCacheBehavior [ RunTime:0.000674s ]
INFO: [ app_begin ] --END-- [ RunTime:0.000721s ]
NOTIC: [2048] Declaration of Home\Model\CarModel::check() should be compatible with Think\Model::check($value, $rule, $type = 'regex') D:\xampp\htdocs\RCW_MVC\Application\Home\Model\CarModel.class.php 第 4 行.
SQL: SHOW COLUMNS FROM `car` [ RunTime:0.0030s ]
SQL: SELECT * FROM `car`  [ RunTime:0.0004s ]
INFO: [ view_parse ] --START--
INFO: [ template_filter ] --START--
INFO: Run Behavior\ContentReplaceBehavior [ RunTime:0.000088s ]
INFO: [ template_filter ] --END-- [ RunTime:0.000128s ]
NOTIC: [8] A session had already been started - ignoring session_start() D:\xampp\htdocs\RCW_MVC\Application\Runtime\Cache\Home\b29b1e167bb03e3f834dcac5acf96283.php 第 85 行.
INFO: Run Behavior\ParseTemplateBehavior [ RunTime:0.009140s ]
INFO: [ view_parse ] --END-- [ RunTime:0.009183s ]
INFO: [ view_filter ] --START--
INFO: Run Behavior\WriteHtmlCacheBehavior [ RunTime:0.000405s ]
INFO: [ view_filter ] --END-- [ RunTime:0.000436s ]
INFO: [ app_end ] --START--
INFO: Run Behavior\ShowPageTraceBehavior [ RunTime:0.000524s ]
INFO: [ app_end ] --END-- [ RunTime:0.000569s ]

[ 2016-11-18T10:29:21+08:00 ] ::1 /RCW_MVC/index.php/Home/Rent/grid.css
INFO: [ app_init ] --START--
INFO: Run Behavior\BuildLiteBehavior [ RunTime:0.000012s ]
INFO: [ app_init ] --END-- [ RunTime:0.000445s ]
INFO: [ app_begin ] --START--
INFO: Run Behavior\ReadHtmlCacheBehavior [ RunTime:0.000484s ]
INFO: [ app_begin ] --END-- [ RunTime:0.000533s ]
ERR: 非法操作:grid.css

[ 2016-11-18T10:29:24+08:00 ] ::1 /RCW_MVC/index.php/Home/Rent/index.html
INFO: [ app_init ] --START--
INFO: Run Behavior\BuildLiteBehavior [ RunTime:0.000019s ]
INFO: [ app_init ] --END-- [ RunTime:0.000716s ]
INFO: [ app_begin ] --START--
INFO: Run Behavior\ReadHtmlCacheBehavior [ RunTime:0.000829s ]
INFO: [ app_begin ] --END-- [ RunTime:0.000899s ]
NOTIC: [2048] Declaration of Home\Model\CarModel::check() should be compatible with Think\Model::check($value, $rule, $type = 'regex') D:\xampp\htdocs\RCW_MVC\Application\Home\Model\CarModel.class.php 第 4 行.
SQL: SHOW COLUMNS FROM `car` [ RunTime:0.0052s ]
SQL: SELECT * FROM `car`  [ RunTime:0.0003s ]
INFO: [ view_parse ] --START--
INFO: [ template_filter ] --START--
INFO: Run Behavior\ContentReplaceBehavior [ RunTime:0.000063s ]
INFO: [ template_filter ] --END-- [ RunTime:0.000102s ]
NOTIC: [8] A session had already been started - ignoring session_start() D:\xampp\htdocs\RCW_MVC\Application\Runtime\Cache\Home\b29b1e167bb03e3f834dcac5acf96283.php 第 85 行.
INFO: Run Behavior\ParseTemplateBehavior [ RunTime:0.007397s ]
INFO: [ view_parse ] --END-- [ RunTime:0.007442s ]
INFO: [ view_filter ] --START--
INFO: Run Behavior\WriteHtmlCacheBehavior [ RunTime:0.000354s ]
INFO: [ view_filter ] --END-- [ RunTime:0.000387s ]
INFO: [ app_end ] --START--
INFO: Run Behavior\ShowPageTraceBehavior [ RunTime:0.000687s ]
INFO: [ app_end ] --END-- [ RunTime:0.000730s ]

[ 2016-11-18T10:29:24+08:00 ] ::1 /RCW_MVC/index.php/Home/Rent/grid.css
INFO: [ app_init ] --START--
INFO: Run Behavior\BuildLiteBehavior [ RunTime:0.000023s ]
INFO: [ app_init ] --END-- [ RunTime:0.000490s ]
INFO: [ app_begin ] --START--
INFO: Run Behavior\ReadHtmlCacheBehavior [ RunTime:0.000665s ]
INFO: [ app_begin ] --END-- [ RunTime:0.000735s ]
ERR: 非法操作:grid.css

[ 2016-11-18T10:30:26+08:00 ] ::1 /RCW_MVC/index.php/Home/Rent/index.html
INFO: [ app_init ] --START--
INFO: Run Behavior\BuildLiteBehavior [ RunTime:0.000014s ]
INFO: [ app_init ] --END-- [ RunTime:0.000491s ]
INFO: [ app_begin ] --START--
INFO: Run Behavior\ReadHtmlCacheBehavior [ RunTime:0.000572s ]
INFO: [ app_begin ] --END-- [ RunTime:0.000619s ]
NOTIC: [2048] Declaration of Home\Model\CarModel::check() should be compatible with Think\Model::check($value, $rule, $type = 'regex') D:\xampp\htdocs\RCW_MVC\Application\Home\Model\CarModel.class.php 第 4 行.
SQL: SHOW COLUMNS FROM `car` [ RunTime:0.0034s ]
SQL: SELECT * FROM `car`  [ RunTime:0.0004s ]
INFO: [ view_parse ] --START--
INFO: [ template_filter ] --START--
INFO: Run Behavior\ContentReplaceBehavior [ RunTime:0.000183s ]
INFO: [ template_filter ] --END-- [ RunTime:0.000315s ]
NOTIC: [8] A session had already been started - ignoring session_start() D:\xampp\htdocs\RCW_MVC\Application\Runtime\Cache\Home\b29b1e167bb03e3f834dcac5acf96283.php 第 85 行.
INFO: Run Behavior\ParseTemplateBehavior [ RunTime:0.010207s ]
INFO: [ view_parse ] --END-- [ RunTime:0.010262s ]
INFO: [ view_filter ] --START--
INFO: Run Behavior\WriteHtmlCacheBehavior [ RunTime:0.000539s ]
INFO: [ view_filter ] --END-- [ RunTime:0.000580s ]
INFO: [ app_end ] --START--
INFO: Run Behavior\ShowPageTraceBehavior [ RunTime:0.000690s ]
INFO: [ app_end ] --END-- [ RunTime:0.000755s ]

[ 2016-11-18T10:30:26+08:00 ] ::1 /RCW_MVC/index.php/Home/Rent/grid.css
INFO: [ app_init ] --START--
INFO: Run Behavior\BuildLiteBehavior [ RunTime:0.000012s ]
INFO: [ app_init ] --END-- [ RunTime:0.000347s ]
INFO: [ app_begin ] --START--
INFO: Run Behavior\ReadHtmlCacheBehavior [ RunTime:0.000411s ]
INFO: [ app_begin ] --END-- [ RunTime:0.000449s ]
ERR: 非法操作:grid.css

[ 2016-11-18T10:34:41+08:00 ] ::1 /RCW_MVC/index.php/Home/Rent/index.html
INFO: [ app_init ] --START--
INFO: Run Behavior\BuildLiteBehavior [ RunTime:0.000013s ]
INFO: [ app_init ] --END-- [ RunTime:0.000529s ]
INFO: [ app_begin ] --START--
INFO: Run Behavior\ReadHtmlCacheBehavior [ RunTime:0.000661s ]
INFO: [ app_begin ] --END-- [ RunTime:0.000708s ]
NOTIC: [2048] Declaration of Home\Model\CarModel::check() should be compatible with Think\Model::check($value, $rule, $type = 'regex') D:\xampp\htdocs\RCW_MVC\Application\Home\Model\CarModel.class.php 第 4 行.
SQL: SHOW COLUMNS FROM `car` [ RunTime:0.0039s ]
SQL: SELECT * FROM `car`  [ RunTime:0.0004s ]
INFO: [ view_parse ] --START--
INFO: [ template_filter ] --START--
INFO: Run Behavior\ContentReplaceBehavior [ RunTime:0.000082s ]
INFO: [ template_filter ] --END-- [ RunTime:0.000130s ]
NOTIC: [8] A session had already been started - ignoring session_start() D:\xampp\htdocs\RCW_MVC\Application\Runtime\Cache\Home\b29b1e167bb03e3f834dcac5acf96283.php 第 85 行.
INFO: Run Behavior\ParseTemplateBehavior [ RunTime:0.009040s ]
INFO: [ view_parse ] --END-- [ RunTime:0.009091s ]
INFO: [ view_filter ] --START--
INFO: Run Behavior\WriteHtmlCacheBehavior [ RunTime:0.000452s ]
INFO: [ view_filter ] --END-- [ RunTime:0.000491s ]
INFO: [ app_end ] --START--
INFO: Run Behavior\ShowPageTraceBehavior [ RunTime:0.000643s ]
INFO: [ app_end ] --END-- [ RunTime:0.000695s ]

[ 2016-11-18T10:34:41+08:00 ] ::1 /RCW_MVC/index.php/Home/Rent/grid.css
INFO: [ app_init ] --START--
INFO: Run Behavior\BuildLiteBehavior [ RunTime:0.000019s ]
INFO: [ app_init ] --END-- [ RunTime:0.000480s ]
INFO: [ app_begin ] --START--
INFO: Run Behavior\ReadHtmlCacheBehavior [ RunTime:0.000582s ]
INFO: [ app_begin ] --END-- [ RunTime:0.000647s ]
ERR: 非法操作:grid.css

[ 2016-11-18T10:35:52+08:00 ] ::1 /RCW_MVC/index.php/Home/Rent/index.html
INFO: [ app_init ] --START--
INFO: Run Behavior\BuildLiteBehavior [ RunTime:0.000013s ]
INFO: [ app_init ] --END-- [ RunTime:0.000558s ]
INFO: [ app_begin ] --START--
INFO: Run Behavior\ReadHtmlCacheBehavior [ RunTime:0.000700s ]
INFO: [ app_begin ] --END-- [ RunTime:0.000769s ]
NOTIC: [2048] Declaration of Home\Model\CarModel::check() should be compatible with Think\Model::check($value, $rule, $type = 'regex') D:\xampp\htdocs\RCW_MVC\Application\Home\Model\CarModel.class.php 第 4 行.
SQL: SHOW COLUMNS FROM `car` [ RunTime:0.0032s ]
SQL: SELECT * FROM `car`  [ RunTime:0.0003s ]
INFO: [ view_parse ] --START--
INFO: [ template_filter ] --START--
INFO: Run Behavior\ContentReplaceBehavior [ RunTime:0.000078s ]
INFO: [ template_filter ] --END-- [ RunTime:0.000122s ]
NOTIC: [8] A session had already been started - ignoring session_start() D:\xampp\htdocs\RCW_MVC\Application\Runtime\Cache\Home\b29b1e167bb03e3f834dcac5acf96283.php 第 85 行.
INFO: Run Behavior\ParseTemplateBehavior [ RunTime:0.009629s ]
INFO: [ view_parse ] --END-- [ RunTime:0.009676s ]
INFO: [ view_filter ] --START--
INFO: Run Behavior\WriteHtmlCacheBehavior [ RunTime:0.000447s ]
INFO: [ view_filter ] --END-- [ RunTime:0.000485s ]
INFO: [ app_end ] --START--
INFO: Run Behavior\ShowPageTraceBehavior [ RunTime:0.000798s ]
INFO: [ app_end ] --END-- [ RunTime:0.000870s ]

[ 2016-11-18T10:35:52+08:00 ] ::1 /RCW_MVC/index.php/Home/Rent/grid.css
INFO: [ app_init ] --START--
INFO: Run Behavior\BuildLiteBehavior [ RunTime:0.000020s ]
INFO: [ app_init ] --END-- [ RunTime:0.000649s ]
INFO: [ app_begin ] --START--
INFO: Run Behavior\ReadHtmlCacheBehavior [ RunTime:0.000668s ]
INFO: [ app_begin ] --END-- [ RunTime:0.000749s ]
ERR: 非法操作:grid.css

[ 2016-11-18T10:37:07+08:00 ] ::1 /RCW_MVC/index.php/Home/Rent/index.html
INFO: [ app_init ] --START--
INFO: Run Behavior\BuildLiteBehavior [ RunTime:0.000013s ]
INFO: [ app_init ] --END-- [ RunTime:0.000483s ]
INFO: [ app_begin ] --START--
INFO: Run Behavior\ReadHtmlCacheBehavior [ RunTime:0.000502s ]
INFO: [ app_begin ] --END-- [ RunTime:0.000580s ]
NOTIC: [2048] Declaration of Home\Model\CarModel::check() should be compatible with Think\Model::check($value, $rule, $type = 'regex') D:\xampp\htdocs\RCW_MVC\Application\Home\Model\CarModel.class.php 第 4 行.
SQL: SHOW COLUMNS FROM `car` [ RunTime:0.0040s ]
SQL: SELECT * FROM `car`  [ RunTime:0.0003s ]
INFO: [ view_parse ] --START--
INFO: [ template_filter ] --START--
INFO: Run Behavior\ContentReplaceBehavior [ RunTime:0.000068s ]
INFO: [ template_filter ] --END-- [ RunTime:0.000110s ]
NOTIC: [8] A session had already been started - ignoring session_start() D:\xampp\htdocs\RCW_MVC\Application\Runtime\Cache\Home\b29b1e167bb03e3f834dcac5acf96283.php 第 85 行.
INFO: Run Behavior\ParseTemplateBehavior [ RunTime:0.007167s ]
INFO: [ view_parse ] --END-- [ RunTime:0.007208s ]
INFO: [ view_filter ] --START--
INFO: Run Behavior\WriteHtmlCacheBehavior [ RunTime:0.000309s ]
INFO: [ view_filter ] --END-- [ RunTime:0.000340s ]
INFO: [ app_end ] --START--
INFO: Run Behavior\ShowPageTraceBehavior [ RunTime:0.000471s ]
INFO: [ app_end ] --END-- [ RunTime:0.000510s ]

[ 2016-11-18T10:37:07+08:00 ] ::1 /RCW_MVC/index.php/Home/Rent/grid.css
INFO: [ app_init ] --START--
INFO: Run Behavior\BuildLiteBehavior [ RunTime:0.000020s ]
INFO: [ app_init ] --END-- [ RunTime:0.000558s ]
INFO: [ app_begin ] --START--
INFO: Run Behavior\ReadHtmlCacheBehavior [ RunTime:0.000633s ]
INFO: [ app_begin ] --END-- [ RunTime:0.000700s ]
ERR: 非法操作:grid.css

[ 2016-11-18T10:37:41+08:00 ] ::1 /RCW_MVC/index.php/Home/Rent/index.html
INFO: [ app_init ] --START--
INFO: Run Behavior\BuildLiteBehavior [ RunTime:0.000014s ]
INFO: [ app_init ] --END-- [ RunTime:0.000553s ]
INFO: [ app_begin ] --START--
INFO: Run Behavior\ReadHtmlCacheBehavior [ RunTime:0.000557s ]
INFO: [ app_begin ] --END-- [ RunTime:0.000601s ]
NOTIC: [2048] Declaration of Home\Model\CarModel::check() should be compatible with Think\Model::check($value, $rule, $type = 'regex') D:\xampp\htdocs\RCW_MVC\Application\Home\Model\CarModel.class.php 第 4 行.
SQL: SHOW COLUMNS FROM `car` [ RunTime:0.0040s ]
SQL: SELECT * FROM `car`  [ RunTime:0.0004s ]
INFO: [ view_parse ] --START--
INFO: [ template_filter ] --START--
INFO: Run Behavior\ContentReplaceBehavior [ RunTime:0.000088s ]
INFO: [ template_filter ] --END-- [ RunTime:0.000142s ]
NOTIC: [8] A session had already been started - ignoring session_start() D:\xampp\htdocs\RCW_MVC\Application\Runtime\Cache\Home\b29b1e167bb03e3f834dcac5acf96283.php 第 85 行.
INFO: Run Behavior\ParseTemplateBehavior [ RunTime:0.008691s ]
INFO: [ view_parse ] --END-- [ RunTime:0.008739s ]
INFO: [ view_filter ] --START--
INFO: Run Behavior\WriteHtmlCacheBehavior [ RunTime:0.000402s ]
INFO: [ view_filter ] --END-- [ RunTime:0.000440s ]
INFO: [ app_end ] --START--
INFO: Run Behavior\ShowPageTraceBehavior [ RunTime:0.000549s ]
INFO: [ app_end ] --END-- [ RunTime:0.000596s ]

[ 2016-11-18T10:37:41+08:00 ] ::1 /RCW_MVC/index.php/Home/Rent/grid.css
INFO: [ app_init ] --START--
INFO: Run Behavior\BuildLiteBehavior [ RunTime:0.000018s ]
INFO: [ app_init ] --END-- [ RunTime:0.000430s ]
INFO: [ app_begin ] --START--
INFO: Run Behavior\ReadHtmlCacheBehavior [ RunTime:0.000598s ]
INFO: [ app_begin ] --END-- [ RunTime:0.000661s ]
ERR: 非法操作:grid.css

[ 2016-11-18T10:38:11+08:00 ] ::1 /RCW_MVC/index.php/Home/Rent/index.html
INFO: [ app_init ] --START--
INFO: Run Behavior\BuildLiteBehavior [ RunTime:0.000013s ]
INFO: [ app_init ] --END-- [ RunTime:0.000552s ]
INFO: [ app_begin ] --START--
INFO: Run Behavior\ReadHtmlCacheBehavior [ RunTime:0.000656s ]
INFO: [ app_begin ] --END-- [ RunTime:0.000701s ]
NOTIC: [2048] Declaration of Home\Model\CarModel::check() should be compatible with Think\Model::check($value, $rule, $type = 'regex') D:\xampp\htdocs\RCW_MVC\Application\Home\Model\CarModel.class.php 第 4 行.
SQL: SHOW COLUMNS FROM `car` [ RunTime:0.0037s ]
SQL: SELECT * FROM `car`  [ RunTime:0.0004s ]
INFO: [ view_parse ] --START--
INFO: [ template_filter ] --START--
INFO: Run Behavior\ContentReplaceBehavior [ RunTime:0.000076s ]
INFO: [ template_filter ] --END-- [ RunTime:0.000130s ]
NOTIC: [8] A session had already been started - ignoring session_start() D:\xampp\htdocs\RCW_MVC\Application\Runtime\Cache\Home\b29b1e167bb03e3f834dcac5acf96283.php 第 85 行.
INFO: Run Behavior\ParseTemplateBehavior [ RunTime:0.010293s ]
INFO: [ view_parse ] --END-- [ RunTime:0.010347s ]
INFO: [ view_filter ] --START--
INFO: Run Behavior\WriteHtmlCacheBehavior [ RunTime:0.000478s ]
INFO: [ view_filter ] --END-- [ RunTime:0.000517s ]
INFO: [ app_end ] --START--
INFO: Run Behavior\ShowPageTraceBehavior [ RunTime:0.000707s ]
INFO: [ app_end ] --END-- [ RunTime:0.000761s ]

[ 2016-11-18T10:38:11+08:00 ] ::1 /RCW_MVC/index.php/Home/Rent/grid.css
INFO: [ app_init ] --START--
INFO: Run Behavior\BuildLiteBehavior [ RunTime:0.000022s ]
INFO: [ app_init ] --END-- [ RunTime:0.000539s ]
INFO: [ app_begin ] --START--
INFO: Run Behavior\ReadHtmlCacheBehavior [ RunTime:0.000561s ]
INFO: [ app_begin ] --END-- [ RunTime:0.000648s ]
ERR: 非法操作:grid.css

[ 2016-11-18T10:38:12+08:00 ] ::1 /RCW_MVC/index.php/Home/Rent/index.html
INFO: [ app_init ] --START--
INFO: Run Behavior\BuildLiteBehavior [ RunTime:0.000013s ]
INFO: [ app_init ] --END-- [ RunTime:0.000495s ]
INFO: [ app_begin ] --START--
INFO: Run Behavior\ReadHtmlCacheBehavior [ RunTime:0.000585s ]
INFO: [ app_begin ] --END-- [ RunTime:0.000631s ]
NOTIC: [2048] Declaration of Home\Model\CarModel::check() should be compatible with Think\Model::check($value, $rule, $type = 'regex') D:\xampp\htdocs\RCW_MVC\Application\Home\Model\CarModel.class.php 第 4 行.
SQL: SHOW COLUMNS FROM `car` [ RunTime:0.0032s ]
SQL: SELECT * FROM `car`  [ RunTime:0.0004s ]
INFO: [ view_parse ] --START--
INFO: [ template_filter ] --START--
INFO: Run Behavior\ContentReplaceBehavior [ RunTime:0.000080s ]
INFO: [ template_filter ] --END-- [ RunTime:0.000129s ]
NOTIC: [8] A session had already been started - ignoring session_start() D:\xampp\htdocs\RCW_MVC\Application\Runtime\Cache\Home\b29b1e167bb03e3f834dcac5acf96283.php 第 85 行.
INFO: Run Behavior\ParseTemplateBehavior [ RunTime:0.009729s ]
INFO: [ view_parse ] --END-- [ RunTime:0.009787s ]
INFO: [ view_filter ] --START--
INFO: Run Behavior\WriteHtmlCacheBehavior [ RunTime:0.000399s ]
INFO: [ view_filter ] --END-- [ RunTime:0.000438s ]
INFO: [ app_end ] --START--
INFO: Run Behavior\ShowPageTraceBehavior [ RunTime:0.000516s ]
INFO: [ app_end ] --END-- [ RunTime:0.000564s ]

[ 2016-11-18T10:38:12+08:00 ] ::1 /RCW_MVC/index.php/Home/Rent/grid.css
INFO: [ app_init ] --START--
INFO: Run Behavior\BuildLiteBehavior [ RunTime:0.000017s ]
INFO: [ app_init ] --END-- [ RunTime:0.000435s ]
INFO: [ app_begin ] --START--
INFO: Run Behavior\ReadHtmlCacheBehavior [ RunTime:0.000461s ]
INFO: [ app_begin ] --END-- [ RunTime:0.000504s ]
ERR: 非法操作:grid.css

[ 2016-11-18T10:38:40+08:00 ] ::1 /RCW_MVC/index.php/Home/Rent/index.html
INFO: [ app_init ] --START--
INFO: Run Behavior\BuildLiteBehavior [ RunTime:0.000012s ]
INFO: [ app_init ] --END-- [ RunTime:0.000483s ]
INFO: [ app_begin ] --START--
INFO: Run Behavior\ReadHtmlCacheBehavior [ RunTime:0.000521s ]
INFO: [ app_begin ] --END-- [ RunTime:0.000571s ]
NOTIC: [2048] Declaration of Home\Model\CarModel::check() should be compatible with Think\Model::check($value, $rule, $type = 'regex') D:\xampp\htdocs\RCW_MVC\Application\Home\Model\CarModel.class.php 第 4 行.
SQL: SHOW COLUMNS FROM `car` [ RunTime:0.0030s ]
SQL: SELECT * FROM `car`  [ RunTime:0.0003s ]
INFO: [ view_parse ] --START--
INFO: [ template_filter ] --START--
INFO: Run Behavior\ContentReplaceBehavior [ RunTime:0.000077s ]
INFO: [ template_filter ] --END-- [ RunTime:0.000124s ]
NOTIC: [8] A session had already been started - ignoring session_start() D:\xampp\htdocs\RCW_MVC\Application\Runtime\Cache\Home\b29b1e167bb03e3f834dcac5acf96283.php 第 85 行.
INFO: Run Behavior\ParseTemplateBehavior [ RunTime:0.008974s ]
INFO: [ view_parse ] --END-- [ RunTime:0.009026s ]
INFO: [ view_filter ] --START--
INFO: Run Behavior\WriteHtmlCacheBehavior [ RunTime:0.000472s ]
INFO: [ view_filter ] --END-- [ RunTime:0.000514s ]
INFO: [ app_end ] --START--
INFO: Run Behavior\ShowPageTraceBehavior [ RunTime:0.000631s ]
INFO: [ app_end ] --END-- [ RunTime:0.000681s ]

[ 2016-11-18T10:38:40+08:00 ] ::1 /RCW_MVC/index.php/Home/Rent/grid.css
INFO: [ app_init ] --START--
INFO: Run Behavior\BuildLiteBehavior [ RunTime:0.000014s ]
INFO: [ app_init ] --END-- [ RunTime:0.000386s ]
INFO: [ app_begin ] --START--
INFO: Run Behavior\ReadHtmlCacheBehavior [ RunTime:0.000570s ]
INFO: [ app_begin ] --END-- [ RunTime:0.000616s ]
ERR: 非法操作:grid.css

[ 2016-11-18T10:38:57+08:00 ] ::1 /RCW_MVC/index.php/Home/Rent/index.html
INFO: [ app_init ] --START--
INFO: Run Behavior\BuildLiteBehavior [ RunTime:0.000013s ]
INFO: [ app_init ] --END-- [ RunTime:0.000501s ]
INFO: [ app_begin ] --START--
INFO: Run Behavior\ReadHtmlCacheBehavior [ RunTime:0.000532s ]
INFO: [ app_begin ] --END-- [ RunTime:0.000582s ]
NOTIC: [2048] Declaration of Home\Model\CarModel::check() should be compatible with Think\Model::check($value, $rule, $type = 'regex') D:\xampp\htdocs\RCW_MVC\Application\Home\Model\CarModel.class.php 第 4 行.
SQL: SHOW COLUMNS FROM `car` [ RunTime:0.0030s ]
SQL: SELECT * FROM `car`  [ RunTime:0.0003s ]
INFO: [ view_parse ] --START--
INFO: [ template_filter ] --START--
INFO: Run Behavior\ContentReplaceBehavior [ RunTime:0.000080s ]
INFO: [ template_filter ] --END-- [ RunTime:0.000173s ]
NOTIC: [8] A session had already been started - ignoring session_start() D:\xampp\htdocs\RCW_MVC\Application\Runtime\Cache\Home\b29b1e167bb03e3f834dcac5acf96283.php 第 85 行.
INFO: Run Behavior\ParseTemplateBehavior [ RunTime:0.009080s ]
INFO: [ view_parse ] --END-- [ RunTime:0.009125s ]
INFO: [ view_filter ] --START--
INFO: Run Behavior\WriteHtmlCacheBehavior [ RunTime:0.000387s ]
INFO: [ view_filter ] --END-- [ RunTime:0.000425s ]
INFO: [ app_end ] --START--
INFO: Run Behavior\ShowPageTraceBehavior [ RunTime:0.000597s ]
INFO: [ app_end ] --END-- [ RunTime:0.000654s ]

[ 2016-11-18T10:38:57+08:00 ] ::1 /RCW_MVC/index.php/Home/Rent/grid.css
INFO: [ app_init ] --START--
INFO: Run Behavior\BuildLiteBehavior [ RunTime:0.000015s ]
INFO: [ app_init ] --END-- [ RunTime:0.000522s ]
INFO: [ app_begin ] --START--
INFO: Run Behavior\ReadHtmlCacheBehavior [ RunTime:0.000521s ]
INFO: [ app_begin ] --END-- [ RunTime:0.000574s ]
ERR: 非法操作:grid.css

[ 2016-11-18T10:39:56+08:00 ] ::1 /RCW_MVC/index.php/Home/Rent/index.html
INFO: [ app_init ] --START--
INFO: Run Behavior\BuildLiteBehavior [ RunTime:0.000013s ]
INFO: [ app_init ] --END-- [ RunTime:0.000491s ]
INFO: [ app_begin ] --START--
INFO: Run Behavior\ReadHtmlCacheBehavior [ RunTime:0.000555s ]
INFO: [ app_begin ] --END-- [ RunTime:0.000601s ]
NOTIC: [2048] Declaration of Home\Model\CarModel::check() should be compatible with Think\Model::check($value, $rule, $type = 'regex') D:\xampp\htdocs\RCW_MVC\Application\Home\Model\CarModel.class.php 第 4 行.
SQL: SHOW COLUMNS FROM `car` [ RunTime:0.0028s ]
SQL: SELECT * FROM `car`  [ RunTime:0.0003s ]
INFO: [ view_parse ] --START--
INFO: [ template_filter ] --START--
INFO: Run Behavior\ContentReplaceBehavior [ RunTime:0.000088s ]
INFO: [ template_filter ] --END-- [ RunTime:0.000129s ]
NOTIC: [8] A session had already been started - ignoring session_start() D:\xampp\htdocs\RCW_MVC\Application\Runtime\Cache\Home\b29b1e167bb03e3f834dcac5acf96283.php 第 85 行.
INFO: Run Behavior\ParseTemplateBehavior [ RunTime:0.007924s ]
INFO: [ view_parse ] --END-- [ RunTime:0.007965s ]
INFO: [ view_filter ] --START--
INFO: Run Behavior\WriteHtmlCacheBehavior [ RunTime:0.000303s ]
INFO: [ view_filter ] --END-- [ RunTime:0.000336s ]
INFO: [ app_end ] --START--
INFO: Run Behavior\ShowPageTraceBehavior [ RunTime:0.000541s ]
INFO: [ app_end ] --END-- [ RunTime:0.000583s ]

[ 2016-11-18T10:39:56+08:00 ] ::1 /RCW_MVC/index.php/Home/Rent/grid.css
INFO: [ app_init ] --START--
INFO: Run Behavior\BuildLiteBehavior [ RunTime:0.000012s ]
INFO: [ app_init ] --END-- [ RunTime:0.000399s ]
INFO: [ app_begin ] --START--
INFO: Run Behavior\ReadHtmlCacheBehavior [ RunTime:0.000941s ]
INFO: [ app_begin ] --END-- [ RunTime:0.001023s ]
ERR: 非法操作:grid.css

[ 2016-11-18T10:40:58+08:00 ] ::1 /RCW_MVC/index.php/Home/Rent/index.html
INFO: [ app_init ] --START--
INFO: Run Behavior\BuildLiteBehavior [ RunTime:0.000014s ]
INFO: [ app_init ] --END-- [ RunTime:0.000522s ]
INFO: [ app_begin ] --START--
INFO: Run Behavior\ReadHtmlCacheBehavior [ RunTime:0.000645s ]
INFO: [ app_begin ] --END-- [ RunTime:0.000691s ]
NOTIC: [2048] Declaration of Home\Model\CarModel::check() should be compatible with Think\Model::check($value, $rule, $type = 'regex') D:\xampp\htdocs\RCW_MVC\Application\Home\Model\CarModel.class.php 第 4 行.
SQL: SHOW COLUMNS FROM `car` [ RunTime:0.0029s ]
SQL: SELECT * FROM `car`  [ RunTime:0.0003s ]
INFO: [ view_parse ] --START--
INFO: [ template_filter ] --START--
INFO: Run Behavior\ContentReplaceBehavior [ RunTime:0.000068s ]
INFO: [ template_filter ] --END-- [ RunTime:0.000106s ]
NOTIC: [8] A session had already been started - ignoring session_start() D:\xampp\htdocs\RCW_MVC\Application\Runtime\Cache\Home\b29b1e167bb03e3f834dcac5acf96283.php 第 85 行.
INFO: Run Behavior\ParseTemplateBehavior [ RunTime:0.008484s ]
INFO: [ view_parse ] --END-- [ RunTime:0.008545s ]
INFO: [ view_filter ] --START--
INFO: Run Behavior\WriteHtmlCacheBehavior [ RunTime:0.000517s ]
INFO: [ view_filter ] --END-- [ RunTime:0.000556s ]
INFO: [ app_end ] --START--
INFO: Run Behavior\ShowPageTraceBehavior [ RunTime:0.000599s ]
INFO: [ app_end ] --END-- [ RunTime:0.000668s ]

[ 2016-11-18T10:40:58+08:00 ] ::1 /RCW_MVC/index.php/Home/Rent/grid.css
INFO: [ app_init ] --START--
INFO: Run Behavior\BuildLiteBehavior [ RunTime:0.000019s ]
INFO: [ app_init ] --END-- [ RunTime:0.000419s ]
INFO: [ app_begin ] --START--
INFO: Run Behavior\ReadHtmlCacheBehavior [ RunTime:0.000642s ]
INFO: [ app_begin ] --END-- [ RunTime:0.000713s ]
ERR: 非法操作:grid.css

[ 2016-11-18T10:42:16+08:00 ] ::1 /RCW_MVC/index.php/Home/Rent/index.html
INFO: [ app_init ] --START--
INFO: Run Behavior\BuildLiteBehavior [ RunTime:0.000014s ]
INFO: [ app_init ] --END-- [ RunTime:0.000508s ]
INFO: [ app_begin ] --START--
INFO: Run Behavior\ReadHtmlCacheBehavior [ RunTime:0.000577s ]
INFO: [ app_begin ] --END-- [ RunTime:0.000624s ]
NOTIC: [2048] Declaration of Home\Model\CarModel::check() should be compatible with Think\Model::check($value, $rule, $type = 'regex') D:\xampp\htdocs\RCW_MVC\Application\Home\Model\CarModel.class.php 第 4 行.
SQL: SHOW COLUMNS FROM `car` [ RunTime:0.0033s ]
SQL: SELECT * FROM `car`  [ RunTime:0.0003s ]
INFO: [ view_parse ] --START--
INFO: [ template_filter ] --START--
INFO: Run Behavior\ContentReplaceBehavior [ RunTime:0.000090s ]
INFO: [ template_filter ] --END-- [ RunTime:0.000133s ]
NOTIC: [8] A session had already been started - ignoring session_start() D:\xampp\htdocs\RCW_MVC\Application\Runtime\Cache\Home\b29b1e167bb03e3f834dcac5acf96283.php 第 85 行.
INFO: Run Behavior\ParseTemplateBehavior [ RunTime:0.008252s ]
INFO: [ view_parse ] --END-- [ RunTime:0.008387s ]
INFO: [ view_filter ] --START--
INFO: Run Behavior\WriteHtmlCacheBehavior [ RunTime:0.000565s ]
INFO: [ view_filter ] --END-- [ RunTime:0.000611s ]
INFO: [ app_end ] --START--
INFO: Run Behavior\ShowPageTraceBehavior [ RunTime:0.000560s ]
INFO: [ app_end ] --END-- [ RunTime:0.000607s ]

[ 2016-11-18T10:42:16+08:00 ] ::1 /RCW_MVC/index.php/Home/Rent/grid.css
INFO: [ app_init ] --START--
INFO: Run Behavior\BuildLiteBehavior [ RunTime:0.000014s ]
INFO: [ app_init ] --END-- [ RunTime:0.000530s ]
INFO: [ app_begin ] --START--
INFO: Run Behavior\ReadHtmlCacheBehavior [ RunTime:0.000677s ]
INFO: [ app_begin ] --END-- [ RunTime:0.000755s ]
ERR: 非法操作:grid.css

[ 2016-11-18T10:42:37+08:00 ] ::1 /RCW_MVC/index.php/Home/Rent/index.html
INFO: [ app_init ] --START--
INFO: Run Behavior\BuildLiteBehavior [ RunTime:0.000020s ]
INFO: [ app_init ] --END-- [ RunTime:0.000519s ]
INFO: [ app_begin ] --START--
INFO: Run Behavior\ReadHtmlCacheBehavior [ RunTime:0.000563s ]
INFO: [ app_begin ] --END-- [ RunTime:0.000612s ]
NOTIC: [2048] Declaration of Home\Model\CarModel::check() should be compatible with Think\Model::check($value, $rule, $type = 'regex') D:\xampp\htdocs\RCW_MVC\Application\Home\Model\CarModel.class.php 第 4 行.
SQL: SHOW COLUMNS FROM `car` [ RunTime:0.0030s ]
SQL: SELECT * FROM `car`  [ RunTime:0.0003s ]
INFO: [ view_parse ] --START--
INFO: [ template_filter ] --START--
INFO: Run Behavior\ContentReplaceBehavior [ RunTime:0.000083s ]
INFO: [ template_filter ] --END-- [ RunTime:0.000132s ]
NOTIC: [8] A session had already been started - ignoring session_start() D:\xampp\htdocs\RCW_MVC\Application\Runtime\Cache\Home\b29b1e167bb03e3f834dcac5acf96283.php 第 85 行.
INFO: Run Behavior\ParseTemplateBehavior [ RunTime:0.009022s ]
INFO: [ view_parse ] --END-- [ RunTime:0.009071s ]
INFO: [ view_filter ] --START--
INFO: Run Behavior\WriteHtmlCacheBehavior [ RunTime:0.000389s ]
INFO: [ view_filter ] --END-- [ RunTime:0.000429s ]
INFO: [ app_end ] --START--
INFO: Run Behavior\ShowPageTraceBehavior [ RunTime:0.000558s ]
INFO: [ app_end ] --END-- [ RunTime:0.000606s ]

[ 2016-11-18T10:42:37+08:00 ] ::1 /RCW_MVC/index.php/Home/Rent/grid.css
INFO: [ app_init ] --START--
INFO: Run Behavior\BuildLiteBehavior [ RunTime:0.000021s ]
INFO: [ app_init ] --END-- [ RunTime:0.000541s ]
INFO: [ app_begin ] --START--
INFO: Run Behavior\ReadHtmlCacheBehavior [ RunTime:0.000577s ]
INFO: [ app_begin ] --END-- [ RunTime:0.000648s ]
ERR: 非法操作:grid.css

[ 2016-11-18T10:45:28+08:00 ] ::1 /RCW_MVC/index.php/Home/Rent/index.html
INFO: [ app_init ] --START--
INFO: Run Behavior\BuildLiteBehavior [ RunTime:0.000013s ]
INFO: [ app_init ] --END-- [ RunTime:0.000523s ]
INFO: [ app_begin ] --START--
INFO: Run Behavior\ReadHtmlCacheBehavior [ RunTime:0.000624s ]
INFO: [ app_begin ] --END-- [ RunTime:0.000672s ]
NOTIC: [2048] Declaration of Home\Model\CarModel::check() should be compatible with Think\Model::check($value, $rule, $type = 'regex') D:\xampp\htdocs\RCW_MVC\Application\Home\Model\CarModel.class.php 第 4 行.
SQL: SHOW COLUMNS FROM `car` [ RunTime:0.0129s ]
SQL: SELECT * FROM `car`  [ RunTime:0.0003s ]
INFO: [ view_parse ] --START--
INFO: [ template_filter ] --START--
INFO: Run Behavior\ContentReplaceBehavior [ RunTime:0.000077s ]
INFO: [ template_filter ] --END-- [ RunTime:0.000124s ]
NOTIC: [8] A session had already been started - ignoring session_start() D:\xampp\htdocs\RCW_MVC\Application\Runtime\Cache\Home\b29b1e167bb03e3f834dcac5acf96283.php 第 85 行.
INFO: Run Behavior\ParseTemplateBehavior [ RunTime:0.007888s ]
INFO: [ view_parse ] --END-- [ RunTime:0.007942s ]
INFO: [ view_filter ] --START--
INFO: Run Behavior\WriteHtmlCacheBehavior [ RunTime:0.000407s ]
INFO: [ view_filter ] --END-- [ RunTime:0.000438s ]
INFO: [ app_end ] --START--
INFO: Run Behavior\ShowPageTraceBehavior [ RunTime:0.000645s ]
INFO: [ app_end ] --END-- [ RunTime:0.000686s ]

[ 2016-11-18T10:45:29+08:00 ] ::1 /RCW_MVC/index.php/Home/Rent/grid.css
INFO: [ app_init ] --START--
INFO: Run Behavior\BuildLiteBehavior [ RunTime:0.000016s ]
INFO: [ app_init ] --END-- [ RunTime:0.000515s ]
INFO: [ app_begin ] --START--
INFO: Run Behavior\ReadHtmlCacheBehavior [ RunTime:0.000460s ]
INFO: [ app_begin ] --END-- [ RunTime:0.000507s ]
ERR: 非法操作:grid.css

[ 2016-11-18T10:48:24+08:00 ] ::1 /RCW_MVC/index.php/Home/Rent/index.html
INFO: [ app_init ] --START--
INFO: Run Behavior\BuildLiteBehavior [ RunTime:0.000015s ]
INFO: [ app_init ] --END-- [ RunTime:0.000547s ]
INFO: [ app_begin ] --START--
INFO: Run Behavior\ReadHtmlCacheBehavior [ RunTime:0.000686s ]
INFO: [ app_begin ] --END-- [ RunTime:0.000734s ]
NOTIC: [2048] Declaration of Home\Model\CarModel::check() should be compatible with Think\Model::check($value, $rule, $type = 'regex') D:\xampp\htdocs\RCW_MVC\Application\Home\Model\CarModel.class.php 第 4 行.
SQL: SHOW COLUMNS FROM `car` [ RunTime:0.0029s ]
SQL: SELECT * FROM `car`  [ RunTime:0.0004s ]
INFO: [ view_parse ] --START--
INFO: [ template_filter ] --START--
INFO: Run Behavior\ContentReplaceBehavior [ RunTime:0.000068s ]
INFO: [ template_filter ] --END-- [ RunTime:0.000106s ]
NOTIC: [8] A session had already been started - ignoring session_start() D:\xampp\htdocs\RCW_MVC\Application\Runtime\Cache\Home\b29b1e167bb03e3f834dcac5acf96283.php 第 85 行.
INFO: Run Behavior\ParseTemplateBehavior [ RunTime:0.007837s ]
INFO: [ view_parse ] --END-- [ RunTime:0.007884s ]
INFO: [ view_filter ] --START--
INFO: Run Behavior\WriteHtmlCacheBehavior [ RunTime:0.000467s ]
INFO: [ view_filter ] --END-- [ RunTime:0.000498s ]
INFO: [ app_end ] --START--
INFO: Run Behavior\ShowPageTraceBehavior [ RunTime:0.000837s ]
INFO: [ app_end ] --END-- [ RunTime:0.000908s ]

[ 2016-11-18T10:48:24+08:00 ] ::1 /RCW_MVC/index.php/Home/Rent/grid.css
INFO: [ app_init ] --START--
INFO: Run Behavior\BuildLiteBehavior [ RunTime:0.000024s ]
INFO: [ app_init ] --END-- [ RunTime:0.000624s ]
INFO: [ app_begin ] --START--
INFO: Run Behavior\ReadHtmlCacheBehavior [ RunTime:0.000650s ]
INFO: [ app_begin ] --END-- [ RunTime:0.000718s ]
ERR: 非法操作:grid.css

[ 2016-11-18T10:48:43+08:00 ] ::1 /RCW_MVC/index.php/Home/Rent/index.html
INFO: [ app_init ] --START--
INFO: Run Behavior\BuildLiteBehavior [ RunTime:0.000015s ]
INFO: [ app_init ] --END-- [ RunTime:0.000458s ]
INFO: [ app_begin ] --START--
INFO: Run Behavior\ReadHtmlCacheBehavior [ RunTime:0.000652s ]
INFO: [ app_begin ] --END-- [ RunTime:0.000727s ]
NOTIC: [2048] Declaration of Home\Model\CarModel::check() should be compatible with Think\Model::check($value, $rule, $type = 'regex') D:\xampp\htdocs\RCW_MVC\Application\Home\Model\CarModel.class.php 第 4 行.
SQL: SHOW COLUMNS FROM `car` [ RunTime:0.0038s ]
SQL: SELECT * FROM `car`  [ RunTime:0.0003s ]
INFO: [ view_parse ] --START--
INFO: [ template_filter ] --START--
INFO: Run Behavior\ContentReplaceBehavior [ RunTime:0.000082s ]
INFO: [ template_filter ] --END-- [ RunTime:0.000132s ]
NOTIC: [8] A session had already been started - ignoring session_start() D:\xampp\htdocs\RCW_MVC\Application\Runtime\Cache\Home\b29b1e167bb03e3f834dcac5acf96283.php 第 85 行.
INFO: Run Behavior\ParseTemplateBehavior [ RunTime:0.008584s ]
INFO: [ view_parse ] --END-- [ RunTime:0.008630s ]
INFO: [ view_filter ] --START--
INFO: Run Behavior\WriteHtmlCacheBehavior [ RunTime:0.000393s ]
INFO: [ view_filter ] --END-- [ RunTime:0.000431s ]
INFO: [ app_end ] --START--
INFO: Run Behavior\ShowPageTraceBehavior [ RunTime:0.000517s ]
INFO: [ app_end ] --END-- [ RunTime:0.000567s ]

[ 2016-11-18T10:48:44+08:00 ] ::1 /RCW_MVC/index.php/Home/Rent/grid.css
INFO: [ app_init ] --START--
INFO: Run Behavior\BuildLiteBehavior [ RunTime:0.000021s ]
INFO: [ app_init ] --END-- [ RunTime:0.000581s ]
INFO: [ app_begin ] --START--
INFO: Run Behavior\ReadHtmlCacheBehavior [ RunTime:0.000853s ]
INFO: [ app_begin ] --END-- [ RunTime:0.000950s ]
ERR: 非法操作:grid.css

[ 2016-11-18T10:50:55+08:00 ] ::1 /RCW_MVC/index.php/Home/Rent/index.html
INFO: [ app_init ] --START--
INFO: Run Behavior\BuildLiteBehavior [ RunTime:0.000012s ]
INFO: [ app_init ] --END-- [ RunTime:0.000383s ]
INFO: [ app_begin ] --START--
INFO: Run Behavior\ReadHtmlCacheBehavior [ RunTime:0.000519s ]
INFO: [ app_begin ] --END-- [ RunTime:0.000559s ]
NOTIC: [2048] Declaration of Home\Model\CarModel::check() should be compatible with Think\Model::check($value, $rule, $type = 'regex') D:\xampp\htdocs\RCW_MVC\Application\Home\Model\CarModel.class.php 第 4 行.
SQL: SHOW COLUMNS FROM `car` [ RunTime:0.0035s ]
SQL: SELECT * FROM `car`  [ RunTime:0.0003s ]
INFO: [ view_parse ] --START--
INFO: [ template_filter ] --START--
INFO: Run Behavior\ContentReplaceBehavior [ RunTime:0.000069s ]
INFO: [ template_filter ] --END-- [ RunTime:0.000109s ]
NOTIC: [8] A session had already been started - ignoring session_start() D:\xampp\htdocs\RCW_MVC\Application\Runtime\Cache\Home\b29b1e167bb03e3f834dcac5acf96283.php 第 85 行.
INFO: Run Behavior\ParseTemplateBehavior [ RunTime:0.007540s ]
INFO: [ view_parse ] --END-- [ RunTime:0.007583s ]
INFO: [ view_filter ] --START--
INFO: Run Behavior\WriteHtmlCacheBehavior [ RunTime:0.000346s ]
INFO: [ view_filter ] --END-- [ RunTime:0.000377s ]
INFO: [ app_end ] --START--
INFO: Run Behavior\ShowPageTraceBehavior [ RunTime:0.000578s ]
INFO: [ app_end ] --END-- [ RunTime:0.000624s ]

[ 2016-11-18T10:50:55+08:00 ] ::1 /RCW_MVC/index.php/Home/Rent/grid.css
INFO: [ app_init ] --START--
INFO: Run Behavior\BuildLiteBehavior [ RunTime:0.000020s ]
INFO: [ app_init ] --END-- [ RunTime:0.000568s ]
INFO: [ app_begin ] --START--
INFO: Run Behavior\ReadHtmlCacheBehavior [ RunTime:0.000675s ]
INFO: [ app_begin ] --END-- [ RunTime:0.000740s ]
ERR: 非法操作:grid.css

[ 2016-11-18T10:52:06+08:00 ] ::1 /RCW_MVC/index.php/Home/Rent/index.html
INFO: [ app_init ] --START--
INFO: Run Behavior\BuildLiteBehavior [ RunTime:0.000013s ]
INFO: [ app_init ] --END-- [ RunTime:0.000485s ]
INFO: [ app_begin ] --START--
INFO: Run Behavior\ReadHtmlCacheBehavior [ RunTime:0.000561s ]
INFO: [ app_begin ] --END-- [ RunTime:0.000611s ]
NOTIC: [2048] Declaration of Home\Model\CarModel::check() should be compatible with Think\Model::check($value, $rule, $type = 'regex') D:\xampp\htdocs\RCW_MVC\Application\Home\Model\CarModel.class.php 第 4 行.
SQL: SHOW COLUMNS FROM `car` [ RunTime:0.0031s ]
SQL: SELECT * FROM `car`  [ RunTime:0.0003s ]
INFO: [ view_parse ] --START--
INFO: [ template_filter ] --START--
INFO: Run Behavior\ContentReplaceBehavior [ RunTime:0.000065s ]
INFO: [ template_filter ] --END-- [ RunTime:0.000101s ]
NOTIC: [8] A session had already been started - ignoring session_start() D:\xampp\htdocs\RCW_MVC\Application\Runtime\Cache\Home\b29b1e167bb03e3f834dcac5acf96283.php 第 85 行.
INFO: Run Behavior\ParseTemplateBehavior [ RunTime:0.007971s ]
INFO: [ view_parse ] --END-- [ RunTime:0.008016s ]
INFO: [ view_filter ] --START--
INFO: Run Behavior\WriteHtmlCacheBehavior [ RunTime:0.000363s ]
INFO: [ view_filter ] --END-- [ RunTime:0.000408s ]
INFO: [ app_end ] --START--
INFO: Run Behavior\ShowPageTraceBehavior [ RunTime:0.000817s ]
INFO: [ app_end ] --END-- [ RunTime:0.000903s ]

[ 2016-11-18T10:52:06+08:00 ] ::1 /RCW_MVC/index.php/Home/Rent/grid.css
INFO: [ app_init ] --START--
INFO: Run Behavior\BuildLiteBehavior [ RunTime:0.000023s ]
INFO: [ app_init ] --END-- [ RunTime:0.000566s ]
INFO: [ app_begin ] --START--
INFO: Run Behavior\ReadHtmlCacheBehavior [ RunTime:0.000618s ]
INFO: [ app_begin ] --END-- [ RunTime:0.000669s ]
ERR: 非法操作:grid.css

[ 2016-11-18T10:52:49+08:00 ] ::1 /RCW_MVC/index.php/Home/Rent/index.html
INFO: [ app_init ] --START--
INFO: Run Behavior\BuildLiteBehavior [ RunTime:0.000013s ]
INFO: [ app_init ] --END-- [ RunTime:0.000446s ]
INFO: [ app_begin ] --START--
INFO: Run Behavior\ReadHtmlCacheBehavior [ RunTime:0.000564s ]
INFO: [ app_begin ] --END-- [ RunTime:0.000614s ]
NOTIC: [2048] Declaration of Home\Model\CarModel::check() should be compatible with Think\Model::check($value, $rule, $type = 'regex') D:\xampp\htdocs\RCW_MVC\Application\Home\Model\CarModel.class.php 第 4 行.
SQL: SHOW COLUMNS FROM `car` [ RunTime:0.0030s ]
SQL: SELECT * FROM `car`  [ RunTime:0.0004s ]
INFO: [ view_parse ] --START--
INFO: [ template_filter ] --START--
INFO: Run Behavior\ContentReplaceBehavior [ RunTime:0.000083s ]
INFO: [ template_filter ] --END-- [ RunTime:0.000133s ]
NOTIC: [8] A session had already been started - ignoring session_start() D:\xampp\htdocs\RCW_MVC\Application\Runtime\Cache\Home\b29b1e167bb03e3f834dcac5acf96283.php 第 85 行.
INFO: Run Behavior\ParseTemplateBehavior [ RunTime:0.008987s ]
INFO: [ view_parse ] --END-- [ RunTime:0.009041s ]
INFO: [ view_filter ] --START--
INFO: Run Behavior\WriteHtmlCacheBehavior [ RunTime:0.000388s ]
INFO: [ view_filter ] --END-- [ RunTime:0.000425s ]
INFO: [ app_end ] --START--
INFO: Run Behavior\ShowPageTraceBehavior [ RunTime:0.000571s ]
INFO: [ app_end ] --END-- [ RunTime:0.000617s ]

[ 2016-11-18T10:52:49+08:00 ] ::1 /RCW_MVC/index.php/Home/Rent/grid.css
INFO: [ app_init ] --START--
INFO: Run Behavior\BuildLiteBehavior [ RunTime:0.000022s ]
INFO: [ app_init ] --END-- [ RunTime:0.000570s ]
INFO: [ app_begin ] --START--
INFO: Run Behavior\ReadHtmlCacheBehavior [ RunTime:0.000686s ]
INFO: [ app_begin ] --END-- [ RunTime:0.000763s ]
ERR: 非法操作:grid.css

[ 2016-11-18T11:35:32+08:00 ] ::1 /RCW_MVC/index.php/Home/Index/login
INFO: [ app_init ] --START--
INFO: Run Behavior\BuildLiteBehavior [ RunTime:0.000055s ]
INFO: [ app_init ] --END-- [ RunTime:0.047945s ]
INFO: [ app_begin ] --START--
INFO: Run Behavior\ReadHtmlCacheBehavior [ RunTime:0.016159s ]
INFO: [ app_begin ] --END-- [ RunTime:0.016300s ]
INFO: [ view_parse ] --START--
INFO: [ template_filter ] --START--
INFO: Run Behavior\ContentReplaceBehavior [ RunTime:0.006573s ]
INFO: [ template_filter ] --END-- [ RunTime:0.006712s ]
INFO: Run Behavior\ParseTemplateBehavior [ RunTime:0.097812s ]
INFO: [ view_parse ] --END-- [ RunTime:0.097945s ]
INFO: [ view_filter ] --START--
INFO: Run Behavior\WriteHtmlCacheBehavior [ RunTime:0.015623s ]
INFO: [ view_filter ] --END-- [ RunTime:0.015742s ]
INFO: [ app_end ] --START--
INFO: Run Behavior\ShowPageTraceBehavior [ RunTime:0.033614s ]
INFO: [ app_end ] --END-- [ RunTime:0.033746s ]

[ 2016-11-18T11:35:45+08:00 ] ::1 /RCW_MVC/index.php/Home/Index/login.html
INFO: [ app_init ] --START--
INFO: Run Behavior\BuildLiteBehavior [ RunTime:0.000010s ]
INFO: [ app_init ] --END-- [ RunTime:0.000471s ]
INFO: [ app_begin ] --START--
INFO: Run Behavior\ReadHtmlCacheBehavior [ RunTime:0.000723s ]
INFO: [ app_begin ] --END-- [ RunTime:0.000792s ]
SQL: SHOW COLUMNS FROM `user` [ RunTime:0.4396s ]
SQL: SELECT * FROM `user` WHERE `ID` = '440221199506261917' AND `password` = '5d9f71b71b207b9e665820c0dce67bdb' LIMIT 1   [ RunTime:0.0448s ]

[ 2016-11-18T11:35:46+08:00 ] ::1 /RCW_MVC/index.php/Home/Index/index.html
INFO: [ app_init ] --START--
INFO: Run Behavior\BuildLiteBehavior [ RunTime:0.000012s ]
INFO: [ app_init ] --END-- [ RunTime:0.000451s ]
INFO: [ app_begin ] --START--
INFO: Run Behavior\ReadHtmlCacheBehavior [ RunTime:0.000502s ]
INFO: [ app_begin ] --END-- [ RunTime:0.000540s ]
INFO: [ view_parse ] --START--
INFO: [ template_filter ] --START--
INFO: Run Behavior\ContentReplaceBehavior [ RunTime:0.000050s ]
INFO: [ template_filter ] --END-- [ RunTime:0.000095s ]
NOTIC: [8] A session had already been started - ignoring session_start() D:\xampp\htdocs\RCW_MVC\Application\Runtime\Cache\Home\2a94b8bda04ff446dcedd42276fc99ee.php 第 85 行.
INFO: Run Behavior\ParseTemplateBehavior [ RunTime:0.078007s ]
INFO: [ view_parse ] --END-- [ RunTime:0.078060s ]
INFO: [ view_filter ] --START--
INFO: Run Behavior\WriteHtmlCacheBehavior [ RunTime:0.000397s ]
INFO: [ view_filter ] --END-- [ RunTime:0.000426s ]
INFO: [ app_end ] --START--
INFO: Run Behavior\ShowPageTraceBehavior [ RunTime:0.000586s ]
INFO: [ app_end ] --END-- [ RunTime:0.000620s ]

[ 2016-11-18T11:35:46+08:00 ] ::1 /RCW_MVC/index.php/Home/Index/grid.css
INFO: [ app_init ] --START--
INFO: Run Behavior\BuildLiteBehavior [ RunTime:0.000010s ]
INFO: [ app_init ] --END-- [ RunTime:0.000431s ]
INFO: [ app_begin ] --START--
INFO: Run Behavior\ReadHtmlCacheBehavior [ RunTime:0.000495s ]
INFO: [ app_begin ] --END-- [ RunTime:0.000534s ]
ERR: 非法操作:grid.css

[ 2016-11-18T11:35:56+08:00 ] ::1 /RCW_MVC/index.php/Home/Rent/index.html
INFO: [ app_init ] --START--
INFO: Run Behavior\BuildLiteBehavior [ RunTime:0.000014s ]
INFO: [ app_init ] --END-- [ RunTime:0.000485s ]
INFO: [ app_begin ] --START--
INFO: Run Behavior\ReadHtmlCacheBehavior [ RunTime:0.000633s ]
INFO: [ app_begin ] --END-- [ RunTime:0.000685s ]
NOTIC: [2048] Declaration of Home\Model\CarModel::check() should be compatible with Think\Model::check($value, $rule, $type = 'regex') D:\xampp\htdocs\RCW_MVC\Application\Home\Model\CarModel.class.php 第 4 行.
SQL: SHOW COLUMNS FROM `car` [ RunTime:0.0209s ]
SQL: SELECT * FROM `car`  [ RunTime:0.0008s ]
INFO: [ view_parse ] --START--
INFO: [ template_filter ] --START--
INFO: Run Behavior\ContentReplaceBehavior [ RunTime:0.000160s ]
INFO: [ template_filter ] --END-- [ RunTime:0.000267s ]
NOTIC: [8] A session had already been started - ignoring session_start() D:\xampp\htdocs\RCW_MVC\Application\Runtime\Cache\Home\b29b1e167bb03e3f834dcac5acf96283.php 第 85 行.
INFO: Run Behavior\ParseTemplateBehavior [ RunTime:0.037933s ]
INFO: [ view_parse ] --END-- [ RunTime:0.038029s ]
INFO: [ view_filter ] --START--
INFO: Run Behavior\WriteHtmlCacheBehavior [ RunTime:0.000949s ]
INFO: [ view_filter ] --END-- [ RunTime:0.001027s ]
INFO: [ app_end ] --START--
INFO: Run Behavior\ShowPageTraceBehavior [ RunTime:0.001452s ]
INFO: [ app_end ] --END-- [ RunTime:0.001578s ]

[ 2016-11-18T11:35:56+08:00 ] ::1 /RCW_MVC/index.php/Home/Rent/grid.css
INFO: [ app_init ] --START--
INFO: Run Behavior\BuildLiteBehavior [ RunTime:0.000014s ]
INFO: [ app_init ] --END-- [ RunTime:0.000444s ]
INFO: [ app_begin ] --START--
INFO: Run Behavior\ReadHtmlCacheBehavior [ RunTime:0.000513s ]
INFO: [ app_begin ] --END-- [ RunTime:0.000564s ]
ERR: 非法操作:grid.css

[ 2016-11-18T11:36:37+08:00 ] ::1 /RCW_MVC/index.php/Home/Rent/index.html
INFO: [ app_init ] --START--
INFO: Run Behavior\BuildLiteBehavior [ RunTime:0.000012s ]
INFO: [ app_init ] --END-- [ RunTime:0.000434s ]
INFO: [ app_begin ] --START--
INFO: Run Behavior\ReadHtmlCacheBehavior [ RunTime:0.000547s ]
INFO: [ app_begin ] --END-- [ RunTime:0.000613s ]
NOTIC: [2048] Declaration of Home\Model\CarModel::check() should be compatible with Think\Model::check($value, $rule, $type = 'regex') D:\xampp\htdocs\RCW_MVC\Application\Home\Model\CarModel.class.php 第 4 行.
SQL: SHOW COLUMNS FROM `car` [ RunTime:0.0028s ]
SQL: SELECT * FROM `car`  [ RunTime:0.0003s ]
INFO: [ view_parse ] --START--
INFO: [ template_filter ] --START--
INFO: Run Behavior\ContentReplaceBehavior [ RunTime:0.000076s ]
INFO: [ template_filter ] --END-- [ RunTime:0.000120s ]
NOTIC: [8] A session had already been started - ignoring session_start() D:\xampp\htdocs\RCW_MVC\Application\Runtime\Cache\Home\b29b1e167bb03e3f834dcac5acf96283.php 第 85 行.
INFO: Run Behavior\ParseTemplateBehavior [ RunTime:0.009692s ]
INFO: [ view_parse ] --END-- [ RunTime:0.009804s ]
INFO: [ view_filter ] --START--
INFO: Run Behavior\WriteHtmlCacheBehavior [ RunTime:0.000401s ]
INFO: [ view_filter ] --END-- [ RunTime:0.000438s ]
INFO: [ app_end ] --START--
INFO: Run Behavior\ShowPageTraceBehavior [ RunTime:0.000549s ]
INFO: [ app_end ] --END-- [ RunTime:0.000598s ]

[ 2016-11-18T11:36:37+08:00 ] ::1 /RCW_MVC/index.php/Home/Rent/grid.css
INFO: [ app_init ] --START--
INFO: Run Behavior\BuildLiteBehavior [ RunTime:0.000017s ]
INFO: [ app_init ] --END-- [ RunTime:0.000533s ]
INFO: [ app_begin ] --START--
INFO: Run Behavior\ReadHtmlCacheBehavior [ RunTime:0.000598s ]
INFO: [ app_begin ] --END-- [ RunTime:0.000663s ]
ERR: 非法操作:grid.css

[ 2016-11-18T11:38:13+08:00 ] ::1 /RCW_MVC/index.php/Home/Rent/index.html
INFO: [ app_init ] --START--
INFO: Run Behavior\BuildLiteBehavior [ RunTime:0.000012s ]
INFO: [ app_init ] --END-- [ RunTime:0.000517s ]
INFO: [ app_begin ] --START--
INFO: Run Behavior\ReadHtmlCacheBehavior [ RunTime:0.000656s ]
INFO: [ app_begin ] --END-- [ RunTime:0.000704s ]
NOTIC: [2048] Declaration of Home\Model\CarModel::check() should be compatible with Think\Model::check($value, $rule, $type = 'regex') D:\xampp\htdocs\RCW_MVC\Application\Home\Model\CarModel.class.php 第 4 行.
SQL: SHOW COLUMNS FROM `car` [ RunTime:0.0042s ]
SQL: SELECT * FROM `car`  [ RunTime:0.0003s ]
INFO: [ view_parse ] --START--
INFO: [ template_filter ] --START--
INFO: Run Behavior\ContentReplaceBehavior [ RunTime:0.000065s ]
INFO: [ template_filter ] --END-- [ RunTime:0.000104s ]
NOTIC: [8] A session had already been started - ignoring session_start() D:\xampp\htdocs\RCW_MVC\Application\Runtime\Cache\Home\b29b1e167bb03e3f834dcac5acf96283.php 第 85 行.
INFO: Run Behavior\ParseTemplateBehavior [ RunTime:0.008021s ]
INFO: [ view_parse ] --END-- [ RunTime:0.008065s ]
INFO: [ view_filter ] --START--
INFO: Run Behavior\WriteHtmlCacheBehavior [ RunTime:0.000369s ]
INFO: [ view_filter ] --END-- [ RunTime:0.000398s ]
INFO: [ app_end ] --START--
INFO: Run Behavior\ShowPageTraceBehavior [ RunTime:0.000558s ]
INFO: [ app_end ] --END-- [ RunTime:0.000603s ]

[ 2016-11-18T11:38:13+08:00 ] ::1 /RCW_MVC/index.php/Home/Rent/grid.css
INFO: [ app_init ] --START--
INFO: Run Behavior\BuildLiteBehavior [ RunTime:0.000016s ]
INFO: [ app_init ] --END-- [ RunTime:0.000536s ]
INFO: [ app_begin ] --START--
INFO: Run Behavior\ReadHtmlCacheBehavior [ RunTime:0.000616s ]
INFO: [ app_begin ] --END-- [ RunTime:0.000678s ]
ERR: 非法操作:grid.css

[ 2016-11-18T11:38:15+08:00 ] ::1 /RCW_MVC/index.php/Home/Rent/index.html
INFO: [ app_init ] --START--
INFO: Run Behavior\BuildLiteBehavior [ RunTime:0.000013s ]
INFO: [ app_init ] --END-- [ RunTime:0.000401s ]
INFO: [ app_begin ] --START--
INFO: Run Behavior\ReadHtmlCacheBehavior [ RunTime:0.000471s ]
INFO: [ app_begin ] --END-- [ RunTime:0.000518s ]
NOTIC: [2048] Declaration of Home\Model\CarModel::check() should be compatible with Think\Model::check($value, $rule, $type = 'regex') D:\xampp\htdocs\RCW_MVC\Application\Home\Model\CarModel.class.php 第 4 行.
SQL: SHOW COLUMNS FROM `car` [ RunTime:0.0037s ]
SQL: SELECT * FROM `car`  [ RunTime:0.0004s ]
INFO: [ view_parse ] --START--
INFO: [ template_filter ] --START--
INFO: Run Behavior\ContentReplaceBehavior [ RunTime:0.000109s ]
INFO: [ template_filter ] --END-- [ RunTime:0.000168s ]
NOTIC: [8] A session had already been started - ignoring session_start() D:\xampp\htdocs\RCW_MVC\Application\Runtime\Cache\Home\b29b1e167bb03e3f834dcac5acf96283.php 第 85 行.
INFO: Run Behavior\ParseTemplateBehavior [ RunTime:0.027700s ]
INFO: [ view_parse ] --END-- [ RunTime:0.027758s ]
INFO: [ view_filter ] --START--
INFO: Run Behavior\WriteHtmlCacheBehavior [ RunTime:0.000356s ]
INFO: [ view_filter ] --END-- [ RunTime:0.000397s ]
INFO: [ app_end ] --START--
INFO: Run Behavior\ShowPageTraceBehavior [ RunTime:0.000736s ]
INFO: [ app_end ] --END-- [ RunTime:0.000806s ]

[ 2016-11-18T11:38:15+08:00 ] ::1 /RCW_MVC/index.php/Home/Rent/grid.css
INFO: [ app_init ] --START--
INFO: Run Behavior\BuildLiteBehavior [ RunTime:0.000019s ]
INFO: [ app_init ] --END-- [ RunTime:0.000616s ]
INFO: [ app_begin ] --START--
INFO: Run Behavior\ReadHtmlCacheBehavior [ RunTime:0.001164s ]
INFO: [ app_begin ] --END-- [ RunTime:0.001250s ]
ERR: 非法操作:grid.css

[ 2016-11-18T11:38:15+08:00 ] ::1 /RCW_MVC/index.php/Home/Rent/index.html
INFO: [ app_init ] --START--
INFO: Run Behavior\BuildLiteBehavior [ RunTime:0.000013s ]
INFO: [ app_init ] --END-- [ RunTime:0.000450s ]
INFO: [ app_begin ] --START--
INFO: Run Behavior\ReadHtmlCacheBehavior [ RunTime:0.000635s ]
INFO: [ app_begin ] --END-- [ RunTime:0.000687s ]
NOTIC: [2048] Declaration of Home\Model\CarModel::check() should be compatible with Think\Model::check($value, $rule, $type = 'regex') D:\xampp\htdocs\RCW_MVC\Application\Home\Model\CarModel.class.php 第 4 行.
SQL: SHOW COLUMNS FROM `car` [ RunTime:0.0029s ]
SQL: SELECT * FROM `car`  [ RunTime:0.0003s ]
INFO: [ view_parse ] --START--
INFO: [ template_filter ] --START--
INFO: Run Behavior\ContentReplaceBehavior [ RunTime:0.000079s ]
INFO: [ template_filter ] --END-- [ RunTime:0.000128s ]
NOTIC: [8] A session had already been started - ignoring session_start() D:\xampp\htdocs\RCW_MVC\Application\Runtime\Cache\Home\b29b1e167bb03e3f834dcac5acf96283.php 第 85 行.
INFO: Run Behavior\ParseTemplateBehavior [ RunTime:0.025532s ]
INFO: [ view_parse ] --END-- [ RunTime:0.025581s ]
INFO: [ view_filter ] --START--
INFO: Run Behavior\WriteHtmlCacheBehavior [ RunTime:0.000477s ]
INFO: [ view_filter ] --END-- [ RunTime:0.000519s ]
INFO: [ app_end ] --START--
INFO: Run Behavior\ShowPageTraceBehavior [ RunTime:0.000742s ]
INFO: [ app_end ] --END-- [ RunTime:0.000850s ]

[ 2016-11-18T11:38:16+08:00 ] ::1 /RCW_MVC/index.php/Home/Rent/grid.css
INFO: [ app_init ] --START--
INFO: Run Behavior\BuildLiteBehavior [ RunTime:0.000013s ]
INFO: [ app_init ] --END-- [ RunTime:0.000479s ]
INFO: [ app_begin ] --START--
INFO: Run Behavior\ReadHtmlCacheBehavior [ RunTime:0.000412s ]
INFO: [ app_begin ] --END-- [ RunTime:0.000449s ]
ERR: 非法操作:grid.css

[ 2016-11-18T11:38:17+08:00 ] ::1 /RCW_MVC/index.php/Home/Rent/index.html
INFO: [ app_init ] --START--
INFO: Run Behavior\BuildLiteBehavior [ RunTime:0.000011s ]
INFO: [ app_init ] --END-- [ RunTime:0.000391s ]
INFO: [ app_begin ] --START--
INFO: Run Behavior\ReadHtmlCacheBehavior [ RunTime:0.000498s ]
INFO: [ app_begin ] --END-- [ RunTime:0.000552s ]
NOTIC: [2048] Declaration of Home\Model\CarModel::check() should be compatible with Think\Model::check($value, $rule, $type = 'regex') D:\xampp\htdocs\RCW_MVC\Application\Home\Model\CarModel.class.php 第 4 行.
SQL: SHOW COLUMNS FROM `car` [ RunTime:0.0028s ]
SQL: SELECT * FROM `car`  [ RunTime:0.0003s ]
INFO: [ view_parse ] --START--
INFO: [ template_filter ] --START--
INFO: Run Behavior\ContentReplaceBehavior [ RunTime:0.000137s ]
INFO: [ template_filter ] --END-- [ RunTime:0.000280s ]
NOTIC: [8] A session had already been started - ignoring session_start() D:\xampp\htdocs\RCW_MVC\Application\Runtime\Cache\Home\b29b1e167bb03e3f834dcac5acf96283.php 第 85 行.
INFO: Run Behavior\ParseTemplateBehavior [ RunTime:0.037383s ]
INFO: [ view_parse ] --END-- [ RunTime:0.037430s ]
INFO: [ view_filter ] --START--
INFO: Run Behavior\WriteHtmlCacheBehavior [ RunTime:0.000368s ]
INFO: [ view_filter ] --END-- [ RunTime:0.000449s ]
INFO: [ app_end ] --START--
INFO: Run Behavior\ShowPageTraceBehavior [ RunTime:0.000474s ]
INFO: [ app_end ] --END-- [ RunTime:0.000515s ]

[ 2016-11-18T11:38:17+08:00 ] ::1 /RCW_MVC/index.php/Home/Rent/grid.css
INFO: [ app_init ] --START--
INFO: Run Behavior\BuildLiteBehavior [ RunTime:0.000021s ]
INFO: [ app_init ] --END-- [ RunTime:0.000635s ]
INFO: [ app_begin ] --START--
INFO: Run Behavior\ReadHtmlCacheBehavior [ RunTime:0.000647s ]
INFO: [ app_begin ] --END-- [ RunTime:0.000725s ]
ERR: 非法操作:grid.css

[ 2016-11-18T11:38:23+08:00 ] ::1 /RCW_MVC/index.php/Home/Rent/index.html
INFO: [ app_init ] --START--
INFO: Run Behavior\BuildLiteBehavior [ RunTime:0.000012s ]
INFO: [ app_init ] --END-- [ RunTime:0.000478s ]
INFO: [ app_begin ] --START--
INFO: Run Behavior\ReadHtmlCacheBehavior [ RunTime:0.000565s ]
INFO: [ app_begin ] --END-- [ RunTime:0.000619s ]
NOTIC: [2048] Declaration of Home\Model\CarModel::check() should be compatible with Think\Model::check($value, $rule, $type = 'regex') D:\xampp\htdocs\RCW_MVC\Application\Home\Model\CarModel.class.php 第 4 行.
SQL: SHOW COLUMNS FROM `car` [ RunTime:0.0027s ]
SQL: SELECT * FROM `car`  [ RunTime:0.0003s ]
INFO: [ view_parse ] --START--
INFO: [ template_filter ] --START--
INFO: Run Behavior\ContentReplaceBehavior [ RunTime:0.000127s ]
INFO: [ template_filter ] --END-- [ RunTime:0.000214s ]
NOTIC: [8] A session had already been started - ignoring session_start() D:\xampp\htdocs\RCW_MVC\Application\Runtime\Cache\Home\b29b1e167bb03e3f834dcac5acf96283.php 第 85 行.
INFO: Run Behavior\ParseTemplateBehavior [ RunTime:0.010047s ]
INFO: [ view_parse ] --END-- [ RunTime:0.010095s ]
INFO: [ view_filter ] --START--
INFO: Run Behavior\WriteHtmlCacheBehavior [ RunTime:0.000334s ]
INFO: [ view_filter ] --END-- [ RunTime:0.000370s ]
INFO: [ app_end ] --START--
INFO: Run Behavior\ShowPageTraceBehavior [ RunTime:0.000780s ]
INFO: [ app_end ] --END-- [ RunTime:0.000846s ]

[ 2016-11-18T11:38:23+08:00 ] ::1 /RCW_MVC/index.php/Home/Rent/grid.css
INFO: [ app_init ] --START--
INFO: Run Behavior\BuildLiteBehavior [ RunTime:0.000022s ]
INFO: [ app_init ] --END-- [ RunTime:0.000471s ]
INFO: [ app_begin ] --START--
INFO: Run Behavior\ReadHtmlCacheBehavior [ RunTime:0.000578s ]
INFO: [ app_begin ] --END-- [ RunTime:0.000635s ]
ERR: 非法操作:grid.css

[ 2016-11-18T11:39:17+08:00 ] ::1 /RCW_MVC/index.php/Home/Rent/index.html
INFO: [ app_init ] --START--
INFO: Run Behavior\BuildLiteBehavior [ RunTime:0.000014s ]
INFO: [ app_init ] --END-- [ RunTime:0.000536s ]
INFO: [ app_begin ] --START--
INFO: Run Behavior\ReadHtmlCacheBehavior [ RunTime:0.000485s ]
INFO: [ app_begin ] --END-- [ RunTime:0.000532s ]
NOTIC: [2048] Declaration of Home\Model\CarModel::check() should be compatible with Think\Model::check($value, $rule, $type = 'regex') D:\xampp\htdocs\RCW_MVC\Application\Home\Model\CarModel.class.php 第 4 行.
SQL: SHOW COLUMNS FROM `car` [ RunTime:0.0029s ]
SQL: SELECT * FROM `car`  [ RunTime:0.0003s ]
INFO: [ view_parse ] --START--
INFO: [ template_filter ] --START--
INFO: Run Behavior\ContentReplaceBehavior [ RunTime:0.000077s ]
INFO: [ template_filter ] --END-- [ RunTime:0.000124s ]
NOTIC: [8] A session had already been started - ignoring session_start() D:\xampp\htdocs\RCW_MVC\Application\Runtime\Cache\Home\b29b1e167bb03e3f834dcac5acf96283.php 第 85 行.
INFO: Run Behavior\ParseTemplateBehavior [ RunTime:0.010012s ]
INFO: [ view_parse ] --END-- [ RunTime:0.010096s ]
INFO: [ view_filter ] --START--
INFO: Run Behavior\WriteHtmlCacheBehavior [ RunTime:0.000902s ]
INFO: [ view_filter ] --END-- [ RunTime:0.000988s ]
INFO: [ app_end ] --START--
INFO: Run Behavior\ShowPageTraceBehavior [ RunTime:0.001209s ]
INFO: [ app_end ] --END-- [ RunTime:0.001310s ]

[ 2016-11-18T11:39:17+08:00 ] ::1 /RCW_MVC/index.php/Home/Rent/grid.css
INFO: [ app_init ] --START--
INFO: Run Behavior\BuildLiteBehavior [ RunTime:0.000023s ]
INFO: [ app_init ] --END-- [ RunTime:0.001132s ]
INFO: [ app_begin ] --START--
INFO: Run Behavior\ReadHtmlCacheBehavior [ RunTime:0.000514s ]
INFO: [ app_begin ] --END-- [ RunTime:0.000570s ]
ERR: 非法操作:grid.css

[ 2016-11-18T11:39:19+08:00 ] ::1 /RCW_MVC/index.php/Home/Rent/index.html
INFO: [ app_init ] --START--
INFO: Run Behavior\BuildLiteBehavior [ RunTime:0.000036s ]
INFO: [ app_init ] --END-- [ RunTime:0.000628s ]
INFO: [ app_begin ] --START--
INFO: Run Behavior\ReadHtmlCacheBehavior [ RunTime:0.000498s ]
INFO: [ app_begin ] --END-- [ RunTime:0.000548s ]
NOTIC: [2048] Declaration of Home\Model\CarModel::check() should be compatible with Think\Model::check($value, $rule, $type = 'regex') D:\xampp\htdocs\RCW_MVC\Application\Home\Model\CarModel.class.php 第 4 行.
SQL: SHOW COLUMNS FROM `car` [ RunTime:0.0028s ]
NOTIC: [4096] Argument 1 passed to Home\Model\CarModel::check() must be an instance of Home\Model\char, string given, called in D:\xampp\htdocs\RCW_MVC\Application\Home\Controller\RentController.class.php on line 13 and defined D:\xampp\htdocs\RCW_MVC\Application\Home\Model\CarModel.class.php 第 15 行.
SQL: SELECT * FROM `car` WHERE `license_no` = 'YueA12345' AND `flag` = 1 LIMIT 1   [ RunTime:0.0131s ]
SQL: SHOW COLUMNS FROM `user` [ RunTime:0.0037s ]
NOTIC: [4096] Argument 1 passed to Home\Model\UserModel::beforeRent() must be an instance of Home\Model\char, string given, called in D:\xampp\htdocs\RCW_MVC\Application\Home\Controller\RentController.class.php on line 20 and defined D:\xampp\htdocs\RCW_MVC\Application\Home\Model\UserModel.class.php 第 48 行.
SQL: SELECT * FROM `user` WHERE `ID` = '440221199506261917' LIMIT 1   [ RunTime:0.0005s ]

[ 2016-11-18T11:39:23+08:00 ] ::1 /RCW_MVC/index.php/Home/Rent/rent.html
INFO: [ app_init ] --START--
INFO: Run Behavior\BuildLiteBehavior [ RunTime:0.000037s ]
INFO: [ app_init ] --END-- [ RunTime:0.001210s ]
INFO: [ app_begin ] --START--
INFO: Run Behavior\ReadHtmlCacheBehavior [ RunTime:0.000951s ]
INFO: [ app_begin ] --END-- [ RunTime:0.001039s ]
NOTIC: [8] Undefined index: draw_date D:\xampp\htdocs\RCW_MVC\Application\Home\Controller\RentController.class.php 第 72 行.
INFO: [ app_end ] --START--
INFO: Run Behavior\ShowPageTraceBehavior [ RunTime:0.000918s ]
INFO: [ app_end ] --END-- [ RunTime:0.001000s ]

[ 2016-11-18T11:40:58+08:00 ] ::1 /RCW_MVC/index.php/Home/Rent/index
INFO: [ app_init ] --START--
INFO: Run Behavior\BuildLiteBehavior [ RunTime:0.000018s ]
INFO: [ app_init ] --END-- [ RunTime:0.000555s ]
INFO: [ app_begin ] --START--
INFO: Run Behavior\ReadHtmlCacheBehavior [ RunTime:0.000620s ]
INFO: [ app_begin ] --END-- [ RunTime:0.000666s ]
NOTIC: [2048] Declaration of Home\Model\CarModel::check() should be compatible with Think\Model::check($value, $rule, $type = 'regex') D:\xampp\htdocs\RCW_MVC\Application\Home\Model\CarModel.class.php 第 4 行.
SQL: SHOW COLUMNS FROM `car` [ RunTime:0.0117s ]
SQL: SELECT * FROM `car`  [ RunTime:0.0003s ]
INFO: [ view_parse ] --START--
INFO: [ template_filter ] --START--
INFO: Run Behavior\ContentReplaceBehavior [ RunTime:0.000067s ]
INFO: [ template_filter ] --END-- [ RunTime:0.000108s ]
NOTIC: [8] A session had already been started - ignoring session_start() D:\xampp\htdocs\RCW_MVC\Application\Runtime\Cache\Home\b29b1e167bb03e3f834dcac5acf96283.php 第 85 行.
INFO: Run Behavior\ParseTemplateBehavior [ RunTime:0.008332s ]
INFO: [ view_parse ] --END-- [ RunTime:0.008385s ]
INFO: [ view_filter ] --START--
INFO: Run Behavior\WriteHtmlCacheBehavior [ RunTime:0.000438s ]
INFO: [ view_filter ] --END-- [ RunTime:0.000468s ]
INFO: [ app_end ] --START--
INFO: Run Behavior\ShowPageTraceBehavior [ RunTime:0.000525s ]
INFO: [ app_end ] --END-- [ RunTime:0.000566s ]

[ 2016-11-18T11:40:58+08:00 ] ::1 /RCW_MVC/index.php/Home/Rent/grid.css
INFO: [ app_init ] --START--
INFO: Run Behavior\BuildLiteBehavior [ RunTime:0.000033s ]
INFO: [ app_init ] --END-- [ RunTime:0.000638s ]
INFO: [ app_begin ] --START--
INFO: Run Behavior\ReadHtmlCacheBehavior [ RunTime:0.000520s ]
INFO: [ app_begin ] --END-- [ RunTime:0.000561s ]
ERR: 非法操作:grid.css

[ 2016-11-18T11:41:07+08:00 ] ::1 /RCW_MVC/index.php/Home/Rent/index.html
INFO: [ app_init ] --START--
INFO: Run Behavior\BuildLiteBehavior [ RunTime:0.000013s ]
INFO: [ app_init ] --END-- [ RunTime:0.000492s ]
INFO: [ app_begin ] --START--
INFO: Run Behavior\ReadHtmlCacheBehavior [ RunTime:0.000548s ]
INFO: [ app_begin ] --END-- [ RunTime:0.000596s ]
NOTIC: [2048] Declaration of Home\Model\CarModel::check() should be compatible with Think\Model::check($value, $rule, $type = 'regex') D:\xampp\htdocs\RCW_MVC\Application\Home\Model\CarModel.class.php 第 4 行.
SQL: SHOW COLUMNS FROM `car` [ RunTime:0.0033s ]
NOTIC: [4096] Argument 1 passed to Home\Model\CarModel::check() must be an instance of Home\Model\char, string given, called in D:\xampp\htdocs\RCW_MVC\Application\Home\Controller\RentController.class.php on line 13 and defined D:\xampp\htdocs\RCW_MVC\Application\Home\Model\CarModel.class.php 第 15 行.
SQL: SELECT * FROM `car` WHERE `license_no` = 'YueA12345' AND `flag` = 1 LIMIT 1   [ RunTime:0.0004s ]
SQL: SHOW COLUMNS FROM `user` [ RunTime:0.0028s ]
NOTIC: [4096] Argument 1 passed to Home\Model\UserModel::beforeRent() must be an instance of Home\Model\char, string given, called in D:\xampp\htdocs\RCW_MVC\Application\Home\Controller\RentController.class.php on line 20 and defined D:\xampp\htdocs\RCW_MVC\Application\Home\Model\UserModel.class.php 第 48 行.
SQL: SELECT * FROM `user` WHERE `ID` = '440221199506261917' LIMIT 1   [ RunTime:0.0003s ]

[ 2016-11-18T11:41:10+08:00 ] ::1 /RCW_MVC/index.php/Home/Rent/rent.html
INFO: [ app_init ] --START--
INFO: Run Behavior\BuildLiteBehavior [ RunTime:0.000031s ]
INFO: [ app_init ] --END-- [ RunTime:0.001028s ]
INFO: [ app_begin ] --START--
INFO: Run Behavior\ReadHtmlCacheBehavior [ RunTime:0.001041s ]
INFO: [ app_begin ] --END-- [ RunTime:0.001138s ]
NOTIC: [8] Undefined index: draw_date D:\xampp\htdocs\RCW_MVC\Application\Home\Controller\RentController.class.php 第 72 行.
INFO: [ view_parse ] --START--
INFO: [ template_filter ] --START--
INFO: Run Behavior\ContentReplaceBehavior [ RunTime:0.000057s ]
INFO: [ template_filter ] --END-- [ RunTime:0.000108s ]
NOTIC: [8] A session had already been started - ignoring session_start() D:\xampp\htdocs\RCW_MVC\Application\Runtime\Cache\Home\d1fee390703dfa344278127a11978704.php 第 85 行.
NOTIC: [8] Undefined variable: date D:\xampp\htdocs\RCW_MVC\Application\Runtime\Cache\Home\d1fee390703dfa344278127a11978704.php 第 98 行.
INFO: Run Behavior\ParseTemplateBehavior [ RunTime:0.061151s ]
INFO: [ view_parse ] --END-- [ RunTime:0.061224s ]
INFO: [ view_filter ] --START--
INFO: Run Behavior\WriteHtmlCacheBehavior [ RunTime:0.000749s ]
INFO: [ view_filter ] --END-- [ RunTime:0.000856s ]
INFO: [ app_end ] --START--
INFO: Run Behavior\ShowPageTraceBehavior [ RunTime:0.001096s ]
INFO: [ app_end ] --END-- [ RunTime:0.001181s ]

[ 2016-11-18T11:41:10+08:00 ] ::1 /RCW_MVC/index.php/Home/Rent/grid.css
INFO: [ app_init ] --START--
INFO: Run Behavior\BuildLiteBehavior [ RunTime:0.000014s ]
INFO: [ app_init ] --END-- [ RunTime:0.000502s ]
INFO: [ app_begin ] --START--
INFO: Run Behavior\ReadHtmlCacheBehavior [ RunTime:0.000552s ]
INFO: [ app_begin ] --END-- [ RunTime:0.000603s ]
ERR: 非法操作:grid.css

[ 2016-11-18T11:42:51+08:00 ] ::1 /RCW_MVC/index.php/Home/Rent/index
INFO: [ app_init ] --START--
INFO: Run Behavior\BuildLiteBehavior [ RunTime:0.000018s ]
INFO: [ app_init ] --END-- [ RunTime:0.000592s ]
INFO: [ app_begin ] --START--
INFO: Run Behavior\ReadHtmlCacheBehavior [ RunTime:0.000452s ]
INFO: [ app_begin ] --END-- [ RunTime:0.000490s ]
NOTIC: [2048] Declaration of Home\Model\CarModel::check() should be compatible with Think\Model::check($value, $rule, $type = 'regex') D:\xampp\htdocs\RCW_MVC\Application\Home\Model\CarModel.class.php 第 4 行.
SQL: SHOW COLUMNS FROM `car` [ RunTime:0.0253s ]
SQL: SELECT * FROM `car`  [ RunTime:0.0003s ]
INFO: [ view_parse ] --START--
INFO: [ template_filter ] --START--
INFO: Run Behavior\ContentReplaceBehavior [ RunTime:0.000068s ]
INFO: [ template_filter ] --END-- [ RunTime:0.000103s ]
NOTIC: [8] A session had already been started - ignoring session_start() D:\xampp\htdocs\RCW_MVC\Application\Runtime\Cache\Home\b29b1e167bb03e3f834dcac5acf96283.php 第 85 行.
INFO: Run Behavior\ParseTemplateBehavior [ RunTime:0.007106s ]
INFO: [ view_parse ] --END-- [ RunTime:0.007144s ]
INFO: [ view_filter ] --START--
INFO: Run Behavior\WriteHtmlCacheBehavior [ RunTime:0.000340s ]
INFO: [ view_filter ] --END-- [ RunTime:0.000372s ]
INFO: [ app_end ] --START--
INFO: Run Behavior\ShowPageTraceBehavior [ RunTime:0.000577s ]
INFO: [ app_end ] --END-- [ RunTime:0.000626s ]

[ 2016-11-18T11:42:51+08:00 ] ::1 /RCW_MVC/index.php/Home/Rent/grid.css
INFO: [ app_init ] --START--
INFO: Run Behavior\BuildLiteBehavior [ RunTime:0.000013s ]
INFO: [ app_init ] --END-- [ RunTime:0.000399s ]
INFO: [ app_begin ] --START--
INFO: Run Behavior\ReadHtmlCacheBehavior [ RunTime:0.000518s ]
INFO: [ app_begin ] --END-- [ RunTime:0.000564s ]
ERR: 非法操作:grid.css

[ 2016-11-18T11:42:57+08:00 ] ::1 /RCW_MVC/index.php/Home/Rent/index.html
INFO: [ app_init ] --START--
INFO: Run Behavior\BuildLiteBehavior [ RunTime:0.000012s ]
INFO: [ app_init ] --END-- [ RunTime:0.000525s ]
INFO: [ app_begin ] --START--
INFO: Run Behavior\ReadHtmlCacheBehavior [ RunTime:0.000651s ]
INFO: [ app_begin ] --END-- [ RunTime:0.000699s ]
NOTIC: [2048] Declaration of Home\Model\CarModel::check() should be compatible with Think\Model::check($value, $rule, $type = 'regex') D:\xampp\htdocs\RCW_MVC\Application\Home\Model\CarModel.class.php 第 4 行.
SQL: SHOW COLUMNS FROM `car` [ RunTime:0.0030s ]
NOTIC: [4096] Argument 1 passed to Home\Model\CarModel::check() must be an instance of Home\Model\char, string given, called in D:\xampp\htdocs\RCW_MVC\Application\Home\Controller\RentController.class.php on line 13 and defined D:\xampp\htdocs\RCW_MVC\Application\Home\Model\CarModel.class.php 第 15 行.
SQL: SELECT * FROM `car` WHERE `license_no` = 'YueA12345' AND `flag` = 1 LIMIT 1   [ RunTime:0.0004s ]
SQL: SHOW COLUMNS FROM `user` [ RunTime:0.0028s ]
NOTIC: [4096] Argument 1 passed to Home\Model\UserModel::beforeRent() must be an instance of Home\Model\char, string given, called in D:\xampp\htdocs\RCW_MVC\Application\Home\Controller\RentController.class.php on line 20 and defined D:\xampp\htdocs\RCW_MVC\Application\Home\Model\UserModel.class.php 第 48 行.
SQL: SELECT * FROM `user` WHERE `ID` = '440221199506261917' LIMIT 1   [ RunTime:0.0003s ]

[ 2016-11-18T11:43:00+08:00 ] ::1 /RCW_MVC/index.php/Home/Rent/rent.html
INFO: [ app_init ] --START--
INFO: Run Behavior\BuildLiteBehavior [ RunTime:0.000020s ]
INFO: [ app_init ] --END-- [ RunTime:0.000734s ]
INFO: [ app_begin ] --START--
INFO: Run Behavior\ReadHtmlCacheBehavior [ RunTime:0.000868s ]
INFO: [ app_begin ] --END-- [ RunTime:0.000940s ]
NOTIC: [8] Undefined index: draw_date D:\xampp\htdocs\RCW_MVC\Application\Home\Controller\RentController.class.php 第 72 行.
INFO: [ view_parse ] --START--
INFO: [ template_filter ] --START--
INFO: Run Behavior\ContentReplaceBehavior [ RunTime:0.000097s ]
INFO: [ template_filter ] --END-- [ RunTime:0.000175s ]
NOTIC: [8] A session had already been started - ignoring session_start() D:\xampp\htdocs\RCW_MVC\Application\Runtime\Cache\Home\d1fee390703dfa344278127a11978704.php 第 85 行.
INFO: Run Behavior\ParseTemplateBehavior [ RunTime:0.012354s ]
INFO: [ view_parse ] --END-- [ RunTime:0.012430s ]
INFO: [ view_filter ] --START--
INFO: Run Behavior\WriteHtmlCacheBehavior [ RunTime:0.000676s ]
INFO: [ view_filter ] --END-- [ RunTime:0.000737s ]
INFO: [ app_end ] --START--
INFO: Run Behavior\ShowPageTraceBehavior [ RunTime:0.001015s ]
INFO: [ app_end ] --END-- [ RunTime:0.001082s ]

[ 2016-11-18T11:43:00+08:00 ] ::1 /RCW_MVC/index.php/Home/Rent/grid.css
INFO: [ app_init ] --START--
INFO: Run Behavior\BuildLiteBehavior [ RunTime:0.000010s ]
INFO: [ app_init ] --END-- [ RunTime:0.000346s ]
INFO: [ app_begin ] --START--
INFO: Run Behavior\ReadHtmlCacheBehavior [ RunTime:0.000421s ]
INFO: [ app_begin ] --END-- [ RunTime:0.000458s ]
ERR: 非法操作:grid.css

[ 2016-11-18T11:43:26+08:00 ] ::1 /RCW_MVC/index.php/Home/Rent/index.html
INFO: [ app_init ] --START--
INFO: Run Behavior\BuildLiteBehavior [ RunTime:0.000012s ]
INFO: [ app_init ] --END-- [ RunTime:0.000401s ]
INFO: [ app_begin ] --START--
INFO: Run Behavior\ReadHtmlCacheBehavior [ RunTime:0.000514s ]
INFO: [ app_begin ] --END-- [ RunTime:0.000556s ]
NOTIC: [2048] Declaration of Home\Model\CarModel::check() should be compatible with Think\Model::check($value, $rule, $type = 'regex') D:\xampp\htdocs\RCW_MVC\Application\Home\Model\CarModel.class.php 第 4 行.
SQL: SHOW COLUMNS FROM `car` [ RunTime:0.0030s ]
SQL: SELECT * FROM `car`  [ RunTime:0.0003s ]
INFO: [ view_parse ] --START--
INFO: [ template_filter ] --START--
INFO: Run Behavior\ContentReplaceBehavior [ RunTime:0.000064s ]
INFO: [ template_filter ] --END-- [ RunTime:0.000103s ]
NOTIC: [8] A session had already been started - ignoring session_start() D:\xampp\htdocs\RCW_MVC\Application\Runtime\Cache\Home\b29b1e167bb03e3f834dcac5acf96283.php 第 85 行.
INFO: Run Behavior\ParseTemplateBehavior [ RunTime:0.008071s ]
INFO: [ view_parse ] --END-- [ RunTime:0.008118s ]
INFO: [ view_filter ] --START--
INFO: Run Behavior\WriteHtmlCacheBehavior [ RunTime:0.000407s ]
INFO: [ view_filter ] --END-- [ RunTime:0.000438s ]
INFO: [ app_end ] --START--
INFO: Run Behavior\ShowPageTraceBehavior [ RunTime:0.000580s ]
INFO: [ app_end ] --END-- [ RunTime:0.000623s ]

[ 2016-11-18T11:43:26+08:00 ] ::1 /RCW_MVC/index.php/Home/Rent/grid.css
INFO: [ app_init ] --START--
INFO: Run Behavior\BuildLiteBehavior [ RunTime:0.000019s ]
INFO: [ app_init ] --END-- [ RunTime:0.000662s ]
INFO: [ app_begin ] --START--
INFO: Run Behavior\ReadHtmlCacheBehavior [ RunTime:0.000834s ]
INFO: [ app_begin ] --END-- [ RunTime:0.000904s ]
ERR: 非法操作:grid.css

[ 2016-11-18T11:43:30+08:00 ] ::1 /RCW_MVC/index.php/Home/Rent/index.html
INFO: [ app_init ] --START--
INFO: Run Behavior\BuildLiteBehavior [ RunTime:0.000015s ]
INFO: [ app_init ] --END-- [ RunTime:0.000496s ]
INFO: [ app_begin ] --START--
INFO: Run Behavior\ReadHtmlCacheBehavior [ RunTime:0.000491s ]
INFO: [ app_begin ] --END-- [ RunTime:0.000540s ]
NOTIC: [2048] Declaration of Home\Model\CarModel::check() should be compatible with Think\Model::check($value, $rule, $type = 'regex') D:\xampp\htdocs\RCW_MVC\Application\Home\Model\CarModel.class.php 第 4 行.
SQL: SHOW COLUMNS FROM `car` [ RunTime:0.0031s ]
NOTIC: [4096] Argument 1 passed to Home\Model\CarModel::check() must be an instance of Home\Model\char, string given, called in D:\xampp\htdocs\RCW_MVC\Application\Home\Controller\RentController.class.php on line 13 and defined D:\xampp\htdocs\RCW_MVC\Application\Home\Model\CarModel.class.php 第 15 行.
SQL: SELECT * FROM `car` WHERE `license_no` = 'YueA12345' AND `flag` = 1 LIMIT 1   [ RunTime:0.0003s ]
SQL: SHOW COLUMNS FROM `user` [ RunTime:0.0030s ]
NOTIC: [4096] Argument 1 passed to Home\Model\UserModel::beforeRent() must be an instance of Home\Model\char, string given, called in D:\xampp\htdocs\RCW_MVC\Application\Home\Controller\RentController.class.php on line 20 and defined D:\xampp\htdocs\RCW_MVC\Application\Home\Model\UserModel.class.php 第 48 行.
SQL: SELECT * FROM `user` WHERE `ID` = '440221199506261917' LIMIT 1   [ RunTime:0.0003s ]

[ 2016-11-18T11:43:33+08:00 ] ::1 /RCW_MVC/index.php/Home/Rent/rent.html
INFO: [ app_init ] --START--
INFO: Run Behavior\BuildLiteBehavior [ RunTime:0.000014s ]
INFO: [ app_init ] --END-- [ RunTime:0.000590s ]
INFO: [ app_begin ] --START--
INFO: Run Behavior\ReadHtmlCacheBehavior [ RunTime:0.000929s ]
INFO: [ app_begin ] --END-- [ RunTime:0.001022s ]
NOTIC: [8] Undefined index: draw_date D:\xampp\htdocs\RCW_MVC\Application\Home\Controller\RentController.class.php 第 72 行.
INFO: [ view_parse ] --START--
INFO: [ template_filter ] --START--
INFO: Run Behavior\ContentReplaceBehavior [ RunTime:0.000079s ]
INFO: [ template_filter ] --END-- [ RunTime:0.000144s ]
NOTIC: [8] A session had already been started - ignoring session_start() D:\xampp\htdocs\RCW_MVC\Application\Runtime\Cache\Home\d1fee390703dfa344278127a11978704.php 第 85 行.
INFO: Run Behavior\ParseTemplateBehavior [ RunTime:0.008734s ]
INFO: [ view_parse ] --END-- [ RunTime:0.008790s ]
INFO: [ view_filter ] --START--
INFO: Run Behavior\WriteHtmlCacheBehavior [ RunTime:0.000488s ]
INFO: [ view_filter ] --END-- [ RunTime:0.000537s ]
INFO: [ app_end ] --START--
INFO: Run Behavior\ShowPageTraceBehavior [ RunTime:0.000712s ]
INFO: [ app_end ] --END-- [ RunTime:0.000765s ]

[ 2016-11-18T11:43:33+08:00 ] ::1 /RCW_MVC/index.php/Home/Rent/grid.css
INFO: [ app_init ] --START--
INFO: Run Behavior\BuildLiteBehavior [ RunTime:0.000018s ]
INFO: [ app_init ] --END-- [ RunTime:0.000532s ]
INFO: [ app_begin ] --START--
INFO: Run Behavior\ReadHtmlCacheBehavior [ RunTime:0.000571s ]
INFO: [ app_begin ] --END-- [ RunTime:0.000627s ]
ERR: 非法操作:grid.css

[ 2016-11-18T11:47:59+08:00 ] ::1 /RCW_MVC/index.php/Home/Rent/index
INFO: [ app_init ] --START--
INFO: Run Behavior\BuildLiteBehavior [ RunTime:0.000013s ]
INFO: [ app_init ] --END-- [ RunTime:0.000496s ]
INFO: [ app_begin ] --START--
INFO: Run Behavior\ReadHtmlCacheBehavior [ RunTime:0.000582s ]
INFO: [ app_begin ] --END-- [ RunTime:0.000634s ]
NOTIC: [2048] Declaration of Home\Model\CarModel::check() should be compatible with Think\Model::check($value, $rule, $type = 'regex') D:\xampp\htdocs\RCW_MVC\Application\Home\Model\CarModel.class.php 第 4 行.
SQL: SHOW COLUMNS FROM `car` [ RunTime:0.0193s ]
SQL: SELECT * FROM `car`  [ RunTime:0.0003s ]
INFO: [ view_parse ] --START--
INFO: [ template_filter ] --START--
INFO: Run Behavior\ContentReplaceBehavior [ RunTime:0.000065s ]
INFO: [ template_filter ] --END-- [ RunTime:0.000099s ]
NOTIC: [8] A session had already been started - ignoring session_start() D:\xampp\htdocs\RCW_MVC\Application\Runtime\Cache\Home\b29b1e167bb03e3f834dcac5acf96283.php 第 85 行.
INFO: Run Behavior\ParseTemplateBehavior [ RunTime:0.007723s ]
INFO: [ view_parse ] --END-- [ RunTime:0.007766s ]
INFO: [ view_filter ] --START--
INFO: Run Behavior\WriteHtmlCacheBehavior [ RunTime:0.000414s ]
INFO: [ view_filter ] --END-- [ RunTime:0.000445s ]
INFO: [ app_end ] --START--
INFO: Run Behavior\ShowPageTraceBehavior [ RunTime:0.000653s ]
INFO: [ app_end ] --END-- [ RunTime:0.000709s ]

[ 2016-11-18T11:47:59+08:00 ] ::1 /RCW_MVC/index.php/Home/Rent/grid.css
INFO: [ app_init ] --START--
INFO: Run Behavior\BuildLiteBehavior [ RunTime:0.000012s ]
INFO: [ app_init ] --END-- [ RunTime:0.000349s ]
INFO: [ app_begin ] --START--
INFO: Run Behavior\ReadHtmlCacheBehavior [ RunTime:0.000509s ]
INFO: [ app_begin ] --END-- [ RunTime:0.000549s ]
ERR: 非法操作:grid.css

[ 2016-11-18T11:48:06+08:00 ] ::1 /RCW_MVC/index.php/Home/Rent/index.html
INFO: [ app_init ] --START--
INFO: Run Behavior\BuildLiteBehavior [ RunTime:0.000013s ]
INFO: [ app_init ] --END-- [ RunTime:0.000520s ]
INFO: [ app_begin ] --START--
INFO: Run Behavior\ReadHtmlCacheBehavior [ RunTime:0.000667s ]
INFO: [ app_begin ] --END-- [ RunTime:0.000719s ]
NOTIC: [2048] Declaration of Home\Model\CarModel::check() should be compatible with Think\Model::check($value, $rule, $type = 'regex') D:\xampp\htdocs\RCW_MVC\Application\Home\Model\CarModel.class.php 第 4 行.
SQL: SHOW COLUMNS FROM `car` [ RunTime:0.0030s ]
NOTIC: [4096] Argument 1 passed to Home\Model\CarModel::check() must be an instance of Home\Model\char, string given, called in D:\xampp\htdocs\RCW_MVC\Application\Home\Controller\RentController.class.php on line 13 and defined D:\xampp\htdocs\RCW_MVC\Application\Home\Model\CarModel.class.php 第 15 行.
SQL: SELECT * FROM `car` WHERE `license_no` = 'YueA12345' AND `flag` = 1 LIMIT 1   [ RunTime:0.0003s ]
SQL: SHOW COLUMNS FROM `user` [ RunTime:0.0026s ]
NOTIC: [4096] Argument 1 passed to Home\Model\UserModel::beforeRent() must be an instance of Home\Model\char, string given, called in D:\xampp\htdocs\RCW_MVC\Application\Home\Controller\RentController.class.php on line 20 and defined D:\xampp\htdocs\RCW_MVC\Application\Home\Model\UserModel.class.php 第 48 行.
SQL: SELECT * FROM `user` WHERE `ID` = '440221199506261917' LIMIT 1   [ RunTime:0.0003s ]

[ 2016-11-18T11:48:09+08:00 ] ::1 /RCW_MVC/index.php/Home/Rent/rent.html
INFO: [ app_init ] --START--
INFO: Run Behavior\BuildLiteBehavior [ RunTime:0.000017s ]
INFO: [ app_init ] --END-- [ RunTime:0.000650s ]
INFO: [ app_begin ] --START--
INFO: Run Behavior\ReadHtmlCacheBehavior [ RunTime:0.000839s ]
INFO: [ app_begin ] --END-- [ RunTime:0.000914s ]
INFO: [ view_parse ] --START--
INFO: [ template_filter ] --START--
INFO: Run Behavior\ContentReplaceBehavior [ RunTime:0.000088s ]
INFO: [ template_filter ] --END-- [ RunTime:0.000158s ]
NOTIC: [8] A session had already been started - ignoring session_start() D:\xampp\htdocs\RCW_MVC\Application\Runtime\Cache\Home\d1fee390703dfa344278127a11978704.php 第 85 行.
INFO: Run Behavior\ParseTemplateBehavior [ RunTime:0.010858s ]
INFO: [ view_parse ] --END-- [ RunTime:0.010927s ]
INFO: [ view_filter ] --START--
INFO: Run Behavior\WriteHtmlCacheBehavior [ RunTime:0.000474s ]
INFO: [ view_filter ] --END-- [ RunTime:0.000511s ]
INFO: [ app_end ] --START--
INFO: Run Behavior\ShowPageTraceBehavior [ RunTime:0.000586s ]
INFO: [ app_end ] --END-- [ RunTime:0.000621s ]

[ 2016-11-18T11:48:09+08:00 ] ::1 /RCW_MVC/index.php/Home/Rent/grid.css
INFO: [ app_init ] --START--
INFO: Run Behavior\BuildLiteBehavior [ RunTime:0.000012s ]
INFO: [ app_init ] --END-- [ RunTime:0.000352s ]
INFO: [ app_begin ] --START--
INFO: Run Behavior\ReadHtmlCacheBehavior [ RunTime:0.000411s ]
INFO: [ app_begin ] --END-- [ RunTime:0.000457s ]
ERR: 非法操作:grid.css

[ 2016-11-18T11:48:20+08:00 ] ::1 /RCW_MVC/index.php/Home/Rent/rent.html
INFO: [ app_init ] --START--
INFO: Run Behavior\BuildLiteBehavior [ RunTime:0.000020s ]
INFO: [ app_init ] --END-- [ RunTime:0.000746s ]
INFO: [ app_begin ] --START--
INFO: Run Behavior\ReadHtmlCacheBehavior [ RunTime:0.000731s ]
INFO: [ app_begin ] --END-- [ RunTime:0.000787s ]
INFO: [ view_parse ] --START--
INFO: [ template_filter ] --START--
INFO: Run Behavior\ContentReplaceBehavior [ RunTime:0.000058s ]
INFO: [ template_filter ] --END-- [ RunTime:0.000107s ]
NOTIC: [8] A session had already been started - ignoring session_start() D:\xampp\htdocs\RCW_MVC\Application\Runtime\Cache\Home\d1fee390703dfa344278127a11978704.php 第 85 行.
INFO: Run Behavior\ParseTemplateBehavior [ RunTime:0.006201s ]
INFO: [ view_parse ] --END-- [ RunTime:0.006255s ]
INFO: [ view_filter ] --START--
INFO: Run Behavior\WriteHtmlCacheBehavior [ RunTime:0.000356s ]
INFO: [ view_filter ] --END-- [ RunTime:0.000388s ]
INFO: [ app_end ] --START--
INFO: Run Behavior\ShowPageTraceBehavior [ RunTime:0.000491s ]
INFO: [ app_end ] --END-- [ RunTime:0.000526s ]

[ 2016-11-18T11:48:20+08:00 ] ::1 /RCW_MVC/index.php/Home/Rent/grid.css
INFO: [ app_init ] --START--
INFO: Run Behavior\BuildLiteBehavior [ RunTime:0.000015s ]
INFO: [ app_init ] --END-- [ RunTime:0.000434s ]
INFO: [ app_begin ] --START--
INFO: Run Behavior\ReadHtmlCacheBehavior [ RunTime:0.000572s ]
INFO: [ app_begin ] --END-- [ RunTime:0.000630s ]
ERR: 非法操作:grid.css

[ 2016-11-18T11:59:38+08:00 ] ::1 /RCW_MVC/index.php/Home/Rent/index.html
INFO: [ app_init ] --START--
INFO: Run Behavior\BuildLiteBehavior [ RunTime:0.000012s ]
INFO: [ app_init ] --END-- [ RunTime:0.000517s ]
INFO: [ app_begin ] --START--
INFO: Run Behavior\ReadHtmlCacheBehavior [ RunTime:0.000653s ]
INFO: [ app_begin ] --END-- [ RunTime:0.000701s ]
NOTIC: [2048] Declaration of Home\Model\CarModel::check() should be compatible with Think\Model::check($value, $rule, $type = 'regex') D:\xampp\htdocs\RCW_MVC\Application\Home\Model\CarModel.class.php 第 4 行.
SQL: SHOW COLUMNS FROM `car` [ RunTime:0.0038s ]
SQL: SELECT * FROM `car`  [ RunTime:0.0003s ]
INFO: [ view_parse ] --START--
INFO: [ template_filter ] --START--
INFO: Run Behavior\ContentReplaceBehavior [ RunTime:0.000075s ]
INFO: [ template_filter ] --END-- [ RunTime:0.000135s ]
NOTIC: [8] A session had already been started - ignoring session_start() D:\xampp\htdocs\RCW_MVC\Application\Runtime\Cache\Home\b29b1e167bb03e3f834dcac5acf96283.php 第 85 行.
INFO: Run Behavior\ParseTemplateBehavior [ RunTime:0.008113s ]
INFO: [ view_parse ] --END-- [ RunTime:0.008162s ]
INFO: [ view_filter ] --START--
INFO: Run Behavior\WriteHtmlCacheBehavior [ RunTime:0.000484s ]
INFO: [ view_filter ] --END-- [ RunTime:0.000521s ]
INFO: [ app_end ] --START--
INFO: Run Behavior\ShowPageTraceBehavior [ RunTime:0.000579s ]
INFO: [ app_end ] --END-- [ RunTime:0.000624s ]

[ 2016-11-18T11:59:38+08:00 ] ::1 /RCW_MVC/index.php/Home/Rent/grid.css
INFO: [ app_init ] --START--
INFO: Run Behavior\BuildLiteBehavior [ RunTime:0.000028s ]
INFO: [ app_init ] --END-- [ RunTime:0.001011s ]
INFO: [ app_begin ] --START--
INFO: Run Behavior\ReadHtmlCacheBehavior [ RunTime:0.000837s ]
INFO: [ app_begin ] --END-- [ RunTime:0.000907s ]
ERR: 非法操作:grid.css

[ 2016-11-18T12:00:22+08:00 ] ::1 /RCW_MVC/index.php/Home/Rent/index.html
INFO: [ app_init ] --START--
INFO: Run Behavior\BuildLiteBehavior [ RunTime:0.000014s ]
INFO: [ app_init ] --END-- [ RunTime:0.000497s ]
INFO: [ app_begin ] --START--
INFO: Run Behavior\ReadHtmlCacheBehavior [ RunTime:0.000651s ]
INFO: [ app_begin ] --END-- [ RunTime:0.000714s ]
NOTIC: [2048] Declaration of Home\Model\CarModel::check() should be compatible with Think\Model::check($value, $rule, $type = 'regex') D:\xampp\htdocs\RCW_MVC\Application\Home\Model\CarModel.class.php 第 4 行.
SQL: SHOW COLUMNS FROM `car` [ RunTime:0.0032s ]
SQL: SELECT * FROM `car`  [ RunTime:0.0003s ]
INFO: [ view_parse ] --START--
INFO: [ template_filter ] --START--
INFO: Run Behavior\ContentReplaceBehavior [ RunTime:0.000070s ]
INFO: [ template_filter ] --END-- [ RunTime:0.000111s ]
NOTIC: [8] A session had already been started - ignoring session_start() D:\xampp\htdocs\RCW_MVC\Application\Runtime\Cache\Home\b29b1e167bb03e3f834dcac5acf96283.php 第 85 行.
INFO: Run Behavior\ParseTemplateBehavior [ RunTime:0.007181s ]
INFO: [ view_parse ] --END-- [ RunTime:0.007235s ]
INFO: [ view_filter ] --START--
INFO: Run Behavior\WriteHtmlCacheBehavior [ RunTime:0.000382s ]
INFO: [ view_filter ] --END-- [ RunTime:0.000416s ]
INFO: [ app_end ] --START--
INFO: Run Behavior\ShowPageTraceBehavior [ RunTime:0.000578s ]
INFO: [ app_end ] --END-- [ RunTime:0.000621s ]

[ 2016-11-18T12:00:22+08:00 ] ::1 /RCW_MVC/index.php/Home/Rent/grid.css
INFO: [ app_init ] --START--
INFO: Run Behavior\BuildLiteBehavior [ RunTime:0.000018s ]
INFO: [ app_init ] --END-- [ RunTime:0.000421s ]
INFO: [ app_begin ] --START--
INFO: Run Behavior\ReadHtmlCacheBehavior [ RunTime:0.000506s ]
INFO: [ app_begin ] --END-- [ RunTime:0.000562s ]
ERR: 非法操作:grid.css

[ 2016-11-18T12:00:23+08:00 ] ::1 /RCW_MVC/index.php/Home/Rent/index.html
INFO: [ app_init ] --START--
INFO: Run Behavior\BuildLiteBehavior [ RunTime:0.000013s ]
INFO: [ app_init ] --END-- [ RunTime:0.000446s ]
INFO: [ app_begin ] --START--
INFO: Run Behavior\ReadHtmlCacheBehavior [ RunTime:0.000517s ]
INFO: [ app_begin ] --END-- [ RunTime:0.000572s ]
NOTIC: [2048] Declaration of Home\Model\CarModel::check() should be compatible with Think\Model::check($value, $rule, $type = 'regex') D:\xampp\htdocs\RCW_MVC\Application\Home\Model\CarModel.class.php 第 4 行.
SQL: SHOW COLUMNS FROM `car` [ RunTime:0.0028s ]
SQL: SELECT * FROM `car`  [ RunTime:0.0004s ]
INFO: [ view_parse ] --START--
INFO: [ template_filter ] --START--
INFO: Run Behavior\ContentReplaceBehavior [ RunTime:0.000082s ]
INFO: [ template_filter ] --END-- [ RunTime:0.000128s ]
NOTIC: [8] A session had already been started - ignoring session_start() D:\xampp\htdocs\RCW_MVC\Application\Runtime\Cache\Home\b29b1e167bb03e3f834dcac5acf96283.php 第 85 行.
INFO: Run Behavior\ParseTemplateBehavior [ RunTime:0.007470s ]
INFO: [ view_parse ] --END-- [ RunTime:0.007536s ]
INFO: [ view_filter ] --START--
INFO: Run Behavior\WriteHtmlCacheBehavior [ RunTime:0.000378s ]
INFO: [ view_filter ] --END-- [ RunTime:0.000422s ]
INFO: [ app_end ] --START--
INFO: Run Behavior\ShowPageTraceBehavior [ RunTime:0.000695s ]
INFO: [ app_end ] --END-- [ RunTime:0.000755s ]

[ 2016-11-18T12:00:23+08:00 ] ::1 /RCW_MVC/index.php/Home/Rent/grid.css
INFO: [ app_init ] --START--
INFO: Run Behavior\BuildLiteBehavior [ RunTime:0.000020s ]
INFO: [ app_init ] --END-- [ RunTime:0.000549s ]
INFO: [ app_begin ] --START--
INFO: Run Behavior\ReadHtmlCacheBehavior [ RunTime:0.000500s ]
INFO: [ app_begin ] --END-- [ RunTime:0.000551s ]
ERR: 非法操作:grid.css

[ 2016-11-18T12:00:26+08:00 ] ::1 /RCW_MVC/index.php/Home/Rent/index.html
INFO: [ app_init ] --START--
INFO: Run Behavior\BuildLiteBehavior [ RunTime:0.000023s ]
INFO: [ app_init ] --END-- [ RunTime:0.000926s ]
INFO: [ app_begin ] --START--
INFO: Run Behavior\ReadHtmlCacheBehavior [ RunTime:0.001061s ]
INFO: [ app_begin ] --END-- [ RunTime:0.001152s ]
NOTIC: [2048] Declaration of Home\Model\CarModel::check() should be compatible with Think\Model::check($value, $rule, $type = 'regex') D:\xampp\htdocs\RCW_MVC\Application\Home\Model\CarModel.class.php 第 4 行.
SQL: SHOW COLUMNS FROM `car` [ RunTime:0.0051s ]
SQL: SELECT * FROM `car`  [ RunTime:0.0007s ]
INFO: [ view_parse ] --START--
INFO: [ template_filter ] --START--
INFO: Run Behavior\ContentReplaceBehavior [ RunTime:0.000081s ]
INFO: [ template_filter ] --END-- [ RunTime:0.000129s ]
NOTIC: [8] A session had already been started - ignoring session_start() D:\xampp\htdocs\RCW_MVC\Application\Runtime\Cache\Home\b29b1e167bb03e3f834dcac5acf96283.php 第 85 行.
INFO: Run Behavior\ParseTemplateBehavior [ RunTime:0.017374s ]
INFO: [ view_parse ] --END-- [ RunTime:0.017465s ]
INFO: [ view_filter ] --START--
INFO: Run Behavior\WriteHtmlCacheBehavior [ RunTime:0.000419s ]
INFO: [ view_filter ] --END-- [ RunTime:0.000464s ]
INFO: [ app_end ] --START--
INFO: Run Behavior\ShowPageTraceBehavior [ RunTime:0.000558s ]
INFO: [ app_end ] --END-- [ RunTime:0.000607s ]

[ 2016-11-18T12:00:26+08:00 ] ::1 /RCW_MVC/index.php/Home/Rent/grid.css
INFO: [ app_init ] --START--
INFO: Run Behavior\BuildLiteBehavior [ RunTime:0.000013s ]
INFO: [ app_init ] --END-- [ RunTime:0.000476s ]
INFO: [ app_begin ] --START--
INFO: Run Behavior\ReadHtmlCacheBehavior [ RunTime:0.000592s ]
INFO: [ app_begin ] --END-- [ RunTime:0.000649s ]
ERR: 非法操作:grid.css

