[ 2017-04-11T13:22:26+08:00 ] ::1 /RentIt/
INFO: [ app_init ] --START--
INFO: Run Behavior\BuildLiteBehavior [ RunTime:0.000038s ]
INFO: [ app_init ] --END-- [ RunTime:0.015581s ]
INFO: [ app_begin ] --START--
INFO: Run Behavior\ReadHtmlCacheBehavior [ RunTime:0.002502s ]
INFO: [ app_begin ] --END-- [ RunTime:0.002631s ]
INFO: [ view_parse ] --START--
INFO: [ template_filter ] --START--
INFO: Run Behavior\ContentReplaceBehavior [ RunTime:0.001352s ]
INFO: [ template_filter ] --END-- [ RunTime:0.001584s ]
NOTIC: [8] A session had already been started - ignoring session_start() D:\xampp\htdocs\RentIt\ThinkPHP\Common\functions.php 第 1272 行.
INFO: Run Behavior\ParseTemplateBehavior [ RunTime:0.135080s ]
INFO: [ view_parse ] --END-- [ RunTime:0.135192s ]
INFO: [ view_filter ] --START--
INFO: Run Behavior\WriteHtmlCacheBehavior [ RunTime:0.017140s ]
INFO: [ view_filter ] --END-- [ RunTime:0.017244s ]
INFO: [ app_end ] --START--
INFO: Run Behavior\ShowPageTraceBehavior [ RunTime:0.013496s ]
INFO: [ app_end ] --END-- [ RunTime:0.013661s ]

[ 2017-04-11T13:22:26+08:00 ] ::1 /RentIt/Public/js/ie-emulation-modes-warning.js
INFO: [ app_init ] --START--
INFO: Run Behavior\BuildLiteBehavior [ RunTime:0.000015s ]
INFO: [ app_init ] --END-- [ RunTime:0.000531s ]
INFO: [ app_begin ] --START--
INFO: Run Behavior\ReadHtmlCacheBehavior [ RunTime:0.001033s ]
INFO: [ app_begin ] --END-- [ RunTime:0.001115s ]
ERR: 无法加载控制器:Public

[ 2017-04-11T13:22:26+08:00 ] ::1 /RentIt/Public/js/ie10-viewport-bug-workaround.js
INFO: [ app_init ] --START--
INFO: Run Behavior\BuildLiteBehavior [ RunTime:0.000017s ]
INFO: [ app_init ] --END-- [ RunTime:0.000523s ]
INFO: [ app_begin ] --START--
INFO: Run Behavior\ReadHtmlCacheBehavior [ RunTime:0.000751s ]
INFO: [ app_begin ] --END-- [ RunTime:0.000830s ]
ERR: 无法加载控制器:Public

[ 2017-04-11T13:22:26+08:00 ] ::1 /RentIt/Public/js/docs.min.js
INFO: [ app_init ] --START--
INFO: Run Behavior\BuildLiteBehavior [ RunTime:0.000011s ]
INFO: [ app_init ] --END-- [ RunTime:0.000376s ]
INFO: [ app_begin ] --START--
INFO: Run Behavior\ReadHtmlCacheBehavior [ RunTime:0.000467s ]
INFO: [ app_begin ] --END-- [ RunTime:0.000512s ]
ERR: 无法加载控制器:Public

[ 2017-04-11T13:22:26+08:00 ] ::1 /RentIt/Public/js/ie10-viewport-bug-workaround.js
INFO: [ app_init ] --START--
INFO: Run Behavior\BuildLiteBehavior [ RunTime:0.000014s ]
INFO: [ app_init ] --END-- [ RunTime:0.000652s ]
INFO: [ app_begin ] --START--
INFO: Run Behavior\ReadHtmlCacheBehavior [ RunTime:0.000860s ]
INFO: [ app_begin ] --END-- [ RunTime:0.000953s ]
ERR: 无法加载控制器:Public

[ 2017-04-11T13:22:26+08:00 ] ::1 /RentIt/Public/js/docs.min.js
INFO: [ app_init ] --START--
INFO: Run Behavior\BuildLiteBehavior [ RunTime:0.000011s ]
INFO: [ app_init ] --END-- [ RunTime:0.000368s ]
INFO: [ app_begin ] --START--
INFO: Run Behavior\ReadHtmlCacheBehavior [ RunTime:0.000491s ]
INFO: [ app_begin ] --END-- [ RunTime:0.000537s ]
ERR: 无法加载控制器:Public

[ 2017-04-11T13:22:26+08:00 ] ::1 /RentIt/Public/js/ie10-viewport-bug-workaround.js
INFO: [ app_init ] --START--
INFO: Run Behavior\BuildLiteBehavior [ RunTime:0.000010s ]
INFO: [ app_init ] --END-- [ RunTime:0.000343s ]
INFO: [ app_begin ] --START--
INFO: Run Behavior\ReadHtmlCacheBehavior [ RunTime:0.000414s ]
INFO: [ app_begin ] --END-- [ RunTime:0.000453s ]
ERR: 无法加载控制器:Public

[ 2017-04-11T13:22:49+08:00 ] ::1 /RentIt/index.php/Index/index.html
INFO: [ app_init ] --START--
INFO: Run Behavior\BuildLiteBehavior [ RunTime:0.000013s ]
INFO: [ app_init ] --END-- [ RunTime:0.000443s ]
INFO: [ app_begin ] --START--
INFO: Run Behavior\ReadHtmlCacheBehavior [ RunTime:0.000521s ]
INFO: [ app_begin ] --END-- [ RunTime:0.000569s ]
INFO: [ view_parse ] --START--
INFO: [ template_filter ] --START--
INFO: Run Behavior\ContentReplaceBehavior [ RunTime:0.000076s ]
INFO: [ template_filter ] --END-- [ RunTime:0.000125s ]
NOTIC: [8] A session had already been started - ignoring session_start() D:\xampp\htdocs\RentIt\ThinkPHP\Common\functions.php 第 1272 行.
INFO: Run Behavior\ParseTemplateBehavior [ RunTime:0.009810s ]
INFO: [ view_parse ] --END-- [ RunTime:0.009852s ]
INFO: [ view_filter ] --START--
INFO: Run Behavior\WriteHtmlCacheBehavior [ RunTime:0.000405s ]
INFO: [ view_filter ] --END-- [ RunTime:0.000434s ]
INFO: [ app_end ] --START--
INFO: Run Behavior\ShowPageTraceBehavior [ RunTime:0.000781s ]
INFO: [ app_end ] --END-- [ RunTime:0.000848s ]

[ 2017-04-11T13:22:49+08:00 ] ::1 /RentIt/Public/js/ie-emulation-modes-warning.js
INFO: [ app_init ] --START--
INFO: Run Behavior\BuildLiteBehavior [ RunTime:0.000017s ]
INFO: [ app_init ] --END-- [ RunTime:0.000545s ]
INFO: [ app_begin ] --START--
INFO: Run Behavior\ReadHtmlCacheBehavior [ RunTime:0.000434s ]
INFO: [ app_begin ] --END-- [ RunTime:0.000479s ]
ERR: 无法加载控制器:Public

[ 2017-04-11T13:22:49+08:00 ] ::1 /RentIt/Public/js/ie10-viewport-bug-workaround.js
INFO: [ app_init ] --START--
INFO: Run Behavior\BuildLiteBehavior [ RunTime:0.000015s ]
INFO: [ app_init ] --END-- [ RunTime:0.000812s ]
INFO: [ app_begin ] --START--
INFO: Run Behavior\ReadHtmlCacheBehavior [ RunTime:0.000735s ]
INFO: [ app_begin ] --END-- [ RunTime:0.000810s ]
ERR: 无法加载控制器:Public

[ 2017-04-11T13:22:49+08:00 ] ::1 /RentIt/Public/js/docs.min.js
INFO: [ app_init ] --START--
INFO: Run Behavior\BuildLiteBehavior [ RunTime:0.000021s ]
INFO: [ app_init ] --END-- [ RunTime:0.000595s ]
INFO: [ app_begin ] --START--
INFO: Run Behavior\ReadHtmlCacheBehavior [ RunTime:0.000773s ]
INFO: [ app_begin ] --END-- [ RunTime:0.000863s ]
ERR: 无法加载控制器:Public

[ 2017-04-11T13:22:49+08:00 ] ::1 /RentIt/Public/js/ie10-viewport-bug-workaround.js
INFO: [ app_init ] --START--
INFO: Run Behavior\BuildLiteBehavior [ RunTime:0.000019s ]
INFO: [ app_init ] --END-- [ RunTime:0.000721s ]
INFO: [ app_begin ] --START--
INFO: Run Behavior\ReadHtmlCacheBehavior [ RunTime:0.001167s ]
INFO: [ app_begin ] --END-- [ RunTime:0.001279s ]
ERR: 无法加载控制器:Public

[ 2017-04-11T13:22:49+08:00 ] ::1 /RentIt/favicon.ico
INFO: [ app_init ] --START--
INFO: Run Behavior\BuildLiteBehavior [ RunTime:0.000012s ]
INFO: [ app_init ] --END-- [ RunTime:0.000365s ]

[ 2017-04-11T13:22:51+08:00 ] ::1 /RentIt/index.php/Rent/index.html
INFO: [ app_init ] --START--
INFO: Run Behavior\BuildLiteBehavior [ RunTime:0.000012s ]
INFO: [ app_init ] --END-- [ RunTime:0.000373s ]
INFO: [ app_begin ] --START--
INFO: Run Behavior\ReadHtmlCacheBehavior [ RunTime:0.000553s ]
INFO: [ app_begin ] --END-- [ RunTime:0.000602s ]
NOTIC: [2048] Declaration of Home\Model\CarModel::check() should be compatible with Think\Model::check($value, $rule, $type = 'regex') D:\xampp\htdocs\RentIt\Application\Home\Model\CarModel.class.php 第 4 行.
SQL: SHOW COLUMNS FROM `car` [ RunTime:0.0535s ]
SQL: SELECT * FROM `car` WHERE `flag` = 0  [ RunTime:0.0138s ]
INFO: [ view_parse ] --START--
INFO: [ template_filter ] --START--
INFO: Run Behavior\ContentReplaceBehavior [ RunTime:0.000082s ]
INFO: [ template_filter ] --END-- [ RunTime:0.000152s ]
NOTIC: [8] A session had already been started - ignoring session_start() D:\xampp\htdocs\RentIt\ThinkPHP\Common\functions.php 第 1272 行.
INFO: Run Behavior\ParseTemplateBehavior [ RunTime:0.051311s ]
INFO: [ view_parse ] --END-- [ RunTime:0.051382s ]
INFO: [ view_filter ] --START--
INFO: Run Behavior\WriteHtmlCacheBehavior [ RunTime:0.000344s ]
INFO: [ view_filter ] --END-- [ RunTime:0.000380s ]
INFO: [ app_end ] --START--
INFO: Run Behavior\ShowPageTraceBehavior [ RunTime:0.000745s ]
INFO: [ app_end ] --END-- [ RunTime:0.000815s ]

[ 2017-04-11T13:22:51+08:00 ] ::1 /RentIt/Public/js/ie-emulation-modes-warning.js
INFO: [ app_init ] --START--
INFO: Run Behavior\BuildLiteBehavior [ RunTime:0.000019s ]
INFO: [ app_init ] --END-- [ RunTime:0.000593s ]
INFO: [ app_begin ] --START--
INFO: Run Behavior\ReadHtmlCacheBehavior [ RunTime:0.000746s ]
INFO: [ app_begin ] --END-- [ RunTime:0.000825s ]
ERR: 无法加载控制器:Public

[ 2017-04-11T13:22:51+08:00 ] ::1 /RentIt/Public/js/ie10-viewport-bug-workaround.js
INFO: [ app_init ] --START--
INFO: Run Behavior\BuildLiteBehavior [ RunTime:0.000017s ]
INFO: [ app_init ] --END-- [ RunTime:0.000605s ]
INFO: [ app_begin ] --START--
INFO: Run Behavior\ReadHtmlCacheBehavior [ RunTime:0.000492s ]
INFO: [ app_begin ] --END-- [ RunTime:0.000537s ]
ERR: 无法加载控制器:Public

[ 2017-04-11T13:23:00+08:00 ] ::1 /RentIt/index.php/Advice/index.html
INFO: [ app_init ] --START--
INFO: Run Behavior\BuildLiteBehavior [ RunTime:0.000015s ]
INFO: [ app_init ] --END-- [ RunTime:0.000736s ]
INFO: [ app_begin ] --START--
INFO: Run Behavior\ReadHtmlCacheBehavior [ RunTime:0.000686s ]
INFO: [ app_begin ] --END-- [ RunTime:0.001042s ]
NOTIC: [2048] Declaration of Home\Model\BlogModel::add() should be compatible with Think\Model::add($data = '', $options = Array, $replace = false) D:\xampp\htdocs\RentIt\Application\Home\Model\BlogModel.class.php 第 5 行.
SQL: SHOW COLUMNS FROM `blog` [ RunTime:0.0292s ]
NOTIC: [8] Undefined variable: counts D:\xampp\htdocs\RentIt\Application\Home\Model\BlogModel.class.php 第 15 行.
SQL: SELECT `id`,`collection`,`replyNum`,`title`,`tag`,`content`,`date`,`time`,`username` FROM blog a INNER JOIN user b on a.userid = b.identity  WHERE a.flag = 0 ORDER BY date desc,time desc LIMIT 0,10   [ RunTime:0.0554s ]
INFO: [ view_parse ] --START--
INFO: [ template_filter ] --START--
INFO: Run Behavior\ContentReplaceBehavior [ RunTime:0.000140s ]
INFO: [ template_filter ] --END-- [ RunTime:0.000244s ]
NOTIC: [8] Undefined variable: title D:\xampp\htdocs\RentIt\Application\Runtime\Cache\Home\5a791fb4c4fad1b8692ab68339b89436.php 第 11 行.
NOTIC: [8] A session had already been started - ignoring session_start() D:\xampp\htdocs\RentIt\ThinkPHP\Common\functions.php 第 1272 行.
INFO: Run Behavior\ParseTemplateBehavior [ RunTime:0.046614s ]
INFO: [ view_parse ] --END-- [ RunTime:0.046697s ]
INFO: [ view_filter ] --START--
INFO: Run Behavior\WriteHtmlCacheBehavior [ RunTime:0.001041s ]
INFO: [ view_filter ] --END-- [ RunTime:0.001116s ]
INFO: [ app_end ] --START--
INFO: Run Behavior\ShowPageTraceBehavior [ RunTime:0.001202s ]
INFO: [ app_end ] --END-- [ RunTime:0.001279s ]

[ 2017-04-11T13:23:00+08:00 ] ::1 /RentIt/Public/js/ie-emulation-modes-warning.js
INFO: [ app_init ] --START--
INFO: Run Behavior\BuildLiteBehavior [ RunTime:0.000017s ]
INFO: [ app_init ] --END-- [ RunTime:0.000514s ]
INFO: [ app_begin ] --START--
INFO: Run Behavior\ReadHtmlCacheBehavior [ RunTime:0.000466s ]
INFO: [ app_begin ] --END-- [ RunTime:0.000510s ]
ERR: 无法加载控制器:Public

[ 2017-04-11T13:23:00+08:00 ] ::1 /RentIt/Public/js/ie10-viewport-bug-workaround.js
INFO: [ app_init ] --START--
INFO: Run Behavior\BuildLiteBehavior [ RunTime:0.000015s ]
INFO: [ app_init ] --END-- [ RunTime:0.000521s ]
INFO: [ app_begin ] --START--
INFO: Run Behavior\ReadHtmlCacheBehavior [ RunTime:0.000610s ]
INFO: [ app_begin ] --END-- [ RunTime:0.000667s ]
ERR: 无法加载控制器:Public

[ 2017-04-11T13:23:00+08:00 ] ::1 /RentIt/index.php/Advice/verify.html
INFO: [ app_init ] --START--
INFO: Run Behavior\BuildLiteBehavior [ RunTime:0.000012s ]
INFO: [ app_init ] --END-- [ RunTime:0.000361s ]
INFO: [ app_begin ] --START--
INFO: Run Behavior\ReadHtmlCacheBehavior [ RunTime:0.000472s ]
INFO: [ app_begin ] --END-- [ RunTime:0.000512s ]
INFO: [ app_end ] --START--
INFO: Run Behavior\ShowPageTraceBehavior [ RunTime:0.001244s ]
INFO: [ app_end ] --END-- [ RunTime:0.001309s ]

[ 2017-04-11T13:23:00+08:00 ] ::1 /RentIt/Public/js/ie10-viewport-bug-workaround.js
INFO: [ app_init ] --START--
INFO: Run Behavior\BuildLiteBehavior [ RunTime:0.000013s ]
INFO: [ app_init ] --END-- [ RunTime:0.000358s ]
INFO: [ app_begin ] --START--
INFO: Run Behavior\ReadHtmlCacheBehavior [ RunTime:0.000425s ]
INFO: [ app_begin ] --END-- [ RunTime:0.000464s ]
ERR: 无法加载控制器:Public

[ 2017-04-11T13:23:07+08:00 ] ::1 /RentIt/index.php/Index/index.html
INFO: [ app_init ] --START--
INFO: Run Behavior\BuildLiteBehavior [ RunTime:0.000011s ]
INFO: [ app_init ] --END-- [ RunTime:0.000473s ]
INFO: [ app_begin ] --START--
INFO: Run Behavior\ReadHtmlCacheBehavior [ RunTime:0.000569s ]
INFO: [ app_begin ] --END-- [ RunTime:0.000615s ]
INFO: [ view_parse ] --START--
INFO: [ template_filter ] --START--
INFO: Run Behavior\ContentReplaceBehavior [ RunTime:0.000084s ]
INFO: [ template_filter ] --END-- [ RunTime:0.000137s ]
NOTIC: [8] A session had already been started - ignoring session_start() D:\xampp\htdocs\RentIt\ThinkPHP\Common\functions.php 第 1272 行.
INFO: Run Behavior\ParseTemplateBehavior [ RunTime:0.009467s ]
INFO: [ view_parse ] --END-- [ RunTime:0.009511s ]
INFO: [ view_filter ] --START--
INFO: Run Behavior\WriteHtmlCacheBehavior [ RunTime:0.000439s ]
INFO: [ view_filter ] --END-- [ RunTime:0.000479s ]
INFO: [ app_end ] --START--
INFO: Run Behavior\ShowPageTraceBehavior [ RunTime:0.001146s ]
INFO: [ app_end ] --END-- [ RunTime:0.001244s ]

[ 2017-04-11T13:23:07+08:00 ] ::1 /RentIt/Public/js/ie-emulation-modes-warning.js
INFO: [ app_init ] --START--
INFO: Run Behavior\BuildLiteBehavior [ RunTime:0.000013s ]
INFO: [ app_init ] --END-- [ RunTime:0.000440s ]
INFO: [ app_begin ] --START--
INFO: Run Behavior\ReadHtmlCacheBehavior [ RunTime:0.000906s ]
INFO: [ app_begin ] --END-- [ RunTime:0.001050s ]
ERR: 无法加载控制器:Public

[ 2017-04-11T13:23:07+08:00 ] ::1 /RentIt/Public/js/ie10-viewport-bug-workaround.js
INFO: [ app_init ] --START--
INFO: Run Behavior\BuildLiteBehavior [ RunTime:0.000016s ]
INFO: [ app_init ] --END-- [ RunTime:0.000562s ]
INFO: [ app_begin ] --START--
INFO: Run Behavior\ReadHtmlCacheBehavior [ RunTime:0.000654s ]
INFO: [ app_begin ] --END-- [ RunTime:0.000720s ]
ERR: 无法加载控制器:Public

[ 2017-04-11T13:23:07+08:00 ] ::1 /RentIt/Public/js/docs.min.js
INFO: [ app_init ] --START--
INFO: Run Behavior\BuildLiteBehavior [ RunTime:0.000020s ]
INFO: [ app_init ] --END-- [ RunTime:0.000653s ]
INFO: [ app_begin ] --START--
INFO: Run Behavior\ReadHtmlCacheBehavior [ RunTime:0.000963s ]
INFO: [ app_begin ] --END-- [ RunTime:0.001080s ]
ERR: 无法加载控制器:Public

[ 2017-04-11T13:23:07+08:00 ] ::1 /RentIt/Public/js/ie10-viewport-bug-workaround.js
INFO: [ app_init ] --START--
INFO: Run Behavior\BuildLiteBehavior [ RunTime:0.000015s ]
INFO: [ app_init ] --END-- [ RunTime:0.000421s ]
INFO: [ app_begin ] --START--
INFO: Run Behavior\ReadHtmlCacheBehavior [ RunTime:0.000514s ]
INFO: [ app_begin ] --END-- [ RunTime:0.000567s ]
ERR: 无法加载控制器:Public

[ 2017-04-11T13:23:23+08:00 ] ::1 /RentIt/index.php/Rent/index.html
INFO: [ app_init ] --START--
INFO: Run Behavior\BuildLiteBehavior [ RunTime:0.000014s ]
INFO: [ app_init ] --END-- [ RunTime:0.000470s ]
INFO: [ app_begin ] --START--
INFO: Run Behavior\ReadHtmlCacheBehavior [ RunTime:0.000683s ]
INFO: [ app_begin ] --END-- [ RunTime:0.000733s ]
NOTIC: [2048] Declaration of Home\Model\CarModel::check() should be compatible with Think\Model::check($value, $rule, $type = 'regex') D:\xampp\htdocs\RentIt\Application\Home\Model\CarModel.class.php 第 4 行.
SQL: SHOW COLUMNS FROM `car` [ RunTime:0.0039s ]
SQL: SELECT * FROM `car` WHERE `flag` = 0  [ RunTime:0.0005s ]
INFO: [ view_parse ] --START--
INFO: [ template_filter ] --START--
INFO: Run Behavior\ContentReplaceBehavior [ RunTime:0.000068s ]
INFO: [ template_filter ] --END-- [ RunTime:0.000105s ]
NOTIC: [8] A session had already been started - ignoring session_start() D:\xampp\htdocs\RentIt\ThinkPHP\Common\functions.php 第 1272 行.
INFO: Run Behavior\ParseTemplateBehavior [ RunTime:0.008036s ]
INFO: [ view_parse ] --END-- [ RunTime:0.008072s ]
INFO: [ view_filter ] --START--
INFO: Run Behavior\WriteHtmlCacheBehavior [ RunTime:0.000371s ]
INFO: [ view_filter ] --END-- [ RunTime:0.000401s ]
INFO: [ app_end ] --START--
INFO: Run Behavior\ShowPageTraceBehavior [ RunTime:0.000447s ]
INFO: [ app_end ] --END-- [ RunTime:0.000484s ]

[ 2017-04-11T13:23:23+08:00 ] ::1 /RentIt/Public/js/ie-emulation-modes-warning.js
INFO: [ app_init ] --START--
INFO: Run Behavior\BuildLiteBehavior [ RunTime:0.000018s ]
INFO: [ app_init ] --END-- [ RunTime:0.000578s ]
INFO: [ app_begin ] --START--
INFO: Run Behavior\ReadHtmlCacheBehavior [ RunTime:0.000423s ]
INFO: [ app_begin ] --END-- [ RunTime:0.000467s ]
ERR: 无法加载控制器:Public

[ 2017-04-11T13:23:23+08:00 ] ::1 /RentIt/Public/js/ie10-viewport-bug-workaround.js
INFO: [ app_init ] --START--
INFO: Run Behavior\BuildLiteBehavior [ RunTime:0.000012s ]
INFO: [ app_init ] --END-- [ RunTime:0.000467s ]
INFO: [ app_begin ] --START--
INFO: Run Behavior\ReadHtmlCacheBehavior [ RunTime:0.000427s ]
INFO: [ app_begin ] --END-- [ RunTime:0.000468s ]
ERR: 无法加载控制器:Public

[ 2017-04-11T13:23:23+08:00 ] ::1 /RentIt/Public/js/ie10-viewport-bug-workaround.js
INFO: [ app_init ] --START--
INFO: Run Behavior\BuildLiteBehavior [ RunTime:0.000015s ]
INFO: [ app_init ] --END-- [ RunTime:0.000538s ]
INFO: [ app_begin ] --START--
INFO: Run Behavior\ReadHtmlCacheBehavior [ RunTime:0.000452s ]
INFO: [ app_begin ] --END-- [ RunTime:0.000504s ]
ERR: 无法加载控制器:Public

[ 2017-04-11T13:23:25+08:00 ] ::1 /RentIt/index.php/Advice/index.html
INFO: [ app_init ] --START--
INFO: Run Behavior\BuildLiteBehavior [ RunTime:0.000011s ]
INFO: [ app_init ] --END-- [ RunTime:0.000446s ]
INFO: [ app_begin ] --START--
INFO: Run Behavior\ReadHtmlCacheBehavior [ RunTime:0.000509s ]
INFO: [ app_begin ] --END-- [ RunTime:0.000556s ]
NOTIC: [2048] Declaration of Home\Model\BlogModel::add() should be compatible with Think\Model::add($data = '', $options = Array, $replace = false) D:\xampp\htdocs\RentIt\Application\Home\Model\BlogModel.class.php 第 5 行.
SQL: SHOW COLUMNS FROM `blog` [ RunTime:0.0033s ]
NOTIC: [8] Undefined variable: counts D:\xampp\htdocs\RentIt\Application\Home\Model\BlogModel.class.php 第 15 行.
SQL: SELECT `id`,`collection`,`replyNum`,`title`,`tag`,`content`,`date`,`time`,`username` FROM blog a INNER JOIN user b on a.userid = b.identity  WHERE a.flag = 0 ORDER BY date desc,time desc LIMIT 0,10   [ RunTime:0.0005s ]
INFO: [ view_parse ] --START--
INFO: [ template_filter ] --START--
INFO: Run Behavior\ContentReplaceBehavior [ RunTime:0.000056s ]
INFO: [ template_filter ] --END-- [ RunTime:0.000096s ]
NOTIC: [8] Undefined variable: title D:\xampp\htdocs\RentIt\Application\Runtime\Cache\Home\5a791fb4c4fad1b8692ab68339b89436.php 第 11 行.
NOTIC: [8] A session had already been started - ignoring session_start() D:\xampp\htdocs\RentIt\ThinkPHP\Common\functions.php 第 1272 行.
INFO: Run Behavior\ParseTemplateBehavior [ RunTime:0.009207s ]
INFO: [ view_parse ] --END-- [ RunTime:0.009249s ]
INFO: [ view_filter ] --START--
INFO: Run Behavior\WriteHtmlCacheBehavior [ RunTime:0.000404s ]
INFO: [ view_filter ] --END-- [ RunTime:0.000433s ]
INFO: [ app_end ] --START--
INFO: Run Behavior\ShowPageTraceBehavior [ RunTime:0.000532s ]
INFO: [ app_end ] --END-- [ RunTime:0.000561s ]

[ 2017-04-11T13:23:25+08:00 ] ::1 /RentIt/Public/js/ie-emulation-modes-warning.js
INFO: [ app_init ] --START--
INFO: Run Behavior\BuildLiteBehavior [ RunTime:0.000015s ]
INFO: [ app_init ] --END-- [ RunTime:0.000371s ]
INFO: [ app_begin ] --START--
INFO: Run Behavior\ReadHtmlCacheBehavior [ RunTime:0.000414s ]
INFO: [ app_begin ] --END-- [ RunTime:0.000454s ]
ERR: 无法加载控制器:Public

[ 2017-04-11T13:23:25+08:00 ] ::1 /RentIt/Public/js/ie10-viewport-bug-workaround.js
INFO: [ app_init ] --START--
INFO: Run Behavior\BuildLiteBehavior [ RunTime:0.000008s ]
INFO: [ app_init ] --END-- [ RunTime:0.000336s ]
INFO: [ app_begin ] --START--
INFO: Run Behavior\ReadHtmlCacheBehavior [ RunTime:0.000438s ]
INFO: [ app_begin ] --END-- [ RunTime:0.000476s ]
ERR: 无法加载控制器:Public

[ 2017-04-11T13:23:25+08:00 ] ::1 /RentIt/index.php/Advice/verify.html
INFO: [ app_init ] --START--
INFO: Run Behavior\BuildLiteBehavior [ RunTime:0.000017s ]
INFO: [ app_init ] --END-- [ RunTime:0.000546s ]
INFO: [ app_begin ] --START--
INFO: Run Behavior\ReadHtmlCacheBehavior [ RunTime:0.000612s ]
INFO: [ app_begin ] --END-- [ RunTime:0.000673s ]
INFO: [ app_end ] --START--
INFO: Run Behavior\ShowPageTraceBehavior [ RunTime:0.000572s ]
INFO: [ app_end ] --END-- [ RunTime:0.000646s ]

[ 2017-04-11T13:23:25+08:00 ] ::1 /RentIt/Public/js/ie10-viewport-bug-workaround.js
INFO: [ app_init ] --START--
INFO: Run Behavior\BuildLiteBehavior [ RunTime:0.000013s ]
INFO: [ app_init ] --END-- [ RunTime:0.000399s ]
INFO: [ app_begin ] --START--
INFO: Run Behavior\ReadHtmlCacheBehavior [ RunTime:0.000394s ]
INFO: [ app_begin ] --END-- [ RunTime:0.000429s ]
ERR: 无法加载控制器:Public

[ 2017-04-11T13:23:27+08:00 ] ::1 /RentIt/index.php/Rent/index.html
INFO: [ app_init ] --START--
INFO: Run Behavior\BuildLiteBehavior [ RunTime:0.000012s ]
INFO: [ app_init ] --END-- [ RunTime:0.000500s ]
INFO: [ app_begin ] --START--
INFO: Run Behavior\ReadHtmlCacheBehavior [ RunTime:0.000574s ]
INFO: [ app_begin ] --END-- [ RunTime:0.000618s ]
NOTIC: [2048] Declaration of Home\Model\CarModel::check() should be compatible with Think\Model::check($value, $rule, $type = 'regex') D:\xampp\htdocs\RentIt\Application\Home\Model\CarModel.class.php 第 4 行.
SQL: SHOW COLUMNS FROM `car` [ RunTime:0.0036s ]
SQL: SELECT * FROM `car` WHERE `flag` = 0  [ RunTime:0.0004s ]
INFO: [ view_parse ] --START--
INFO: [ template_filter ] --START--
INFO: Run Behavior\ContentReplaceBehavior [ RunTime:0.000085s ]
INFO: [ template_filter ] --END-- [ RunTime:0.000133s ]
NOTIC: [8] A session had already been started - ignoring session_start() D:\xampp\htdocs\RentIt\ThinkPHP\Common\functions.php 第 1272 行.
INFO: Run Behavior\ParseTemplateBehavior [ RunTime:0.010524s ]
INFO: [ view_parse ] --END-- [ RunTime:0.010583s ]
INFO: [ view_filter ] --START--
INFO: Run Behavior\WriteHtmlCacheBehavior [ RunTime:0.000427s ]
INFO: [ view_filter ] --END-- [ RunTime:0.000466s ]
INFO: [ app_end ] --START--
INFO: Run Behavior\ShowPageTraceBehavior [ RunTime:0.000581s ]
INFO: [ app_end ] --END-- [ RunTime:0.000643s ]

[ 2017-04-11T13:23:27+08:00 ] ::1 /RentIt/Public/js/ie-emulation-modes-warning.js
INFO: [ app_init ] --START--
INFO: Run Behavior\BuildLiteBehavior [ RunTime:0.000011s ]
INFO: [ app_init ] --END-- [ RunTime:0.000396s ]
INFO: [ app_begin ] --START--
INFO: Run Behavior\ReadHtmlCacheBehavior [ RunTime:0.000467s ]
INFO: [ app_begin ] --END-- [ RunTime:0.000506s ]
ERR: 无法加载控制器:Public

[ 2017-04-11T13:23:27+08:00 ] ::1 /RentIt/Public/js/ie10-viewport-bug-workaround.js
INFO: [ app_init ] --START--
INFO: Run Behavior\BuildLiteBehavior [ RunTime:0.000010s ]
INFO: [ app_init ] --END-- [ RunTime:0.000333s ]
INFO: [ app_begin ] --START--
INFO: Run Behavior\ReadHtmlCacheBehavior [ RunTime:0.000431s ]
INFO: [ app_begin ] --END-- [ RunTime:0.000467s ]
ERR: 无法加载控制器:Public

[ 2017-04-11T13:23:27+08:00 ] ::1 /RentIt/Public/js/ie10-viewport-bug-workaround.js
INFO: [ app_init ] --START--
INFO: Run Behavior\BuildLiteBehavior [ RunTime:0.000017s ]
INFO: [ app_init ] --END-- [ RunTime:0.000446s ]
INFO: [ app_begin ] --START--
INFO: Run Behavior\ReadHtmlCacheBehavior [ RunTime:0.000594s ]
INFO: [ app_begin ] --END-- [ RunTime:0.000660s ]
ERR: 无法加载控制器:Public

[ 2017-04-11T13:23:34+08:00 ] ::1 /RentIt/index.php/Index/index.html
INFO: [ app_init ] --START--
INFO: Run Behavior\BuildLiteBehavior [ RunTime:0.000012s ]
INFO: [ app_init ] --END-- [ RunTime:0.000484s ]
INFO: [ app_begin ] --START--
INFO: Run Behavior\ReadHtmlCacheBehavior [ RunTime:0.000550s ]
INFO: [ app_begin ] --END-- [ RunTime:0.000597s ]
INFO: [ view_parse ] --START--
INFO: [ template_filter ] --START--
INFO: Run Behavior\ContentReplaceBehavior [ RunTime:0.000079s ]
INFO: [ template_filter ] --END-- [ RunTime:0.000128s ]
NOTIC: [8] A session had already been started - ignoring session_start() D:\xampp\htdocs\RentIt\ThinkPHP\Common\functions.php 第 1272 行.
INFO: Run Behavior\ParseTemplateBehavior [ RunTime:0.009021s ]
INFO: [ view_parse ] --END-- [ RunTime:0.009072s ]
INFO: [ view_filter ] --START--
INFO: Run Behavior\WriteHtmlCacheBehavior [ RunTime:0.000401s ]
INFO: [ view_filter ] --END-- [ RunTime:0.000455s ]
INFO: [ app_end ] --START--
INFO: Run Behavior\ShowPageTraceBehavior [ RunTime:0.000557s ]
INFO: [ app_end ] --END-- [ RunTime:0.000610s ]

[ 2017-04-11T13:23:34+08:00 ] ::1 /RentIt/Public/js/ie-emulation-modes-warning.js
INFO: [ app_init ] --START--
INFO: Run Behavior\BuildLiteBehavior [ RunTime:0.000011s ]
INFO: [ app_init ] --END-- [ RunTime:0.000400s ]
INFO: [ app_begin ] --START--
INFO: Run Behavior\ReadHtmlCacheBehavior [ RunTime:0.000468s ]
INFO: [ app_begin ] --END-- [ RunTime:0.000513s ]
ERR: 无法加载控制器:Public

[ 2017-04-11T13:23:34+08:00 ] ::1 /RentIt/Public/js/ie10-viewport-bug-workaround.js
INFO: [ app_init ] --START--
INFO: Run Behavior\BuildLiteBehavior [ RunTime:0.000015s ]
INFO: [ app_init ] --END-- [ RunTime:0.000428s ]
INFO: [ app_begin ] --START--
INFO: Run Behavior\ReadHtmlCacheBehavior [ RunTime:0.000617s ]
INFO: [ app_begin ] --END-- [ RunTime:0.000675s ]
ERR: 无法加载控制器:Public

[ 2017-04-11T13:23:34+08:00 ] ::1 /RentIt/Public/js/docs.min.js
INFO: [ app_init ] --START--
INFO: Run Behavior\BuildLiteBehavior [ RunTime:0.000018s ]
INFO: [ app_init ] --END-- [ RunTime:0.000637s ]
INFO: [ app_begin ] --START--
INFO: Run Behavior\ReadHtmlCacheBehavior [ RunTime:0.001244s ]
INFO: [ app_begin ] --END-- [ RunTime:0.001336s ]
ERR: 无法加载控制器:Public

[ 2017-04-11T13:23:34+08:00 ] ::1 /RentIt/Public/js/ie10-viewport-bug-workaround.js
INFO: [ app_init ] --START--
INFO: Run Behavior\BuildLiteBehavior [ RunTime:0.000013s ]
INFO: [ app_init ] --END-- [ RunTime:0.000361s ]
INFO: [ app_begin ] --START--
INFO: Run Behavior\ReadHtmlCacheBehavior [ RunTime:0.000491s ]
INFO: [ app_begin ] --END-- [ RunTime:0.000556s ]
ERR: 无法加载控制器:Public

[ 2017-04-11T13:23:44+08:00 ] ::1 /RentIt/index.php/Rent/index.html
INFO: [ app_init ] --START--
INFO: Run Behavior\BuildLiteBehavior [ RunTime:0.000013s ]
INFO: [ app_init ] --END-- [ RunTime:0.000466s ]
INFO: [ app_begin ] --START--
INFO: Run Behavior\ReadHtmlCacheBehavior [ RunTime:0.000531s ]
INFO: [ app_begin ] --END-- [ RunTime:0.000583s ]
NOTIC: [2048] Declaration of Home\Model\CarModel::check() should be compatible with Think\Model::check($value, $rule, $type = 'regex') D:\xampp\htdocs\RentIt\Application\Home\Model\CarModel.class.php 第 4 行.
SQL: SHOW COLUMNS FROM `car` [ RunTime:0.0036s ]
SQL: SELECT * FROM `car` WHERE `flag` = 0  [ RunTime:0.0004s ]
INFO: [ view_parse ] --START--
INFO: [ template_filter ] --START--
INFO: Run Behavior\ContentReplaceBehavior [ RunTime:0.000069s ]
INFO: [ template_filter ] --END-- [ RunTime:0.000103s ]
NOTIC: [8] A session had already been started - ignoring session_start() D:\xampp\htdocs\RentIt\ThinkPHP\Common\functions.php 第 1272 行.
INFO: Run Behavior\ParseTemplateBehavior [ RunTime:0.009837s ]
INFO: [ view_parse ] --END-- [ RunTime:0.009894s ]
INFO: [ view_filter ] --START--
INFO: Run Behavior\WriteHtmlCacheBehavior [ RunTime:0.000497s ]
INFO: [ view_filter ] --END-- [ RunTime:0.000550s ]
INFO: [ app_end ] --START--
INFO: Run Behavior\ShowPageTraceBehavior [ RunTime:0.000485s ]
INFO: [ app_end ] --END-- [ RunTime:0.000539s ]

[ 2017-04-11T13:23:44+08:00 ] ::1 /RentIt/Public/js/ie-emulation-modes-warning.js
INFO: [ app_init ] --START--
INFO: Run Behavior\BuildLiteBehavior [ RunTime:0.000012s ]
INFO: [ app_init ] --END-- [ RunTime:0.000343s ]
INFO: [ app_begin ] --START--
INFO: Run Behavior\ReadHtmlCacheBehavior [ RunTime:0.000569s ]
INFO: [ app_begin ] --END-- [ RunTime:0.000627s ]
ERR: 无法加载控制器:Public

[ 2017-04-11T13:23:44+08:00 ] ::1 /RentIt/Public/js/ie10-viewport-bug-workaround.js
INFO: [ app_init ] --START--
INFO: Run Behavior\BuildLiteBehavior [ RunTime:0.000020s ]
INFO: [ app_init ] --END-- [ RunTime:0.000824s ]
INFO: [ app_begin ] --START--
INFO: Run Behavior\ReadHtmlCacheBehavior [ RunTime:0.000949s ]
INFO: [ app_begin ] --END-- [ RunTime:0.001030s ]
ERR: 无法加载控制器:Public

[ 2017-04-11T13:23:44+08:00 ] ::1 /RentIt/Public/js/ie10-viewport-bug-workaround.js
INFO: [ app_init ] --START--
INFO: Run Behavior\BuildLiteBehavior [ RunTime:0.000011s ]
INFO: [ app_init ] --END-- [ RunTime:0.000326s ]
INFO: [ app_begin ] --START--
INFO: Run Behavior\ReadHtmlCacheBehavior [ RunTime:0.000426s ]
INFO: [ app_begin ] --END-- [ RunTime:0.000467s ]
ERR: 无法加载控制器:Public

[ 2017-04-11T13:23:45+08:00 ] ::1 /RentIt/index.php/Index/index.html
INFO: [ app_init ] --START--
INFO: Run Behavior\BuildLiteBehavior [ RunTime:0.000030s ]
INFO: [ app_init ] --END-- [ RunTime:0.000787s ]
INFO: [ app_begin ] --START--
INFO: Run Behavior\ReadHtmlCacheBehavior [ RunTime:0.000548s ]
INFO: [ app_begin ] --END-- [ RunTime:0.000594s ]
INFO: [ view_parse ] --START--
INFO: [ template_filter ] --START--
INFO: Run Behavior\ContentReplaceBehavior [ RunTime:0.000080s ]
INFO: [ template_filter ] --END-- [ RunTime:0.000127s ]
NOTIC: [8] A session had already been started - ignoring session_start() D:\xampp\htdocs\RentIt\ThinkPHP\Common\functions.php 第 1272 行.
INFO: Run Behavior\ParseTemplateBehavior [ RunTime:0.008247s ]
INFO: [ view_parse ] --END-- [ RunTime:0.008290s ]
INFO: [ view_filter ] --START--
INFO: Run Behavior\WriteHtmlCacheBehavior [ RunTime:0.000410s ]
INFO: [ view_filter ] --END-- [ RunTime:0.000445s ]
INFO: [ app_end ] --START--
INFO: Run Behavior\ShowPageTraceBehavior [ RunTime:0.000566s ]
INFO: [ app_end ] --END-- [ RunTime:0.000614s ]

[ 2017-04-11T13:23:45+08:00 ] ::1 /RentIt/Public/js/ie-emulation-modes-warning.js
INFO: [ app_init ] --START--
INFO: Run Behavior\BuildLiteBehavior [ RunTime:0.000011s ]
INFO: [ app_init ] --END-- [ RunTime:0.000346s ]
INFO: [ app_begin ] --START--
INFO: Run Behavior\ReadHtmlCacheBehavior [ RunTime:0.000403s ]
INFO: [ app_begin ] --END-- [ RunTime:0.000440s ]
ERR: 无法加载控制器:Public

[ 2017-04-11T13:23:45+08:00 ] ::1 /RentIt/Public/js/ie10-viewport-bug-workaround.js
INFO: [ app_init ] --START--
INFO: Run Behavior\BuildLiteBehavior [ RunTime:0.000010s ]
INFO: [ app_init ] --END-- [ RunTime:0.000340s ]
INFO: [ app_begin ] --START--
INFO: Run Behavior\ReadHtmlCacheBehavior [ RunTime:0.000486s ]
INFO: [ app_begin ] --END-- [ RunTime:0.000535s ]
ERR: 无法加载控制器:Public

[ 2017-04-11T13:23:46+08:00 ] ::1 /RentIt/Public/js/docs.min.js
INFO: [ app_init ] --START--
INFO: Run Behavior\BuildLiteBehavior [ RunTime:0.000020s ]
INFO: [ app_init ] --END-- [ RunTime:0.000676s ]
INFO: [ app_begin ] --START--
INFO: Run Behavior\ReadHtmlCacheBehavior [ RunTime:0.000940s ]
INFO: [ app_begin ] --END-- [ RunTime:0.001053s ]
ERR: 无法加载控制器:Public

[ 2017-04-11T13:23:46+08:00 ] ::1 /RentIt/Public/js/ie10-viewport-bug-workaround.js
INFO: [ app_init ] --START--
INFO: Run Behavior\BuildLiteBehavior [ RunTime:0.000011s ]
INFO: [ app_init ] --END-- [ RunTime:0.000368s ]
INFO: [ app_begin ] --START--
INFO: Run Behavior\ReadHtmlCacheBehavior [ RunTime:0.000403s ]
INFO: [ app_begin ] --END-- [ RunTime:0.000439s ]
ERR: 无法加载控制器:Public

[ 2017-04-11T13:24:08+08:00 ] ::1 /RentIt/index.php/Rent/index.html
INFO: [ app_init ] --START--
INFO: Run Behavior\BuildLiteBehavior [ RunTime:0.000013s ]
INFO: [ app_init ] --END-- [ RunTime:0.000490s ]
INFO: [ app_begin ] --START--
INFO: Run Behavior\ReadHtmlCacheBehavior [ RunTime:0.000560s ]
INFO: [ app_begin ] --END-- [ RunTime:0.000605s ]
NOTIC: [2048] Declaration of Home\Model\CarModel::check() should be compatible with Think\Model::check($value, $rule, $type = 'regex') D:\xampp\htdocs\RentIt\Application\Home\Model\CarModel.class.php 第 4 行.
SQL: SHOW COLUMNS FROM `car` [ RunTime:0.0047s ]
SQL: SELECT * FROM `car` WHERE `flag` = 0  [ RunTime:0.0004s ]
INFO: [ view_parse ] --START--
INFO: [ template_filter ] --START--
INFO: Run Behavior\ContentReplaceBehavior [ RunTime:0.000078s ]
INFO: [ template_filter ] --END-- [ RunTime:0.000127s ]
NOTIC: [8] A session had already been started - ignoring session_start() D:\xampp\htdocs\RentIt\ThinkPHP\Common\functions.php 第 1272 行.
INFO: Run Behavior\ParseTemplateBehavior [ RunTime:0.008342s ]
INFO: [ view_parse ] --END-- [ RunTime:0.008382s ]
INFO: [ view_filter ] --START--
INFO: Run Behavior\WriteHtmlCacheBehavior [ RunTime:0.000356s ]
INFO: [ view_filter ] --END-- [ RunTime:0.000400s ]
INFO: [ app_end ] --START--
INFO: Run Behavior\ShowPageTraceBehavior [ RunTime:0.001209s ]
INFO: [ app_end ] --END-- [ RunTime:0.001339s ]

[ 2017-04-11T13:24:08+08:00 ] ::1 /RentIt/Public/js/ie-emulation-modes-warning.js
INFO: [ app_init ] --START--
INFO: Run Behavior\BuildLiteBehavior [ RunTime:0.000015s ]
INFO: [ app_init ] --END-- [ RunTime:0.000624s ]
INFO: [ app_begin ] --START--
INFO: Run Behavior\ReadHtmlCacheBehavior [ RunTime:0.000587s ]
INFO: [ app_begin ] --END-- [ RunTime:0.000651s ]
ERR: 无法加载控制器:Public

[ 2017-04-11T13:24:08+08:00 ] ::1 /RentIt/Public/js/ie10-viewport-bug-workaround.js
INFO: [ app_init ] --START--
INFO: Run Behavior\BuildLiteBehavior [ RunTime:0.000013s ]
INFO: [ app_init ] --END-- [ RunTime:0.000484s ]
INFO: [ app_begin ] --START--
INFO: Run Behavior\ReadHtmlCacheBehavior [ RunTime:0.000557s ]
INFO: [ app_begin ] --END-- [ RunTime:0.000606s ]
ERR: 无法加载控制器:Public

[ 2017-04-11T13:24:08+08:00 ] ::1 /RentIt/Public/js/ie10-viewport-bug-workaround.js
INFO: [ app_init ] --START--
INFO: Run Behavior\BuildLiteBehavior [ RunTime:0.000013s ]
INFO: [ app_init ] --END-- [ RunTime:0.000355s ]
INFO: [ app_begin ] --START--
INFO: Run Behavior\ReadHtmlCacheBehavior [ RunTime:0.000952s ]
INFO: [ app_begin ] --END-- [ RunTime:0.001122s ]
ERR: 无法加载控制器:Public

[ 2017-04-11T13:24:43+08:00 ] ::1 /RentIt/index.php/Advice/index.html
INFO: [ app_init ] --START--
INFO: Run Behavior\BuildLiteBehavior [ RunTime:0.000013s ]
INFO: [ app_init ] --END-- [ RunTime:0.000545s ]
INFO: [ app_begin ] --START--
INFO: Run Behavior\ReadHtmlCacheBehavior [ RunTime:0.000928s ]
INFO: [ app_begin ] --END-- [ RunTime:0.000997s ]
NOTIC: [2048] Declaration of Home\Model\BlogModel::add() should be compatible with Think\Model::add($data = '', $options = Array, $replace = false) D:\xampp\htdocs\RentIt\Application\Home\Model\BlogModel.class.php 第 5 行.
SQL: SHOW COLUMNS FROM `blog` [ RunTime:0.0041s ]
NOTIC: [8] Undefined variable: counts D:\xampp\htdocs\RentIt\Application\Home\Model\BlogModel.class.php 第 15 行.
SQL: SELECT `id`,`collection`,`replyNum`,`title`,`tag`,`content`,`date`,`time`,`username` FROM blog a INNER JOIN user b on a.userid = b.identity  WHERE a.flag = 0 ORDER BY date desc,time desc LIMIT 0,10   [ RunTime:0.0004s ]
INFO: [ view_parse ] --START--
INFO: [ template_filter ] --START--
INFO: Run Behavior\ContentReplaceBehavior [ RunTime:0.000060s ]
INFO: [ template_filter ] --END-- [ RunTime:0.000102s ]
NOTIC: [8] Undefined variable: title D:\xampp\htdocs\RentIt\Application\Runtime\Cache\Home\5a791fb4c4fad1b8692ab68339b89436.php 第 11 行.
NOTIC: [8] A session had already been started - ignoring session_start() D:\xampp\htdocs\RentIt\ThinkPHP\Common\functions.php 第 1272 行.
INFO: Run Behavior\ParseTemplateBehavior [ RunTime:0.008466s ]
INFO: [ view_parse ] --END-- [ RunTime:0.008506s ]
INFO: [ view_filter ] --START--
INFO: Run Behavior\WriteHtmlCacheBehavior [ RunTime:0.000272s ]
INFO: [ view_filter ] --END-- [ RunTime:0.000300s ]
INFO: [ app_end ] --START--
INFO: Run Behavior\ShowPageTraceBehavior [ RunTime:0.000403s ]
INFO: [ app_end ] --END-- [ RunTime:0.000432s ]

[ 2017-04-11T13:24:43+08:00 ] ::1 /RentIt/Public/js/ie-emulation-modes-warning.js
INFO: [ app_init ] --START--
INFO: Run Behavior\BuildLiteBehavior [ RunTime:0.000030s ]
INFO: [ app_init ] --END-- [ RunTime:0.000692s ]
INFO: [ app_begin ] --START--
INFO: Run Behavior\ReadHtmlCacheBehavior [ RunTime:0.000661s ]
INFO: [ app_begin ] --END-- [ RunTime:0.000739s ]
ERR: 无法加载控制器:Public

[ 2017-04-11T13:24:43+08:00 ] ::1 /RentIt/Public/js/ie10-viewport-bug-workaround.js
INFO: [ app_init ] --START--
INFO: Run Behavior\BuildLiteBehavior [ RunTime:0.000016s ]
INFO: [ app_init ] --END-- [ RunTime:0.000577s ]
INFO: [ app_begin ] --START--
INFO: Run Behavior\ReadHtmlCacheBehavior [ RunTime:0.000786s ]
INFO: [ app_begin ] --END-- [ RunTime:0.000855s ]
ERR: 无法加载控制器:Public

[ 2017-04-11T13:24:43+08:00 ] ::1 /RentIt/index.php/Advice/verify.html
INFO: [ app_init ] --START--
INFO: Run Behavior\BuildLiteBehavior [ RunTime:0.000027s ]
INFO: [ app_init ] --END-- [ RunTime:0.000808s ]
INFO: [ app_begin ] --START--
INFO: Run Behavior\ReadHtmlCacheBehavior [ RunTime:0.001052s ]
INFO: [ app_begin ] --END-- [ RunTime:0.001322s ]
INFO: [ app_end ] --START--
INFO: Run Behavior\ShowPageTraceBehavior [ RunTime:0.000686s ]
INFO: [ app_end ] --END-- [ RunTime:0.000757s ]

[ 2017-04-11T13:24:44+08:00 ] ::1 /RentIt/index.php/Rent/index.html
INFO: [ app_init ] --START--
INFO: Run Behavior\BuildLiteBehavior [ RunTime:0.000012s ]
INFO: [ app_init ] --END-- [ RunTime:0.000505s ]
INFO: [ app_begin ] --START--
INFO: Run Behavior\ReadHtmlCacheBehavior [ RunTime:0.000880s ]
INFO: [ app_begin ] --END-- [ RunTime:0.001003s ]
NOTIC: [2048] Declaration of Home\Model\CarModel::check() should be compatible with Think\Model::check($value, $rule, $type = 'regex') D:\xampp\htdocs\RentIt\Application\Home\Model\CarModel.class.php 第 4 行.
SQL: SHOW COLUMNS FROM `car` [ RunTime:0.0036s ]
SQL: SELECT * FROM `car` WHERE `flag` = 0  [ RunTime:0.0003s ]
INFO: [ view_parse ] --START--
INFO: [ template_filter ] --START--
INFO: Run Behavior\ContentReplaceBehavior [ RunTime:0.000085s ]
INFO: [ template_filter ] --END-- [ RunTime:0.000178s ]
NOTIC: [8] A session had already been started - ignoring session_start() D:\xampp\htdocs\RentIt\ThinkPHP\Common\functions.php 第 1272 行.
INFO: Run Behavior\ParseTemplateBehavior [ RunTime:0.010513s ]
INFO: [ view_parse ] --END-- [ RunTime:0.010553s ]
INFO: [ view_filter ] --START--
INFO: Run Behavior\WriteHtmlCacheBehavior [ RunTime:0.000365s ]
INFO: [ view_filter ] --END-- [ RunTime:0.000397s ]
INFO: [ app_end ] --START--
INFO: Run Behavior\ShowPageTraceBehavior [ RunTime:0.000459s ]
INFO: [ app_end ] --END-- [ RunTime:0.000501s ]

[ 2017-04-11T13:24:44+08:00 ] ::1 /RentIt/Public/js/ie-emulation-modes-warning.js
INFO: [ app_init ] --START--
INFO: Run Behavior\BuildLiteBehavior [ RunTime:0.000011s ]
INFO: [ app_init ] --END-- [ RunTime:0.000344s ]
INFO: [ app_begin ] --START--
INFO: Run Behavior\ReadHtmlCacheBehavior [ RunTime:0.000714s ]
INFO: [ app_begin ] --END-- [ RunTime:0.000842s ]
ERR: 无法加载控制器:Public

[ 2017-04-11T13:24:44+08:00 ] ::1 /RentIt/Public/js/ie10-viewport-bug-workaround.js
INFO: [ app_init ] --START--
INFO: Run Behavior\BuildLiteBehavior [ RunTime:0.000015s ]
INFO: [ app_init ] --END-- [ RunTime:0.000440s ]
INFO: [ app_begin ] --START--
INFO: Run Behavior\ReadHtmlCacheBehavior [ RunTime:0.000484s ]
INFO: [ app_begin ] --END-- [ RunTime:0.000532s ]
ERR: 无法加载控制器:Public

[ 2017-04-11T13:24:44+08:00 ] ::1 /RentIt/Public/js/ie10-viewport-bug-workaround.js
INFO: [ app_init ] --START--
INFO: Run Behavior\BuildLiteBehavior [ RunTime:0.000011s ]
INFO: [ app_init ] --END-- [ RunTime:0.000344s ]
INFO: [ app_begin ] --START--
INFO: Run Behavior\ReadHtmlCacheBehavior [ RunTime:0.000402s ]
INFO: [ app_begin ] --END-- [ RunTime:0.000452s ]
ERR: 无法加载控制器:Public

[ 2017-04-11T13:24:45+08:00 ] ::1 /RentIt/index.php/Advice/index.html
INFO: [ app_init ] --START--
INFO: Run Behavior\BuildLiteBehavior [ RunTime:0.000015s ]
INFO: [ app_init ] --END-- [ RunTime:0.000526s ]
INFO: [ app_begin ] --START--
INFO: Run Behavior\ReadHtmlCacheBehavior [ RunTime:0.000628s ]
INFO: [ app_begin ] --END-- [ RunTime:0.000681s ]
NOTIC: [2048] Declaration of Home\Model\BlogModel::add() should be compatible with Think\Model::add($data = '', $options = Array, $replace = false) D:\xampp\htdocs\RentIt\Application\Home\Model\BlogModel.class.php 第 5 行.
SQL: SHOW COLUMNS FROM `blog` [ RunTime:0.0042s ]
NOTIC: [8] Undefined variable: counts D:\xampp\htdocs\RentIt\Application\Home\Model\BlogModel.class.php 第 15 行.
SQL: SELECT `id`,`collection`,`replyNum`,`title`,`tag`,`content`,`date`,`time`,`username` FROM blog a INNER JOIN user b on a.userid = b.identity  WHERE a.flag = 0 ORDER BY date desc,time desc LIMIT 0,10   [ RunTime:0.0004s ]
INFO: [ view_parse ] --START--
INFO: [ template_filter ] --START--
INFO: Run Behavior\ContentReplaceBehavior [ RunTime:0.000066s ]
INFO: [ template_filter ] --END-- [ RunTime:0.000108s ]
NOTIC: [8] Undefined variable: title D:\xampp\htdocs\RentIt\Application\Runtime\Cache\Home\5a791fb4c4fad1b8692ab68339b89436.php 第 11 行.
NOTIC: [8] A session had already been started - ignoring session_start() D:\xampp\htdocs\RentIt\ThinkPHP\Common\functions.php 第 1272 行.
INFO: Run Behavior\ParseTemplateBehavior [ RunTime:0.008546s ]
INFO: [ view_parse ] --END-- [ RunTime:0.008590s ]
INFO: [ view_filter ] --START--
INFO: Run Behavior\WriteHtmlCacheBehavior [ RunTime:0.000387s ]
INFO: [ view_filter ] --END-- [ RunTime:0.000431s ]
INFO: [ app_end ] --START--
INFO: Run Behavior\ShowPageTraceBehavior [ RunTime:0.000692s ]
INFO: [ app_end ] --END-- [ RunTime:0.000729s ]

[ 2017-04-11T13:24:45+08:00 ] ::1 /RentIt/index.php/Advice/verify.html
INFO: [ app_init ] --START--
INFO: Run Behavior\BuildLiteBehavior [ RunTime:0.000014s ]
INFO: [ app_init ] --END-- [ RunTime:0.000481s ]
INFO: [ app_begin ] --START--
INFO: Run Behavior\ReadHtmlCacheBehavior [ RunTime:0.000747s ]
INFO: [ app_begin ] --END-- [ RunTime:0.000812s ]
INFO: [ app_end ] --START--
INFO: Run Behavior\ShowPageTraceBehavior [ RunTime:0.000636s ]
INFO: [ app_end ] --END-- [ RunTime:0.000690s ]

[ 2017-04-11T13:24:45+08:00 ] ::1 /RentIt/Public/js/ie-emulation-modes-warning.js
INFO: [ app_init ] --START--
INFO: Run Behavior\BuildLiteBehavior [ RunTime:0.000016s ]
INFO: [ app_init ] --END-- [ RunTime:0.000510s ]
INFO: [ app_begin ] --START--
INFO: Run Behavior\ReadHtmlCacheBehavior [ RunTime:0.000590s ]
INFO: [ app_begin ] --END-- [ RunTime:0.000652s ]
ERR: 无法加载控制器:Public

[ 2017-04-11T13:24:45+08:00 ] ::1 /RentIt/Public/js/ie10-viewport-bug-workaround.js
INFO: [ app_init ] --START--
INFO: Run Behavior\BuildLiteBehavior [ RunTime:0.000018s ]
INFO: [ app_init ] --END-- [ RunTime:0.000542s ]
INFO: [ app_begin ] --START--
INFO: Run Behavior\ReadHtmlCacheBehavior [ RunTime:0.000713s ]
INFO: [ app_begin ] --END-- [ RunTime:0.000791s ]
ERR: 无法加载控制器:Public

[ 2017-04-11T13:24:47+08:00 ] ::1 /RentIt/index.php/Advice/post/col/1230vqmw/id/5/page/1.html
INFO: [ app_init ] --START--
INFO: Run Behavior\BuildLiteBehavior [ RunTime:0.000012s ]
INFO: [ app_init ] --END-- [ RunTime:0.000463s ]
INFO: [ app_begin ] --START--
INFO: Run Behavior\ReadHtmlCacheBehavior [ RunTime:0.000572s ]
INFO: [ app_begin ] --END-- [ RunTime:0.000616s ]
NOTIC: [2048] Declaration of Home\Model\BlogModel::add() should be compatible with Think\Model::add($data = '', $options = Array, $replace = false) D:\xampp\htdocs\RentIt\Application\Home\Model\BlogModel.class.php 第 5 行.
SQL: SHOW COLUMNS FROM `blog` [ RunTime:0.0040s ]
SQL: SELECT `collection`,`title`,`tag`,`content`,`date`,`time`,`userid` FROM `blog` WHERE `id` = 5 LIMIT 1   [ RunTime:0.0003s ]
SQL: SHOW COLUMNS FROM `user` [ RunTime:0.0032s ]
SQL: SELECT `username`,`picture` FROM `user` WHERE `identity` = '440221198806012104' LIMIT 1   [ RunTime:0.0372s ]
SQL: SHOW COLUMNS FROM `post` [ RunTime:0.0806s ]
SQL: SELECT `floor`,`username`,`picture`,`date`,`time`,`content`,`refloor` FROM post a INNER JOIN user b on a.userid = b.identity  WHERE `coll` = '1230vqmw' AND a.flag = 0 ORDER BY floor asc  [ RunTime:0.0012s ]
INFO: [ view_parse ] --START--
INFO: [ template_filter ] --START--
INFO: Run Behavior\ContentReplaceBehavior [ RunTime:0.000227s ]
INFO: [ template_filter ] --END-- [ RunTime:0.000351s ]
NOTIC: [8] Undefined variable: title D:\xampp\htdocs\RentIt\Application\Runtime\Cache\Home\2030c41ae633993a5366466ddb96683b.php 第 11 行.
NOTIC: [8] A session had already been started - ignoring session_start() D:\xampp\htdocs\RentIt\ThinkPHP\Common\functions.php 第 1272 行.
INFO: Run Behavior\ParseTemplateBehavior [ RunTime:0.056234s ]
INFO: [ view_parse ] --END-- [ RunTime:0.056407s ]
INFO: [ view_filter ] --START--
INFO: Run Behavior\WriteHtmlCacheBehavior [ RunTime:0.001907s ]
INFO: [ view_filter ] --END-- [ RunTime:0.002066s ]
INFO: [ app_end ] --START--
INFO: Run Behavior\ShowPageTraceBehavior [ RunTime:0.002231s ]
INFO: [ app_end ] --END-- [ RunTime:0.002392s ]

[ 2017-04-11T13:24:47+08:00 ] ::1 /RentIt/Public/js/ie-emulation-modes-warning.js
INFO: [ app_init ] --START--
INFO: Run Behavior\BuildLiteBehavior [ RunTime:0.000012s ]
INFO: [ app_init ] --END-- [ RunTime:0.000351s ]
INFO: [ app_begin ] --START--
INFO: Run Behavior\ReadHtmlCacheBehavior [ RunTime:0.000426s ]
INFO: [ app_begin ] --END-- [ RunTime:0.000471s ]
ERR: 无法加载控制器:Public

[ 2017-04-11T13:24:47+08:00 ] ::1 /RentIt/Public/js/ie10-viewport-bug-workaround.js
INFO: [ app_init ] --START--
INFO: Run Behavior\BuildLiteBehavior [ RunTime:0.000016s ]
INFO: [ app_init ] --END-- [ RunTime:0.000414s ]
INFO: [ app_begin ] --START--
INFO: Run Behavior\ReadHtmlCacheBehavior [ RunTime:0.000616s ]
INFO: [ app_begin ] --END-- [ RunTime:0.000677s ]
ERR: 无法加载控制器:Public

[ 2017-04-11T13:24:47+08:00 ] ::1 /RentIt/Public/js/ie10-viewport-bug-workaround.js
INFO: [ app_init ] --START--
INFO: Run Behavior\BuildLiteBehavior [ RunTime:0.000011s ]
INFO: [ app_init ] --END-- [ RunTime:0.000379s ]
INFO: [ app_begin ] --START--
INFO: Run Behavior\ReadHtmlCacheBehavior [ RunTime:0.000467s ]
INFO: [ app_begin ] --END-- [ RunTime:0.000503s ]
ERR: 无法加载控制器:Public

[ 2017-04-11T13:24:47+08:00 ] ::1 /RentIt/index.php/Advice/post/col/1230vqmw/id/favicon.ico
INFO: [ app_init ] --START--
INFO: Run Behavior\BuildLiteBehavior [ RunTime:0.000020s ]
INFO: [ app_init ] --END-- [ RunTime:0.000595s ]

[ 2017-04-11T13:24:49+08:00 ] ::1 /RentIt/index.php/Advice/index.html
INFO: [ app_init ] --START--
INFO: Run Behavior\BuildLiteBehavior [ RunTime:0.000011s ]
INFO: [ app_init ] --END-- [ RunTime:0.000439s ]
INFO: [ app_begin ] --START--
INFO: Run Behavior\ReadHtmlCacheBehavior [ RunTime:0.000490s ]
INFO: [ app_begin ] --END-- [ RunTime:0.000526s ]
NOTIC: [2048] Declaration of Home\Model\BlogModel::add() should be compatible with Think\Model::add($data = '', $options = Array, $replace = false) D:\xampp\htdocs\RentIt\Application\Home\Model\BlogModel.class.php 第 5 行.
SQL: SHOW COLUMNS FROM `blog` [ RunTime:0.0032s ]
NOTIC: [8] Undefined variable: counts D:\xampp\htdocs\RentIt\Application\Home\Model\BlogModel.class.php 第 15 行.
SQL: SELECT `id`,`collection`,`replyNum`,`title`,`tag`,`content`,`date`,`time`,`username` FROM blog a INNER JOIN user b on a.userid = b.identity  WHERE a.flag = 0 ORDER BY date desc,time desc LIMIT 0,10   [ RunTime:0.0004s ]
INFO: [ view_parse ] --START--
INFO: [ template_filter ] --START--
INFO: Run Behavior\ContentReplaceBehavior [ RunTime:0.000078s ]
INFO: [ template_filter ] --END-- [ RunTime:0.000115s ]
NOTIC: [8] Undefined variable: title D:\xampp\htdocs\RentIt\Application\Runtime\Cache\Home\5a791fb4c4fad1b8692ab68339b89436.php 第 11 行.
NOTIC: [8] A session had already been started - ignoring session_start() D:\xampp\htdocs\RentIt\ThinkPHP\Common\functions.php 第 1272 行.
INFO: Run Behavior\ParseTemplateBehavior [ RunTime:0.008502s ]
INFO: [ view_parse ] --END-- [ RunTime:0.008577s ]
INFO: [ view_filter ] --START--
INFO: Run Behavior\WriteHtmlCacheBehavior [ RunTime:0.000558s ]
INFO: [ view_filter ] --END-- [ RunTime:0.000609s ]
INFO: [ app_end ] --START--
INFO: Run Behavior\ShowPageTraceBehavior [ RunTime:0.000652s ]
INFO: [ app_end ] --END-- [ RunTime:0.000690s ]

[ 2017-04-11T13:24:49+08:00 ] ::1 /RentIt/Public/js/ie-emulation-modes-warning.js
INFO: [ app_init ] --START--
INFO: Run Behavior\BuildLiteBehavior [ RunTime:0.000010s ]
INFO: [ app_init ] --END-- [ RunTime:0.000433s ]
INFO: [ app_begin ] --START--
INFO: Run Behavior\ReadHtmlCacheBehavior [ RunTime:0.000579s ]
INFO: [ app_begin ] --END-- [ RunTime:0.000618s ]
ERR: 无法加载控制器:Public

[ 2017-04-11T13:24:49+08:00 ] ::1 /RentIt/index.php/Advice/verify.html
INFO: [ app_init ] --START--
INFO: Run Behavior\BuildLiteBehavior [ RunTime:0.000012s ]
INFO: [ app_init ] --END-- [ RunTime:0.000413s ]
INFO: [ app_begin ] --START--
INFO: Run Behavior\ReadHtmlCacheBehavior [ RunTime:0.000559s ]
INFO: [ app_begin ] --END-- [ RunTime:0.000598s ]
INFO: [ app_end ] --START--
INFO: Run Behavior\ShowPageTraceBehavior [ RunTime:0.000623s ]
INFO: [ app_end ] --END-- [ RunTime:0.000696s ]

[ 2017-04-11T13:24:49+08:00 ] ::1 /RentIt/Public/js/ie10-viewport-bug-workaround.js
INFO: [ app_init ] --START--
INFO: Run Behavior\BuildLiteBehavior [ RunTime:0.000014s ]
INFO: [ app_init ] --END-- [ RunTime:0.000420s ]
INFO: [ app_begin ] --START--
INFO: Run Behavior\ReadHtmlCacheBehavior [ RunTime:0.000530s ]
INFO: [ app_begin ] --END-- [ RunTime:0.000582s ]
ERR: 无法加载控制器:Public

[ 2017-04-11T13:24:50+08:00 ] ::1 /RentIt/index.php/Help/principle.html
INFO: [ app_init ] --START--
INFO: Run Behavior\BuildLiteBehavior [ RunTime:0.000014s ]
INFO: [ app_init ] --END-- [ RunTime:0.000514s ]
INFO: [ app_begin ] --START--
INFO: Run Behavior\ReadHtmlCacheBehavior [ RunTime:0.000584s ]
INFO: [ app_begin ] --END-- [ RunTime:0.000630s ]
INFO: [ view_parse ] --START--
INFO: [ template_filter ] --START--
INFO: Run Behavior\ContentReplaceBehavior [ RunTime:0.000061s ]
INFO: [ template_filter ] --END-- [ RunTime:0.000107s ]
NOTIC: [8] A session had already been started - ignoring session_start() D:\xampp\htdocs\RentIt\ThinkPHP\Common\functions.php 第 1272 行.
INFO: Run Behavior\ParseTemplateBehavior [ RunTime:0.038888s ]
INFO: [ view_parse ] --END-- [ RunTime:0.038945s ]
INFO: [ view_filter ] --START--
INFO: Run Behavior\WriteHtmlCacheBehavior [ RunTime:0.000455s ]
INFO: [ view_filter ] --END-- [ RunTime:0.000497s ]
INFO: [ app_end ] --START--
INFO: Run Behavior\ShowPageTraceBehavior [ RunTime:0.000564s ]
INFO: [ app_end ] --END-- [ RunTime:0.000608s ]

[ 2017-04-11T13:24:50+08:00 ] ::1 /RentIt/Public/js/ie-emulation-modes-warning.js
INFO: [ app_init ] --START--
INFO: Run Behavior\BuildLiteBehavior [ RunTime:0.000012s ]
INFO: [ app_init ] --END-- [ RunTime:0.000475s ]
INFO: [ app_begin ] --START--
INFO: Run Behavior\ReadHtmlCacheBehavior [ RunTime:0.000517s ]
INFO: [ app_begin ] --END-- [ RunTime:0.000566s ]
ERR: 无法加载控制器:Public

[ 2017-04-11T13:24:50+08:00 ] ::1 /RentIt/Public/js/ie10-viewport-bug-workaround.js
INFO: [ app_init ] --START--
INFO: Run Behavior\BuildLiteBehavior [ RunTime:0.000011s ]
INFO: [ app_init ] --END-- [ RunTime:0.000458s ]
INFO: [ app_begin ] --START--
INFO: Run Behavior\ReadHtmlCacheBehavior [ RunTime:0.000574s ]
INFO: [ app_begin ] --END-- [ RunTime:0.000621s ]
ERR: 无法加载控制器:Public

[ 2017-04-11T13:24:50+08:00 ] ::1 /RentIt/Public/js/ie10-viewport-bug-workaround.js
INFO: [ app_init ] --START--
INFO: Run Behavior\BuildLiteBehavior [ RunTime:0.000012s ]
INFO: [ app_init ] --END-- [ RunTime:0.000361s ]
INFO: [ app_begin ] --START--
INFO: Run Behavior\ReadHtmlCacheBehavior [ RunTime:0.000420s ]
INFO: [ app_begin ] --END-- [ RunTime:0.000460s ]
ERR: 无法加载控制器:Public

[ 2017-04-11T13:24:52+08:00 ] ::1 /RentIt/index.php/Help/QA.html
INFO: [ app_init ] --START--
INFO: Run Behavior\BuildLiteBehavior [ RunTime:0.000014s ]
INFO: [ app_init ] --END-- [ RunTime:0.000502s ]
INFO: [ app_begin ] --START--
INFO: Run Behavior\ReadHtmlCacheBehavior [ RunTime:0.000571s ]
INFO: [ app_begin ] --END-- [ RunTime:0.000615s ]
INFO: [ view_parse ] --START--
INFO: [ template_filter ] --START--
INFO: Run Behavior\ContentReplaceBehavior [ RunTime:0.000068s ]
INFO: [ template_filter ] --END-- [ RunTime:0.000114s ]
NOTIC: [8] A session had already been started - ignoring session_start() D:\xampp\htdocs\RentIt\ThinkPHP\Common\functions.php 第 1272 行.
INFO: Run Behavior\ParseTemplateBehavior [ RunTime:0.041636s ]
INFO: [ view_parse ] --END-- [ RunTime:0.041683s ]
INFO: [ view_filter ] --START--
INFO: Run Behavior\WriteHtmlCacheBehavior [ RunTime:0.000852s ]
INFO: [ view_filter ] --END-- [ RunTime:0.000962s ]
INFO: [ app_end ] --START--
INFO: Run Behavior\ShowPageTraceBehavior [ RunTime:0.001220s ]
INFO: [ app_end ] --END-- [ RunTime:0.001294s ]

[ 2017-04-11T13:24:52+08:00 ] ::1 /RentIt/Public/js/ie10-viewport-bug-workaround.js
INFO: [ app_init ] --START--
INFO: Run Behavior\BuildLiteBehavior [ RunTime:0.000014s ]
INFO: [ app_init ] --END-- [ RunTime:0.000434s ]
INFO: [ app_begin ] --START--
INFO: Run Behavior\ReadHtmlCacheBehavior [ RunTime:0.000781s ]
INFO: [ app_begin ] --END-- [ RunTime:0.000846s ]
ERR: 无法加载控制器:Public

[ 2017-04-11T13:24:52+08:00 ] ::1 /RentIt/Public/js/ie-emulation-modes-warning.js
INFO: [ app_init ] --START--
INFO: Run Behavior\BuildLiteBehavior [ RunTime:0.000014s ]
INFO: [ app_init ] --END-- [ RunTime:0.000466s ]
INFO: [ app_begin ] --START--
INFO: Run Behavior\ReadHtmlCacheBehavior [ RunTime:0.000506s ]
INFO: [ app_begin ] --END-- [ RunTime:0.000559s ]
ERR: 无法加载控制器:Public

[ 2017-04-11T13:24:52+08:00 ] ::1 /RentIt/Public/js/ie10-viewport-bug-workaround.js
INFO: [ app_init ] --START--
INFO: Run Behavior\BuildLiteBehavior [ RunTime:0.000019s ]
INFO: [ app_init ] --END-- [ RunTime:0.000675s ]
INFO: [ app_begin ] --START--
INFO: Run Behavior\ReadHtmlCacheBehavior [ RunTime:0.000518s ]
INFO: [ app_begin ] --END-- [ RunTime:0.000573s ]
ERR: 无法加载控制器:Public

[ 2017-04-11T13:24:54+08:00 ] ::1 /RentIt/index.php/Advice/index.html
INFO: [ app_init ] --START--
INFO: Run Behavior\BuildLiteBehavior [ RunTime:0.000012s ]
INFO: [ app_init ] --END-- [ RunTime:0.000488s ]
INFO: [ app_begin ] --START--
INFO: Run Behavior\ReadHtmlCacheBehavior [ RunTime:0.000541s ]
INFO: [ app_begin ] --END-- [ RunTime:0.000585s ]
NOTIC: [2048] Declaration of Home\Model\BlogModel::add() should be compatible with Think\Model::add($data = '', $options = Array, $replace = false) D:\xampp\htdocs\RentIt\Application\Home\Model\BlogModel.class.php 第 5 行.
SQL: SHOW COLUMNS FROM `blog` [ RunTime:0.0036s ]
NOTIC: [8] Undefined variable: counts D:\xampp\htdocs\RentIt\Application\Home\Model\BlogModel.class.php 第 15 行.
SQL: SELECT `id`,`collection`,`replyNum`,`title`,`tag`,`content`,`date`,`time`,`username` FROM blog a INNER JOIN user b on a.userid = b.identity  WHERE a.flag = 0 ORDER BY date desc,time desc LIMIT 0,10   [ RunTime:0.0004s ]
INFO: [ view_parse ] --START--
INFO: [ template_filter ] --START--
INFO: Run Behavior\ContentReplaceBehavior [ RunTime:0.000065s ]
INFO: [ template_filter ] --END-- [ RunTime:0.000108s ]
NOTIC: [8] Undefined variable: title D:\xampp\htdocs\RentIt\Application\Runtime\Cache\Home\5a791fb4c4fad1b8692ab68339b89436.php 第 11 行.
NOTIC: [8] A session had already been started - ignoring session_start() D:\xampp\htdocs\RentIt\ThinkPHP\Common\functions.php 第 1272 行.
INFO: Run Behavior\ParseTemplateBehavior [ RunTime:0.009914s ]
INFO: [ view_parse ] --END-- [ RunTime:0.009972s ]
INFO: [ view_filter ] --START--
INFO: Run Behavior\WriteHtmlCacheBehavior [ RunTime:0.000407s ]
INFO: [ view_filter ] --END-- [ RunTime:0.000451s ]
INFO: [ app_end ] --START--
INFO: Run Behavior\ShowPageTraceBehavior [ RunTime:0.000561s ]
INFO: [ app_end ] --END-- [ RunTime:0.000605s ]

[ 2017-04-11T13:24:55+08:00 ] ::1 /RentIt/Public/js/ie-emulation-modes-warning.js
INFO: [ app_init ] --START--
INFO: Run Behavior\BuildLiteBehavior [ RunTime:0.000010s ]
INFO: [ app_init ] --END-- [ RunTime:0.000372s ]
INFO: [ app_begin ] --START--
INFO: Run Behavior\ReadHtmlCacheBehavior [ RunTime:0.000496s ]
INFO: [ app_begin ] --END-- [ RunTime:0.000538s ]
ERR: 无法加载控制器:Public

[ 2017-04-11T13:24:55+08:00 ] ::1 /RentIt/index.php/Advice/verify.html
INFO: [ app_init ] --START--
INFO: Run Behavior\BuildLiteBehavior [ RunTime:0.000013s ]
INFO: [ app_init ] --END-- [ RunTime:0.000423s ]
INFO: [ app_begin ] --START--
INFO: Run Behavior\ReadHtmlCacheBehavior [ RunTime:0.000473s ]
INFO: [ app_begin ] --END-- [ RunTime:0.000512s ]
INFO: [ app_end ] --START--
INFO: Run Behavior\ShowPageTraceBehavior [ RunTime:0.000506s ]
INFO: [ app_end ] --END-- [ RunTime:0.000558s ]

[ 2017-04-11T13:24:55+08:00 ] ::1 /RentIt/Public/js/ie10-viewport-bug-workaround.js
INFO: [ app_init ] --START--
INFO: Run Behavior\BuildLiteBehavior [ RunTime:0.000014s ]
INFO: [ app_init ] --END-- [ RunTime:0.000387s ]
INFO: [ app_begin ] --START--
INFO: Run Behavior\ReadHtmlCacheBehavior [ RunTime:0.000752s ]
INFO: [ app_begin ] --END-- [ RunTime:0.000825s ]
ERR: 无法加载控制器:Public

[ 2017-04-11T13:24:57+08:00 ] ::1 /RentIt/index.php/Rent/index.html
INFO: [ app_init ] --START--
INFO: Run Behavior\BuildLiteBehavior [ RunTime:0.000012s ]
INFO: [ app_init ] --END-- [ RunTime:0.000419s ]
INFO: [ app_begin ] --START--
INFO: Run Behavior\ReadHtmlCacheBehavior [ RunTime:0.000496s ]
INFO: [ app_begin ] --END-- [ RunTime:0.000548s ]
NOTIC: [2048] Declaration of Home\Model\CarModel::check() should be compatible with Think\Model::check($value, $rule, $type = 'regex') D:\xampp\htdocs\RentIt\Application\Home\Model\CarModel.class.php 第 4 行.
SQL: SHOW COLUMNS FROM `car` [ RunTime:0.0170s ]
SQL: SELECT * FROM `car` WHERE `flag` = 0  [ RunTime:0.0004s ]
INFO: [ view_parse ] --START--
INFO: [ template_filter ] --START--
INFO: Run Behavior\ContentReplaceBehavior [ RunTime:0.000074s ]
INFO: [ template_filter ] --END-- [ RunTime:0.000116s ]
NOTIC: [8] A session had already been started - ignoring session_start() D:\xampp\htdocs\RentIt\ThinkPHP\Common\functions.php 第 1272 行.
INFO: Run Behavior\ParseTemplateBehavior [ RunTime:0.008593s ]
INFO: [ view_parse ] --END-- [ RunTime:0.008643s ]
INFO: [ view_filter ] --START--
INFO: Run Behavior\WriteHtmlCacheBehavior [ RunTime:0.000293s ]
INFO: [ view_filter ] --END-- [ RunTime:0.000322s ]
INFO: [ app_end ] --START--
INFO: Run Behavior\ShowPageTraceBehavior [ RunTime:0.000663s ]
INFO: [ app_end ] --END-- [ RunTime:0.000735s ]

[ 2017-04-11T13:24:57+08:00 ] ::1 /RentIt/Public/js/ie-emulation-modes-warning.js
INFO: [ app_init ] --START--
INFO: Run Behavior\BuildLiteBehavior [ RunTime:0.000012s ]
INFO: [ app_init ] --END-- [ RunTime:0.000424s ]
INFO: [ app_begin ] --START--
INFO: Run Behavior\ReadHtmlCacheBehavior [ RunTime:0.000602s ]
INFO: [ app_begin ] --END-- [ RunTime:0.000674s ]
ERR: 无法加载控制器:Public

[ 2017-04-11T13:24:57+08:00 ] ::1 /RentIt/Public/js/ie10-viewport-bug-workaround.js
INFO: [ app_init ] --START--
INFO: Run Behavior\BuildLiteBehavior [ RunTime:0.000015s ]
INFO: [ app_init ] --END-- [ RunTime:0.000474s ]
INFO: [ app_begin ] --START--
INFO: Run Behavior\ReadHtmlCacheBehavior [ RunTime:0.000526s ]
INFO: [ app_begin ] --END-- [ RunTime:0.000582s ]
ERR: 无法加载控制器:Public

[ 2017-04-11T13:24:57+08:00 ] ::1 /RentIt/Public/js/ie10-viewport-bug-workaround.js
INFO: [ app_init ] --START--
INFO: Run Behavior\BuildLiteBehavior [ RunTime:0.000020s ]
INFO: [ app_init ] --END-- [ RunTime:0.000622s ]
INFO: [ app_begin ] --START--
INFO: Run Behavior\ReadHtmlCacheBehavior [ RunTime:0.000698s ]
INFO: [ app_begin ] --END-- [ RunTime:0.000774s ]
ERR: 无法加载控制器:Public

[ 2017-04-11T13:25:00+08:00 ] ::1 /RentIt/index.php/Index/index.html
INFO: [ app_init ] --START--
INFO: Run Behavior\BuildLiteBehavior [ RunTime:0.000014s ]
INFO: [ app_init ] --END-- [ RunTime:0.000517s ]
INFO: [ app_begin ] --START--
INFO: Run Behavior\ReadHtmlCacheBehavior [ RunTime:0.000598s ]
INFO: [ app_begin ] --END-- [ RunTime:0.000646s ]
INFO: [ view_parse ] --START--
INFO: [ template_filter ] --START--
INFO: Run Behavior\ContentReplaceBehavior [ RunTime:0.000081s ]
INFO: [ template_filter ] --END-- [ RunTime:0.000127s ]
NOTIC: [8] A session had already been started - ignoring session_start() D:\xampp\htdocs\RentIt\ThinkPHP\Common\functions.php 第 1272 行.
INFO: Run Behavior\ParseTemplateBehavior [ RunTime:0.009704s ]
INFO: [ view_parse ] --END-- [ RunTime:0.009751s ]
INFO: [ view_filter ] --START--
INFO: Run Behavior\WriteHtmlCacheBehavior [ RunTime:0.000493s ]
INFO: [ view_filter ] --END-- [ RunTime:0.000530s ]
INFO: [ app_end ] --START--
INFO: Run Behavior\ShowPageTraceBehavior [ RunTime:0.000735s ]
INFO: [ app_end ] --END-- [ RunTime:0.000802s ]

[ 2017-04-11T13:25:00+08:00 ] ::1 /RentIt/Public/js/ie-emulation-modes-warning.js
INFO: [ app_init ] --START--
INFO: Run Behavior\BuildLiteBehavior [ RunTime:0.000019s ]
INFO: [ app_init ] --END-- [ RunTime:0.000592s ]
INFO: [ app_begin ] --START--
INFO: Run Behavior\ReadHtmlCacheBehavior [ RunTime:0.001241s ]
INFO: [ app_begin ] --END-- [ RunTime:0.001387s ]
ERR: 无法加载控制器:Public

[ 2017-04-11T13:25:00+08:00 ] ::1 /RentIt/Public/js/ie10-viewport-bug-workaround.js
INFO: [ app_init ] --START--
INFO: Run Behavior\BuildLiteBehavior [ RunTime:0.000020s ]
INFO: [ app_init ] --END-- [ RunTime:0.000931s ]
INFO: [ app_begin ] --START--
INFO: Run Behavior\ReadHtmlCacheBehavior [ RunTime:0.000785s ]
INFO: [ app_begin ] --END-- [ RunTime:0.000873s ]
ERR: 无法加载控制器:Public

[ 2017-04-11T13:25:00+08:00 ] ::1 /RentIt/Public/js/docs.min.js
INFO: [ app_init ] --START--
INFO: Run Behavior\BuildLiteBehavior [ RunTime:0.000015s ]
INFO: [ app_init ] --END-- [ RunTime:0.000505s ]
INFO: [ app_begin ] --START--
INFO: Run Behavior\ReadHtmlCacheBehavior [ RunTime:0.000707s ]
INFO: [ app_begin ] --END-- [ RunTime:0.000782s ]
ERR: 无法加载控制器:Public

[ 2017-04-11T13:25:00+08:00 ] ::1 /RentIt/Public/js/ie10-viewport-bug-workaround.js
INFO: [ app_init ] --START--
INFO: Run Behavior\BuildLiteBehavior [ RunTime:0.000031s ]
INFO: [ app_init ] --END-- [ RunTime:0.000529s ]
INFO: [ app_begin ] --START--
INFO: Run Behavior\ReadHtmlCacheBehavior [ RunTime:0.000447s ]
INFO: [ app_begin ] --END-- [ RunTime:0.000494s ]
ERR: 无法加载控制器:Public

[ 2017-04-11T13:25:00+08:00 ] ::1 /RentIt/Public/js/docs.min.js
INFO: [ app_init ] --START--
INFO: Run Behavior\BuildLiteBehavior [ RunTime:0.000015s ]
INFO: [ app_init ] --END-- [ RunTime:0.000448s ]
INFO: [ app_begin ] --START--
INFO: Run Behavior\ReadHtmlCacheBehavior [ RunTime:0.000560s ]
INFO: [ app_begin ] --END-- [ RunTime:0.000631s ]
ERR: 无法加载控制器:Public

[ 2017-04-11T13:25:00+08:00 ] ::1 /RentIt/Public/js/ie10-viewport-bug-workaround.js
INFO: [ app_init ] --START--
INFO: Run Behavior\BuildLiteBehavior [ RunTime:0.000010s ]
INFO: [ app_init ] --END-- [ RunTime:0.000323s ]
INFO: [ app_begin ] --START--
INFO: Run Behavior\ReadHtmlCacheBehavior [ RunTime:0.000390s ]
INFO: [ app_begin ] --END-- [ RunTime:0.000428s ]
ERR: 无法加载控制器:Public

[ 2017-04-11T13:27:03+08:00 ] ::1 /RentIt/index.php/Advice/index.html
INFO: [ app_init ] --START--
INFO: Run Behavior\BuildLiteBehavior [ RunTime:0.000013s ]
INFO: [ app_init ] --END-- [ RunTime:0.000482s ]
INFO: [ app_begin ] --START--
INFO: Run Behavior\ReadHtmlCacheBehavior [ RunTime:0.001087s ]
INFO: [ app_begin ] --END-- [ RunTime:0.001246s ]
NOTIC: [2048] Declaration of Home\Model\BlogModel::add() should be compatible with Think\Model::add($data = '', $options = Array, $replace = false) D:\xampp\htdocs\RentIt\Application\Home\Model\BlogModel.class.php 第 5 行.
SQL: SHOW COLUMNS FROM `blog` [ RunTime:0.0053s ]
NOTIC: [8] Undefined variable: counts D:\xampp\htdocs\RentIt\Application\Home\Model\BlogModel.class.php 第 15 行.
SQL: SELECT `id`,`collection`,`replyNum`,`title`,`tag`,`content`,`date`,`time`,`username` FROM blog a INNER JOIN user b on a.userid = b.identity  WHERE a.flag = 0 ORDER BY date desc,time desc LIMIT 0,10   [ RunTime:0.0005s ]
INFO: [ view_parse ] --START--
INFO: [ template_filter ] --START--
INFO: Run Behavior\ContentReplaceBehavior [ RunTime:0.000063s ]
INFO: [ template_filter ] --END-- [ RunTime:0.000108s ]
NOTIC: [8] Undefined variable: title D:\xampp\htdocs\RentIt\Application\Runtime\Cache\Home\5a791fb4c4fad1b8692ab68339b89436.php 第 11 行.
NOTIC: [8] A session had already been started - ignoring session_start() D:\xampp\htdocs\RentIt\ThinkPHP\Common\functions.php 第 1272 行.
INFO: Run Behavior\ParseTemplateBehavior [ RunTime:0.011407s ]
INFO: [ view_parse ] --END-- [ RunTime:0.011514s ]
INFO: [ view_filter ] --START--
INFO: Run Behavior\WriteHtmlCacheBehavior [ RunTime:0.001051s ]
INFO: [ view_filter ] --END-- [ RunTime:0.001198s ]
INFO: [ app_end ] --START--
INFO: Run Behavior\ShowPageTraceBehavior [ RunTime:0.000695s ]
INFO: [ app_end ] --END-- [ RunTime:0.000763s ]

[ 2017-04-11T13:27:03+08:00 ] ::1 /RentIt/Public/js/ie-emulation-modes-warning.js
INFO: [ app_init ] --START--
INFO: Run Behavior\BuildLiteBehavior [ RunTime:0.000011s ]
INFO: [ app_init ] --END-- [ RunTime:0.000343s ]
INFO: [ app_begin ] --START--
INFO: Run Behavior\ReadHtmlCacheBehavior [ RunTime:0.000760s ]
INFO: [ app_begin ] --END-- [ RunTime:0.000861s ]
ERR: 无法加载控制器:Public

[ 2017-04-11T13:27:03+08:00 ] ::1 /RentIt/Public/js/ie10-viewport-bug-workaround.js
INFO: [ app_init ] --START--
INFO: Run Behavior\BuildLiteBehavior [ RunTime:0.000012s ]
INFO: [ app_init ] --END-- [ RunTime:0.000398s ]
INFO: [ app_begin ] --START--
INFO: Run Behavior\ReadHtmlCacheBehavior [ RunTime:0.000529s ]
INFO: [ app_begin ] --END-- [ RunTime:0.000575s ]
ERR: 无法加载控制器:Public

[ 2017-04-11T13:27:03+08:00 ] ::1 /RentIt/index.php/Advice/verify.html
INFO: [ app_init ] --START--
INFO: Run Behavior\BuildLiteBehavior [ RunTime:0.000017s ]
INFO: [ app_init ] --END-- [ RunTime:0.000504s ]
INFO: [ app_begin ] --START--
INFO: Run Behavior\ReadHtmlCacheBehavior [ RunTime:0.000596s ]
INFO: [ app_begin ] --END-- [ RunTime:0.000659s ]
INFO: [ app_end ] --START--
INFO: Run Behavior\ShowPageTraceBehavior [ RunTime:0.000716s ]
INFO: [ app_end ] --END-- [ RunTime:0.000771s ]

[ 2017-04-11T13:27:03+08:00 ] ::1 /RentIt/Public/js/ie10-viewport-bug-workaround.js
INFO: [ app_init ] --START--
INFO: Run Behavior\BuildLiteBehavior [ RunTime:0.000011s ]
INFO: [ app_init ] --END-- [ RunTime:0.000330s ]
INFO: [ app_begin ] --START--
INFO: Run Behavior\ReadHtmlCacheBehavior [ RunTime:0.000390s ]
INFO: [ app_begin ] --END-- [ RunTime:0.000427s ]
ERR: 无法加载控制器:Public

[ 2017-04-11T13:27:05+08:00 ] ::1 /RentIt/index.php/Help/principle.html
INFO: [ app_init ] --START--
INFO: Run Behavior\BuildLiteBehavior [ RunTime:0.000014s ]
INFO: [ app_init ] --END-- [ RunTime:0.000533s ]
INFO: [ app_begin ] --START--
INFO: Run Behavior\ReadHtmlCacheBehavior [ RunTime:0.000796s ]
INFO: [ app_begin ] --END-- [ RunTime:0.000891s ]
INFO: [ view_parse ] --START--
INFO: [ template_filter ] --START--
INFO: Run Behavior\ContentReplaceBehavior [ RunTime:0.000049s ]
INFO: [ template_filter ] --END-- [ RunTime:0.000089s ]
NOTIC: [8] A session had already been started - ignoring session_start() D:\xampp\htdocs\RentIt\ThinkPHP\Common\functions.php 第 1272 行.
INFO: Run Behavior\ParseTemplateBehavior [ RunTime:0.006607s ]
INFO: [ view_parse ] --END-- [ RunTime:0.006663s ]
INFO: [ view_filter ] --START--
INFO: Run Behavior\WriteHtmlCacheBehavior [ RunTime:0.000371s ]
INFO: [ view_filter ] --END-- [ RunTime:0.000401s ]
INFO: [ app_end ] --START--
INFO: Run Behavior\ShowPageTraceBehavior [ RunTime:0.000500s ]
INFO: [ app_end ] --END-- [ RunTime:0.000532s ]

[ 2017-04-11T13:27:06+08:00 ] ::1 /RentIt/Public/js/ie10-viewport-bug-workaround.js
INFO: [ app_init ] --START--
INFO: Run Behavior\BuildLiteBehavior [ RunTime:0.000035s ]
INFO: [ app_init ] --END-- [ RunTime:0.000466s ]
INFO: [ app_begin ] --START--
INFO: Run Behavior\ReadHtmlCacheBehavior [ RunTime:0.000436s ]
INFO: [ app_begin ] --END-- [ RunTime:0.000478s ]
ERR: 无法加载控制器:Public

[ 2017-04-11T13:27:06+08:00 ] ::1 /RentIt/Public/js/ie-emulation-modes-warning.js
INFO: [ app_init ] --START--
INFO: Run Behavior\BuildLiteBehavior [ RunTime:0.000012s ]
INFO: [ app_init ] --END-- [ RunTime:0.000663s ]
INFO: [ app_begin ] --START--
INFO: Run Behavior\ReadHtmlCacheBehavior [ RunTime:0.000411s ]
INFO: [ app_begin ] --END-- [ RunTime:0.000452s ]
ERR: 无法加载控制器:Public

[ 2017-04-11T13:27:06+08:00 ] ::1 /RentIt/Public/js/ie10-viewport-bug-workaround.js
INFO: [ app_init ] --START--
INFO: Run Behavior\BuildLiteBehavior [ RunTime:0.000014s ]
INFO: [ app_init ] --END-- [ RunTime:0.000420s ]
INFO: [ app_begin ] --START--
INFO: Run Behavior\ReadHtmlCacheBehavior [ RunTime:0.000506s ]
INFO: [ app_begin ] --END-- [ RunTime:0.000561s ]
ERR: 无法加载控制器:Public

[ 2017-04-11T13:27:07+08:00 ] ::1 /RentIt/index.php/Help/QA.html
INFO: [ app_init ] --START--
INFO: Run Behavior\BuildLiteBehavior [ RunTime:0.000014s ]
INFO: [ app_init ] --END-- [ RunTime:0.000531s ]
INFO: [ app_begin ] --START--
INFO: Run Behavior\ReadHtmlCacheBehavior [ RunTime:0.000587s ]
INFO: [ app_begin ] --END-- [ RunTime:0.000641s ]
INFO: [ view_parse ] --START--
INFO: [ template_filter ] --START--
INFO: Run Behavior\ContentReplaceBehavior [ RunTime:0.000068s ]
INFO: [ template_filter ] --END-- [ RunTime:0.000113s ]
NOTIC: [8] A session had already been started - ignoring session_start() D:\xampp\htdocs\RentIt\ThinkPHP\Common\functions.php 第 1272 行.
INFO: Run Behavior\ParseTemplateBehavior [ RunTime:0.007329s ]
INFO: [ view_parse ] --END-- [ RunTime:0.007374s ]
INFO: [ view_filter ] --START--
INFO: Run Behavior\WriteHtmlCacheBehavior [ RunTime:0.000360s ]
INFO: [ view_filter ] --END-- [ RunTime:0.000406s ]
INFO: [ app_end ] --START--
INFO: Run Behavior\ShowPageTraceBehavior [ RunTime:0.000600s ]
INFO: [ app_end ] --END-- [ RunTime:0.000660s ]

[ 2017-04-11T13:27:07+08:00 ] ::1 /RentIt/Public/js/ie10-viewport-bug-workaround.js
INFO: [ app_init ] --START--
INFO: Run Behavior\BuildLiteBehavior [ RunTime:0.000017s ]
INFO: [ app_init ] --END-- [ RunTime:0.000516s ]
INFO: [ app_begin ] --START--
INFO: Run Behavior\ReadHtmlCacheBehavior [ RunTime:0.000418s ]
INFO: [ app_begin ] --END-- [ RunTime:0.000458s ]
ERR: 无法加载控制器:Public

[ 2017-04-11T13:27:07+08:00 ] ::1 /RentIt/Public/js/ie-emulation-modes-warning.js
INFO: [ app_init ] --START--
INFO: Run Behavior\BuildLiteBehavior [ RunTime:0.000011s ]
INFO: [ app_init ] --END-- [ RunTime:0.000344s ]
INFO: [ app_begin ] --START--
INFO: Run Behavior\ReadHtmlCacheBehavior [ RunTime:0.000409s ]
INFO: [ app_begin ] --END-- [ RunTime:0.000449s ]
ERR: 无法加载控制器:Public

[ 2017-04-11T13:27:07+08:00 ] ::1 /RentIt/Public/js/ie10-viewport-bug-workaround.js
INFO: [ app_init ] --START--
INFO: Run Behavior\BuildLiteBehavior [ RunTime:0.000019s ]
INFO: [ app_init ] --END-- [ RunTime:0.000662s ]
INFO: [ app_begin ] --START--
INFO: Run Behavior\ReadHtmlCacheBehavior [ RunTime:0.000636s ]
INFO: [ app_begin ] --END-- [ RunTime:0.000715s ]
ERR: 无法加载控制器:Public

[ 2017-04-11T13:27:10+08:00 ] ::1 /RentIt/index.php/Advice/index.html
INFO: [ app_init ] --START--
INFO: Run Behavior\BuildLiteBehavior [ RunTime:0.000013s ]
INFO: [ app_init ] --END-- [ RunTime:0.000444s ]
INFO: [ app_begin ] --START--
INFO: Run Behavior\ReadHtmlCacheBehavior [ RunTime:0.000578s ]
INFO: [ app_begin ] --END-- [ RunTime:0.000624s ]
NOTIC: [2048] Declaration of Home\Model\BlogModel::add() should be compatible with Think\Model::add($data = '', $options = Array, $replace = false) D:\xampp\htdocs\RentIt\Application\Home\Model\BlogModel.class.php 第 5 行.
SQL: SHOW COLUMNS FROM `blog` [ RunTime:0.0051s ]
NOTIC: [8] Undefined variable: counts D:\xampp\htdocs\RentIt\Application\Home\Model\BlogModel.class.php 第 15 行.
SQL: SELECT `id`,`collection`,`replyNum`,`title`,`tag`,`content`,`date`,`time`,`username` FROM blog a INNER JOIN user b on a.userid = b.identity  WHERE a.flag = 0 ORDER BY date desc,time desc LIMIT 0,10   [ RunTime:0.0005s ]
INFO: [ view_parse ] --START--
INFO: [ template_filter ] --START--
INFO: Run Behavior\ContentReplaceBehavior [ RunTime:0.000065s ]
INFO: [ template_filter ] --END-- [ RunTime:0.000107s ]
NOTIC: [8] Undefined variable: title D:\xampp\htdocs\RentIt\Application\Runtime\Cache\Home\5a791fb4c4fad1b8692ab68339b89436.php 第 11 行.
NOTIC: [8] A session had already been started - ignoring session_start() D:\xampp\htdocs\RentIt\ThinkPHP\Common\functions.php 第 1272 行.
INFO: Run Behavior\ParseTemplateBehavior [ RunTime:0.008894s ]
INFO: [ view_parse ] --END-- [ RunTime:0.008947s ]
INFO: [ view_filter ] --START--
INFO: Run Behavior\WriteHtmlCacheBehavior [ RunTime:0.000433s ]
INFO: [ view_filter ] --END-- [ RunTime:0.000471s ]
INFO: [ app_end ] --START--
INFO: Run Behavior\ShowPageTraceBehavior [ RunTime:0.000715s ]
INFO: [ app_end ] --END-- [ RunTime:0.000763s ]

[ 2017-04-11T13:27:10+08:00 ] ::1 /RentIt/Public/js/ie-emulation-modes-warning.js
INFO: [ app_init ] --START--
INFO: Run Behavior\BuildLiteBehavior [ RunTime:0.000010s ]
INFO: [ app_init ] --END-- [ RunTime:0.000352s ]
INFO: [ app_begin ] --START--
INFO: Run Behavior\ReadHtmlCacheBehavior [ RunTime:0.000419s ]
INFO: [ app_begin ] --END-- [ RunTime:0.000456s ]
ERR: 无法加载控制器:Public

[ 2017-04-11T13:27:10+08:00 ] ::1 /RentIt/Public/js/ie10-viewport-bug-workaround.js
INFO: [ app_init ] --START--
INFO: Run Behavior\BuildLiteBehavior [ RunTime:0.000038s ]
INFO: [ app_init ] --END-- [ RunTime:0.000791s ]
INFO: [ app_begin ] --START--
INFO: Run Behavior\ReadHtmlCacheBehavior [ RunTime:0.000755s ]
INFO: [ app_begin ] --END-- [ RunTime:0.000840s ]
ERR: 无法加载控制器:Public

[ 2017-04-11T13:27:10+08:00 ] ::1 /RentIt/index.php/Advice/verify.html
INFO: [ app_init ] --START--
INFO: Run Behavior\BuildLiteBehavior [ RunTime:0.000013s ]
INFO: [ app_init ] --END-- [ RunTime:0.000381s ]
INFO: [ app_begin ] --START--
INFO: Run Behavior\ReadHtmlCacheBehavior [ RunTime:0.000484s ]
INFO: [ app_begin ] --END-- [ RunTime:0.000533s ]
INFO: [ app_end ] --START--
INFO: Run Behavior\ShowPageTraceBehavior [ RunTime:0.000491s ]
INFO: [ app_end ] --END-- [ RunTime:0.000541s ]

[ 2017-04-11T13:27:10+08:00 ] ::1 /RentIt/Public/js/ie10-viewport-bug-workaround.js
INFO: [ app_init ] --START--
INFO: Run Behavior\BuildLiteBehavior [ RunTime:0.000014s ]
INFO: [ app_init ] --END-- [ RunTime:0.000405s ]
INFO: [ app_begin ] --START--
INFO: Run Behavior\ReadHtmlCacheBehavior [ RunTime:0.000570s ]
INFO: [ app_begin ] --END-- [ RunTime:0.000632s ]
ERR: 无法加载控制器:Public

[ 2017-04-11T13:27:18+08:00 ] ::1 /RentIt/index.php/Rent/index.html
INFO: [ app_init ] --START--
INFO: Run Behavior\BuildLiteBehavior [ RunTime:0.000019s ]
INFO: [ app_init ] --END-- [ RunTime:0.001045s ]
INFO: [ app_begin ] --START--
INFO: Run Behavior\ReadHtmlCacheBehavior [ RunTime:0.000554s ]
INFO: [ app_begin ] --END-- [ RunTime:0.000608s ]
NOTIC: [2048] Declaration of Home\Model\CarModel::check() should be compatible with Think\Model::check($value, $rule, $type = 'regex') D:\xampp\htdocs\RentIt\Application\Home\Model\CarModel.class.php 第 4 行.
SQL: SHOW COLUMNS FROM `car` [ RunTime:0.0039s ]
SQL: SELECT * FROM `car` WHERE `flag` = 0  [ RunTime:0.0004s ]
INFO: [ view_parse ] --START--
INFO: [ template_filter ] --START--
INFO: Run Behavior\ContentReplaceBehavior [ RunTime:0.000070s ]
INFO: [ template_filter ] --END-- [ RunTime:0.000111s ]
NOTIC: [8] A session had already been started - ignoring session_start() D:\xampp\htdocs\RentIt\ThinkPHP\Common\functions.php 第 1272 行.
INFO: Run Behavior\ParseTemplateBehavior [ RunTime:0.008361s ]
INFO: [ view_parse ] --END-- [ RunTime:0.008416s ]
INFO: [ view_filter ] --START--
INFO: Run Behavior\WriteHtmlCacheBehavior [ RunTime:0.000348s ]
INFO: [ view_filter ] --END-- [ RunTime:0.000380s ]
INFO: [ app_end ] --START--
INFO: Run Behavior\ShowPageTraceBehavior [ RunTime:0.000484s ]
INFO: [ app_end ] --END-- [ RunTime:0.000543s ]

[ 2017-04-11T13:27:18+08:00 ] ::1 /RentIt/Public/js/ie-emulation-modes-warning.js
INFO: [ app_init ] --START--
INFO: Run Behavior\BuildLiteBehavior [ RunTime:0.000014s ]
INFO: [ app_init ] --END-- [ RunTime:0.000470s ]
INFO: [ app_begin ] --START--
INFO: Run Behavior\ReadHtmlCacheBehavior [ RunTime:0.000452s ]
INFO: [ app_begin ] --END-- [ RunTime:0.000493s ]
ERR: 无法加载控制器:Public

[ 2017-04-11T13:27:18+08:00 ] ::1 /RentIt/Public/js/ie10-viewport-bug-workaround.js
INFO: [ app_init ] --START--
INFO: Run Behavior\BuildLiteBehavior [ RunTime:0.000012s ]
INFO: [ app_init ] --END-- [ RunTime:0.000374s ]
INFO: [ app_begin ] --START--
INFO: Run Behavior\ReadHtmlCacheBehavior [ RunTime:0.000424s ]
INFO: [ app_begin ] --END-- [ RunTime:0.000461s ]
ERR: 无法加载控制器:Public

[ 2017-04-11T13:27:18+08:00 ] ::1 /RentIt/Public/js/ie10-viewport-bug-workaround.js
INFO: [ app_init ] --START--
INFO: Run Behavior\BuildLiteBehavior [ RunTime:0.000021s ]
INFO: [ app_init ] --END-- [ RunTime:0.000609s ]
INFO: [ app_begin ] --START--
INFO: Run Behavior\ReadHtmlCacheBehavior [ RunTime:0.000820s ]
INFO: [ app_begin ] --END-- [ RunTime:0.000892s ]
ERR: 无法加载控制器:Public

[ 2017-04-11T13:27:31+08:00 ] ::1 /RentIt/index.php/Home/Index/login
INFO: [ app_init ] --START--
INFO: Run Behavior\BuildLiteBehavior [ RunTime:0.000013s ]
INFO: [ app_init ] --END-- [ RunTime:0.000512s ]
INFO: [ app_begin ] --START--
INFO: Run Behavior\ReadHtmlCacheBehavior [ RunTime:0.000586s ]
INFO: [ app_begin ] --END-- [ RunTime:0.000633s ]
INFO: [ view_parse ] --START--
INFO: [ template_filter ] --START--
INFO: Run Behavior\ContentReplaceBehavior [ RunTime:0.000046s ]
INFO: [ template_filter ] --END-- [ RunTime:0.000089s ]
NOTIC: [8] A session had already been started - ignoring session_start() D:\xampp\htdocs\RentIt\ThinkPHP\Common\functions.php 第 1272 行.
INFO: Run Behavior\ParseTemplateBehavior [ RunTime:0.019424s ]
INFO: [ view_parse ] --END-- [ RunTime:0.019482s ]
INFO: [ view_filter ] --START--
INFO: Run Behavior\WriteHtmlCacheBehavior [ RunTime:0.000994s ]
INFO: [ view_filter ] --END-- [ RunTime:0.001053s ]
INFO: [ app_end ] --START--
INFO: Run Behavior\ShowPageTraceBehavior [ RunTime:0.000617s ]
INFO: [ app_end ] --END-- [ RunTime:0.000664s ]

[ 2017-04-11T13:27:31+08:00 ] ::1 /RentIt/Public/js/ie10-viewport-bug-workaround.js
INFO: [ app_init ] --START--
INFO: Run Behavior\BuildLiteBehavior [ RunTime:0.000015s ]
INFO: [ app_init ] --END-- [ RunTime:0.000488s ]
INFO: [ app_begin ] --START--
INFO: Run Behavior\ReadHtmlCacheBehavior [ RunTime:0.000827s ]
INFO: [ app_begin ] --END-- [ RunTime:0.000904s ]
ERR: 无法加载控制器:Public

[ 2017-04-11T13:27:31+08:00 ] ::1 /RentIt/Public/js/ie10-viewport-bug-workaround.js
INFO: [ app_init ] --START--
INFO: Run Behavior\BuildLiteBehavior [ RunTime:0.000037s ]
INFO: [ app_init ] --END-- [ RunTime:0.001257s ]
INFO: [ app_begin ] --START--
INFO: Run Behavior\ReadHtmlCacheBehavior [ RunTime:0.000731s ]
INFO: [ app_begin ] --END-- [ RunTime:0.000805s ]
ERR: 无法加载控制器:Public

[ 2017-04-11T13:27:33+08:00 ] ::1 /RentIt/index.php/Home/Index/register
INFO: [ app_init ] --START--
INFO: Run Behavior\BuildLiteBehavior [ RunTime:0.000013s ]
INFO: [ app_init ] --END-- [ RunTime:0.000479s ]
INFO: [ app_begin ] --START--
INFO: Run Behavior\ReadHtmlCacheBehavior [ RunTime:0.000503s ]
INFO: [ app_begin ] --END-- [ RunTime:0.000549s ]
INFO: [ view_parse ] --START--
INFO: [ template_filter ] --START--
INFO: Run Behavior\ContentReplaceBehavior [ RunTime:0.000073s ]
INFO: [ template_filter ] --END-- [ RunTime:0.000143s ]
NOTIC: [8] A session had already been started - ignoring session_start() D:\xampp\htdocs\RentIt\ThinkPHP\Common\functions.php 第 1272 行.
INFO: Run Behavior\ParseTemplateBehavior [ RunTime:0.047273s ]
INFO: [ view_parse ] --END-- [ RunTime:0.047313s ]
INFO: [ view_filter ] --START--
INFO: Run Behavior\WriteHtmlCacheBehavior [ RunTime:0.000346s ]
INFO: [ view_filter ] --END-- [ RunTime:0.000381s ]
INFO: [ app_end ] --START--
INFO: Run Behavior\ShowPageTraceBehavior [ RunTime:0.000563s ]
INFO: [ app_end ] --END-- [ RunTime:0.000608s ]

[ 2017-04-11T13:27:33+08:00 ] ::1 /RentIt/Public/js/ie10-viewport-bug-workaround.js
INFO: [ app_init ] --START--
INFO: Run Behavior\BuildLiteBehavior [ RunTime:0.000011s ]
INFO: [ app_init ] --END-- [ RunTime:0.000421s ]
INFO: [ app_begin ] --START--
INFO: Run Behavior\ReadHtmlCacheBehavior [ RunTime:0.000544s ]
INFO: [ app_begin ] --END-- [ RunTime:0.000600s ]
ERR: 无法加载控制器:Public

[ 2017-04-11T13:27:34+08:00 ] ::1 /RentIt/index.php/Home/Index/login
INFO: [ app_init ] --START--
INFO: Run Behavior\BuildLiteBehavior [ RunTime:0.000016s ]
INFO: [ app_init ] --END-- [ RunTime:0.000510s ]
INFO: [ app_begin ] --START--
INFO: Run Behavior\ReadHtmlCacheBehavior [ RunTime:0.000693s ]
INFO: [ app_begin ] --END-- [ RunTime:0.000772s ]
INFO: [ view_parse ] --START--
INFO: [ template_filter ] --START--
INFO: Run Behavior\ContentReplaceBehavior [ RunTime:0.000055s ]
INFO: [ template_filter ] --END-- [ RunTime:0.000104s ]
NOTIC: [8] A session had already been started - ignoring session_start() D:\xampp\htdocs\RentIt\ThinkPHP\Common\functions.php 第 1272 行.
INFO: Run Behavior\ParseTemplateBehavior [ RunTime:0.007629s ]
INFO: [ view_parse ] --END-- [ RunTime:0.007680s ]
INFO: [ view_filter ] --START--
INFO: Run Behavior\WriteHtmlCacheBehavior [ RunTime:0.000485s ]
INFO: [ view_filter ] --END-- [ RunTime:0.000521s ]
INFO: [ app_end ] --START--
INFO: Run Behavior\ShowPageTraceBehavior [ RunTime:0.000650s ]
INFO: [ app_end ] --END-- [ RunTime:0.000686s ]

[ 2017-04-11T13:27:34+08:00 ] ::1 /RentIt/Public/js/ie10-viewport-bug-workaround.js
INFO: [ app_init ] --START--
INFO: Run Behavior\BuildLiteBehavior [ RunTime:0.000021s ]
INFO: [ app_init ] --END-- [ RunTime:0.000737s ]
INFO: [ app_begin ] --START--
INFO: Run Behavior\ReadHtmlCacheBehavior [ RunTime:0.000524s ]
INFO: [ app_begin ] --END-- [ RunTime:0.000575s ]
ERR: 无法加载控制器:Public

[ 2017-04-11T13:29:13+08:00 ] 192.168.201.80 /RentIt/
INFO: [ app_init ] --START--
INFO: Run Behavior\BuildLiteBehavior [ RunTime:0.000018s ]
INFO: [ app_init ] --END-- [ RunTime:0.000700s ]
INFO: [ app_begin ] --START--
INFO: Run Behavior\ReadHtmlCacheBehavior [ RunTime:0.000872s ]
INFO: [ app_begin ] --END-- [ RunTime:0.000943s ]
INFO: [ view_parse ] --START--
INFO: [ template_filter ] --START--
INFO: Run Behavior\ContentReplaceBehavior [ RunTime:0.000124s ]
INFO: [ template_filter ] --END-- [ RunTime:0.000193s ]
NOTIC: [8] A session had already been started - ignoring session_start() D:\xampp\htdocs\RentIt\ThinkPHP\Common\functions.php 第 1272 行.
INFO: Run Behavior\ParseTemplateBehavior [ RunTime:0.012299s ]
INFO: [ view_parse ] --END-- [ RunTime:0.012371s ]
INFO: [ view_filter ] --START--
INFO: Run Behavior\WriteHtmlCacheBehavior [ RunTime:0.000626s ]
INFO: [ view_filter ] --END-- [ RunTime:0.000686s ]
INFO: [ app_end ] --START--
INFO: Run Behavior\ShowPageTraceBehavior [ RunTime:0.000941s ]
INFO: [ app_end ] --END-- [ RunTime:0.001018s ]

[ 2017-04-11T13:29:13+08:00 ] 192.168.201.80 /RentIt/Public/js/ie-emulation-modes-warning.js
INFO: [ app_init ] --START--
INFO: Run Behavior\BuildLiteBehavior [ RunTime:0.000029s ]
INFO: [ app_init ] --END-- [ RunTime:0.001168s ]
INFO: [ app_begin ] --START--
INFO: Run Behavior\ReadHtmlCacheBehavior [ RunTime:0.001455s ]
INFO: [ app_begin ] --END-- [ RunTime:0.001567s ]
ERR: 无法加载控制器:Public

[ 2017-04-11T13:29:13+08:00 ] 192.168.201.80 /RentIt/Public/js/ie10-viewport-bug-workaround.js
INFO: [ app_init ] --START--
INFO: Run Behavior\BuildLiteBehavior [ RunTime:0.000026s ]
INFO: [ app_init ] --END-- [ RunTime:0.000752s ]
INFO: [ app_begin ] --START--
INFO: Run Behavior\ReadHtmlCacheBehavior [ RunTime:0.000795s ]
INFO: [ app_begin ] --END-- [ RunTime:0.000875s ]
ERR: 无法加载控制器:Public

[ 2017-04-11T13:29:13+08:00 ] 192.168.201.80 /RentIt/Public/js/docs.min.js
INFO: [ app_init ] --START--
INFO: Run Behavior\BuildLiteBehavior [ RunTime:0.000018s ]
INFO: [ app_init ] --END-- [ RunTime:0.000742s ]
INFO: [ app_begin ] --START--
INFO: Run Behavior\ReadHtmlCacheBehavior [ RunTime:0.001031s ]
INFO: [ app_begin ] --END-- [ RunTime:0.001130s ]
ERR: 无法加载控制器:Public

[ 2017-04-11T13:29:14+08:00 ] 192.168.201.80 /RentIt/Public/js/ie10-viewport-bug-workaround.js
INFO: [ app_init ] --START--
INFO: Run Behavior\BuildLiteBehavior [ RunTime:0.000015s ]
INFO: [ app_init ] --END-- [ RunTime:0.000664s ]
INFO: [ app_begin ] --START--
INFO: Run Behavior\ReadHtmlCacheBehavior [ RunTime:0.000830s ]
INFO: [ app_begin ] --END-- [ RunTime:0.000892s ]
ERR: 无法加载控制器:Public

[ 2017-04-11T13:29:14+08:00 ] 192.168.201.80 /RentIt/Public/js/docs.min.js
INFO: [ app_init ] --START--
INFO: Run Behavior\BuildLiteBehavior [ RunTime:0.000025s ]
INFO: [ app_init ] --END-- [ RunTime:0.000976s ]
INFO: [ app_begin ] --START--
INFO: Run Behavior\ReadHtmlCacheBehavior [ RunTime:0.001137s ]
INFO: [ app_begin ] --END-- [ RunTime:0.001249s ]
ERR: 无法加载控制器:Public

[ 2017-04-11T13:29:15+08:00 ] 192.168.201.80 /RentIt/Public/js/ie10-viewport-bug-workaround.js
INFO: [ app_init ] --START--
INFO: Run Behavior\BuildLiteBehavior [ RunTime:0.000024s ]
INFO: [ app_init ] --END-- [ RunTime:0.000693s ]
INFO: [ app_begin ] --START--
INFO: Run Behavior\ReadHtmlCacheBehavior [ RunTime:0.000822s ]
INFO: [ app_begin ] --END-- [ RunTime:0.000904s ]
ERR: 无法加载控制器:Public

[ 2017-04-11T13:29:21+08:00 ] 192.168.201.80 /RentIt/index.php/Rent/index.html
INFO: [ app_init ] --START--
INFO: Run Behavior\BuildLiteBehavior [ RunTime:0.000021s ]
INFO: [ app_init ] --END-- [ RunTime:0.000840s ]
INFO: [ app_begin ] --START--
INFO: Run Behavior\ReadHtmlCacheBehavior [ RunTime:0.000878s ]
INFO: [ app_begin ] --END-- [ RunTime:0.000950s ]
NOTIC: [2048] Declaration of Home\Model\CarModel::check() should be compatible with Think\Model::check($value, $rule, $type = 'regex') D:\xampp\htdocs\RentIt\Application\Home\Model\CarModel.class.php 第 4 行.
SQL: SHOW COLUMNS FROM `car` [ RunTime:0.0421s ]
SQL: SELECT * FROM `car` WHERE `flag` = 0  [ RunTime:0.0006s ]
INFO: [ view_parse ] --START--
INFO: [ template_filter ] --START--
INFO: Run Behavior\ContentReplaceBehavior [ RunTime:0.000130s ]
INFO: [ template_filter ] --END-- [ RunTime:0.000197s ]
NOTIC: [8] A session had already been started - ignoring session_start() D:\xampp\htdocs\RentIt\ThinkPHP\Common\functions.php 第 1272 行.
INFO: Run Behavior\ParseTemplateBehavior [ RunTime:0.016162s ]
INFO: [ view_parse ] --END-- [ RunTime:0.016251s ]
INFO: [ view_filter ] --START--
INFO: Run Behavior\WriteHtmlCacheBehavior [ RunTime:0.000733s ]
INFO: [ view_filter ] --END-- [ RunTime:0.000793s ]
INFO: [ app_end ] --START--
INFO: Run Behavior\ShowPageTraceBehavior [ RunTime:0.001066s ]
INFO: [ app_end ] --END-- [ RunTime:0.001140s ]

[ 2017-04-11T13:29:21+08:00 ] 192.168.201.80 /RentIt/Public/js/ie-emulation-modes-warning.js
INFO: [ app_init ] --START--
INFO: Run Behavior\BuildLiteBehavior [ RunTime:0.000019s ]
INFO: [ app_init ] --END-- [ RunTime:0.001104s ]
INFO: [ app_begin ] --START--
INFO: Run Behavior\ReadHtmlCacheBehavior [ RunTime:0.000779s ]
INFO: [ app_begin ] --END-- [ RunTime:0.000849s ]
ERR: 无法加载控制器:Public

[ 2017-04-11T13:29:21+08:00 ] 192.168.201.80 /RentIt/Public/js/ie10-viewport-bug-workaround.js
INFO: [ app_init ] --START--
INFO: Run Behavior\BuildLiteBehavior [ RunTime:0.000019s ]
INFO: [ app_init ] --END-- [ RunTime:0.000720s ]
INFO: [ app_begin ] --START--
INFO: Run Behavior\ReadHtmlCacheBehavior [ RunTime:0.000743s ]
INFO: [ app_begin ] --END-- [ RunTime:0.000814s ]
ERR: 无法加载控制器:Public

[ 2017-04-11T13:29:22+08:00 ] 192.168.201.80 /RentIt/Public/js/ie10-viewport-bug-workaround.js
INFO: [ app_init ] --START--
INFO: Run Behavior\BuildLiteBehavior [ RunTime:0.000037s ]
INFO: [ app_init ] --END-- [ RunTime:0.001503s ]
INFO: [ app_begin ] --START--
INFO: Run Behavior\ReadHtmlCacheBehavior [ RunTime:0.001987s ]
INFO: [ app_begin ] --END-- [ RunTime:0.002147s ]
ERR: 无法加载控制器:Public

[ 2017-04-11T13:29:22+08:00 ] 192.168.201.80 /RentIt/favicon.ico
INFO: [ app_init ] --START--
INFO: Run Behavior\BuildLiteBehavior [ RunTime:0.000022s ]
INFO: [ app_init ] --END-- [ RunTime:0.000885s ]

[ 2017-04-11T13:29:31+08:00 ] 192.168.201.80 /RentIt/index.php/Index/index.html
INFO: [ app_init ] --START--
INFO: Run Behavior\BuildLiteBehavior [ RunTime:0.000020s ]
INFO: [ app_init ] --END-- [ RunTime:0.000712s ]
INFO: [ app_begin ] --START--
INFO: Run Behavior\ReadHtmlCacheBehavior [ RunTime:0.000785s ]
INFO: [ app_begin ] --END-- [ RunTime:0.000868s ]
INFO: [ view_parse ] --START--
INFO: [ template_filter ] --START--
INFO: Run Behavior\ContentReplaceBehavior [ RunTime:0.000124s ]
INFO: [ template_filter ] --END-- [ RunTime:0.000195s ]
NOTIC: [8] A session had already been started - ignoring session_start() D:\xampp\htdocs\RentIt\ThinkPHP\Common\functions.php 第 1272 行.
INFO: Run Behavior\ParseTemplateBehavior [ RunTime:0.013872s ]
INFO: [ view_parse ] --END-- [ RunTime:0.013949s ]
INFO: [ view_filter ] --START--
INFO: Run Behavior\WriteHtmlCacheBehavior [ RunTime:0.000545s ]
INFO: [ view_filter ] --END-- [ RunTime:0.000588s ]
INFO: [ app_end ] --START--
INFO: Run Behavior\ShowPageTraceBehavior [ RunTime:0.000625s ]
INFO: [ app_end ] --END-- [ RunTime:0.000672s ]

[ 2017-04-11T13:29:31+08:00 ] 192.168.201.80 /RentIt/Public/js/ie-emulation-modes-warning.js
INFO: [ app_init ] --START--
INFO: Run Behavior\BuildLiteBehavior [ RunTime:0.000018s ]
INFO: [ app_init ] --END-- [ RunTime:0.000739s ]
INFO: [ app_begin ] --START--
INFO: Run Behavior\ReadHtmlCacheBehavior [ RunTime:0.000796s ]
INFO: [ app_begin ] --END-- [ RunTime:0.000873s ]
ERR: 无法加载控制器:Public

[ 2017-04-11T13:29:31+08:00 ] 192.168.201.80 /RentIt/Public/js/ie10-viewport-bug-workaround.js
INFO: [ app_init ] --START--
INFO: Run Behavior\BuildLiteBehavior [ RunTime:0.000011s ]
INFO: [ app_init ] --END-- [ RunTime:0.000434s ]
INFO: [ app_begin ] --START--
INFO: Run Behavior\ReadHtmlCacheBehavior [ RunTime:0.000482s ]
INFO: [ app_begin ] --END-- [ RunTime:0.000519s ]
ERR: 无法加载控制器:Public

[ 2017-04-11T13:29:31+08:00 ] 192.168.201.80 /RentIt/Public/js/docs.min.js
INFO: [ app_init ] --START--
INFO: Run Behavior\BuildLiteBehavior [ RunTime:0.000010s ]
INFO: [ app_init ] --END-- [ RunTime:0.000343s ]
INFO: [ app_begin ] --START--
INFO: Run Behavior\ReadHtmlCacheBehavior [ RunTime:0.000428s ]
INFO: [ app_begin ] --END-- [ RunTime:0.000464s ]
ERR: 无法加载控制器:Public

[ 2017-04-11T13:29:31+08:00 ] 192.168.201.80 /RentIt/Public/js/ie10-viewport-bug-workaround.js
INFO: [ app_init ] --START--
INFO: Run Behavior\BuildLiteBehavior [ RunTime:0.000018s ]
INFO: [ app_init ] --END-- [ RunTime:0.000756s ]
INFO: [ app_begin ] --START--
INFO: Run Behavior\ReadHtmlCacheBehavior [ RunTime:0.000867s ]
INFO: [ app_begin ] --END-- [ RunTime:0.000941s ]
ERR: 无法加载控制器:Public

[ 2017-04-11T13:29:32+08:00 ] 192.168.201.80 /RentIt/Public/js/docs.min.js
INFO: [ app_init ] --START--
INFO: Run Behavior\BuildLiteBehavior [ RunTime:0.000026s ]
INFO: [ app_init ] --END-- [ RunTime:0.000984s ]
INFO: [ app_begin ] --START--
INFO: Run Behavior\ReadHtmlCacheBehavior [ RunTime:0.001139s ]
INFO: [ app_begin ] --END-- [ RunTime:0.001239s ]
ERR: 无法加载控制器:Public

[ 2017-04-11T13:29:32+08:00 ] 192.168.201.80 /RentIt/Public/js/ie10-viewport-bug-workaround.js
INFO: [ app_init ] --START--
INFO: Run Behavior\BuildLiteBehavior [ RunTime:0.000035s ]
INFO: [ app_init ] --END-- [ RunTime:0.001106s ]
INFO: [ app_begin ] --START--
INFO: Run Behavior\ReadHtmlCacheBehavior [ RunTime:0.001149s ]
INFO: [ app_begin ] --END-- [ RunTime:0.001258s ]
ERR: 无法加载控制器:Public

[ 2017-04-11T13:29:33+08:00 ] 192.168.201.80 /RentIt/index.php/Advice/index.html
INFO: [ app_init ] --START--
INFO: Run Behavior\BuildLiteBehavior [ RunTime:0.000017s ]
INFO: [ app_init ] --END-- [ RunTime:0.000625s ]
INFO: [ app_begin ] --START--
INFO: Run Behavior\ReadHtmlCacheBehavior [ RunTime:0.000710s ]
INFO: [ app_begin ] --END-- [ RunTime:0.000766s ]
NOTIC: [2048] Declaration of Home\Model\BlogModel::add() should be compatible with Think\Model::add($data = '', $options = Array, $replace = false) D:\xampp\htdocs\RentIt\Application\Home\Model\BlogModel.class.php 第 5 行.
SQL: SHOW COLUMNS FROM `blog` [ RunTime:0.0042s ]
NOTIC: [8] Undefined variable: counts D:\xampp\htdocs\RentIt\Application\Home\Model\BlogModel.class.php 第 15 行.
SQL: SELECT `id`,`collection`,`replyNum`,`title`,`tag`,`content`,`date`,`time`,`username` FROM blog a INNER JOIN user b on a.userid = b.identity  WHERE a.flag = 0 ORDER BY date desc,time desc LIMIT 0,10   [ RunTime:0.0005s ]
INFO: [ view_parse ] --START--
INFO: [ template_filter ] --START--
INFO: Run Behavior\ContentReplaceBehavior [ RunTime:0.000089s ]
INFO: [ template_filter ] --END-- [ RunTime:0.000150s ]
NOTIC: [8] Undefined variable: title D:\xampp\htdocs\RentIt\Application\Runtime\Cache\Home\5a791fb4c4fad1b8692ab68339b89436.php 第 11 行.
NOTIC: [8] A session had already been started - ignoring session_start() D:\xampp\htdocs\RentIt\ThinkPHP\Common\functions.php 第 1272 行.
INFO: Run Behavior\ParseTemplateBehavior [ RunTime:0.011956s ]
INFO: [ view_parse ] --END-- [ RunTime:0.012018s ]
INFO: [ view_filter ] --START--
INFO: Run Behavior\WriteHtmlCacheBehavior [ RunTime:0.000606s ]
INFO: [ view_filter ] --END-- [ RunTime:0.000654s ]
INFO: [ app_end ] --START--
INFO: Run Behavior\ShowPageTraceBehavior [ RunTime:0.000833s ]
INFO: [ app_end ] --END-- [ RunTime:0.000882s ]

[ 2017-04-11T13:29:33+08:00 ] 192.168.201.80 /RentIt/Public/js/ie-emulation-modes-warning.js
INFO: [ app_init ] --START--
INFO: Run Behavior\BuildLiteBehavior [ RunTime:0.000017s ]
INFO: [ app_init ] --END-- [ RunTime:0.000619s ]
INFO: [ app_begin ] --START--
INFO: Run Behavior\ReadHtmlCacheBehavior [ RunTime:0.001420s ]
INFO: [ app_begin ] --END-- [ RunTime:0.001516s ]
ERR: 无法加载控制器:Public

[ 2017-04-11T13:29:33+08:00 ] 192.168.201.80 /RentIt/Public/js/ie10-viewport-bug-workaround.js
INFO: [ app_init ] --START--
INFO: Run Behavior\BuildLiteBehavior [ RunTime:0.000018s ]
INFO: [ app_init ] --END-- [ RunTime:0.000677s ]
INFO: [ app_begin ] --START--
INFO: Run Behavior\ReadHtmlCacheBehavior [ RunTime:0.000843s ]
INFO: [ app_begin ] --END-- [ RunTime:0.000919s ]
ERR: 无法加载控制器:Public

[ 2017-04-11T13:29:33+08:00 ] 192.168.201.80 /RentIt/index.php/Advice/verify.html
INFO: [ app_init ] --START--
INFO: Run Behavior\BuildLiteBehavior [ RunTime:0.000010s ]
INFO: [ app_init ] --END-- [ RunTime:0.000414s ]
INFO: [ app_begin ] --START--
INFO: Run Behavior\ReadHtmlCacheBehavior [ RunTime:0.000479s ]
INFO: [ app_begin ] --END-- [ RunTime:0.000515s ]
INFO: [ app_end ] --START--
INFO: Run Behavior\ShowPageTraceBehavior [ RunTime:0.000485s ]
INFO: [ app_end ] --END-- [ RunTime:0.000526s ]

[ 2017-04-11T13:29:34+08:00 ] 192.168.201.80 /RentIt/Public/js/ie10-viewport-bug-workaround.js
INFO: [ app_init ] --START--
INFO: Run Behavior\BuildLiteBehavior [ RunTime:0.000028s ]
INFO: [ app_init ] --END-- [ RunTime:0.001150s ]
INFO: [ app_begin ] --START--
INFO: Run Behavior\ReadHtmlCacheBehavior [ RunTime:0.001256s ]
INFO: [ app_begin ] --END-- [ RunTime:0.001368s ]
ERR: 无法加载控制器:Public

[ 2017-04-11T13:29:37+08:00 ] 192.168.201.80 /RentIt/index.php/Help/principle.html
INFO: [ app_init ] --START--
INFO: Run Behavior\BuildLiteBehavior [ RunTime:0.000036s ]
INFO: [ app_init ] --END-- [ RunTime:0.001407s ]
INFO: [ app_begin ] --START--
INFO: Run Behavior\ReadHtmlCacheBehavior [ RunTime:0.001691s ]
INFO: [ app_begin ] --END-- [ RunTime:0.001795s ]
INFO: [ view_parse ] --START--
INFO: [ template_filter ] --START--
INFO: Run Behavior\ContentReplaceBehavior [ RunTime:0.000108s ]
INFO: [ template_filter ] --END-- [ RunTime:0.000188s ]
NOTIC: [8] A session had already been started - ignoring session_start() D:\xampp\htdocs\RentIt\ThinkPHP\Common\functions.php 第 1272 行.
INFO: Run Behavior\ParseTemplateBehavior [ RunTime:0.012785s ]
INFO: [ view_parse ] --END-- [ RunTime:0.012869s ]
INFO: [ view_filter ] --START--
INFO: Run Behavior\WriteHtmlCacheBehavior [ RunTime:0.000663s ]
INFO: [ view_filter ] --END-- [ RunTime:0.000736s ]
INFO: [ app_end ] --START--
INFO: Run Behavior\ShowPageTraceBehavior [ RunTime:0.001043s ]
INFO: [ app_end ] --END-- [ RunTime:0.001116s ]

[ 2017-04-11T13:29:38+08:00 ] 192.168.201.80 /RentIt/Public/js/ie-emulation-modes-warning.js
INFO: [ app_init ] --START--
INFO: Run Behavior\BuildLiteBehavior [ RunTime:0.000037s ]
INFO: [ app_init ] --END-- [ RunTime:0.001292s ]
INFO: [ app_begin ] --START--
INFO: Run Behavior\ReadHtmlCacheBehavior [ RunTime:0.001035s ]
INFO: [ app_begin ] --END-- [ RunTime:0.001135s ]
ERR: 无法加载控制器:Public

[ 2017-04-11T13:29:38+08:00 ] 192.168.201.80 /RentIt/Public/js/ie10-viewport-bug-workaround.js
INFO: [ app_init ] --START--
INFO: Run Behavior\BuildLiteBehavior [ RunTime:0.000016s ]
INFO: [ app_init ] --END-- [ RunTime:0.000703s ]
INFO: [ app_begin ] --START--
INFO: Run Behavior\ReadHtmlCacheBehavior [ RunTime:0.000716s ]
INFO: [ app_begin ] --END-- [ RunTime:0.000785s ]
ERR: 无法加载控制器:Public

[ 2017-04-11T13:29:38+08:00 ] 192.168.201.80 /RentIt/Public/js/ie10-viewport-bug-workaround.js
INFO: [ app_init ] --START--
INFO: Run Behavior\BuildLiteBehavior [ RunTime:0.000018s ]
INFO: [ app_init ] --END-- [ RunTime:0.000618s ]
INFO: [ app_begin ] --START--
INFO: Run Behavior\ReadHtmlCacheBehavior [ RunTime:0.000741s ]
INFO: [ app_begin ] --END-- [ RunTime:0.000811s ]
ERR: 无法加载控制器:Public

[ 2017-04-11T13:29:41+08:00 ] 192.168.201.80 /RentIt/index.php/Help/QA.html
INFO: [ app_init ] --START--
INFO: Run Behavior\BuildLiteBehavior [ RunTime:0.000020s ]
INFO: [ app_init ] --END-- [ RunTime:0.000810s ]
INFO: [ app_begin ] --START--
INFO: Run Behavior\ReadHtmlCacheBehavior [ RunTime:0.000864s ]
INFO: [ app_begin ] --END-- [ RunTime:0.000935s ]
INFO: [ view_parse ] --START--
INFO: [ template_filter ] --START--
INFO: Run Behavior\ContentReplaceBehavior [ RunTime:0.000105s ]
INFO: [ template_filter ] --END-- [ RunTime:0.000169s ]
NOTIC: [8] A session had already been started - ignoring session_start() D:\xampp\htdocs\RentIt\ThinkPHP\Common\functions.php 第 1272 行.
INFO: Run Behavior\ParseTemplateBehavior [ RunTime:0.011848s ]
INFO: [ view_parse ] --END-- [ RunTime:0.011916s ]
INFO: [ view_filter ] --START--
INFO: Run Behavior\WriteHtmlCacheBehavior [ RunTime:0.000560s ]
INFO: [ view_filter ] --END-- [ RunTime:0.000617s ]
INFO: [ app_end ] --START--
INFO: Run Behavior\ShowPageTraceBehavior [ RunTime:0.000879s ]
INFO: [ app_end ] --END-- [ RunTime:0.000941s ]

[ 2017-04-11T13:29:42+08:00 ] 192.168.201.80 /RentIt/Public/js/ie10-viewport-bug-workaround.js
INFO: [ app_init ] --START--
INFO: Run Behavior\BuildLiteBehavior [ RunTime:0.000028s ]
INFO: [ app_init ] --END-- [ RunTime:0.001159s ]
INFO: [ app_begin ] --START--
INFO: Run Behavior\ReadHtmlCacheBehavior [ RunTime:0.001017s ]
INFO: [ app_begin ] --END-- [ RunTime:0.001106s ]
ERR: 无法加载控制器:Public

[ 2017-04-11T13:29:42+08:00 ] 192.168.201.80 /RentIt/Public/js/ie-emulation-modes-warning.js
INFO: [ app_init ] --START--
INFO: Run Behavior\BuildLiteBehavior [ RunTime:0.000023s ]
INFO: [ app_init ] --END-- [ RunTime:0.001094s ]
INFO: [ app_begin ] --START--
INFO: Run Behavior\ReadHtmlCacheBehavior [ RunTime:0.000961s ]
INFO: [ app_begin ] --END-- [ RunTime:0.001052s ]
ERR: 无法加载控制器:Public

[ 2017-04-11T13:29:42+08:00 ] 192.168.201.80 /RentIt/Public/js/ie10-viewport-bug-workaround.js
INFO: [ app_init ] --START--
INFO: Run Behavior\BuildLiteBehavior [ RunTime:0.000038s ]
INFO: [ app_init ] --END-- [ RunTime:0.001372s ]
INFO: [ app_begin ] --START--
INFO: Run Behavior\ReadHtmlCacheBehavior [ RunTime:0.001600s ]
INFO: [ app_begin ] --END-- [ RunTime:0.001762s ]
ERR: 无法加载控制器:Public

