[ 2016-12-23T18:47:00+08:00 ] ::1 /RentIt_DE/index.php/Advice/test
INFO: [ app_init ] --START--
INFO: Run Behavior\BuildLiteBehavior [ RunTime:0.000022s ]
INFO: [ app_init ] --END-- [ RunTime:0.000658s ]
ERR: 无法加载模块:Advice

[ 2016-12-23T18:48:24+08:00 ] ::1 /RentIt_DE/index.php/Advice/test
INFO: [ app_init ] --START--
INFO: Run Behavior\BuildLiteBehavior [ RunTime:0.000022s ]
INFO: [ app_init ] --END-- [ RunTime:0.000668s ]
ERR: 无法加载模块:Advice

[ 2016-12-23T18:48:25+08:00 ] ::1 /RentIt_DE/index.php/Advice/test
INFO: [ app_init ] --START--
INFO: Run Behavior\BuildLiteBehavior [ RunTime:0.000013s ]
INFO: [ app_init ] --END-- [ RunTime:0.000500s ]
ERR: 无法加载模块:Advice

[ 2016-12-23T18:48:44+08:00 ] ::1 /RentIt_DE/index.php/Advice/test
INFO: [ app_init ] --START--
INFO: Run Behavior\BuildLiteBehavior [ RunTime:0.000031s ]
INFO: [ app_init ] --END-- [ RunTime:0.000573s ]
ERR: 无法加载模块:Advice

[ 2016-12-23T18:59:01+08:00 ] ::1 /RentIt_DE/index.php/Advice/test
INFO: [ app_init ] --START--
INFO: Run Behavior\BuildLiteBehavior [ RunTime:0.000013s ]
INFO: [ app_init ] --END-- [ RunTime:0.000458s ]
ERR: 无法加载模块:Advice

[ 2016-12-23T18:59:02+08:00 ] ::1 /RentIt_DE/index.php/Advice/test
INFO: [ app_init ] --START--
INFO: Run Behavior\BuildLiteBehavior [ RunTime:0.000015s ]
INFO: [ app_init ] --END-- [ RunTime:0.000559s ]
ERR: 无法加载模块:Advice

[ 2016-12-23T18:59:36+08:00 ] ::1 /RentIt_DE/index.php/Advice/test
INFO: [ app_init ] --START--
INFO: Run Behavior\BuildLiteBehavior [ RunTime:0.000013s ]
INFO: [ app_init ] --END-- [ RunTime:0.000518s ]
ERR: 无法加载模块:Advice

[ 2016-12-23T18:59:37+08:00 ] ::1 /RentIt_DE/index.php/Advice/test
INFO: [ app_init ] --START--
INFO: Run Behavior\BuildLiteBehavior [ RunTime:0.000012s ]
INFO: [ app_init ] --END-- [ RunTime:0.000487s ]
ERR: 无法加载模块:Advice

[ 2016-12-23T19:00:33+08:00 ] ::1 /RentIt_DE/index.php/Advice/test
INFO: [ app_init ] --START--
INFO: Run Behavior\BuildLiteBehavior [ RunTime:0.000014s ]
INFO: [ app_init ] --END-- [ RunTime:0.000485s ]
ERR: 无法加载模块:Advice

[ 2016-12-23T19:00:33+08:00 ] ::1 /RentIt_DE/index.php/Advice/test
INFO: [ app_init ] --START--
INFO: Run Behavior\BuildLiteBehavior [ RunTime:0.000012s ]
INFO: [ app_init ] --END-- [ RunTime:0.000399s ]
ERR: 无法加载模块:Advice

[ 2016-12-23T19:00:34+08:00 ] ::1 /RentIt_DE/index.php/Advice/test
INFO: [ app_init ] --START--
INFO: Run Behavior\BuildLiteBehavior [ RunTime:0.000013s ]
INFO: [ app_init ] --END-- [ RunTime:0.000416s ]
ERR: 无法加载模块:Advice

